<?xml version="1.0" encoding="UTF-8"?>
<testsuite name="users.ManagementTest" tests="1" skipped="0" failures="0" errors="0" timestamp="2024-06-14T16:24:45" hostname="PE-HO-ACH-014" time="62.977">
  <properties/>
  <testcase name="testParallel()" classname="users.ManagementTest" time="62.977"/>
  <system-out><![CDATA[11:24:46.691 [Test worker] DEBUG com.intuit.karate.Suite - [config] classpath:karate-config.js
11:24:46.699 [Test worker] INFO  com.intuit.karate.Suite - backed up existing 'build\karate-reports' dir to: build\karate-reports_1718382286698
11:24:46.708 [Test worker] DEBUG com.intuit.karate.Suite - waiting for 12 features to complete
11:24:47.617 [pool-1-thread-2] INFO  c.intuit.karate.core.FeatureRuntime - classpath:users/Customer_TypeManagement00/../Customer_TypeManagement00/CustomerTypeManagement.feature - call by tag at line 7: Microservicios
11:24:47.900 [pool-1-thread-1] DEBUG com.intuit.karate - request:
1 > POST https://internal-AWS-PRB-ALB-BACK-398488634.us-east-1.elb.amazonaws.com/v1/transversal/administrative/customerTypes
1 > message-uuid: acxff62e-6f12-42de-9012-1e7304418abd
1 > request-app-id: c4e6bd04-5149-11e7-b114-a2f933d5fe66
1 > Content-Type: application/json; charset=UTF-8
1 > Content-Length: 148
1 > Host: internal-AWS-PRB-ALB-BACK-398488634.us-east-1.elb.amazonaws.com
1 > Connection: Keep-Alive
1 > User-Agent: Apache-HttpClient/4.5.13 (Java/17.0.5)
1 > Accept-Encoding: gzip,deflate
{"customerTypeValue":"78243704332248178757037880727545163326164616102086","customerTypeLabel":"CAMPOS1234COMPAÑU12BOGOTARESULTA121COLOMBIAPRUEBAS"}

11:24:47.900 [pool-1-thread-2] DEBUG com.intuit.karate - request:
1 > POST https://internal-AWS-PRB-ALB-BACK-398488634.us-east-1.elb.amazonaws.com/v1/transversal/administrative/customerTypes
1 > message-uuid: acxff62e-6f12-42de-9012-1e7304418abd
1 > request-app-id: c4e6bd04-5149-11e7-b114-a2f933d5fe66
1 > Content-Type: application/json; charset=UTF-8
1 > Content-Length: 148
1 > Host: internal-AWS-PRB-ALB-BACK-398488634.us-east-1.elb.amazonaws.com
1 > Connection: Keep-Alive
1 > User-Agent: Apache-HttpClient/4.5.13 (Java/17.0.5)
1 > Accept-Encoding: gzip,deflate
{"customerTypeValue":"37871442298722909243214385497778428703426167809041","customerTypeLabel":"CAMPOS1234COMPAÑU12BOGOTARESULTA121COLOMBIAPRUEBAS"}

11:24:48.676 [pool-1-thread-1] DEBUG com.intuit.karate - response time in milliseconds: 773
1 < 201
1 < Date: Fri, 14 Jun 2024 16:24:48 GMT
1 < Content-Type: application/json
1 < Transfer-Encoding: chunked
1 < Connection: keep-alive
1 < Vary: Origin
1 < Vary: Access-Control-Request-Method
1 < Vary: Access-Control-Request-Headers
1 < X-Content-Type-Options: nosniff
1 < X-XSS-Protection: 1; mode=block
1 < Cache-Control: no-cache, no-store, max-age=0, must-revalidate
1 < Pragma: no-cache
1 < Expires: 0
1 < X-Frame-Options: DENY
{"headers":{"httpStatusCode":201,"httpStatusDesc":"CREATED","messageUuid":"acxff62e-6f12-42de-9012-1e7304418abd","requestAppId":"c4e6bd04-5149-11e7-b114-a2f933d5fe66","requestDatetime":"2024-06-14T11:24:48"},"messageResponse":{"responseCode":"0000","responseMessage":"Transacción exitosa.","responseDetails":"Customer Type Created Successfully"},"data":{"customerType":{"customerTypeId":"0a913355-8fcb-197f-8190-1790dec307ce","customerTypeValue":"78243704332248178757037880727545163326164616102086","customerTypeLabel":"CAMPOS1234COMPAÑU12BOGOTARESULTA121COLOMBIAPRUEBAS"}}}

11:24:48.676 [pool-1-thread-2] DEBUG com.intuit.karate - response time in milliseconds: 773
1 < 201
1 < Date: Fri, 14 Jun 2024 16:24:48 GMT
1 < Content-Type: application/json
1 < Transfer-Encoding: chunked
1 < Connection: keep-alive
1 < Vary: Origin
1 < Vary: Access-Control-Request-Method
1 < Vary: Access-Control-Request-Headers
1 < X-Content-Type-Options: nosniff
1 < X-XSS-Protection: 1; mode=block
1 < Cache-Control: no-cache, no-store, max-age=0, must-revalidate
1 < Pragma: no-cache
1 < Expires: 0
1 < X-Frame-Options: DENY
{"headers":{"httpStatusCode":201,"httpStatusDesc":"CREATED","messageUuid":"acxff62e-6f12-42de-9012-1e7304418abd","requestAppId":"c4e6bd04-5149-11e7-b114-a2f933d5fe66","requestDatetime":"2024-06-14T11:24:48"},"messageResponse":{"responseCode":"0000","responseMessage":"Transacción exitosa.","responseDetails":"Customer Type Created Successfully"},"data":{"customerType":{"customerTypeId":"0a913355-8fcb-197f-8190-1790deca07cf","customerTypeValue":"37871442298722909243214385497778428703426167809041","customerTypeLabel":"CAMPOS1234COMPAÑU12BOGOTARESULTA121COLOMBIAPRUEBAS"}}}

11:24:48.695 [pool-1-thread-1] INFO  com.intuit.karate - [print] 0a913355-8fcb-197f-8190-1790dec307ce 
11:24:48.695 [pool-1-thread-2] INFO  com.intuit.karate - [print] 0a913355-8fcb-197f-8190-1790deca07cf 
11:24:48.697 [pool-1-thread-1] INFO  com.intuit.karate - [print] 0a913355-8fcb-197f-8190-1790dec307ce 
11:24:48.697 [pool-1-thread-2] INFO  com.intuit.karate - [print] 0a913355-8fcb-197f-8190-1790deca07cf 
11:24:48.702 [pool-1-thread-2] DEBUG c.intuit.karate.core.ScenarioEngine - over-writing existing variable 'generarData' with new value: Java.type('Utilidades.generarData')
11:24:48.708 [pool-1-thread-1] INFO  c.intuit.karate.core.FeatureRuntime - classpath:users/Customer_TypeManagement00/../Customer_TypeManagement00/CustomerTypeManagement.feature - call by tag at line 7: Microservicios
11:24:48.714 [pool-1-thread-2] DEBUG com.intuit.karate - request:
2 > PUT https://internal-AWS-PRB-ALB-BACK-398488634.us-east-1.elb.amazonaws.com/v1/transversal/administrative/customerTypes/0a913355-8fcb-197f-8190-1790deca07cf
2 > message-uuid: acxff62e-6f12-42de-9012-1e7304418abd
2 > request-app-id: c4e6bd04-5149-11e7-b114-a2f933d5fe66
2 > Content-Type: application/json; charset=UTF-8
2 > Content-Length: 148
2 > Host: internal-AWS-PRB-ALB-BACK-398488634.us-east-1.elb.amazonaws.com
2 > Connection: Keep-Alive
2 > User-Agent: Apache-HttpClient/4.5.13 (Java/17.0.5)
2 > Accept-Encoding: gzip,deflate
{"customerTypeValue":"37871442298722909243214385497778428703426167809041","customerTypeLabel":"CAMPOS1234COMPAÑU12BOGOTARESULTA121COLOMBIAPRUEBAS"}

11:24:48.718 [pool-1-thread-1] DEBUG com.intuit.karate - request:
1 > POST https://internal-AWS-PRB-ALB-BACK-398488634.us-east-1.elb.amazonaws.com/v1/transversal/administrative/customerTypes
1 > message-uuid: acxff62e-6f12-42de-9012-1e7304418abd
1 > request-app-id: c4e6bd04-5149-11e7-b114-a2f933d5fe66
1 > Content-Type: application/json; charset=UTF-8
1 > Content-Length: 148
1 > Host: internal-AWS-PRB-ALB-BACK-398488634.us-east-1.elb.amazonaws.com
1 > Connection: Keep-Alive
1 > User-Agent: Apache-HttpClient/4.5.13 (Java/17.0.5)
1 > Accept-Encoding: gzip,deflate
{"customerTypeValue":"27070073205352862308761351240654271168797351511084","customerTypeLabel":"CAMPOS1234COMPAÑU12BOGOTARESULTA121COLOMBIAPRUEBAS"}

11:24:49.234 [pool-1-thread-2] DEBUG com.intuit.karate - response time in milliseconds: 519
2 < 200
2 < Date: Fri, 14 Jun 2024 16:24:49 GMT
2 < Content-Type: application/json
2 < Transfer-Encoding: chunked
2 < Connection: keep-alive
2 < Vary: Origin
2 < Vary: Access-Control-Request-Method
2 < Vary: Access-Control-Request-Headers
2 < X-Content-Type-Options: nosniff
2 < X-XSS-Protection: 1; mode=block
2 < Cache-Control: no-cache, no-store, max-age=0, must-revalidate
2 < Pragma: no-cache
2 < Expires: 0
2 < X-Frame-Options: DENY
{"headers":{"httpStatusCode":200,"httpStatusDesc":"OK","messageUuid":"acxff62e-6f12-42de-9012-1e7304418abd","requestAppId":"c4e6bd04-5149-11e7-b114-a2f933d5fe66","requestDatetime":"2024-06-14T11:24:49"},"messageResponse":{"responseCode":"0000","responseMessage":"Transacción exitosa.","responseDetails":"CustomerType was Updated Successfully"},"data":{"customerType":{"customerTypeId":"0a913355-8fcb-197f-8190-1790deca07cf","customerTypeValue":"37871442298722909243214385497778428703426167809041","customerTypeLabel":"CAMPOS1234COMPAÑU12BOGOTARESULTA121COLOMBIAPRUEBAS"}}}

11:24:49.234 [pool-1-thread-1] DEBUG com.intuit.karate - response time in milliseconds: 516
1 < 201
1 < Date: Fri, 14 Jun 2024 16:24:49 GMT
1 < Content-Type: application/json
1 < Transfer-Encoding: chunked
1 < Connection: keep-alive
1 < Vary: Origin
1 < Vary: Access-Control-Request-Method
1 < Vary: Access-Control-Request-Headers
1 < X-Content-Type-Options: nosniff
1 < X-XSS-Protection: 1; mode=block
1 < Cache-Control: no-cache, no-store, max-age=0, must-revalidate
1 < Pragma: no-cache
1 < Expires: 0
1 < X-Frame-Options: DENY
{"headers":{"httpStatusCode":201,"httpStatusDesc":"CREATED","messageUuid":"acxff62e-6f12-42de-9012-1e7304418abd","requestAppId":"c4e6bd04-5149-11e7-b114-a2f933d5fe66","requestDatetime":"2024-06-14T11:24:49"},"messageResponse":{"responseCode":"0000","responseMessage":"Transacción exitosa.","responseDetails":"Customer Type Created Successfully"},"data":{"customerType":{"customerTypeId":"0a913355-8fcb-197f-8190-1790e0fc07d0","customerTypeValue":"27070073205352862308761351240654271168797351511084","customerTypeLabel":"CAMPOS1234COMPAÑU12BOGOTARESULTA121COLOMBIAPRUEBAS"}}}

11:24:49.238 [pool-1-thread-1] INFO  com.intuit.karate - [print] 0a913355-8fcb-197f-8190-1790e0fc07d0 
11:24:49.239 [pool-1-thread-1] INFO  com.intuit.karate - [print] 0a913355-8fcb-197f-8190-1790e0fc07d0 
11:24:49.241 [pool-1-thread-1] DEBUG c.intuit.karate.core.ScenarioEngine - over-writing existing variable 'generarData' with new value: Java.type('Utilidades.generarData')
11:24:49.245 [pool-1-thread-1] DEBUG com.intuit.karate - request:
2 > GET https://internal-AWS-PRB-ALB-BACK-398488634.us-east-1.elb.amazonaws.com/v1/transversal/administrative/customerTypes/0a913355-8fcb-197f-8190-1790e0fc07d0
2 > message-uuid: acxff62e-6f12-42de-9012-1e7304418abd
2 > request-app-id: c4e6bd04-5149-11e7-b114-a2f933d5fe66
2 > Content-Type: application/json
2 > Host: internal-AWS-PRB-ALB-BACK-398488634.us-east-1.elb.amazonaws.com
2 > Connection: Keep-Alive
2 > User-Agent: Apache-HttpClient/4.5.13 (Java/17.0.5)
2 > Accept-Encoding: gzip,deflate


11:24:49.251 [pool-1-thread-2] DEBUG com.intuit.karate - request:
1 > GET https://internal-AWS-PRB-ALB-BACK-398488634.us-east-1.elb.amazonaws.com/v1/transversal/administrative/customerTypes?pageNumber=1&pageSize=10
1 > message-uuid: acxff62e-6f12-42de-9012-1e7304418abd
1 > request-app-id: c4e6bd04-5149-11e7-b114-a2f933d5fe66
1 > Content-Type: application/json
1 > Host: internal-AWS-PRB-ALB-BACK-398488634.us-east-1.elb.amazonaws.com
1 > Connection: Keep-Alive
1 > User-Agent: Apache-HttpClient/4.5.13 (Java/17.0.5)
1 > Accept-Encoding: gzip,deflate


11:24:49.789 [pool-1-thread-2] DEBUG com.intuit.karate - response time in milliseconds: 538
1 < 200
1 < Date: Fri, 14 Jun 2024 16:24:49 GMT
1 < Content-Type: application/json
1 < Transfer-Encoding: chunked
1 < Connection: keep-alive
1 < Vary: Origin
1 < Vary: Access-Control-Request-Method
1 < Vary: Access-Control-Request-Headers
1 < X-Content-Type-Options: nosniff
1 < X-XSS-Protection: 1; mode=block
1 < Cache-Control: no-cache, no-store, max-age=0, must-revalidate
1 < Pragma: no-cache
1 < Expires: 0
1 < X-Frame-Options: DENY
{"headers":{"httpStatusCode":200,"httpStatusDesc":"OK","messageUuid":"acxff62e-6f12-42de-9012-1e7304418abd","requestAppId":"c4e6bd04-5149-11e7-b114-a2f933d5fe66","requestDatetime":"2024-06-14T11:24:49"},"messageResponse":{"responseCode":"0000","responseMessage":"Transacción exitosa.","responseDetails":"Obtained the CustomerTypes successfully"},"data":{"customerTypes":[{"customerTypeId":"0a8106ed-8946-1e90-8189-4c1bb1b50005","customerTypeValue":"COMPAN323232Yy","customerTypeLabel":"EMPRESA8"},{"customerTypeId":"0a913355-8fcb-197f-818f-cb29ed18000e","customerTypeValue":"OPERADORAS DE INFORMACIÓN 19939112","customerTypeLabel":"OPERADORAS DE INFORMACIÓN 10023612"},{"customerTypeId":"0a913355-8fcb-197f-818f-cb2c63b7000f","customerTypeValue":"Powlowski Group","customerTypeLabel":"OPERADORAS DE INFORMACIÓN 1239"},{"customerTypeId":"0a913355-8fcb-197f-818f-cb2f9b390010","customerTypeValue":"OPERADORAS DE INFORMACIÓN 19939113","customerTypeLabel":"OPERADORAS DE INFORMACIÓN 10023613"},{"customerTypeId":"0a913355-8fcb-197f-818f-cb3119e70011","customerTypeValue":"OPERADORAS DE INFORMACIÓN 19939114","customerTypeLabel":"OPERADORAS DE INFORMACIÓN 10023613"},{"customerTypeId":"0a913355-8fcb-197f-818f-cb31ea4b0012","customerTypeValue":"Bergnaum - Haley","customerTypeLabel":"OPERADORAS DE INFORMACIÓN 1239"},{"customerTypeId":"0a913355-8fcb-197f-818f-cb34d7db0013","customerTypeValue":"15f37e57-7e4e-4003-96b1-6dd1d5f8a1e3","customerTypeLabel":"OPERADORAS DE INFORMACIÓN 1239"},{"customerTypeId":"0a913355-8fcb-197f-818f-e8991b3d0023","customerTypeValue":"30499090433368011808877882275776841220635223290676","customerTypeLabel":"CAMPOS1234COMPAÑU12BOGOTARESULTA121COLOMBIAPRUEBAS"},{"customerTypeId":"0a913355-8fcb-197f-818f-e8991b440024","customerTypeValue":"39041433855893955782425201105203752453405907203012","customerTypeLabel":"CAMPOS1234COMPAÑU12BOGOTARESULTA121COLOMBIAPRUEBAS"},{"customerTypeId":"0a913355-8fcb-197f-818f-e8991cbe0025","customerTypeValue":"73252410351638846255645462384386339233120261522798","customerTypeLabel":"CAMPOS1234COMPAÑU12BOGOTARESULTA121COLOMBIAPRUEBAS"}]},"pagination":{"totalElements":1232,"pageSize":10,"pageNumber":1,"hasMoreElements":true}}

11:24:49.789 [pool-1-thread-1] DEBUG com.intuit.karate - response time in milliseconds: 543
2 < 200
2 < Date: Fri, 14 Jun 2024 16:24:49 GMT
2 < Content-Type: application/json
2 < Transfer-Encoding: chunked
2 < Connection: keep-alive
2 < Vary: Origin
2 < Vary: Access-Control-Request-Method
2 < Vary: Access-Control-Request-Headers
2 < X-Content-Type-Options: nosniff
2 < X-XSS-Protection: 1; mode=block
2 < Cache-Control: no-cache, no-store, max-age=0, must-revalidate
2 < Pragma: no-cache
2 < Expires: 0
2 < X-Frame-Options: DENY
{"headers":{"httpStatusCode":200,"httpStatusDesc":"OK","messageUuid":"acxff62e-6f12-42de-9012-1e7304418abd","requestAppId":"c4e6bd04-5149-11e7-b114-a2f933d5fe66","requestDatetime":"2024-06-14T11:24:49"},"messageResponse":{"responseCode":"0000","responseMessage":"Transacción exitosa.","responseDetails":"Success Get a CustomerType Transaction"},"data":{"customerType":{"customerTypeId":"0a913355-8fcb-197f-8190-1790e0fc07d0","customerTypeValue":"27070073205352862308761351240654271168797351511084","customerTypeLabel":"CAMPOS1234COMPAÑU12BOGOTARESULTA121COLOMBIAPRUEBAS"}}}

11:24:49.801 [pool-1-thread-1] INFO  c.intuit.karate.core.FeatureRuntime - classpath:users/CustomerAccountManagement03/../CustomerAccountManagement03/CustomersCustomerIdAccounts.feature - call by tag at line 7: Microservicios
11:24:49.803 [pool-1-thread-2] INFO  c.intuit.karate.core.FeatureRuntime - classpath:users/CustomerAccountManagement03/../CustomerManagement01/Customers.feature - call by tag at line 7: Microservicios
11:24:49.808 [pool-1-thread-2] DEBUG c.intuit.karate.core.ScenarioEngine - over-writing existing variable 'generarData' with new value: Java.type('Utilidades.generarData')
11:24:49.814 [pool-1-thread-1] INFO  c.intuit.karate.core.FeatureRuntime - classpath:users/CustomerAccountManagement03/../CustomerManagement01/Customers.feature - call by tag at line 7: Microservicios
11:24:49.816 [pool-1-thread-2] DEBUG com.intuit.karate - request:
1 > POST https://internal-AWS-PRB-ALB-BACK-398488634.us-east-1.elb.amazonaws.com/v1/transversal/administrative/customers
1 > message-uuid: acxff62e-6f12-42de-9012-1e7304418abd
1 > request-app-id: c4e6bd04-5149-11e7-b114-a2f933d5fe66
1 > Content-Type: application/json; charset=UTF-8
1 > Content-Length: 1050
1 > Host: internal-AWS-PRB-ALB-BACK-398488634.us-east-1.elb.amazonaws.com
1 > Connection: Keep-Alive
1 > User-Agent: Apache-HttpClient/4.5.13 (Java/17.0.5)
1 > Accept-Encoding: gzip,deflate
{"customerName":"3251664530134848","businessName":"3251664530134848","customerDocumentNumber":"3251664530134848","customerDocumentType":"NT","customerCode":"3251664530134848","regulatedSFC":"3251664530134848","logo":"","incomes":"80","expenses":"40","assets":"4","passives":"3","equity":"1","customerDomain":[{"domain":"gufum","status":"ACTIVE"}],"customerTypes":[{"customerTypeId":"0a91337e-8c88-1ce7-818c-8d87e2d8003d"}],"customerAddressInformation":{"customerCountry":"CO","customerDepartment":"CUNDINAMARCA","customerProvince":"BOGOTA","customerCity":"BOGOTA","customerAddress":"calle falsa 123"},"customerPhone":{"phoneCode":"57","phoneNumber":"3161002233"},"customerEmail":"fudrayepsu@gufum.com","ciiuCode":{"activity":"Estudios de mercado.","ciiuCode":"7320"},"customerOwners":[{"name":"Juan higuera","documentType":"CC","documentNumber":"123456","relation":"REPRESENTANTE_LEGAL","pep":"SI"}],"termsAndConditionVersion":"","policyVersion":"","financialInstitutionCode":"","entityType":"PUBLIC","eanCode":"","compensationCode":"","limitUse":""}

11:24:49.819 [pool-1-thread-1] DEBUG c.intuit.karate.core.ScenarioEngine - over-writing existing variable 'generarData' with new value: Java.type('Utilidades.generarData')
11:24:49.828 [pool-1-thread-1] DEBUG com.intuit.karate - request:
1 > POST https://internal-AWS-PRB-ALB-BACK-398488634.us-east-1.elb.amazonaws.com/v1/transversal/administrative/customers
1 > message-uuid: acxff62e-6f12-42de-9012-1e7304418abd
1 > request-app-id: c4e6bd04-5149-11e7-b114-a2f933d5fe66
1 > Content-Type: application/json; charset=UTF-8
1 > Content-Length: 1050
1 > Host: internal-AWS-PRB-ALB-BACK-398488634.us-east-1.elb.amazonaws.com
1 > Connection: Keep-Alive
1 > User-Agent: Apache-HttpClient/4.5.13 (Java/17.0.5)
1 > Accept-Encoding: gzip,deflate
{"customerName":"7478202402482252","businessName":"7478202402482252","customerDocumentNumber":"7478202402482252","customerDocumentType":"NT","customerCode":"7478202402482252","regulatedSFC":"7478202402482252","logo":"","incomes":"80","expenses":"40","assets":"4","passives":"3","equity":"1","customerDomain":[{"domain":"gufum","status":"ACTIVE"}],"customerTypes":[{"customerTypeId":"0a91337e-8c88-1ce7-818c-8d87e2d8003d"}],"customerAddressInformation":{"customerCountry":"CO","customerDepartment":"CUNDINAMARCA","customerProvince":"BOGOTA","customerCity":"BOGOTA","customerAddress":"calle falsa 123"},"customerPhone":{"phoneCode":"57","phoneNumber":"3161002233"},"customerEmail":"fudrayepsu@gufum.com","ciiuCode":{"activity":"Estudios de mercado.","ciiuCode":"7320"},"customerOwners":[{"name":"Juan higuera","documentType":"CC","documentNumber":"123456","relation":"REPRESENTANTE_LEGAL","pep":"SI"}],"termsAndConditionVersion":"","policyVersion":"","financialInstitutionCode":"","entityType":"PUBLIC","eanCode":"","compensationCode":"","limitUse":""}

---------------------------------------------------------
feature: classpath:users/Customer_TypeManagement00/CustomerTypeManagement.feature
scenarios:  4 | passed:  4 | failed:  0 | time: 4,3402
---------------------------------------------------------

11:24:50.682 [pool-2-thread-1] INFO  com.intuit.karate.Suite - <<pass>> feature 1 of 12 (11 remaining) classpath:users/Customer_TypeManagement00/CustomerTypeManagement.feature
11:24:51.358 [pool-1-thread-2] DEBUG com.intuit.karate - response time in milliseconds: 1541
1 < 201
1 < Date: Fri, 14 Jun 2024 16:24:51 GMT
1 < Content-Type: application/json
1 < Transfer-Encoding: chunked
1 < Connection: keep-alive
1 < Vary: Origin
1 < Vary: Access-Control-Request-Method
1 < Vary: Access-Control-Request-Headers
1 < X-Content-Type-Options: nosniff
1 < X-XSS-Protection: 1; mode=block
1 < Cache-Control: no-cache, no-store, max-age=0, must-revalidate
1 < Pragma: no-cache
1 < Expires: 0
1 < X-Frame-Options: DENY
{"headers":{"httpStatusCode":201,"httpStatusDesc":"CREATED","messageUuid":"acxff62e-6f12-42de-9012-1e7304418abd","requestAppId":"c4e6bd04-5149-11e7-b114-a2f933d5fe66","requestDatetime":"2024-06-14T11:24:51"},"messageResponse":{"responseCode":"0000","responseMessage":"Transacción exitosa.","responseDetails":"Customer Created Successfully"},"data":{"customer":{"customerId":"0a913355-8fcb-197f-8190-1790e91407d1","customerName":"3251664530134848","businessName":"3251664530134848","customerDomains":[{"customerDomainId":"0a913355-8fcb-197f-8190-1790e92207d3","customerDomain":"gufum","status":"ACTIVE"}],"customerDocumentType":"NT","customerDocumentNumber":"3251664530134848","customerCode":"3251664530134848","regulatedSFC":"3251664530134848","logo":"","incomes":"80","expenses":"40","assets":"4","passives":"3","equity":"1","customerTypes":[{"customerTypeId":"0a91337e-8c88-1ce7-818c-8d87e2d8003d","customerTypeValue":"ADMINISTRATOR_PARTNER12241","customerTypeLabel":"OPERADORAS DE INFORMACIÓN 1"}],"customerStatus":"ACTIVE","customerAddressInformation":{"customerCountry":"CO","customerDepartment":"CUNDINAMARCA","customerProvince":"BOGOTA","customerCity":"BOGOTA","customerAddress":"calle falsa 123"},"customerPhone":{"phoneCode":"57","phoneNumber":"3161002233"},"customerEmail":"fudrayepsu@gufum.com","ciiuCode":{"ciiuCode":"7320","activity":"Estudios de mercado."},"customerOwners":[{"customerOwnerId":"0a913355-8fcb-197f-8190-1790e93307d5","name":"Juan higuera","documentType":"CC","documentNumber":"123456","relation":"REPRESENTANTE_LEGAL","pep":"SI"}],"termsAndConditionVersion":"","termsAndConditionDatetime":"","policyVersion":"","policyDatetime":"2024-06-14T11:24:50","financialInstitutionCode":"","createDatetime":"2024-06-14T11:24:50","entityType":"PUBLIC","eanCode":"","compensationCode":"","limitUse":"","updateDatetime":"2024-06-14T11:24:50","groupId":"c94a8b27-494f-4b44-9a4a-ccc69eadbc91"}}}

11:24:51.365 [pool-1-thread-2] INFO  com.intuit.karate - [print] 0a913355-8fcb-197f-8190-1790e91407d1 
11:24:51.366 [pool-1-thread-2] INFO  com.intuit.karate - [print] 0a913355-8fcb-197f-8190-1790e92207d3 
11:24:51.367 [pool-1-thread-2] INFO  com.intuit.karate - [print] 0a913355-8fcb-197f-8190-1790e93307d5 
11:24:51.371 [pool-1-thread-2] DEBUG c.intuit.karate.core.ScenarioEngine - over-writing existing variable 'variableRandom' with new value: generarData.generarNumero(16)
11:24:51.374 [pool-1-thread-2] DEBUG com.intuit.karate - request:
2 > POST https://internal-AWS-PRB-ALB-BACK-398488634.us-east-1.elb.amazonaws.com/v1/transversal/administrative/customers/0a913355-8fcb-197f-8190-1790e91407d1/accounts
2 > message-uuid: acxff62e-6f12-42de-9012-1e7304418abd
2 > Content-Type: application/json; charset=UTF-8
2 > Content-Length: 201
2 > Host: internal-AWS-PRB-ALB-BACK-398488634.us-east-1.elb.amazonaws.com
2 > Connection: Keep-Alive
2 > User-Agent: Apache-HttpClient/4.5.13 (Java/17.0.5)
2 > Accept-Encoding: gzip,deflate
{"accountType":"2355046100782498","accountNumber":"2355046100782498","accountName":"2355046100782498","accountCode":"99939","financialInstitutionCode":"8730","expirationDatetime":"2023-03-01T20:00:00"}

11:24:51.485 [pool-1-thread-1] DEBUG com.intuit.karate - response time in milliseconds: 1657
1 < 201
1 < Date: Fri, 14 Jun 2024 16:24:51 GMT
1 < Content-Type: application/json
1 < Transfer-Encoding: chunked
1 < Connection: keep-alive
1 < Vary: Origin
1 < Vary: Access-Control-Request-Method
1 < Vary: Access-Control-Request-Headers
1 < X-Content-Type-Options: nosniff
1 < X-XSS-Protection: 1; mode=block
1 < Cache-Control: no-cache, no-store, max-age=0, must-revalidate
1 < Pragma: no-cache
1 < Expires: 0
1 < X-Frame-Options: DENY
{"headers":{"httpStatusCode":201,"httpStatusDesc":"CREATED","messageUuid":"acxff62e-6f12-42de-9012-1e7304418abd","requestAppId":"c4e6bd04-5149-11e7-b114-a2f933d5fe66","requestDatetime":"2024-06-14T11:24:51"},"messageResponse":{"responseCode":"0000","responseMessage":"Transacción exitosa.","responseDetails":"Customer Created Successfully"},"data":{"customer":{"customerId":"0a913355-8fcb-197f-8190-1790e97c07d6","customerName":"7478202402482252","businessName":"7478202402482252","customerDomains":[{"customerDomainId":"0a913355-8fcb-197f-8190-1790e99307d8","customerDomain":"gufum","status":"ACTIVE"}],"customerDocumentType":"NT","customerDocumentNumber":"7478202402482252","customerCode":"7478202402482252","regulatedSFC":"7478202402482252","logo":"","incomes":"80","expenses":"40","assets":"4","passives":"3","equity":"1","customerTypes":[{"customerTypeId":"0a91337e-8c88-1ce7-818c-8d87e2d8003d","customerTypeValue":"ADMINISTRATOR_PARTNER12241","customerTypeLabel":"OPERADORAS DE INFORMACIÓN 1"}],"customerStatus":"ACTIVE","customerAddressInformation":{"customerCountry":"CO","customerDepartment":"CUNDINAMARCA","customerProvince":"BOGOTA","customerCity":"BOGOTA","customerAddress":"calle falsa 123"},"customerPhone":{"phoneCode":"57","phoneNumber":"3161002233"},"customerEmail":"fudrayepsu@gufum.com","ciiuCode":{"ciiuCode":"7320","activity":"Estudios de mercado."},"customerOwners":[{"customerOwnerId":"0a913355-8fcb-197f-8190-1790e9a107da","name":"Juan higuera","documentType":"CC","documentNumber":"123456","relation":"REPRESENTANTE_LEGAL","pep":"SI"}],"termsAndConditionVersion":"","termsAndConditionDatetime":"","policyVersion":"","policyDatetime":"2024-06-14T11:24:50","financialInstitutionCode":"","createDatetime":"2024-06-14T11:24:50","entityType":"PUBLIC","eanCode":"","compensationCode":"","limitUse":"","updateDatetime":"2024-06-14T11:24:50","groupId":"a608f262-d744-4680-b61d-6a958a02ef63"}}}

11:24:51.490 [pool-1-thread-1] INFO  com.intuit.karate - [print] 0a913355-8fcb-197f-8190-1790e97c07d6 
11:24:51.492 [pool-1-thread-1] INFO  com.intuit.karate - [print] 0a913355-8fcb-197f-8190-1790e99307d8 
11:24:51.492 [pool-1-thread-1] INFO  com.intuit.karate - [print] 0a913355-8fcb-197f-8190-1790e9a107da 
11:24:51.497 [pool-1-thread-1] DEBUG c.intuit.karate.core.ScenarioEngine - over-writing existing variable 'variableRandom' with new value: generarData.generarNumero(16)
11:24:51.500 [pool-1-thread-1] DEBUG com.intuit.karate - request:
2 > POST https://internal-AWS-PRB-ALB-BACK-398488634.us-east-1.elb.amazonaws.com/v1/transversal/administrative/customers/0a913355-8fcb-197f-8190-1790e97c07d6/accounts
2 > message-uuid: acxff62e-6f12-42de-9012-1e7304418abd
2 > Content-Type: application/json; charset=UTF-8
2 > Content-Length: 201
2 > Host: internal-AWS-PRB-ALB-BACK-398488634.us-east-1.elb.amazonaws.com
2 > Connection: Keep-Alive
2 > User-Agent: Apache-HttpClient/4.5.13 (Java/17.0.5)
2 > Accept-Encoding: gzip,deflate
{"accountType":"7303271266428472","accountNumber":"7303271266428472","accountName":"7303271266428472","accountCode":"99939","financialInstitutionCode":"8730","expirationDatetime":"2023-03-01T20:00:00"}

11:24:51.919 [pool-1-thread-2] DEBUG com.intuit.karate - response time in milliseconds: 545
2 < 201
2 < Date: Fri, 14 Jun 2024 16:24:51 GMT
2 < Content-Type: application/json
2 < Transfer-Encoding: chunked
2 < Connection: keep-alive
2 < Vary: Origin
2 < Vary: Access-Control-Request-Method
2 < Vary: Access-Control-Request-Headers
2 < X-Content-Type-Options: nosniff
2 < X-XSS-Protection: 1; mode=block
2 < Cache-Control: no-cache, no-store, max-age=0, must-revalidate
2 < Pragma: no-cache
2 < Expires: 0
2 < X-Frame-Options: DENY
{"headers":{"httpStatusCode":201,"httpStatusDesc":"CREATED","requestDateTime":"2024-06-14T11:24:51","messageUuid":"acxff62e-6f12-42de-9012-1e7304418abd","requestAppId":null},"messageResponse":{"responseCode":"0000","responseMessage":"Transacción exitosa.","responseDetails":"Account created, success."},"data":{"account":{"accountId":"cf8b9ba5-c6d7-4aaf-b72b-3a16f8d2c045","accountType":"2355046100782498","accountNumber":"2355046100782498","accountName":"2355046100782498","accountCode":"99939","status":"ACTIVE","financialInstitutionCode":"8730","approvalState":"PENDING","createdDatetime":"2024-06-14T11:24:51","expirationDatetime":"2023-03-01T20:00:00","approvalDatetime":null}}}

11:24:51.922 [pool-1-thread-2] INFO  com.intuit.karate - [print] cf8b9ba5-c6d7-4aaf-b72b-3a16f8d2c045 
11:24:51.927 [pool-1-thread-2] INFO  c.intuit.karate.core.FeatureRuntime - classpath:users/CustomerAccountManagement03/../CustomerAccountManagement03/CustomersCustomerIdAccounts.feature - call by tag at line 7: Microservicios
11:24:51.940 [pool-1-thread-2] INFO  c.intuit.karate.core.FeatureRuntime - classpath:users/CustomerAccountManagement03/../CustomerManagement01/Customers.feature - call by tag at line 7: Microservicios
11:24:51.943 [pool-1-thread-2] DEBUG c.intuit.karate.core.ScenarioEngine - over-writing existing variable 'generarData' with new value: Java.type('Utilidades.generarData')
11:24:51.948 [pool-1-thread-2] DEBUG com.intuit.karate - request:
1 > POST https://internal-AWS-PRB-ALB-BACK-398488634.us-east-1.elb.amazonaws.com/v1/transversal/administrative/customers
1 > message-uuid: acxff62e-6f12-42de-9012-1e7304418abd
1 > request-app-id: c4e6bd04-5149-11e7-b114-a2f933d5fe66
1 > Content-Type: application/json; charset=UTF-8
1 > Content-Length: 1050
1 > Host: internal-AWS-PRB-ALB-BACK-398488634.us-east-1.elb.amazonaws.com
1 > Connection: Keep-Alive
1 > User-Agent: Apache-HttpClient/4.5.13 (Java/17.0.5)
1 > Accept-Encoding: gzip,deflate
{"customerName":"1162919798700028","businessName":"1162919798700028","customerDocumentNumber":"1162919798700028","customerDocumentType":"NT","customerCode":"1162919798700028","regulatedSFC":"1162919798700028","logo":"","incomes":"80","expenses":"40","assets":"4","passives":"3","equity":"1","customerDomain":[{"domain":"gufum","status":"ACTIVE"}],"customerTypes":[{"customerTypeId":"0a91337e-8c88-1ce7-818c-8d87e2d8003d"}],"customerAddressInformation":{"customerCountry":"CO","customerDepartment":"CUNDINAMARCA","customerProvince":"BOGOTA","customerCity":"BOGOTA","customerAddress":"calle falsa 123"},"customerPhone":{"phoneCode":"57","phoneNumber":"3161002233"},"customerEmail":"fudrayepsu@gufum.com","ciiuCode":{"activity":"Estudios de mercado.","ciiuCode":"7320"},"customerOwners":[{"name":"Juan higuera","documentType":"CC","documentNumber":"123456","relation":"REPRESENTANTE_LEGAL","pep":"SI"}],"termsAndConditionVersion":"","policyVersion":"","financialInstitutionCode":"","entityType":"PUBLIC","eanCode":"","compensationCode":"","limitUse":""}

11:24:52.049 [pool-1-thread-1] DEBUG com.intuit.karate - response time in milliseconds: 548
2 < 201
2 < Date: Fri, 14 Jun 2024 16:24:51 GMT
2 < Content-Type: application/json
2 < Transfer-Encoding: chunked
2 < Connection: keep-alive
2 < Vary: Origin
2 < Vary: Access-Control-Request-Method
2 < Vary: Access-Control-Request-Headers
2 < X-Content-Type-Options: nosniff
2 < X-XSS-Protection: 1; mode=block
2 < Cache-Control: no-cache, no-store, max-age=0, must-revalidate
2 < Pragma: no-cache
2 < Expires: 0
2 < X-Frame-Options: DENY
{"headers":{"httpStatusCode":201,"httpStatusDesc":"CREATED","requestDateTime":"2024-06-14T11:24:51","messageUuid":"acxff62e-6f12-42de-9012-1e7304418abd","requestAppId":null},"messageResponse":{"responseCode":"0000","responseMessage":"Transacción exitosa.","responseDetails":"Account created, success."},"data":{"account":{"accountId":"5c99b7e2-371e-487b-a8d1-a06a4fb6e470","accountType":"7303271266428472","accountNumber":"7303271266428472","accountName":"7303271266428472","accountCode":"99939","status":"ACTIVE","financialInstitutionCode":"8730","approvalState":"PENDING","createdDatetime":"2024-06-14T11:24:51","expirationDatetime":"2023-03-01T20:00:00","approvalDatetime":null}}}

11:24:52.055 [pool-1-thread-1] INFO  com.intuit.karate - [print] 5c99b7e2-371e-487b-a8d1-a06a4fb6e470 
11:24:52.057 [pool-1-thread-1] DEBUG c.intuit.karate.core.ScenarioEngine - over-writing existing variable 'generarData' with new value: Java.type('Utilidades.generarData')
11:24:52.062 [pool-1-thread-1] DEBUG com.intuit.karate - request:
3 > GET https://internal-AWS-PRB-ALB-BACK-398488634.us-east-1.elb.amazonaws.com/v1/transversal/administrative/customers/0a913355-8fcb-197f-8190-1790e97c07d6/accounts?pageNumber=1&pageSize=10
3 > message-uuid: acxff62e-6f12-42de-9012-1e7304418abd
3 > request-app-id: c4e6bd04-5149-11e7-b114-a2f933d5fe66
3 > Content-Type: application/json
3 > Host: internal-AWS-PRB-ALB-BACK-398488634.us-east-1.elb.amazonaws.com
3 > Connection: Keep-Alive
3 > User-Agent: Apache-HttpClient/4.5.13 (Java/17.0.5)
3 > Accept-Encoding: gzip,deflate


11:24:52.553 [pool-1-thread-1] DEBUG com.intuit.karate - response time in milliseconds: 491
3 < 200
3 < Date: Fri, 14 Jun 2024 16:24:52 GMT
3 < Content-Type: application/json
3 < Transfer-Encoding: chunked
3 < Connection: keep-alive
3 < Vary: Origin
3 < Vary: Access-Control-Request-Method
3 < Vary: Access-Control-Request-Headers
3 < X-Content-Type-Options: nosniff
3 < X-XSS-Protection: 1; mode=block
3 < Cache-Control: no-cache, no-store, max-age=0, must-revalidate
3 < Pragma: no-cache
3 < Expires: 0
3 < X-Frame-Options: DENY
{"headers":{"httpStatusCode":200,"httpStatusDesc":"OK","requestDateTime":"2024-06-14T11:24:52","messageUuid":"acxff62e-6f12-42de-9012-1e7304418abd","requestAppId":"c4e6bd04-5149-11e7-b114-a2f933d5fe66"},"messageResponse":{"responseCode":"0000","responseMessage":"Transacción exitosa.","responseDetails":"Accounts exists, success."},"data":{"accounts":[{"accountId":"5c99b7e2-371e-487b-a8d1-a06a4fb6e470","accountType":"7303271266428472","accountNumber":"7303271266428472","accountName":"7303271266428472","accountCode":"99939","status":"ACTIVE","financialInstitutionCode":"8730","approvalState":"PENDING","createdDatetime":"2024-06-14T11:24:51","expirationDatetime":"2023-03-01T20:00:00","approvalDatetime":null}]},"pagination":{"totalElements":1,"pageSize":10,"pageNumber":1,"hasMoreElements":false}}

11:24:52.562 [pool-1-thread-1] INFO  c.intuit.karate.core.FeatureRuntime - classpath:users/CustomerAccountManagement03/../CustomerAccountManagement03/CustomersCustomerIdAccounts.feature - call by tag at line 7: Microservicios
11:24:52.568 [pool-1-thread-1] INFO  c.intuit.karate.core.FeatureRuntime - classpath:users/CustomerAccountManagement03/../CustomerManagement01/Customers.feature - call by tag at line 7: Microservicios
11:24:52.570 [pool-1-thread-1] DEBUG c.intuit.karate.core.ScenarioEngine - over-writing existing variable 'generarData' with new value: Java.type('Utilidades.generarData')
11:24:52.574 [pool-1-thread-1] DEBUG com.intuit.karate - request:
1 > POST https://internal-AWS-PRB-ALB-BACK-398488634.us-east-1.elb.amazonaws.com/v1/transversal/administrative/customers
1 > message-uuid: acxff62e-6f12-42de-9012-1e7304418abd
1 > request-app-id: c4e6bd04-5149-11e7-b114-a2f933d5fe66
1 > Content-Type: application/json; charset=UTF-8
1 > Content-Length: 1050
1 > Host: internal-AWS-PRB-ALB-BACK-398488634.us-east-1.elb.amazonaws.com
1 > Connection: Keep-Alive
1 > User-Agent: Apache-HttpClient/4.5.13 (Java/17.0.5)
1 > Accept-Encoding: gzip,deflate
{"customerName":"8252340373744384","businessName":"8252340373744384","customerDocumentNumber":"8252340373744384","customerDocumentType":"NT","customerCode":"8252340373744384","regulatedSFC":"8252340373744384","logo":"","incomes":"80","expenses":"40","assets":"4","passives":"3","equity":"1","customerDomain":[{"domain":"gufum","status":"ACTIVE"}],"customerTypes":[{"customerTypeId":"0a91337e-8c88-1ce7-818c-8d87e2d8003d"}],"customerAddressInformation":{"customerCountry":"CO","customerDepartment":"CUNDINAMARCA","customerProvince":"BOGOTA","customerCity":"BOGOTA","customerAddress":"calle falsa 123"},"customerPhone":{"phoneCode":"57","phoneNumber":"3161002233"},"customerEmail":"fudrayepsu@gufum.com","ciiuCode":{"activity":"Estudios de mercado.","ciiuCode":"7320"},"customerOwners":[{"name":"Juan higuera","documentType":"CC","documentNumber":"123456","relation":"REPRESENTANTE_LEGAL","pep":"SI"}],"termsAndConditionVersion":"","policyVersion":"","financialInstitutionCode":"","entityType":"PUBLIC","eanCode":"","compensationCode":"","limitUse":""}

11:24:53.612 [pool-1-thread-2] DEBUG com.intuit.karate - response time in milliseconds: 1664
1 < 201
1 < Date: Fri, 14 Jun 2024 16:24:53 GMT
1 < Content-Type: application/json
1 < Transfer-Encoding: chunked
1 < Connection: keep-alive
1 < Vary: Origin
1 < Vary: Access-Control-Request-Method
1 < Vary: Access-Control-Request-Headers
1 < X-Content-Type-Options: nosniff
1 < X-XSS-Protection: 1; mode=block
1 < Cache-Control: no-cache, no-store, max-age=0, must-revalidate
1 < Pragma: no-cache
1 < Expires: 0
1 < X-Frame-Options: DENY
{"headers":{"httpStatusCode":201,"httpStatusDesc":"CREATED","messageUuid":"acxff62e-6f12-42de-9012-1e7304418abd","requestAppId":"c4e6bd04-5149-11e7-b114-a2f933d5fe66","requestDatetime":"2024-06-14T11:24:53"},"messageResponse":{"responseCode":"0000","responseMessage":"Transacción exitosa.","responseDetails":"Customer Created Successfully"},"data":{"customer":{"customerId":"0a913355-8fcb-197f-8190-1790f1aa07db","customerName":"1162919798700028","businessName":"1162919798700028","customerDomains":[{"customerDomainId":"0a913355-8fcb-197f-8190-1790f1b607dd","customerDomain":"gufum","status":"ACTIVE"}],"customerDocumentType":"NT","customerDocumentNumber":"1162919798700028","customerCode":"1162919798700028","regulatedSFC":"1162919798700028","logo":"","incomes":"80","expenses":"40","assets":"4","passives":"3","equity":"1","customerTypes":[{"customerTypeId":"0a91337e-8c88-1ce7-818c-8d87e2d8003d","customerTypeValue":"ADMINISTRATOR_PARTNER12241","customerTypeLabel":"OPERADORAS DE INFORMACIÓN 1"}],"customerStatus":"ACTIVE","customerAddressInformation":{"customerCountry":"CO","customerDepartment":"CUNDINAMARCA","customerProvince":"BOGOTA","customerCity":"BOGOTA","customerAddress":"calle falsa 123"},"customerPhone":{"phoneCode":"57","phoneNumber":"3161002233"},"customerEmail":"fudrayepsu@gufum.com","ciiuCode":{"ciiuCode":"7320","activity":"Estudios de mercado."},"customerOwners":[{"customerOwnerId":"0a913355-8fcb-197f-8190-1790f1cb07df","name":"Juan higuera","documentType":"CC","documentNumber":"123456","relation":"REPRESENTANTE_LEGAL","pep":"SI"}],"termsAndConditionVersion":"","termsAndConditionDatetime":"","policyVersion":"","policyDatetime":"2024-06-14T11:24:52","financialInstitutionCode":"","createDatetime":"2024-06-14T11:24:52","entityType":"PUBLIC","eanCode":"","compensationCode":"","limitUse":"","updateDatetime":"2024-06-14T11:24:52","groupId":"b5650bbb-1711-4909-bd68-d88e45bf3b4d"}}}

11:24:53.616 [pool-1-thread-2] INFO  com.intuit.karate - [print] 0a913355-8fcb-197f-8190-1790f1aa07db 
11:24:53.617 [pool-1-thread-2] INFO  com.intuit.karate - [print] 0a913355-8fcb-197f-8190-1790f1b607dd 
11:24:53.618 [pool-1-thread-2] INFO  com.intuit.karate - [print] 0a913355-8fcb-197f-8190-1790f1cb07df 
11:24:53.619 [pool-1-thread-2] DEBUG c.intuit.karate.core.ScenarioEngine - over-writing existing variable 'variableRandom' with new value: generarData.generarNumero(16)
11:24:53.621 [pool-1-thread-2] DEBUG com.intuit.karate - request:
2 > POST https://internal-AWS-PRB-ALB-BACK-398488634.us-east-1.elb.amazonaws.com/v1/transversal/administrative/customers/0a913355-8fcb-197f-8190-1790f1aa07db/accounts
2 > message-uuid: acxff62e-6f12-42de-9012-1e7304418abd
2 > Content-Type: application/json; charset=UTF-8
2 > Content-Length: 201
2 > Host: internal-AWS-PRB-ALB-BACK-398488634.us-east-1.elb.amazonaws.com
2 > Connection: Keep-Alive
2 > User-Agent: Apache-HttpClient/4.5.13 (Java/17.0.5)
2 > Accept-Encoding: gzip,deflate
{"accountType":"0153284358054954","accountNumber":"0153284358054954","accountName":"0153284358054954","accountCode":"99939","financialInstitutionCode":"8730","expirationDatetime":"2023-03-01T20:00:00"}

11:24:54.226 [pool-1-thread-2] DEBUG com.intuit.karate - response time in milliseconds: 605
2 < 201
2 < Date: Fri, 14 Jun 2024 16:24:54 GMT
2 < Content-Type: application/json
2 < Transfer-Encoding: chunked
2 < Connection: keep-alive
2 < Vary: Origin
2 < Vary: Access-Control-Request-Method
2 < Vary: Access-Control-Request-Headers
2 < X-Content-Type-Options: nosniff
2 < X-XSS-Protection: 1; mode=block
2 < Cache-Control: no-cache, no-store, max-age=0, must-revalidate
2 < Pragma: no-cache
2 < Expires: 0
2 < X-Frame-Options: DENY
{"headers":{"httpStatusCode":201,"httpStatusDesc":"CREATED","requestDateTime":"2024-06-14T11:24:54","messageUuid":"acxff62e-6f12-42de-9012-1e7304418abd","requestAppId":null},"messageResponse":{"responseCode":"0000","responseMessage":"Transacción exitosa.","responseDetails":"Account created, success."},"data":{"account":{"accountId":"cfdafae1-fcb4-4cc1-b822-44da846430be","accountType":"0153284358054954","accountNumber":"0153284358054954","accountName":"0153284358054954","accountCode":"99939","status":"ACTIVE","financialInstitutionCode":"8730","approvalState":"PENDING","createdDatetime":"2024-06-14T11:24:54","expirationDatetime":"2023-03-01T20:00:00","approvalDatetime":null}}}

11:24:54.227 [pool-1-thread-1] DEBUG com.intuit.karate - response time in milliseconds: 1652
1 < 201
1 < Date: Fri, 14 Jun 2024 16:24:54 GMT
1 < Content-Type: application/json
1 < Transfer-Encoding: chunked
1 < Connection: keep-alive
1 < Vary: Origin
1 < Vary: Access-Control-Request-Method
1 < Vary: Access-Control-Request-Headers
1 < X-Content-Type-Options: nosniff
1 < X-XSS-Protection: 1; mode=block
1 < Cache-Control: no-cache, no-store, max-age=0, must-revalidate
1 < Pragma: no-cache
1 < Expires: 0
1 < X-Frame-Options: DENY
{"headers":{"httpStatusCode":201,"httpStatusDesc":"CREATED","messageUuid":"acxff62e-6f12-42de-9012-1e7304418abd","requestAppId":"c4e6bd04-5149-11e7-b114-a2f933d5fe66","requestDatetime":"2024-06-14T11:24:54"},"messageResponse":{"responseCode":"0000","responseMessage":"Transacción exitosa.","responseDetails":"Customer Created Successfully"},"data":{"customer":{"customerId":"0a913355-8fcb-197f-8190-1790f3da07e0","customerName":"8252340373744384","businessName":"8252340373744384","customerDomains":[{"customerDomainId":"0a913355-8fcb-197f-8190-1790f3e907e2","customerDomain":"gufum","status":"ACTIVE"}],"customerDocumentType":"NT","customerDocumentNumber":"8252340373744384","customerCode":"8252340373744384","regulatedSFC":"8252340373744384","logo":"","incomes":"80","expenses":"40","assets":"4","passives":"3","equity":"1","customerTypes":[{"customerTypeId":"0a91337e-8c88-1ce7-818c-8d87e2d8003d","customerTypeValue":"ADMINISTRATOR_PARTNER12241","customerTypeLabel":"OPERADORAS DE INFORMACIÓN 1"}],"customerStatus":"ACTIVE","customerAddressInformation":{"customerCountry":"CO","customerDepartment":"CUNDINAMARCA","customerProvince":"BOGOTA","customerCity":"BOGOTA","customerAddress":"calle falsa 123"},"customerPhone":{"phoneCode":"57","phoneNumber":"3161002233"},"customerEmail":"fudrayepsu@gufum.com","ciiuCode":{"ciiuCode":"7320","activity":"Estudios de mercado."},"customerOwners":[{"customerOwnerId":"0a913355-8fcb-197f-8190-1790f44d07e4","name":"Juan higuera","documentType":"CC","documentNumber":"123456","relation":"REPRESENTANTE_LEGAL","pep":"SI"}],"termsAndConditionVersion":"","termsAndConditionDatetime":"","policyVersion":"","policyDatetime":"2024-06-14T11:24:53","financialInstitutionCode":"","createDatetime":"2024-06-14T11:24:53","entityType":"PUBLIC","eanCode":"","compensationCode":"","limitUse":"","updateDatetime":"2024-06-14T11:24:53","groupId":"6336ffa8-44eb-4585-8607-a5039d09418d"}}}

11:24:54.231 [pool-1-thread-2] INFO  com.intuit.karate - [print] cfdafae1-fcb4-4cc1-b822-44da846430be 
11:24:54.231 [pool-1-thread-1] INFO  com.intuit.karate - [print] 0a913355-8fcb-197f-8190-1790f3da07e0 
11:24:54.232 [pool-1-thread-1] INFO  com.intuit.karate - [print] 0a913355-8fcb-197f-8190-1790f3e907e2 
11:24:54.233 [pool-1-thread-1] INFO  com.intuit.karate - [print] 0a913355-8fcb-197f-8190-1790f44d07e4 
11:24:54.234 [pool-1-thread-2] DEBUG c.intuit.karate.core.ScenarioEngine - over-writing existing variable 'generarData' with new value: Java.type('Utilidades.generarData')
11:24:54.235 [pool-1-thread-1] DEBUG c.intuit.karate.core.ScenarioEngine - over-writing existing variable 'variableRandom' with new value: generarData.generarNumero(16)
11:24:54.237 [pool-1-thread-2] DEBUG com.intuit.karate - request:
3 > GET https://internal-AWS-PRB-ALB-BACK-398488634.us-east-1.elb.amazonaws.com/v1/transversal/administrative/customers/0a913355-8fcb-197f-8190-1790f1aa07db/accounts/cfdafae1-fcb4-4cc1-b822-44da846430be
3 > message-uuid: acxff62e-6f12-42de-9012-1e7304418abd
3 > request-app-id: c4e6bd04-5149-11e7-b114-a2f933d5fe66
3 > Content-Type: application/json
3 > Host: internal-AWS-PRB-ALB-BACK-398488634.us-east-1.elb.amazonaws.com
3 > Connection: Keep-Alive
3 > User-Agent: Apache-HttpClient/4.5.13 (Java/17.0.5)
3 > Accept-Encoding: gzip,deflate


11:24:54.237 [pool-1-thread-1] DEBUG com.intuit.karate - request:
2 > POST https://internal-AWS-PRB-ALB-BACK-398488634.us-east-1.elb.amazonaws.com/v1/transversal/administrative/customers/0a913355-8fcb-197f-8190-1790f3da07e0/accounts
2 > message-uuid: acxff62e-6f12-42de-9012-1e7304418abd
2 > Content-Type: application/json; charset=UTF-8
2 > Content-Length: 201
2 > Host: internal-AWS-PRB-ALB-BACK-398488634.us-east-1.elb.amazonaws.com
2 > Connection: Keep-Alive
2 > User-Agent: Apache-HttpClient/4.5.13 (Java/17.0.5)
2 > Accept-Encoding: gzip,deflate
{"accountType":"8407194443264161","accountNumber":"8407194443264161","accountName":"8407194443264161","accountCode":"99939","financialInstitutionCode":"8730","expirationDatetime":"2023-03-01T20:00:00"}

11:24:54.816 [pool-1-thread-1] DEBUG com.intuit.karate - response time in milliseconds: 577
2 < 201
2 < Date: Fri, 14 Jun 2024 16:24:54 GMT
2 < Content-Type: application/json
2 < Transfer-Encoding: chunked
2 < Connection: keep-alive
2 < Vary: Origin
2 < Vary: Access-Control-Request-Method
2 < Vary: Access-Control-Request-Headers
2 < X-Content-Type-Options: nosniff
2 < X-XSS-Protection: 1; mode=block
2 < Cache-Control: no-cache, no-store, max-age=0, must-revalidate
2 < Pragma: no-cache
2 < Expires: 0
2 < X-Frame-Options: DENY
{"headers":{"httpStatusCode":201,"httpStatusDesc":"CREATED","requestDateTime":"2024-06-14T11:24:54","messageUuid":"acxff62e-6f12-42de-9012-1e7304418abd","requestAppId":null},"messageResponse":{"responseCode":"0000","responseMessage":"Transacción exitosa.","responseDetails":"Account created, success."},"data":{"account":{"accountId":"cd2d205a-a546-45e2-ac1d-727bd71f8fda","accountType":"8407194443264161","accountNumber":"8407194443264161","accountName":"8407194443264161","accountCode":"99939","status":"ACTIVE","financialInstitutionCode":"8730","approvalState":"PENDING","createdDatetime":"2024-06-14T11:24:54","expirationDatetime":"2023-03-01T20:00:00","approvalDatetime":null}}}

11:24:54.816 [pool-1-thread-2] DEBUG com.intuit.karate - response time in milliseconds: 579
3 < 200
3 < Date: Fri, 14 Jun 2024 16:24:54 GMT
3 < Content-Type: application/json
3 < Transfer-Encoding: chunked
3 < Connection: keep-alive
3 < Vary: Origin
3 < Vary: Access-Control-Request-Method
3 < Vary: Access-Control-Request-Headers
3 < X-Content-Type-Options: nosniff
3 < X-XSS-Protection: 1; mode=block
3 < Cache-Control: no-cache, no-store, max-age=0, must-revalidate
3 < Pragma: no-cache
3 < Expires: 0
3 < X-Frame-Options: DENY
{"headers":{"httpStatusCode":200,"httpStatusDesc":"OK","requestDateTime":"2024-06-14T11:24:54","messageUuid":"acxff62e-6f12-42de-9012-1e7304418abd","requestAppId":"c4e6bd04-5149-11e7-b114-a2f933d5fe66"},"messageResponse":{"responseCode":"0000","responseMessage":"Transacción exitosa.","responseDetails":"Accounts exists."},"data":{"account":{"accountId":"cfdafae1-fcb4-4cc1-b822-44da846430be","accountType":"0153284358054954","accountNumber":"0153284358054954","accountName":"0153284358054954","accountCode":"99939","status":"ACTIVE","financialInstitutionCode":"8730","approvalState":"PENDING","createdDatetime":"2024-06-14T11:24:54","expirationDatetime":"2023-03-01T20:00:00","approvalDatetime":null}}}

11:24:54.819 [pool-1-thread-1] INFO  com.intuit.karate - [print] cd2d205a-a546-45e2-ac1d-727bd71f8fda 
11:24:54.821 [pool-1-thread-1] DEBUG c.intuit.karate.core.ScenarioEngine - over-writing existing variable 'generarData' with new value: Java.type('Utilidades.generarData')
11:24:54.824 [pool-1-thread-1] DEBUG com.intuit.karate - request:
3 > PUT https://internal-AWS-PRB-ALB-BACK-398488634.us-east-1.elb.amazonaws.com/v1/transversal/administrative/customers/0a913355-8fcb-197f-8190-1790f3da07e0/accounts/cd2d205a-a546-45e2-ac1d-727bd71f8fda
3 > message-uuid: acxff62e-6f12-42de-9012-1e7304418abd
3 > request-app-id: c4e6bd04-5149-11e7-b114-a2f933d5fe66
3 > Content-Type: application/json; charset=UTF-8
3 > Content-Length: 95
3 > Host: internal-AWS-PRB-ALB-BACK-398488634.us-east-1.elb.amazonaws.com
3 > Connection: Keep-Alive
3 > User-Agent: Apache-HttpClient/4.5.13 (Java/17.0.5)
3 > Accept-Encoding: gzip,deflate
{"accountStatus":"ACTIVE","approvalState":"PENDING","expirationDatetime":"2023-03-01T20:00:00"}

11:24:54.825 [pool-1-thread-2] INFO  c.intuit.karate.core.FeatureRuntime - classpath:users/CustomerAccountManagement03/../CustomerAccountManagement03/CustomersCustomerIdAccounts.feature - call by tag at line 7: Microservicios
11:24:54.830 [pool-1-thread-2] INFO  c.intuit.karate.core.FeatureRuntime - classpath:users/CustomerAccountManagement03/../CustomerManagement01/Customers.feature - call by tag at line 7: Microservicios
11:24:54.832 [pool-1-thread-2] DEBUG c.intuit.karate.core.ScenarioEngine - over-writing existing variable 'generarData' with new value: Java.type('Utilidades.generarData')
11:24:54.835 [pool-1-thread-2] DEBUG com.intuit.karate - request:
1 > POST https://internal-AWS-PRB-ALB-BACK-398488634.us-east-1.elb.amazonaws.com/v1/transversal/administrative/customers
1 > message-uuid: acxff62e-6f12-42de-9012-1e7304418abd
1 > request-app-id: c4e6bd04-5149-11e7-b114-a2f933d5fe66
1 > Content-Type: application/json; charset=UTF-8
1 > Content-Length: 1050
1 > Host: internal-AWS-PRB-ALB-BACK-398488634.us-east-1.elb.amazonaws.com
1 > Connection: Keep-Alive
1 > User-Agent: Apache-HttpClient/4.5.13 (Java/17.0.5)
1 > Accept-Encoding: gzip,deflate
{"customerName":"8531406716702807","businessName":"8531406716702807","customerDocumentNumber":"8531406716702807","customerDocumentType":"NT","customerCode":"8531406716702807","regulatedSFC":"8531406716702807","logo":"","incomes":"80","expenses":"40","assets":"4","passives":"3","equity":"1","customerDomain":[{"domain":"gufum","status":"ACTIVE"}],"customerTypes":[{"customerTypeId":"0a91337e-8c88-1ce7-818c-8d87e2d8003d"}],"customerAddressInformation":{"customerCountry":"CO","customerDepartment":"CUNDINAMARCA","customerProvince":"BOGOTA","customerCity":"BOGOTA","customerAddress":"calle falsa 123"},"customerPhone":{"phoneCode":"57","phoneNumber":"3161002233"},"customerEmail":"fudrayepsu@gufum.com","ciiuCode":{"activity":"Estudios de mercado.","ciiuCode":"7320"},"customerOwners":[{"name":"Juan higuera","documentType":"CC","documentNumber":"123456","relation":"REPRESENTANTE_LEGAL","pep":"SI"}],"termsAndConditionVersion":"","policyVersion":"","financialInstitutionCode":"","entityType":"PUBLIC","eanCode":"","compensationCode":"","limitUse":""}

11:24:55.352 [pool-1-thread-1] DEBUG com.intuit.karate - response time in milliseconds: 528
3 < 200
3 < Date: Fri, 14 Jun 2024 16:24:55 GMT
3 < Content-Type: application/json
3 < Transfer-Encoding: chunked
3 < Connection: keep-alive
3 < Vary: Origin
3 < Vary: Access-Control-Request-Method
3 < Vary: Access-Control-Request-Headers
3 < X-Content-Type-Options: nosniff
3 < X-XSS-Protection: 1; mode=block
3 < Cache-Control: no-cache, no-store, max-age=0, must-revalidate
3 < Pragma: no-cache
3 < Expires: 0
3 < X-Frame-Options: DENY
{"headers":{"httpStatusCode":200,"httpStatusDesc":"OK","requestDateTime":"2024-06-14T11:24:55","messageUuid":"acxff62e-6f12-42de-9012-1e7304418abd","requestAppId":"c4e6bd04-5149-11e7-b114-a2f933d5fe66"},"messageResponse":{"responseCode":"0000","responseMessage":"Transacción exitosa.","responseDetails":"Accounts updated."},"data":{"account":{"accountId":"cd2d205a-a546-45e2-ac1d-727bd71f8fda","accountType":"8407194443264161","accountNumber":"8407194443264161","accountName":"8407194443264161","accountCode":"99939","status":"ACTIVE","financialInstitutionCode":"8730","approvalState":"PENDING","createdDatetime":"2024-06-14T11:24:54","expirationDatetime":"2023-03-01T20:00:00","approvalDatetime":null}}}

11:24:55.362 [pool-1-thread-1] DEBUG com.intuit.karate - request:
1 > POST https://internal-AWS-PRB-ALB-BACK-398488634.us-east-1.elb.amazonaws.com/v1/transversal/administrative/customers
1 > message-uuid: acxff62e-6f12-42de-9012-1e7304418abd
1 > request-app-id: c4e6bd04-5149-11e7-b114-a2f933d5fe66
1 > Content-Type: application/json; charset=UTF-8
1 > Content-Length: 1050
1 > Host: internal-AWS-PRB-ALB-BACK-398488634.us-east-1.elb.amazonaws.com
1 > Connection: Keep-Alive
1 > User-Agent: Apache-HttpClient/4.5.13 (Java/17.0.5)
1 > Accept-Encoding: gzip,deflate
{"customerName":"4780684543214762","businessName":"4780684543214762","customerDocumentNumber":"4780684543214762","customerDocumentType":"NT","customerCode":"4780684543214762","regulatedSFC":"4780684543214762","logo":"","incomes":"80","expenses":"40","assets":"4","passives":"3","equity":"1","customerDomain":[{"domain":"gufum","status":"ACTIVE"}],"customerTypes":[{"customerTypeId":"0a91337e-8c88-1ce7-818c-8d87e2d8003d"}],"customerAddressInformation":{"customerCountry":"CO","customerDepartment":"CUNDINAMARCA","customerProvince":"BOGOTA","customerCity":"BOGOTA","customerAddress":"calle falsa 123"},"customerPhone":{"phoneCode":"57","phoneNumber":"3161002233"},"customerEmail":"fudrayepsu@gufum.com","ciiuCode":{"activity":"Estudios de mercado.","ciiuCode":"7320"},"customerOwners":[{"name":"Juan higuera","documentType":"CC","documentNumber":"123456","relation":"REPRESENTANTE_LEGAL","pep":"SI"}],"termsAndConditionVersion":"","policyVersion":"","financialInstitutionCode":"","entityType":"PUBLIC","eanCode":"","compensationCode":"","limitUse":""}

11:24:56.426 [pool-1-thread-2] DEBUG com.intuit.karate - response time in milliseconds: 1591
1 < 201
1 < Date: Fri, 14 Jun 2024 16:24:56 GMT
1 < Content-Type: application/json
1 < Transfer-Encoding: chunked
1 < Connection: keep-alive
1 < Vary: Origin
1 < Vary: Access-Control-Request-Method
1 < Vary: Access-Control-Request-Headers
1 < X-Content-Type-Options: nosniff
1 < X-XSS-Protection: 1; mode=block
1 < Cache-Control: no-cache, no-store, max-age=0, must-revalidate
1 < Pragma: no-cache
1 < Expires: 0
1 < X-Frame-Options: DENY
{"headers":{"httpStatusCode":201,"httpStatusDesc":"CREATED","messageUuid":"acxff62e-6f12-42de-9012-1e7304418abd","requestAppId":"c4e6bd04-5149-11e7-b114-a2f933d5fe66","requestDatetime":"2024-06-14T11:24:56"},"messageResponse":{"responseCode":"0000","responseMessage":"Transacción exitosa.","responseDetails":"Customer Created Successfully"},"data":{"customer":{"customerId":"0a913355-8fcb-197f-8190-1790fcea07e5","customerName":"8531406716702807","businessName":"8531406716702807","customerDomains":[{"customerDomainId":"0a913355-8fcb-197f-8190-1790fcf607e7","customerDomain":"gufum","status":"ACTIVE"}],"customerDocumentType":"NT","customerDocumentNumber":"8531406716702807","customerCode":"8531406716702807","regulatedSFC":"8531406716702807","logo":"","incomes":"80","expenses":"40","assets":"4","passives":"3","equity":"1","customerTypes":[{"customerTypeId":"0a91337e-8c88-1ce7-818c-8d87e2d8003d","customerTypeValue":"ADMINISTRATOR_PARTNER12241","customerTypeLabel":"OPERADORAS DE INFORMACIÓN 1"}],"customerStatus":"ACTIVE","customerAddressInformation":{"customerCountry":"CO","customerDepartment":"CUNDINAMARCA","customerProvince":"BOGOTA","customerCity":"BOGOTA","customerAddress":"calle falsa 123"},"customerPhone":{"phoneCode":"57","phoneNumber":"3161002233"},"customerEmail":"fudrayepsu@gufum.com","ciiuCode":{"ciiuCode":"7320","activity":"Estudios de mercado."},"customerOwners":[{"customerOwnerId":"0a913355-8fcb-197f-8190-1790fd0607e9","name":"Juan higuera","documentType":"CC","documentNumber":"123456","relation":"REPRESENTANTE_LEGAL","pep":"SI"}],"termsAndConditionVersion":"","termsAndConditionDatetime":"","policyVersion":"","policyDatetime":"2024-06-14T11:24:55","financialInstitutionCode":"","createDatetime":"2024-06-14T11:24:55","entityType":"PUBLIC","eanCode":"","compensationCode":"","limitUse":"","updateDatetime":"2024-06-14T11:24:55","groupId":"43a5c303-47c4-49bf-b505-f1f32116024f"}}}

11:24:56.430 [pool-1-thread-2] INFO  com.intuit.karate - [print] 0a913355-8fcb-197f-8190-1790fcea07e5 
11:24:56.430 [pool-1-thread-2] INFO  com.intuit.karate - [print] 0a913355-8fcb-197f-8190-1790fcf607e7 
11:24:56.430 [pool-1-thread-2] INFO  com.intuit.karate - [print] 0a913355-8fcb-197f-8190-1790fd0607e9 
11:24:56.432 [pool-1-thread-2] DEBUG c.intuit.karate.core.ScenarioEngine - over-writing existing variable 'variableRandom' with new value: generarData.generarNumero(16)
11:24:56.434 [pool-1-thread-2] DEBUG com.intuit.karate - request:
2 > POST https://internal-AWS-PRB-ALB-BACK-398488634.us-east-1.elb.amazonaws.com/v1/transversal/administrative/customers/0a913355-8fcb-197f-8190-1790fcea07e5/accounts
2 > message-uuid: acxff62e-6f12-42de-9012-1e7304418abd
2 > Content-Type: application/json; charset=UTF-8
2 > Content-Length: 201
2 > Host: internal-AWS-PRB-ALB-BACK-398488634.us-east-1.elb.amazonaws.com
2 > Connection: Keep-Alive
2 > User-Agent: Apache-HttpClient/4.5.13 (Java/17.0.5)
2 > Accept-Encoding: gzip,deflate
{"accountType":"7880375543484061","accountNumber":"7880375543484061","accountName":"7880375543484061","accountCode":"99939","financialInstitutionCode":"8730","expirationDatetime":"2023-03-01T20:00:00"}

11:24:56.950 [pool-1-thread-1] DEBUG com.intuit.karate - response time in milliseconds: 1587
1 < 201
1 < Date: Fri, 14 Jun 2024 16:24:56 GMT
1 < Content-Type: application/json
1 < Transfer-Encoding: chunked
1 < Connection: keep-alive
1 < Vary: Origin
1 < Vary: Access-Control-Request-Method
1 < Vary: Access-Control-Request-Headers
1 < X-Content-Type-Options: nosniff
1 < X-XSS-Protection: 1; mode=block
1 < Cache-Control: no-cache, no-store, max-age=0, must-revalidate
1 < Pragma: no-cache
1 < Expires: 0
1 < X-Frame-Options: DENY
{"headers":{"httpStatusCode":201,"httpStatusDesc":"CREATED","messageUuid":"acxff62e-6f12-42de-9012-1e7304418abd","requestAppId":"c4e6bd04-5149-11e7-b114-a2f933d5fe66","requestDatetime":"2024-06-14T11:24:56"},"messageResponse":{"responseCode":"0000","responseMessage":"Transacción exitosa.","responseDetails":"Customer Created Successfully"},"data":{"customer":{"customerId":"0a913355-8fcb-197f-8190-1790fec607ea","customerName":"4780684543214762","businessName":"4780684543214762","customerDomains":[{"customerDomainId":"0a913355-8fcb-197f-8190-1790fed507ec","customerDomain":"gufum","status":"ACTIVE"}],"customerDocumentType":"NT","customerDocumentNumber":"4780684543214762","customerCode":"4780684543214762","regulatedSFC":"4780684543214762","logo":"","incomes":"80","expenses":"40","assets":"4","passives":"3","equity":"1","customerTypes":[{"customerTypeId":"0a91337e-8c88-1ce7-818c-8d87e2d8003d","customerTypeValue":"ADMINISTRATOR_PARTNER12241","customerTypeLabel":"OPERADORAS DE INFORMACIÓN 1"}],"customerStatus":"ACTIVE","customerAddressInformation":{"customerCountry":"CO","customerDepartment":"CUNDINAMARCA","customerProvince":"BOGOTA","customerCity":"BOGOTA","customerAddress":"calle falsa 123"},"customerPhone":{"phoneCode":"57","phoneNumber":"3161002233"},"customerEmail":"fudrayepsu@gufum.com","ciiuCode":{"ciiuCode":"7320","activity":"Estudios de mercado."},"customerOwners":[{"customerOwnerId":"0a913355-8fcb-197f-8190-1790fee707ee","name":"Juan higuera","documentType":"CC","documentNumber":"123456","relation":"REPRESENTANTE_LEGAL","pep":"SI"}],"termsAndConditionVersion":"","termsAndConditionDatetime":"","policyVersion":"","policyDatetime":"2024-06-14T11:24:55","financialInstitutionCode":"","createDatetime":"2024-06-14T11:24:55","entityType":"PUBLIC","eanCode":"","compensationCode":"","limitUse":"","updateDatetime":"2024-06-14T11:24:55","groupId":"9ea7c749-f656-4f6b-b733-54c57f361a06"}}}

11:24:56.954 [pool-1-thread-1] INFO  com.intuit.karate - [print] 0a913355-8fcb-197f-8190-1790fec607ea 
11:24:56.954 [pool-1-thread-1] INFO  com.intuit.karate - [print] 0a913355-8fcb-197f-8190-1790fed507ec 
11:24:56.954 [pool-1-thread-1] INFO  com.intuit.karate - [print] 0a913355-8fcb-197f-8190-1790fee707ee 
11:24:56.958 [pool-1-thread-1] DEBUG com.intuit.karate - request:
1 > GET https://internal-AWS-PRB-ALB-BACK-398488634.us-east-1.elb.amazonaws.com/v1/transversal/administrative/customers?pageNumber=1&pageSize=10
1 > message-uuid: acxff62e-6f12-42de-9012-1e7304418abd
1 > request-app-id: c4e6bd04-5149-11e7-b114-a2f933d5fe66
1 > Content-Type: application/json
1 > Host: internal-AWS-PRB-ALB-BACK-398488634.us-east-1.elb.amazonaws.com
1 > Connection: Keep-Alive
1 > User-Agent: Apache-HttpClient/4.5.13 (Java/17.0.5)
1 > Accept-Encoding: gzip,deflate


11:24:56.960 [pool-1-thread-2] DEBUG com.intuit.karate - response time in milliseconds: 526
2 < 201
2 < Date: Fri, 14 Jun 2024 16:24:56 GMT
2 < Content-Type: application/json
2 < Transfer-Encoding: chunked
2 < Connection: keep-alive
2 < Vary: Origin
2 < Vary: Access-Control-Request-Method
2 < Vary: Access-Control-Request-Headers
2 < X-Content-Type-Options: nosniff
2 < X-XSS-Protection: 1; mode=block
2 < Cache-Control: no-cache, no-store, max-age=0, must-revalidate
2 < Pragma: no-cache
2 < Expires: 0
2 < X-Frame-Options: DENY
{"headers":{"httpStatusCode":201,"httpStatusDesc":"CREATED","requestDateTime":"2024-06-14T11:24:56","messageUuid":"acxff62e-6f12-42de-9012-1e7304418abd","requestAppId":null},"messageResponse":{"responseCode":"0000","responseMessage":"Transacción exitosa.","responseDetails":"Account created, success."},"data":{"account":{"accountId":"44a09858-dda4-4e83-814e-43119796e624","accountType":"7880375543484061","accountNumber":"7880375543484061","accountName":"7880375543484061","accountCode":"99939","status":"ACTIVE","financialInstitutionCode":"8730","approvalState":"PENDING","createdDatetime":"2024-06-14T11:24:56","expirationDatetime":"2023-03-01T20:00:00","approvalDatetime":null}}}

11:24:56.961 [pool-1-thread-2] INFO  com.intuit.karate - [print] 44a09858-dda4-4e83-814e-43119796e624 
11:24:56.962 [pool-1-thread-2] DEBUG c.intuit.karate.core.ScenarioEngine - over-writing existing variable 'generarData' with new value: Java.type('Utilidades.generarData')
11:24:56.964 [pool-1-thread-2] DEBUG com.intuit.karate - request:
3 > DELETE https://internal-AWS-PRB-ALB-BACK-398488634.us-east-1.elb.amazonaws.com/v1/transversal/administrative/customers/0a913355-8fcb-197f-8190-1790fcea07e5/accounts/44a09858-dda4-4e83-814e-43119796e624
3 > message-uuid: acxff62e-6f12-42de-9012-1e7304418abd
3 > request-app-id: c4e6bd04-5149-11e7-b114-a2f933d5fe66
3 > Content-Type: application/json
3 > Host: internal-AWS-PRB-ALB-BACK-398488634.us-east-1.elb.amazonaws.com
3 > Connection: Keep-Alive
3 > User-Agent: Apache-HttpClient/4.5.13 (Java/17.0.5)
3 > Accept-Encoding: gzip,deflate


11:24:57.555 [pool-1-thread-2] DEBUG com.intuit.karate - response time in milliseconds: 590
3 < 200
3 < Date: Fri, 14 Jun 2024 16:24:57 GMT
3 < Content-Type: application/json
3 < Transfer-Encoding: chunked
3 < Connection: keep-alive
3 < Vary: Origin
3 < Vary: Access-Control-Request-Method
3 < Vary: Access-Control-Request-Headers
3 < X-Content-Type-Options: nosniff
3 < X-XSS-Protection: 1; mode=block
3 < Cache-Control: no-cache, no-store, max-age=0, must-revalidate
3 < Pragma: no-cache
3 < Expires: 0
3 < X-Frame-Options: DENY
{"headers":{"httpStatusCode":200,"httpStatusDesc":"OK","requestDateTime":"2024-06-14T11:24:57","messageUuid":"acxff62e-6f12-42de-9012-1e7304418abd","requestAppId":"c4e6bd04-5149-11e7-b114-a2f933d5fe66"},"messageResponse":{"responseCode":"0000","responseMessage":"Transacción exitosa.","responseDetails":"Accounts updated."},"data":{"accountId":"44a09858-dda4-4e83-814e-43119796e624","accountType":"7880375543484061","accountNumber":"7880375543484061","accountName":"7880375543484061","accountCode":"99939","status":"ACTIVE","financialInstitutionCode":"8730","approvalState":"PENDING","createdDatetime":"2024-06-14T11:24:56","expirationDatetime":"2023-03-01T20:00:00","approvalDatetime":null}}

11:24:57.565 [pool-1-thread-2] INFO  c.intuit.karate.core.FeatureRuntime - classpath:users/CustomerManagement01/../CustomerManagement01/Customers.feature - call by tag at line 7: Microservicios
11:24:57.570 [pool-1-thread-2] DEBUG com.intuit.karate - request:
1 > POST https://internal-AWS-PRB-ALB-BACK-398488634.us-east-1.elb.amazonaws.com/v1/transversal/administrative/customers
1 > message-uuid: acxff62e-6f12-42de-9012-1e7304418abd
1 > request-app-id: c4e6bd04-5149-11e7-b114-a2f933d5fe66
1 > Content-Type: application/json; charset=UTF-8
1 > Content-Length: 1050
1 > Host: internal-AWS-PRB-ALB-BACK-398488634.us-east-1.elb.amazonaws.com
1 > Connection: Keep-Alive
1 > User-Agent: Apache-HttpClient/4.5.13 (Java/17.0.5)
1 > Accept-Encoding: gzip,deflate
{"customerName":"4785148466437606","businessName":"4785148466437606","customerDocumentNumber":"4785148466437606","customerDocumentType":"NT","customerCode":"4785148466437606","regulatedSFC":"4785148466437606","logo":"","incomes":"80","expenses":"40","assets":"4","passives":"3","equity":"1","customerDomain":[{"domain":"gufum","status":"ACTIVE"}],"customerTypes":[{"customerTypeId":"0a91337e-8c88-1ce7-818c-8d87e2d8003d"}],"customerAddressInformation":{"customerCountry":"CO","customerDepartment":"CUNDINAMARCA","customerProvince":"BOGOTA","customerCity":"BOGOTA","customerAddress":"calle falsa 123"},"customerPhone":{"phoneCode":"57","phoneNumber":"3161002233"},"customerEmail":"fudrayepsu@gufum.com","ciiuCode":{"activity":"Estudios de mercado.","ciiuCode":"7320"},"customerOwners":[{"name":"Juan higuera","documentType":"CC","documentNumber":"123456","relation":"REPRESENTANTE_LEGAL","pep":"SI"}],"termsAndConditionVersion":"","policyVersion":"","financialInstitutionCode":"","entityType":"PUBLIC","eanCode":"","compensationCode":"","limitUse":""}

---------------------------------------------------------
feature: classpath:users/CustomerAccountManagement03/CustomersCustomerIdAccounts.feature
scenarios:  5 | passed:  5 | failed:  0 | time: 13,3063
---------------------------------------------------------

11:24:58.056 [pool-2-thread-1] INFO  com.intuit.karate.Suite - <<pass>> feature 2 of 12 (10 remaining) classpath:users/CustomerAccountManagement03/CustomersCustomerIdAccounts.feature
11:24:58.405 [pool-1-thread-1] DEBUG com.intuit.karate - response time in milliseconds: 1447
1 < 200
1 < Date: Fri, 14 Jun 2024 16:24:58 GMT
1 < Content-Type: application/json
1 < Transfer-Encoding: chunked
1 < Connection: keep-alive
1 < Vary: Origin
1 < Vary: Access-Control-Request-Method
1 < Vary: Access-Control-Request-Headers
1 < X-Content-Type-Options: nosniff
1 < X-XSS-Protection: 1; mode=block
1 < Cache-Control: no-cache, no-store, max-age=0, must-revalidate
1 < Pragma: no-cache
1 < Expires: 0
1 < X-Frame-Options: DENY
{"headers":{"httpStatusCode":200,"httpStatusDesc":"OK","messageUuid":"acxff62e-6f12-42de-9012-1e7304418abd","requestAppId":"c4e6bd04-5149-11e7-b114-a2f933d5fe66","requestDatetime":"2024-06-14T11:24:58"},"messageResponse":{"responseCode":"0000","responseMessage":"Transacción exitosa.","responseDetails":"Customer exists"},"data":{"customers":[{"customerId":"0a913355-8fcb-197f-818f-cb1cc7b40000","customerName":"Claro Colombia","businessName":"ab1fe5f5-0c44-4dce-a055-abeedd176b82","customerDomains":[{"customerDomainId":"0a913355-8fcb-197f-818f-cb1cc8970002","customerDomain":"gufum","status":"ACTIVE"}],"customerDocumentType":"NT","customerDocumentNumber":"91e84d8f-f240-47dd-b86d-d8be16fec4d9","customerCode":"476ed35a-a14f-46ca-91a3-d6201e8f6a26","regulatedSFC":"987111","logo":"/9j/4AAQSkZJRgABAQAAAQABAAD/2wCEAAkGBxMTEhUSEh","incomes":"872727222","expenses":"41717111","assets":"12211111","passives":"3901111","equity":"567890","customerTypes":[{"customerTypeId":"0a91335c-8c6e-1435-818c-7da122e4003f","customerTypeValue":"COMPANYPOST123COMCO","customerTypeLabel":"Para pruebas"}],"customerStatus":"INACTIVE","customerAddressInformation":{"customerCountry":"CO","customerDepartment":"calle falsa 123","customerProvince":"BOGOTA","customerCity":"BOGOTA","customerAddress":"calle falsa 123"},"customerPhone":{"phoneCode":"57","phoneNumber":"3161002233"},"customerEmail":"admin@clarocolombia.com","ciiuCode":{"ciiuCode":"7320","activity":"Estudios de mercado."},"customerOwners":[{"customerOwnerId":"0a913355-8fcb-197f-818f-cb1cc92f0004","name":"Juan higuera","documentType":"CC","documentNumber":"123456","relation":"REPRESENTANTE_LEGAL","pep":"SI"}],"termsAndConditionVersion":"R 1.2.1","termsAndConditionDatetime":"","policyVersion":"R 1.2.1","policyDatetime":"2024-05-30T15:06:45","financialInstitutionCode":"","createDatetime":"2024-05-30T15:06:45","entityType":"PUBLIC","eanCode":"123456789","compensationCode":"","limitUse":"","updateDatetime":"2024-05-30T15:16:55","groupId":"b19fc499-ad7c-442c-8170-4bf0fe6cef71"},{"customerId":"0a913355-8fcb-197f-818f-cb27fdb10008","customerName":"91bf9375-c6d5-473a-ba1d-70d28a3dfe74","businessName":"5fad9fa8-e0d8-45f7-be22-1c904c01a4ff","customerDomains":[{"customerDomainId":"0a913355-8fcb-197f-818f-cb27fdcc000a","customerDomain":"gufum","status":"ACTIVE"}],"customerDocumentType":"NT","customerDocumentNumber":"3dbda014-02f5-43b7-8023-397538bf86f2","customerCode":"96ea1cdc-cc62-4932-9da7-3e6d3cd0538d","regulatedSFC":"7b9d5ad2-b772-4d1d-ae16-b1b161aa94ad","logo":"","incomes":"80","expenses":"40","assets":"4","passives":"3","equity":"1","customerTypes":[{"customerTypeId":"0a91337e-8c88-1ce7-818c-8d87e2d8003d","customerTypeValue":"ADMINISTRATOR_PARTNER12241","customerTypeLabel":"OPERADORAS DE INFORMACIÓN 1"}],"customerStatus":"ACTIVE","customerAddressInformation":{"customerCountry":"CO","customerDepartment":"calle falsa 123","customerProvince":"BOGOTA","customerCity":"BOGOTA","customerAddress":"calle falsa 123"},"customerPhone":{"phoneCode":"57","phoneNumber":"3161002233"},"customerEmail":"fudrayepsu@gufum.com","ciiuCode":{"ciiuCode":"7320","activity":"Estudios de mercado."},"customerOwners":[{"customerOwnerId":"0a913355-8fcb-197f-818f-cb285413000d","name":"Juanito Perez4","documentType":"CC","documentNumber":"12345687","relation":"REPRESENTANTE_LEGAL","pep":"SI"}],"termsAndConditionVersion":"","termsAndConditionDatetime":"","policyVersion":"","policyDatetime":"2024-05-30T15:19:05","financialInstitutionCode":"","createDatetime":"2024-05-30T15:19:05","entityType":"PUBLIC","eanCode":"","compensationCode":"","limitUse":"","updateDatetime":"2024-05-30T15:19:05","groupId":"d697e40e-2924-4813-9cd9-0cde9b520e7f"},{"customerId":"0a913355-8fcb-197f-818f-cb389d7f0014","customerName":"7a7c1a28-1393-4157-ae2b-afcc2c4393e5","businessName":"a8fbe55e-af02-4339-8354-cf46b418e8a5","customerDomains":[{"customerDomainId":"0a913355-8fcb-197f-818f-cb389dac0016","customerDomain":"gufum","status":"ACTIVE"}],"customerDocumentType":"NT","customerDocumentNumber":"edbf419d-a774-4944-a884-75260659ec83","customerCode":"f9c5cdfb-574d-49da-ba99-469ec7a894e2","regulatedSFC":"4c827fab-46d4-496d-b815-0a4f431689a6","logo":"","incomes":"80","expenses":"40","assets":"4","passives":"3","equity":"1","customerTypes":[{"customerTypeId":"0a91337e-8c88-1ce7-818c-8d87e2d8003d","customerTypeValue":"ADMINISTRATOR_PARTNER12241","customerTypeLabel":"OPERADORAS DE INFORMACIÓN 1"}],"customerStatus":"ACTIVE","customerAddressInformation":{"customerCountry":"CO","customerDepartment":"calle falsa 123","customerProvince":"BOGOTA","customerCity":"BOGOTA","customerAddress":"calle falsa 123"},"customerPhone":{"phoneCode":"57","phoneNumber":"3161002233"},"customerEmail":"fudrayepsu@gufum.com","ciiuCode":{"ciiuCode":"7320","activity":"Estudios de mercado."},"customerOwners":[{"customerOwnerId":"0a913355-8fcb-197f-818f-cb389e020018","name":"Juan higuera","documentType":"CC","documentNumber":"123456","relation":"REPRESENTANTE_LEGAL","pep":"SI"}],"termsAndConditionVersion":"","termsAndConditionDatetime":"","policyVersion":"","policyDatetime":"2024-05-30T15:37:14","financialInstitutionCode":"","createDatetime":"2024-05-30T15:37:14","entityType":"PUBLIC","eanCode":"","compensationCode":"","limitUse":"","updateDatetime":"2024-05-30T15:37:14","groupId":"e87bb434-b7b3-48d0-8bb6-ee75aab61c64"},{"customerId":"0a913355-8fcb-197f-818f-cb38ad930019","customerName":"3dec87a0-2ac8-4294-8a30-1d8366688f84","businessName":"594823f3-482a-40e4-8a88-ec6ccb70b5e0","customerDomains":[{"customerDomainId":"0a913355-8fcb-197f-818f-cb38ada3001b","customerDomain":"gufum","status":"ACTIVE"}],"customerDocumentType":"NT","customerDocumentNumber":"2e24b0f1-0f6c-4c51-a741-9a9865b37404","customerCode":"0883880d-3af2-4c13-b374-9be2116599e1","regulatedSFC":"845db214-60e4-4d98-93cc-b26eefaed944","logo":"","incomes":"80","expenses":"40","assets":"4","passives":"3","equity":"1","customerTypes":[{"customerTypeId":"0a91337e-8c88-1ce7-818c-8d87e2d8003d","customerTypeValue":"ADMINISTRATOR_PARTNER12241","customerTypeLabel":"OPERADORAS DE INFORMACIÓN 1"}],"customerStatus":"ACTIVE","customerAddressInformation":{"customerCountry":"CO","customerDepartment":"calle falsa 123","customerProvince":"BOGOTA","customerCity":"BOGOTA","customerAddress":"calle falsa 123"},"customerPhone":{"phoneCode":"57","phoneNumber":"3161002233"},"customerEmail":"fudrayepsu@gufum.com","ciiuCode":{"ciiuCode":"7320","activity":"Estudios de mercado."},"customerOwners":[{"customerOwnerId":"0a913355-8fcb-197f-818f-cb38adb6001d","name":"Juan higuera","documentType":"CC","documentNumber":"123456","relation":"REPRESENTANTE_LEGAL","pep":"SI"}],"termsAndConditionVersion":"","termsAndConditionDatetime":"","policyVersion":"","policyDatetime":"2024-05-30T15:37:18","financialInstitutionCode":"","createDatetime":"2024-05-30T15:37:18","entityType":"PUBLIC","eanCode":"","compensationCode":"","limitUse":"","updateDatetime":"2024-05-30T15:37:18","groupId":"72ac630c-f6b0-4f71-b71e-7aa59b76fcf2"},{"customerId":"0a913355-8fcb-197f-818f-cec9ce15001e","customerName":"ef8d2b05-c0ba-43c9-a3b8-11b460247bcb","businessName":"b7d54d6e-6d59-4b2c-a518-66c9bd6f3b11","customerDomains":[{"customerDomainId":"0a913355-8fcb-197f-818f-cec9ce560020","customerDomain":"gufum","status":"ACTIVE"}],"customerDocumentType":"NT","customerDocumentNumber":"5a27acd4-8554-41fa-af50-b2809654af18","customerCode":"1339146d-9379-4c6d-b387-f4a4aa844da9","regulatedSFC":"520b4ded-8f00-411b-bd09-8dead7e3fedc","logo":"","incomes":"80","expenses":"40","assets":"4","passives":"3","equity":"1","customerTypes":[{"customerTypeId":"0a91337e-8c88-1ce7-818c-8d87e2d8003d","customerTypeValue":"ADMINISTRATOR_PARTNER12241","customerTypeLabel":"OPERADORAS DE INFORMACIÓN 1"}],"customerStatus":"ACTIVE","customerAddressInformation":{"customerCountry":"CO","customerDepartment":"calle falsa 123","customerProvince":"BOGOTA","customerCity":"BOGOTA","customerAddress":"calle falsa 123"},"customerPhone":{"phoneCode":"57","phoneNumber":"3161002233"},"customerEmail":"fudrayepsu@gufum.com","ciiuCode":{"ciiuCode":"7320","activity":"Estudios de mercado."},"customerOwners":[{"customerOwnerId":"0a913355-8fcb-197f-818f-cec9cea60022","name":"Juan higuera","documentType":"CC","documentNumber":"123456","relation":"REPRESENTANTE_LEGAL","pep":"SI"}],"termsAndConditionVersion":"","termsAndConditionDatetime":"","policyVersion":"","policyDatetime":"2024-05-31T08:14:41","financialInstitutionCode":"","createDatetime":"2024-05-31T08:14:41","entityType":"PUBLIC","eanCode":"","compensationCode":"","limitUse":"","updateDatetime":"2024-05-31T08:14:41","groupId":"caf1746c-9144-4aba-93a1-471166fb041d"},{"customerId":"0a913355-8fcb-197f-818f-e8992aa70026","customerName":"5263604878396224","businessName":"5263604878396224","customerDomains":[{"customerDomainId":"0a913355-8fcb-197f-818f-e8992ac90028","customerDomain":"gufum","status":"ACTIVE"}],"customerDocumentType":"NT","customerDocumentNumber":"5263604878396224","customerCode":"5263604878396224","regulatedSFC":"5263604878396224","logo":"","incomes":"80","expenses":"40","assets":"4","passives":"3","equity":"1","customerTypes":[{"customerTypeId":"0a91337e-8c88-1ce7-818c-8d87e2d8003d","customerTypeValue":"ADMINISTRATOR_PARTNER12241","customerTypeLabel":"OPERADORAS DE INFORMACIÓN 1"}],"customerStatus":"ACTIVE","customerAddressInformation":{"customerCountry":"CO","customerDepartment":"calle falsa 123","customerProvince":"BOGOTA","customerCity":"BOGOTA","customerAddress":"calle falsa 123"},"customerPhone":{"phoneCode":"57","phoneNumber":"3161002233"},"customerEmail":"fudrayepsu@gufum.com","ciiuCode":{"ciiuCode":"7320","activity":"Estudios de mercado."},"customerOwners":[{"customerOwnerId":"0a913355-8fcb-197f-818f-e8992aea002a","name":"Juan higuera","documentType":"CC","documentNumber":"123456","relation":"REPRESENTANTE_LEGAL","pep":"SI"}],"termsAndConditionVersion":"","termsAndConditionDatetime":"","policyVersion":"","policyDatetime":"2024-06-05T08:31:41","financialInstitutionCode":"","createDatetime":"2024-06-05T08:31:41","entityType":"PUBLIC","eanCode":"","compensationCode":"","limitUse":"","updateDatetime":"2024-06-05T08:31:41","groupId":"d8a07b10-9a7f-4e02-84c9-28c7a6e92f56"},{"customerId":"0a913355-8fcb-197f-818f-e89930cb002b","customerName":"4367682289360120","businessName":"4367682289360120","customerDomains":[{"customerDomainId":"0a913355-8fcb-197f-818f-e89930e6002d","customerDomain":"gufum","status":"ACTIVE"}],"customerDocumentType":"NT","customerDocumentNumber":"4367682289360120","customerCode":"4367682289360120","regulatedSFC":"4367682289360120","logo":"","incomes":"80","expenses":"40","assets":"4","passives":"3","equity":"1","customerTypes":[{"customerTypeId":"0a91337e-8c88-1ce7-818c-8d87e2d8003d","customerTypeValue":"ADMINISTRATOR_PARTNER12241","customerTypeLabel":"OPERADORAS DE INFORMACIÓN 1"}],"customerStatus":"ACTIVE","customerAddressInformation":{"customerCountry":"CO","customerDepartment":"calle falsa 123","customerProvince":"BOGOTA","customerCity":"BOGOTA","customerAddress":"calle falsa 123"},"customerPhone":{"phoneCode":"57","phoneNumber":"3161002233"},"customerEmail":"fudrayepsu@gufum.com","ciiuCode":{"ciiuCode":"7320","activity":"Estudios de mercado."},"customerOwners":[{"customerOwnerId":"0a913355-8fcb-197f-818f-e89930fb002f","name":"Juan higuera","documentType":"CC","documentNumber":"123456","relation":"REPRESENTANTE_LEGAL","pep":"SI"}],"termsAndConditionVersion":"","termsAndConditionDatetime":"","policyVersion":"","policyDatetime":"2024-06-05T08:31:43","financialInstitutionCode":"","createDatetime":"2024-06-05T08:31:43","entityType":"PUBLIC","eanCode":"","compensationCode":"","limitUse":"","updateDatetime":"2024-06-05T08:31:43","groupId":"04d965f3-7664-49eb-92db-e592f90c53f1"},{"customerId":"0a913355-8fcb-197f-818f-e89931370030","customerName":"Claro Colombia","businessName":"0111486078362826","customerDomains":[{"customerDomainId":"0a913355-8fcb-197f-818f-e89931510032","customerDomain":"gufum","status":"ACTIVE"}],"customerDocumentType":"NT","customerDocumentNumber":"0111486078362826","customerCode":"0111486078362826","regulatedSFC":"987111","logo":"/9j/4AAQSkZJRgABAQAAAQABAAD/2wCEAAkGBxMTEhUSEh","incomes":"872727222","expenses":"41717111","assets":"12211111","passives":"3901111","equity":"567890","customerTypes":[{"customerTypeId":"0a91335c-8c6e-1435-818c-7da122e4003f","customerTypeValue":"COMPANYPOST123COMCO","customerTypeLabel":"Para pruebas"}],"customerStatus":"ACTIVE","customerAddressInformation":{"customerCountry":"CO","customerDepartment":"calle falsa 123","customerProvince":"BOGOTA","customerCity":"BOGOTA","customerAddress":"calle falsa 123"},"customerPhone":{"phoneCode":"57","phoneNumber":"3161002233"},"customerEmail":"admin@clarocolombia.com","ciiuCode":{"ciiuCode":"7320","activity":"Estudios de mercado."},"customerOwners":[{"customerOwnerId":"0a913355-8fcb-197f-818f-e89931820034","name":"Juan higuera","documentType":"CC","documentNumber":"123456","relation":"REPRESENTANTE_LEGAL","pep":"SI"}],"termsAndConditionVersion":"R 1.2.1","termsAndConditionDatetime":"","policyVersion":"R 1.2.1","policyDatetime":"2024-06-05T08:31:43","financialInstitutionCode":"","createDatetime":"2024-06-05T08:31:43","entityType":"PUBLIC","eanCode":"123456789","compensationCode":"","limitUse":"","updateDatetime":"2024-06-05T08:31:45","groupId":"b42e20ee-364d-4998-a119-dc08a4b34217"},{"customerId":"0a913355-8fcb-197f-818f-e89938180037","customerName":"4047682506887626","businessName":"4047682506887626","customerDomains":[{"customerDomainId":"0a913355-8fcb-197f-818f-e899382f0039","customerDomain":"gufum","status":"ACTIVE"}],"customerDocumentType":"NT","customerDocumentNumber":"4047682506887626","customerCode":"4047682506887626","regulatedSFC":"4047682506887626","logo":"","incomes":"80","expenses":"40","assets":"4","passives":"3","equity":"1","customerTypes":[{"customerTypeId":"0a91337e-8c88-1ce7-818c-8d87e2d8003d","customerTypeValue":"ADMINISTRATOR_PARTNER12241","customerTypeLabel":"OPERADORAS DE INFORMACIÓN 1"}],"customerStatus":"INACTIVE","customerAddressInformation":{"customerCountry":"CO","customerDepartment":"calle falsa 123","customerProvince":"BOGOTA","customerCity":"BOGOTA","customerAddress":"calle falsa 123"},"customerPhone":{"phoneCode":"57","phoneNumber":"3161002233"},"customerEmail":"fudrayepsu@gufum.com","ciiuCode":{"ciiuCode":"7320","activity":"Estudios de mercado."},"customerOwners":[{"customerOwnerId":"0a913355-8fcb-197f-818f-e899384a003b","name":"Juan higuera","documentType":"CC","documentNumber":"123456","relation":"REPRESENTANTE_LEGAL","pep":"SI"}],"termsAndConditionVersion":"","termsAndConditionDatetime":"","policyVersion":"","policyDatetime":"2024-06-05T08:31:45","financialInstitutionCode":"","createDatetime":"2024-06-05T08:31:45","entityType":"PUBLIC","eanCode":"","compensationCode":"","limitUse":"","updateDatetime":"2024-06-05T08:31:46","groupId":"3b420661-9993-4a5a-98bd-9893910b5264"},{"customerId":"0a913355-8fcb-197f-818f-e8993923003c","customerName":"5871356702841780","businessName":"5871356702841780","customerDomains":[{"customerDomainId":"0a913355-8fcb-197f-818f-e8993937003e","customerDomain":"gufum","status":"ACTIVE"},{"customerDomainId":"0a913355-8fcb-197f-818f-e8993ac80041","customerDomain":"4356887288536161","status":"ACTIVE"}],"customerDocumentType":"NT","customerDocumentNumber":"5871356702841780","customerCode":"5871356702841780","regulatedSFC":"5871356702841780","logo":"","incomes":"80","expenses":"40","assets":"4","passives":"3","equity":"1","customerTypes":[{"customerTypeId":"0a91337e-8c88-1ce7-818c-8d87e2d8003d","customerTypeValue":"ADMINISTRATOR_PARTNER12241","customerTypeLabel":"OPERADORAS DE INFORMACIÓN 1"}],"customerStatus":"ACTIVE","customerAddressInformation":{"customerCountry":"CO","customerDepartment":"calle falsa 123","customerProvince":"BOGOTA","customerCity":"BOGOTA","customerAddress":"calle falsa 123"},"customerPhone":{"phoneCode":"57","phoneNumber":"3161002233"},"customerEmail":"fudrayepsu@gufum.com","ciiuCode":{"ciiuCode":"7320","activity":"Estudios de mercado."},"customerOwners":[{"customerOwnerId":"0a913355-8fcb-197f-818f-e89939550040","name":"Juan higuera","documentType":"CC","documentNumber":"123456","relation":"REPRESENTANTE_LEGAL","pep":"SI"}],"termsAndConditionVersion":"","termsAndConditionDatetime":"","policyVersion":"","policyDatetime":"2024-06-05T08:31:45","financialInstitutionCode":"","createDatetime":"2024-06-05T08:31:45","entityType":"PUBLIC","eanCode":"","compensationCode":"","limitUse":"","updateDatetime":"2024-06-05T08:31:45","groupId":"d00ea1c1-923e-407d-9358-33ca557f27a3"}]},"pagination":{"totalElements":3389,"pageSize":10,"pageNumber":1,"hasMoreElements":true}}

11:24:58.417 [pool-1-thread-1] INFO  c.intuit.karate.core.FeatureRuntime - classpath:users/CustomerManagement01/../CustomerManagement01/Customers.feature - call by tag at line 7: Microservicios
11:24:58.422 [pool-1-thread-1] DEBUG com.intuit.karate - request:
1 > POST https://internal-AWS-PRB-ALB-BACK-398488634.us-east-1.elb.amazonaws.com/v1/transversal/administrative/customers
1 > message-uuid: acxff62e-6f12-42de-9012-1e7304418abd
1 > request-app-id: c4e6bd04-5149-11e7-b114-a2f933d5fe66
1 > Content-Type: application/json; charset=UTF-8
1 > Content-Length: 1050
1 > Host: internal-AWS-PRB-ALB-BACK-398488634.us-east-1.elb.amazonaws.com
1 > Connection: Keep-Alive
1 > User-Agent: Apache-HttpClient/4.5.13 (Java/17.0.5)
1 > Accept-Encoding: gzip,deflate
{"customerName":"1533143255224679","businessName":"1533143255224679","customerDocumentNumber":"1533143255224679","customerDocumentType":"NT","customerCode":"1533143255224679","regulatedSFC":"1533143255224679","logo":"","incomes":"80","expenses":"40","assets":"4","passives":"3","equity":"1","customerDomain":[{"domain":"gufum","status":"ACTIVE"}],"customerTypes":[{"customerTypeId":"0a91337e-8c88-1ce7-818c-8d87e2d8003d"}],"customerAddressInformation":{"customerCountry":"CO","customerDepartment":"CUNDINAMARCA","customerProvince":"BOGOTA","customerCity":"BOGOTA","customerAddress":"calle falsa 123"},"customerPhone":{"phoneCode":"57","phoneNumber":"3161002233"},"customerEmail":"fudrayepsu@gufum.com","ciiuCode":{"activity":"Estudios de mercado.","ciiuCode":"7320"},"customerOwners":[{"name":"Juan higuera","documentType":"CC","documentNumber":"123456","relation":"REPRESENTANTE_LEGAL","pep":"SI"}],"termsAndConditionVersion":"","policyVersion":"","financialInstitutionCode":"","entityType":"PUBLIC","eanCode":"","compensationCode":"","limitUse":""}

11:24:59.310 [pool-1-thread-2] DEBUG com.intuit.karate - response time in milliseconds: 1739
1 < 201
1 < Date: Fri, 14 Jun 2024 16:24:59 GMT
1 < Content-Type: application/json
1 < Transfer-Encoding: chunked
1 < Connection: keep-alive
1 < Vary: Origin
1 < Vary: Access-Control-Request-Method
1 < Vary: Access-Control-Request-Headers
1 < X-Content-Type-Options: nosniff
1 < X-XSS-Protection: 1; mode=block
1 < Cache-Control: no-cache, no-store, max-age=0, must-revalidate
1 < Pragma: no-cache
1 < Expires: 0
1 < X-Frame-Options: DENY
{"headers":{"httpStatusCode":201,"httpStatusDesc":"CREATED","messageUuid":"acxff62e-6f12-42de-9012-1e7304418abd","requestAppId":"c4e6bd04-5149-11e7-b114-a2f933d5fe66","requestDatetime":"2024-06-14T11:24:59"},"messageResponse":{"responseCode":"0000","responseMessage":"Transacción exitosa.","responseDetails":"Customer Created Successfully"},"data":{"customer":{"customerId":"0a913355-8fcb-197f-8190-1791080307ef","customerName":"4785148466437606","businessName":"4785148466437606","customerDomains":[{"customerDomainId":"0a913355-8fcb-197f-8190-1791081907f1","customerDomain":"gufum","status":"ACTIVE"}],"customerDocumentType":"NT","customerDocumentNumber":"4785148466437606","customerCode":"4785148466437606","regulatedSFC":"4785148466437606","logo":"","incomes":"80","expenses":"40","assets":"4","passives":"3","equity":"1","customerTypes":[{"customerTypeId":"0a91337e-8c88-1ce7-818c-8d87e2d8003d","customerTypeValue":"ADMINISTRATOR_PARTNER12241","customerTypeLabel":"OPERADORAS DE INFORMACIÓN 1"}],"customerStatus":"ACTIVE","customerAddressInformation":{"customerCountry":"CO","customerDepartment":"CUNDINAMARCA","customerProvince":"BOGOTA","customerCity":"BOGOTA","customerAddress":"calle falsa 123"},"customerPhone":{"phoneCode":"57","phoneNumber":"3161002233"},"customerEmail":"fudrayepsu@gufum.com","ciiuCode":{"ciiuCode":"7320","activity":"Estudios de mercado."},"customerOwners":[{"customerOwnerId":"0a913355-8fcb-197f-8190-1791082907f3","name":"Juan higuera","documentType":"CC","documentNumber":"123456","relation":"REPRESENTANTE_LEGAL","pep":"SI"}],"termsAndConditionVersion":"","termsAndConditionDatetime":"","policyVersion":"","policyDatetime":"2024-06-14T11:24:58","financialInstitutionCode":"","createDatetime":"2024-06-14T11:24:58","entityType":"PUBLIC","eanCode":"","compensationCode":"","limitUse":"","updateDatetime":"2024-06-14T11:24:58","groupId":"46e338fd-88ab-4bae-9b2c-b6533bb2c5a3"}}}

11:24:59.313 [pool-1-thread-2] INFO  com.intuit.karate - [print] 0a913355-8fcb-197f-8190-1791080307ef 
11:24:59.313 [pool-1-thread-2] INFO  com.intuit.karate - [print] 0a913355-8fcb-197f-8190-1791081907f1 
11:24:59.314 [pool-1-thread-2] INFO  com.intuit.karate - [print] 0a913355-8fcb-197f-8190-1791082907f3 
11:24:59.315 [pool-1-thread-2] DEBUG c.intuit.karate.core.ScenarioEngine - over-writing existing variable 'generarData' with new value: Java.type('Utilidades.generarData')
11:24:59.317 [pool-1-thread-2] DEBUG com.intuit.karate - request:
2 > GET https://internal-AWS-PRB-ALB-BACK-398488634.us-east-1.elb.amazonaws.com/v1/transversal/administrative/customers/0a913355-8fcb-197f-8190-1791080307ef
2 > message-uuid: acxff62e-6f12-42de-9012-1e7304418abd
2 > request-app-id: c4e6bd04-5149-11e7-b114-a2f933d5fe66
2 > Content-Type: application/json
2 > Host: internal-AWS-PRB-ALB-BACK-398488634.us-east-1.elb.amazonaws.com
2 > Connection: Keep-Alive
2 > User-Agent: Apache-HttpClient/4.5.13 (Java/17.0.5)
2 > Accept-Encoding: gzip,deflate


11:24:59.922 [pool-1-thread-2] DEBUG com.intuit.karate - response time in milliseconds: 605
2 < 200
2 < Date: Fri, 14 Jun 2024 16:24:59 GMT
2 < Content-Type: application/json
2 < Transfer-Encoding: chunked
2 < Connection: keep-alive
2 < Vary: Origin
2 < Vary: Access-Control-Request-Method
2 < Vary: Access-Control-Request-Headers
2 < X-Content-Type-Options: nosniff
2 < X-XSS-Protection: 1; mode=block
2 < Cache-Control: no-cache, no-store, max-age=0, must-revalidate
2 < Pragma: no-cache
2 < Expires: 0
2 < X-Frame-Options: DENY
{"headers":{"httpStatusCode":200,"httpStatusDesc":"OK","messageUuid":"acxff62e-6f12-42de-9012-1e7304418abd","requestAppId":"c4e6bd04-5149-11e7-b114-a2f933d5fe66","requestDatetime":"2024-06-14T11:24:59"},"messageResponse":{"responseCode":"0000","responseMessage":"Transacción exitosa.","responseDetails":"Customer already exists with id 0a913355-8fcb-197f-8190-1791080307ef"},"data":{"customer":{"customerId":"0a913355-8fcb-197f-8190-1791080307ef","customerName":"4785148466437606","businessName":"4785148466437606","customerDomains":[{"customerDomainId":"0a913355-8fcb-197f-8190-1791081907f1","customerDomain":"gufum","status":"ACTIVE"}],"customerDocumentType":"NT","customerDocumentNumber":"4785148466437606","customerCode":"4785148466437606","regulatedSFC":"4785148466437606","logo":"","incomes":"80","expenses":"40","assets":"4","passives":"3","equity":"1","customerTypes":[{"customerTypeId":"0a91337e-8c88-1ce7-818c-8d87e2d8003d","customerTypeValue":"ADMINISTRATOR_PARTNER12241","customerTypeLabel":"OPERADORAS DE INFORMACIÓN 1"}],"customerStatus":"ACTIVE","customerAddressInformation":{"customerCountry":"CO","customerDepartment":"CUNDINAMARCA","customerProvince":"BOGOTA","customerCity":"BOGOTA","customerAddress":"calle falsa 123"},"customerPhone":{"phoneCode":"57","phoneNumber":"3161002233"},"customerEmail":"fudrayepsu@gufum.com","ciiuCode":{"ciiuCode":"7320","activity":"Estudios de mercado."},"customerOwners":[{"customerOwnerId":"0a913355-8fcb-197f-8190-1791082907f3","name":"Juan higuera","documentType":"CC","documentNumber":"123456","relation":"REPRESENTANTE_LEGAL","pep":"SI"}],"termsAndConditionVersion":"","termsAndConditionDatetime":"","policyVersion":"","policyDatetime":"2024-06-14T11:24:58","financialInstitutionCode":"","createDatetime":"2024-06-14T11:24:58","entityType":"PUBLIC","eanCode":"","compensationCode":"","limitUse":"","updateDatetime":"2024-06-14T11:24:58","groupId":"46e338fd-88ab-4bae-9b2c-b6533bb2c5a3"}}}

11:24:59.922 [pool-1-thread-1] DEBUG com.intuit.karate - response time in milliseconds: 1500
1 < 201
1 < Date: Fri, 14 Jun 2024 16:24:59 GMT
1 < Content-Type: application/json
1 < Transfer-Encoding: chunked
1 < Connection: keep-alive
1 < Vary: Origin
1 < Vary: Access-Control-Request-Method
1 < Vary: Access-Control-Request-Headers
1 < X-Content-Type-Options: nosniff
1 < X-XSS-Protection: 1; mode=block
1 < Cache-Control: no-cache, no-store, max-age=0, must-revalidate
1 < Pragma: no-cache
1 < Expires: 0
1 < X-Frame-Options: DENY
{"headers":{"httpStatusCode":201,"httpStatusDesc":"CREATED","messageUuid":"acxff62e-6f12-42de-9012-1e7304418abd","requestAppId":"c4e6bd04-5149-11e7-b114-a2f933d5fe66","requestDatetime":"2024-06-14T11:24:59"},"messageResponse":{"responseCode":"0000","responseMessage":"Transacción exitosa.","responseDetails":"Customer Created Successfully"},"data":{"customer":{"customerId":"0a913355-8fcb-197f-8190-17910a5507f4","customerName":"1533143255224679","businessName":"1533143255224679","customerDomains":[{"customerDomainId":"0a913355-8fcb-197f-8190-17910a6407f6","customerDomain":"gufum","status":"ACTIVE"}],"customerDocumentType":"NT","customerDocumentNumber":"1533143255224679","customerCode":"1533143255224679","regulatedSFC":"1533143255224679","logo":"","incomes":"80","expenses":"40","assets":"4","passives":"3","equity":"1","customerTypes":[{"customerTypeId":"0a91337e-8c88-1ce7-818c-8d87e2d8003d","customerTypeValue":"ADMINISTRATOR_PARTNER12241","customerTypeLabel":"OPERADORAS DE INFORMACIÓN 1"}],"customerStatus":"ACTIVE","customerAddressInformation":{"customerCountry":"CO","customerDepartment":"CUNDINAMARCA","customerProvince":"BOGOTA","customerCity":"BOGOTA","customerAddress":"calle falsa 123"},"customerPhone":{"phoneCode":"57","phoneNumber":"3161002233"},"customerEmail":"fudrayepsu@gufum.com","ciiuCode":{"ciiuCode":"7320","activity":"Estudios de mercado."},"customerOwners":[{"customerOwnerId":"0a913355-8fcb-197f-8190-17910a7507f8","name":"Juan higuera","documentType":"CC","documentNumber":"123456","relation":"REPRESENTANTE_LEGAL","pep":"SI"}],"termsAndConditionVersion":"","termsAndConditionDatetime":"","policyVersion":"","policyDatetime":"2024-06-14T11:24:58","financialInstitutionCode":"","createDatetime":"2024-06-14T11:24:58","entityType":"PUBLIC","eanCode":"","compensationCode":"","limitUse":"","updateDatetime":"2024-06-14T11:24:58","groupId":"232ba8b3-11cb-4a21-943b-af97ddaa1c7f"}}}

11:24:59.926 [pool-1-thread-1] INFO  com.intuit.karate - [print] 0a913355-8fcb-197f-8190-17910a5507f4 
11:24:59.927 [pool-1-thread-1] INFO  com.intuit.karate - [print] 0a913355-8fcb-197f-8190-17910a6407f6 
11:24:59.927 [pool-1-thread-1] INFO  com.intuit.karate - [print] 0a913355-8fcb-197f-8190-17910a7507f8 
11:24:59.929 [pool-1-thread-1] DEBUG c.intuit.karate.core.ScenarioEngine - over-writing existing variable 'generarData' with new value: Java.type('Utilidades.generarData')
11:24:59.930 [pool-1-thread-2] INFO  c.intuit.karate.core.FeatureRuntime - classpath:users/CustomerManagement01/../CustomerManagement01/Customers.feature - call by tag at line 7: Microservicios
11:24:59.932 [pool-1-thread-1] DEBUG com.intuit.karate - request:
2 > PATCH https://internal-AWS-PRB-ALB-BACK-398488634.us-east-1.elb.amazonaws.com/v1/transversal/administrative/customers/0a913355-8fcb-197f-8190-17910a5507f4
2 > message-uuid: acxff62e-6f12-42de-9012-1e7304418abd
2 > request-app-id: c4e6bd04-5149-11e7-b114-a2f933d5fe66
2 > Content-Type: application/json; charset=UTF-8
2 > Content-Length: 1128
2 > Host: internal-AWS-PRB-ALB-BACK-398488634.us-east-1.elb.amazonaws.com
2 > Connection: Keep-Alive
2 > User-Agent: Apache-HttpClient/4.5.13 (Java/17.0.5)
2 > Accept-Encoding: gzip,deflate
{"customerTypes":[{"customerTypeId":"0a91335c-8c6e-1435-818c-7da122e4003f","customerTypeValue":"COMPANY","customerTypeLabel":"EMPRESA"}],"customerAddressInformation":{"customerCountry":"CO","customerDepartment":"BOGOTA DC","customerProvince":"BOGOTA","customerCity":"BOGOTA","customerAddress":"calle falsa 123"},"customerPhone":{"phoneCode":"57","phoneNumber":"3161002233"},"customerEmail":"admin@clarocolombia.com","ciiuCode":{"activity":"Estudios de mercado.","ciiuCode":"7320"},"customerDomains":[{"customerDomainId":"a01f0aba-b22a-11ed-afa1-0242ac120002","customerDomain":"clarocolombia","status":"ACTIVE"}],"customerOwners":[{"customerOwnerId":"a01f0aba-b22a-11ed-afa1-0242ac120002","name":"Juanito Perez","documentType":"CC","documentNumber":"123456","relation":"REPRESENTANTE_LEGAL","pep":"SI"}],"termsAndConditionVersion":"R 1.2.1","policyVersion":"R 1.2.1","customerName":"Claro Colombia","entityType":"PUBLIC","eanCode":"123456789","logo":"\/9j\/4AAQSkZJRgABAQAAAQABAAD\/2wCEAAkGBxMTEhUSEh","regulatedSFC":"987111","incomes":"872727222","expenses":"41717111","assets":"12211111","passives":"3901111","equity":"567890"}

11:24:59.935 [pool-1-thread-2] DEBUG com.intuit.karate - request:
1 > POST https://internal-AWS-PRB-ALB-BACK-398488634.us-east-1.elb.amazonaws.com/v1/transversal/administrative/customers
1 > message-uuid: acxff62e-6f12-42de-9012-1e7304418abd
1 > request-app-id: c4e6bd04-5149-11e7-b114-a2f933d5fe66
1 > Content-Type: application/json; charset=UTF-8
1 > Content-Length: 1050
1 > Host: internal-AWS-PRB-ALB-BACK-398488634.us-east-1.elb.amazonaws.com
1 > Connection: Keep-Alive
1 > User-Agent: Apache-HttpClient/4.5.13 (Java/17.0.5)
1 > Accept-Encoding: gzip,deflate
{"customerName":"5351832258052054","businessName":"5351832258052054","customerDocumentNumber":"5351832258052054","customerDocumentType":"NT","customerCode":"5351832258052054","regulatedSFC":"5351832258052054","logo":"","incomes":"80","expenses":"40","assets":"4","passives":"3","equity":"1","customerDomain":[{"domain":"gufum","status":"ACTIVE"}],"customerTypes":[{"customerTypeId":"0a91337e-8c88-1ce7-818c-8d87e2d8003d"}],"customerAddressInformation":{"customerCountry":"CO","customerDepartment":"CUNDINAMARCA","customerProvince":"BOGOTA","customerCity":"BOGOTA","customerAddress":"calle falsa 123"},"customerPhone":{"phoneCode":"57","phoneNumber":"3161002233"},"customerEmail":"fudrayepsu@gufum.com","ciiuCode":{"activity":"Estudios de mercado.","ciiuCode":"7320"},"customerOwners":[{"name":"Juan higuera","documentType":"CC","documentNumber":"123456","relation":"REPRESENTANTE_LEGAL","pep":"SI"}],"termsAndConditionVersion":"","policyVersion":"","financialInstitutionCode":"","entityType":"PUBLIC","eanCode":"","compensationCode":"","limitUse":""}

11:25:00.851 [pool-1-thread-1] DEBUG com.intuit.karate - response time in milliseconds: 919
2 < 200
2 < Date: Fri, 14 Jun 2024 16:25:00 GMT
2 < Content-Type: application/json
2 < Transfer-Encoding: chunked
2 < Connection: keep-alive
2 < Vary: Origin
2 < Vary: Access-Control-Request-Method
2 < Vary: Access-Control-Request-Headers
2 < X-Content-Type-Options: nosniff
2 < X-XSS-Protection: 1; mode=block
2 < Cache-Control: no-cache, no-store, max-age=0, must-revalidate
2 < Pragma: no-cache
2 < Expires: 0
2 < X-Frame-Options: DENY
{"headers":{"httpStatusCode":200,"httpStatusDesc":"OK","messageUuid":"acxff62e-6f12-42de-9012-1e7304418abd","requestAppId":"c4e6bd04-5149-11e7-b114-a2f933d5fe66","requestDatetime":"2024-06-14T11:25:00"},"messageResponse":{"responseCode":"0000","responseMessage":"Transacción exitosa.","responseDetails":"Customer Consulted Successfully"},"data":{"customer":{"customerId":"0a913355-8fcb-197f-8190-17910a5507f4","customerName":"Claro Colombia","businessName":"1533143255224679","customerDomains":[{"customerDomainId":"0a913355-8fcb-197f-8190-17910a6407f6","customerDomain":"gufum","status":"ACTIVE"}],"customerDocumentType":"NT","customerDocumentNumber":"1533143255224679","customerCode":"1533143255224679","regulatedSFC":"987111","logo":"/9j/4AAQSkZJRgABAQAAAQABAAD/2wCEAAkGBxMTEhUSEh","incomes":"872727222","expenses":"41717111","assets":"12211111","passives":"3901111","equity":"567890","customerTypes":[{"customerTypeId":"0a91335c-8c6e-1435-818c-7da122e4003f","customerTypeValue":"COMPANYPOST123COMCO","customerTypeLabel":"Para pruebas"}],"customerStatus":"ACTIVE","customerAddressInformation":{"customerCountry":"CO","customerDepartment":"BOGOTA DC","customerProvince":"BOGOTA","customerCity":"BOGOTA","customerAddress":"calle falsa 123"},"customerPhone":{"phoneCode":"57","phoneNumber":"3161002233"},"customerEmail":"admin@clarocolombia.com","ciiuCode":{"ciiuCode":"7320","activity":"Estudios de mercado."},"customerOwners":[{"customerOwnerId":"0a913355-8fcb-197f-8190-17910a7507f8","name":"Juan higuera","documentType":"CC","documentNumber":"123456","relation":"REPRESENTANTE_LEGAL","pep":"SI"}],"termsAndConditionVersion":"R 1.2.1","termsAndConditionDatetime":"","policyVersion":"R 1.2.1","policyDatetime":"2024-06-14T11:24:58","financialInstitutionCode":"","createDatetime":"2024-06-14T11:24:58","entityType":"PUBLIC","eanCode":"123456789","compensationCode":"","limitUse":"","updateDatetime":"2024-06-14T11:25:00","groupId":"0a913355-8fcb-197f-8190-17910a5507f4"}}}

11:25:00.860 [pool-1-thread-1] INFO  c.intuit.karate.core.FeatureRuntime - classpath:users/CustomerManagement01/../CustomerManagement01/Customers.feature - call by tag at line 7: Microservicios
11:25:00.864 [pool-1-thread-1] DEBUG com.intuit.karate - request:
1 > POST https://internal-AWS-PRB-ALB-BACK-398488634.us-east-1.elb.amazonaws.com/v1/transversal/administrative/customers
1 > message-uuid: acxff62e-6f12-42de-9012-1e7304418abd
1 > request-app-id: c4e6bd04-5149-11e7-b114-a2f933d5fe66
1 > Content-Type: application/json; charset=UTF-8
1 > Content-Length: 1050
1 > Host: internal-AWS-PRB-ALB-BACK-398488634.us-east-1.elb.amazonaws.com
1 > Connection: Keep-Alive
1 > User-Agent: Apache-HttpClient/4.5.13 (Java/17.0.5)
1 > Accept-Encoding: gzip,deflate
{"customerName":"5841736810352078","businessName":"5841736810352078","customerDocumentNumber":"5841736810352078","customerDocumentType":"NT","customerCode":"5841736810352078","regulatedSFC":"5841736810352078","logo":"","incomes":"80","expenses":"40","assets":"4","passives":"3","equity":"1","customerDomain":[{"domain":"gufum","status":"ACTIVE"}],"customerTypes":[{"customerTypeId":"0a91337e-8c88-1ce7-818c-8d87e2d8003d"}],"customerAddressInformation":{"customerCountry":"CO","customerDepartment":"CUNDINAMARCA","customerProvince":"BOGOTA","customerCity":"BOGOTA","customerAddress":"calle falsa 123"},"customerPhone":{"phoneCode":"57","phoneNumber":"3161002233"},"customerEmail":"fudrayepsu@gufum.com","ciiuCode":{"activity":"Estudios de mercado.","ciiuCode":"7320"},"customerOwners":[{"name":"Juan higuera","documentType":"CC","documentNumber":"123456","relation":"REPRESENTANTE_LEGAL","pep":"SI"}],"termsAndConditionVersion":"","policyVersion":"","financialInstitutionCode":"","entityType":"PUBLIC","eanCode":"","compensationCode":"","limitUse":""}

11:25:01.532 [pool-1-thread-2] DEBUG com.intuit.karate - response time in milliseconds: 1595
1 < 201
1 < Date: Fri, 14 Jun 2024 16:25:01 GMT
1 < Content-Type: application/json
1 < Transfer-Encoding: chunked
1 < Connection: keep-alive
1 < Vary: Origin
1 < Vary: Access-Control-Request-Method
1 < Vary: Access-Control-Request-Headers
1 < X-Content-Type-Options: nosniff
1 < X-XSS-Protection: 1; mode=block
1 < Cache-Control: no-cache, no-store, max-age=0, must-revalidate
1 < Pragma: no-cache
1 < Expires: 0
1 < X-Frame-Options: DENY
{"headers":{"httpStatusCode":201,"httpStatusDesc":"CREATED","messageUuid":"acxff62e-6f12-42de-9012-1e7304418abd","requestAppId":"c4e6bd04-5149-11e7-b114-a2f933d5fe66","requestDatetime":"2024-06-14T11:25:01"},"messageResponse":{"responseCode":"0000","responseMessage":"Transacción exitosa.","responseDetails":"Customer Created Successfully"},"data":{"customer":{"customerId":"0a913355-8fcb-197f-8190-179110ad07fb","customerName":"5351832258052054","businessName":"5351832258052054","customerDomains":[{"customerDomainId":"0a913355-8fcb-197f-8190-179110c007fd","customerDomain":"gufum","status":"ACTIVE"}],"customerDocumentType":"NT","customerDocumentNumber":"5351832258052054","customerCode":"5351832258052054","regulatedSFC":"5351832258052054","logo":"","incomes":"80","expenses":"40","assets":"4","passives":"3","equity":"1","customerTypes":[{"customerTypeId":"0a91337e-8c88-1ce7-818c-8d87e2d8003d","customerTypeValue":"ADMINISTRATOR_PARTNER12241","customerTypeLabel":"OPERADORAS DE INFORMACIÓN 1"}],"customerStatus":"ACTIVE","customerAddressInformation":{"customerCountry":"CO","customerDepartment":"CUNDINAMARCA","customerProvince":"BOGOTA","customerCity":"BOGOTA","customerAddress":"calle falsa 123"},"customerPhone":{"phoneCode":"57","phoneNumber":"3161002233"},"customerEmail":"fudrayepsu@gufum.com","ciiuCode":{"ciiuCode":"7320","activity":"Estudios de mercado."},"customerOwners":[{"customerOwnerId":"0a913355-8fcb-197f-8190-1791110207ff","name":"Juan higuera","documentType":"CC","documentNumber":"123456","relation":"REPRESENTANTE_LEGAL","pep":"SI"}],"termsAndConditionVersion":"","termsAndConditionDatetime":"","policyVersion":"","policyDatetime":"2024-06-14T11:25:00","financialInstitutionCode":"","createDatetime":"2024-06-14T11:25:00","entityType":"PUBLIC","eanCode":"","compensationCode":"","limitUse":"","updateDatetime":"2024-06-14T11:25:00","groupId":"c9147bd1-eb35-4d9c-a11e-329100b1e454"}}}

11:25:01.533 [pool-1-thread-2] INFO  com.intuit.karate - [print] 0a913355-8fcb-197f-8190-179110ad07fb 
11:25:01.533 [pool-1-thread-2] INFO  com.intuit.karate - [print] 0a913355-8fcb-197f-8190-179110c007fd 
11:25:01.533 [pool-1-thread-2] INFO  com.intuit.karate - [print] 0a913355-8fcb-197f-8190-1791110207ff 
11:25:01.534 [pool-1-thread-2] DEBUG c.intuit.karate.core.ScenarioEngine - over-writing existing variable 'generarData' with new value: Java.type('Utilidades.generarData')
11:25:01.538 [pool-1-thread-2] DEBUG com.intuit.karate - request:
2 > PUT https://internal-AWS-PRB-ALB-BACK-398488634.us-east-1.elb.amazonaws.com/v1/transversal/administrative/customers/0a913355-8fcb-197f-8190-179110ad07fb/status
2 > message-uuid: acxff62e-6f12-42de-9012-1e7304418abd
2 > request-app-id: c4e6bd04-5149-11e7-b114-a2f933d5fe66
2 > Content-Type: application/json; charset=UTF-8
2 > Content-Length: 29
2 > Host: internal-AWS-PRB-ALB-BACK-398488634.us-east-1.elb.amazonaws.com
2 > Connection: Keep-Alive
2 > User-Agent: Apache-HttpClient/4.5.13 (Java/17.0.5)
2 > Accept-Encoding: gzip,deflate
{"customerStatus":"INACTIVE"}

11:25:02.054 [pool-1-thread-2] DEBUG com.intuit.karate - response time in milliseconds: 515
2 < 200
2 < Date: Fri, 14 Jun 2024 16:25:01 GMT
2 < Content-Type: application/json
2 < Transfer-Encoding: chunked
2 < Connection: keep-alive
2 < Vary: Origin
2 < Vary: Access-Control-Request-Method
2 < Vary: Access-Control-Request-Headers
2 < X-Content-Type-Options: nosniff
2 < X-XSS-Protection: 1; mode=block
2 < Cache-Control: no-cache, no-store, max-age=0, must-revalidate
2 < Pragma: no-cache
2 < Expires: 0
2 < X-Frame-Options: DENY
{"headers":{"httpStatusCode":200,"httpStatusDesc":"OK","messageUuid":"acxff62e-6f12-42de-9012-1e7304418abd","requestAppId":"c4e6bd04-5149-11e7-b114-a2f933d5fe66","requestDatetime":"2024-06-14T11:25:01"},"messageResponse":{"responseCode":"0000","responseMessage":"Transacción exitosa.","responseDetails":"Customer State Updated Successfully"},"data":{"customer":{"customerId":"0a913355-8fcb-197f-8190-179110ad07fb","customerName":"5351832258052054","businessName":"5351832258052054","customerDomains":[{"customerDomainId":"0a913355-8fcb-197f-8190-179110c007fd","customerDomain":"gufum","status":"ACTIVE"}],"customerDocumentType":"NT","customerDocumentNumber":"5351832258052054","customerCode":"5351832258052054","regulatedSFC":"5351832258052054","logo":"","incomes":"80","expenses":"40","assets":"4","passives":"3","equity":"1","customerTypes":[{"customerTypeId":"0a91337e-8c88-1ce7-818c-8d87e2d8003d","customerTypeValue":"ADMINISTRATOR_PARTNER12241","customerTypeLabel":"OPERADORAS DE INFORMACIÓN 1"}],"customerStatus":"INACTIVE","customerAddressInformation":{"customerCountry":"CO","customerDepartment":"CUNDINAMARCA","customerProvince":"BOGOTA","customerCity":"BOGOTA","customerAddress":"calle falsa 123"},"customerPhone":{"phoneCode":"57","phoneNumber":"3161002233"},"customerEmail":"fudrayepsu@gufum.com","ciiuCode":{"ciiuCode":"7320","activity":"Estudios de mercado."},"customerOwners":[{"customerOwnerId":"0a913355-8fcb-197f-8190-1791110207ff","name":"Juan higuera","documentType":"CC","documentNumber":"123456","relation":"REPRESENTANTE_LEGAL","pep":"SI"}],"termsAndConditionVersion":"","termsAndConditionDatetime":"","policyVersion":"","policyDatetime":"2024-06-14T11:25:00","financialInstitutionCode":"","createDatetime":"2024-06-14T11:25:00","entityType":"PUBLIC","eanCode":"","compensationCode":"","limitUse":"","updateDatetime":"2024-06-14T11:25:01","groupId":"c9147bd1-eb35-4d9c-a11e-329100b1e454"}}}

11:25:02.065 [pool-1-thread-2] INFO  c.intuit.karate.core.FeatureRuntime - classpath:users/CustomerManagement01/../CustomerManagement01/Customers.feature - call by tag at line 7: Microservicios
11:25:02.068 [pool-1-thread-2] DEBUG com.intuit.karate - request:
1 > POST https://internal-AWS-PRB-ALB-BACK-398488634.us-east-1.elb.amazonaws.com/v1/transversal/administrative/customers
1 > message-uuid: acxff62e-6f12-42de-9012-1e7304418abd
1 > request-app-id: c4e6bd04-5149-11e7-b114-a2f933d5fe66
1 > Content-Type: application/json; charset=UTF-8
1 > Content-Length: 1050
1 > Host: internal-AWS-PRB-ALB-BACK-398488634.us-east-1.elb.amazonaws.com
1 > Connection: Keep-Alive
1 > User-Agent: Apache-HttpClient/4.5.13 (Java/17.0.5)
1 > Accept-Encoding: gzip,deflate
{"customerName":"9407521730902907","businessName":"9407521730902907","customerDocumentNumber":"9407521730902907","customerDocumentType":"NT","customerCode":"9407521730902907","regulatedSFC":"9407521730902907","logo":"","incomes":"80","expenses":"40","assets":"4","passives":"3","equity":"1","customerDomain":[{"domain":"gufum","status":"ACTIVE"}],"customerTypes":[{"customerTypeId":"0a91337e-8c88-1ce7-818c-8d87e2d8003d"}],"customerAddressInformation":{"customerCountry":"CO","customerDepartment":"CUNDINAMARCA","customerProvince":"BOGOTA","customerCity":"BOGOTA","customerAddress":"calle falsa 123"},"customerPhone":{"phoneCode":"57","phoneNumber":"3161002233"},"customerEmail":"fudrayepsu@gufum.com","ciiuCode":{"activity":"Estudios de mercado.","ciiuCode":"7320"},"customerOwners":[{"name":"Juan higuera","documentType":"CC","documentNumber":"123456","relation":"REPRESENTANTE_LEGAL","pep":"SI"}],"termsAndConditionVersion":"","policyVersion":"","financialInstitutionCode":"","entityType":"PUBLIC","eanCode":"","compensationCode":"","limitUse":""}

---------------------------------------------------------
feature: classpath:users/CustomerManagement01/Customers.feature
scenarios:  5 | passed:  5 | failed:  0 | time: 9,9785
---------------------------------------------------------

11:25:02.224 [pool-2-thread-1] INFO  com.intuit.karate.Suite - <<pass>> feature 3 of 12 (9 remaining) classpath:users/CustomerManagement01/Customers.feature
11:25:02.313 [pool-1-thread-1] DEBUG com.intuit.karate - response time in milliseconds: 1448
1 < 201
1 < Date: Fri, 14 Jun 2024 16:25:02 GMT
1 < Content-Type: application/json
1 < Transfer-Encoding: chunked
1 < Connection: keep-alive
1 < Vary: Origin
1 < Vary: Access-Control-Request-Method
1 < Vary: Access-Control-Request-Headers
1 < X-Content-Type-Options: nosniff
1 < X-XSS-Protection: 1; mode=block
1 < Cache-Control: no-cache, no-store, max-age=0, must-revalidate
1 < Pragma: no-cache
1 < Expires: 0
1 < X-Frame-Options: DENY
{"headers":{"httpStatusCode":201,"httpStatusDesc":"CREATED","messageUuid":"acxff62e-6f12-42de-9012-1e7304418abd","requestAppId":"c4e6bd04-5149-11e7-b114-a2f933d5fe66","requestDatetime":"2024-06-14T11:25:02"},"messageResponse":{"responseCode":"0000","responseMessage":"Transacción exitosa.","responseDetails":"Customer Created Successfully"},"data":{"customer":{"customerId":"0a913355-8fcb-197f-8190-179114030800","customerName":"5841736810352078","businessName":"5841736810352078","customerDomains":[{"customerDomainId":"0a913355-8fcb-197f-8190-1791140b0802","customerDomain":"gufum","status":"ACTIVE"}],"customerDocumentType":"NT","customerDocumentNumber":"5841736810352078","customerCode":"5841736810352078","regulatedSFC":"5841736810352078","logo":"","incomes":"80","expenses":"40","assets":"4","passives":"3","equity":"1","customerTypes":[{"customerTypeId":"0a91337e-8c88-1ce7-818c-8d87e2d8003d","customerTypeValue":"ADMINISTRATOR_PARTNER12241","customerTypeLabel":"OPERADORAS DE INFORMACIÓN 1"}],"customerStatus":"ACTIVE","customerAddressInformation":{"customerCountry":"CO","customerDepartment":"CUNDINAMARCA","customerProvince":"BOGOTA","customerCity":"BOGOTA","customerAddress":"calle falsa 123"},"customerPhone":{"phoneCode":"57","phoneNumber":"3161002233"},"customerEmail":"fudrayepsu@gufum.com","ciiuCode":{"ciiuCode":"7320","activity":"Estudios de mercado."},"customerOwners":[{"customerOwnerId":"0a913355-8fcb-197f-8190-1791141d0804","name":"Juan higuera","documentType":"CC","documentNumber":"123456","relation":"REPRESENTANTE_LEGAL","pep":"SI"}],"termsAndConditionVersion":"","termsAndConditionDatetime":"","policyVersion":"","policyDatetime":"2024-06-14T11:25:01","financialInstitutionCode":"","createDatetime":"2024-06-14T11:25:01","entityType":"PUBLIC","eanCode":"","compensationCode":"","limitUse":"","updateDatetime":"2024-06-14T11:25:01","groupId":"1e12b48b-f19e-4ff3-a44a-ce87c6e267da"}}}

11:25:02.314 [pool-1-thread-1] INFO  com.intuit.karate - [print] 0a913355-8fcb-197f-8190-179114030800 
11:25:02.315 [pool-1-thread-1] INFO  com.intuit.karate - [print] 0a913355-8fcb-197f-8190-1791140b0802 
11:25:02.316 [pool-1-thread-1] INFO  com.intuit.karate - [print] 0a913355-8fcb-197f-8190-1791141d0804 
11:25:02.317 [pool-1-thread-1] DEBUG c.intuit.karate.core.ScenarioEngine - over-writing existing variable 'generarData' with new value: Java.type('Utilidades.generarData')
11:25:02.319 [pool-1-thread-1] DEBUG c.intuit.karate.core.ScenarioEngine - over-writing existing variable 'variableRandom' with new value: generarData.generarNumero(16)
11:25:02.322 [pool-1-thread-1] DEBUG com.intuit.karate - request:
2 > POST https://internal-AWS-PRB-ALB-BACK-398488634.us-east-1.elb.amazonaws.com/v1/transversal/administrative/customers/0a913355-8fcb-197f-8190-179114030800/domains
2 > message-uuid: acxff62e-6f12-42de-9012-1e7304418abd
2 > request-app-id: c4e6bd04-5149-11e7-b114-a2f933d5fe66
2 > Content-Type: application/json; charset=UTF-8
2 > Content-Length: 61
2 > Host: internal-AWS-PRB-ALB-BACK-398488634.us-east-1.elb.amazonaws.com
2 > Connection: Keep-Alive
2 > User-Agent: Apache-HttpClient/4.5.13 (Java/17.0.5)
2 > Accept-Encoding: gzip,deflate
{"domains":[{"domain":"7724017498320747","status":"ACTIVE"}]}

11:25:02.844 [pool-1-thread-1] DEBUG com.intuit.karate - response time in milliseconds: 522
2 < 201
2 < Date: Fri, 14 Jun 2024 16:25:02 GMT
2 < Content-Type: application/json
2 < Transfer-Encoding: chunked
2 < Connection: keep-alive
2 < Vary: Origin
2 < Vary: Access-Control-Request-Method
2 < Vary: Access-Control-Request-Headers
2 < X-Content-Type-Options: nosniff
2 < X-XSS-Protection: 1; mode=block
2 < Cache-Control: no-cache, no-store, max-age=0, must-revalidate
2 < Pragma: no-cache
2 < Expires: 0
2 < X-Frame-Options: DENY
{"headers":{"httpStatusCode":200,"httpStatusDesc":"OK","messageUuid":"acxff62e-6f12-42de-9012-1e7304418abd","requestAppId":"c4e6bd04-5149-11e7-b114-a2f933d5fe66","requestDatetime":"2024-06-14T11:25:02"},"messageResponse":{"responseCode":"0000","responseMessage":"Transacción exitosa.","responseDetails":"The Customer Domains was created successfully to the Customer 0a913355-8fcb-197f-8190-179114030800"},"data":{"domains":[{"customerDomainId":"0a913355-8fcb-197f-8190-1791140b0802","customerDomain":"gufum","status":"ACTIVE"},{"customerDomainId":"0a913355-8fcb-197f-8190-179116290805","customerDomain":"7724017498320747","status":"ACTIVE"}]}}

11:25:02.849 [pool-1-thread-1] INFO  c.intuit.karate.core.FeatureRuntime - classpath:users/CustomerManagement01/../CustomerManagement01/Customers.feature - call by tag at line 7: Microservicios
11:25:02.854 [pool-1-thread-1] DEBUG com.intuit.karate - request:
1 > POST https://internal-AWS-PRB-ALB-BACK-398488634.us-east-1.elb.amazonaws.com/v1/transversal/administrative/customers
1 > message-uuid: acxff62e-6f12-42de-9012-1e7304418abd
1 > request-app-id: c4e6bd04-5149-11e7-b114-a2f933d5fe66
1 > Content-Type: application/json; charset=UTF-8
1 > Content-Length: 1050
1 > Host: internal-AWS-PRB-ALB-BACK-398488634.us-east-1.elb.amazonaws.com
1 > Connection: Keep-Alive
1 > User-Agent: Apache-HttpClient/4.5.13 (Java/17.0.5)
1 > Accept-Encoding: gzip,deflate
{"customerName":"0494084987726594","businessName":"0494084987726594","customerDocumentNumber":"0494084987726594","customerDocumentType":"NT","customerCode":"0494084987726594","regulatedSFC":"0494084987726594","logo":"","incomes":"80","expenses":"40","assets":"4","passives":"3","equity":"1","customerDomain":[{"domain":"gufum","status":"ACTIVE"}],"customerTypes":[{"customerTypeId":"0a91337e-8c88-1ce7-818c-8d87e2d8003d"}],"customerAddressInformation":{"customerCountry":"CO","customerDepartment":"CUNDINAMARCA","customerProvince":"BOGOTA","customerCity":"BOGOTA","customerAddress":"calle falsa 123"},"customerPhone":{"phoneCode":"57","phoneNumber":"3161002233"},"customerEmail":"fudrayepsu@gufum.com","ciiuCode":{"activity":"Estudios de mercado.","ciiuCode":"7320"},"customerOwners":[{"name":"Juan higuera","documentType":"CC","documentNumber":"123456","relation":"REPRESENTANTE_LEGAL","pep":"SI"}],"termsAndConditionVersion":"","policyVersion":"","financialInstitutionCode":"","entityType":"PUBLIC","eanCode":"","compensationCode":"","limitUse":""}

11:25:03.423 [pool-1-thread-2] DEBUG com.intuit.karate - response time in milliseconds: 1355
1 < 201
1 < Date: Fri, 14 Jun 2024 16:25:03 GMT
1 < Content-Type: application/json
1 < Transfer-Encoding: chunked
1 < Connection: keep-alive
1 < Vary: Origin
1 < Vary: Access-Control-Request-Method
1 < Vary: Access-Control-Request-Headers
1 < X-Content-Type-Options: nosniff
1 < X-XSS-Protection: 1; mode=block
1 < Cache-Control: no-cache, no-store, max-age=0, must-revalidate
1 < Pragma: no-cache
1 < Expires: 0
1 < X-Frame-Options: DENY
{"headers":{"httpStatusCode":201,"httpStatusDesc":"CREATED","messageUuid":"acxff62e-6f12-42de-9012-1e7304418abd","requestAppId":"c4e6bd04-5149-11e7-b114-a2f933d5fe66","requestDatetime":"2024-06-14T11:25:03"},"messageResponse":{"responseCode":"0000","responseMessage":"Transacción exitosa.","responseDetails":"Customer Created Successfully"},"data":{"customer":{"customerId":"0a913355-8fcb-197f-8190-1791184a0806","customerName":"9407521730902907","businessName":"9407521730902907","customerDomains":[{"customerDomainId":"0a913355-8fcb-197f-8190-179118560808","customerDomain":"gufum","status":"ACTIVE"}],"customerDocumentType":"NT","customerDocumentNumber":"9407521730902907","customerCode":"9407521730902907","regulatedSFC":"9407521730902907","logo":"","incomes":"80","expenses":"40","assets":"4","passives":"3","equity":"1","customerTypes":[{"customerTypeId":"0a91337e-8c88-1ce7-818c-8d87e2d8003d","customerTypeValue":"ADMINISTRATOR_PARTNER12241","customerTypeLabel":"OPERADORAS DE INFORMACIÓN 1"}],"customerStatus":"ACTIVE","customerAddressInformation":{"customerCountry":"CO","customerDepartment":"CUNDINAMARCA","customerProvince":"BOGOTA","customerCity":"BOGOTA","customerAddress":"calle falsa 123"},"customerPhone":{"phoneCode":"57","phoneNumber":"3161002233"},"customerEmail":"fudrayepsu@gufum.com","ciiuCode":{"ciiuCode":"7320","activity":"Estudios de mercado."},"customerOwners":[{"customerOwnerId":"0a913355-8fcb-197f-8190-17911867080a","name":"Juan higuera","documentType":"CC","documentNumber":"123456","relation":"REPRESENTANTE_LEGAL","pep":"SI"}],"termsAndConditionVersion":"","termsAndConditionDatetime":"","policyVersion":"","policyDatetime":"2024-06-14T11:25:02","financialInstitutionCode":"","createDatetime":"2024-06-14T11:25:02","entityType":"PUBLIC","eanCode":"","compensationCode":"","limitUse":"","updateDatetime":"2024-06-14T11:25:02","groupId":"a8c427f3-c6d7-4be7-a249-b8b77bb32c6b"}}}

11:25:03.426 [pool-1-thread-2] INFO  com.intuit.karate - [print] 0a913355-8fcb-197f-8190-1791184a0806 
11:25:03.427 [pool-1-thread-2] INFO  com.intuit.karate - [print] 0a913355-8fcb-197f-8190-179118560808 
11:25:03.427 [pool-1-thread-2] INFO  com.intuit.karate - [print] 0a913355-8fcb-197f-8190-17911867080a 
11:25:03.429 [pool-1-thread-2] DEBUG c.intuit.karate.core.ScenarioEngine - over-writing existing variable 'generarData' with new value: Java.type('Utilidades.generarData')
11:25:03.432 [pool-1-thread-2] DEBUG com.intuit.karate - request:
2 > GET https://internal-AWS-PRB-ALB-BACK-398488634.us-east-1.elb.amazonaws.com/v1/transversal/administrative/customers/0a913355-8fcb-197f-8190-1791184a0806/domains?pageNumber=1&domainName=colombia&pageSize=10
2 > message-uuid: acxff62e-6f12-42de-9012-1e7304418abd
2 > request-app-id: c4e6bd04-5149-11e7-b114-a2f933d5fe66
2 > Content-Type: application/json
2 > Host: internal-AWS-PRB-ALB-BACK-398488634.us-east-1.elb.amazonaws.com
2 > Connection: Keep-Alive
2 > User-Agent: Apache-HttpClient/4.5.13 (Java/17.0.5)
2 > Accept-Encoding: gzip,deflate


11:25:03.964 [pool-1-thread-2] DEBUG com.intuit.karate - response time in milliseconds: 532
2 < 200
2 < Date: Fri, 14 Jun 2024 16:25:03 GMT
2 < Content-Type: application/json
2 < Transfer-Encoding: chunked
2 < Connection: keep-alive
2 < Vary: Origin
2 < Vary: Access-Control-Request-Method
2 < Vary: Access-Control-Request-Headers
2 < X-Content-Type-Options: nosniff
2 < X-XSS-Protection: 1; mode=block
2 < Cache-Control: no-cache, no-store, max-age=0, must-revalidate
2 < Pragma: no-cache
2 < Expires: 0
2 < X-Frame-Options: DENY
{"headers":{"httpStatusCode":200,"httpStatusDesc":"OK","messageUuid":"acxff62e-6f12-42de-9012-1e7304418abd","requestAppId":"c4e6bd04-5149-11e7-b114-a2f933d5fe66","requestDatetime":"2024-06-14T11:25:03"},"messageResponse":{"responseCode":"0000","responseMessage":"Transacción exitosa.","responseDetails":"The Customer Domains were obtained successfully to the Customer 0a913355-8fcb-197f-8190-1791184a0806"},"data":{"domains":[]},"pagination":{"totalElements":0,"pageSize":10,"pageNumber":1,"hasMoreElements":false}}

11:25:03.975 [pool-1-thread-2] INFO  c.intuit.karate.core.FeatureRuntime - classpath:users/CustomerManagement01/../CustomerManagement01/Customers.feature - call by tag at line 7: Microservicios
11:25:03.979 [pool-1-thread-2] DEBUG com.intuit.karate - request:
1 > POST https://internal-AWS-PRB-ALB-BACK-398488634.us-east-1.elb.amazonaws.com/v1/transversal/administrative/customers
1 > message-uuid: acxff62e-6f12-42de-9012-1e7304418abd
1 > request-app-id: c4e6bd04-5149-11e7-b114-a2f933d5fe66
1 > Content-Type: application/json; charset=UTF-8
1 > Content-Length: 1050
1 > Host: internal-AWS-PRB-ALB-BACK-398488634.us-east-1.elb.amazonaws.com
1 > Connection: Keep-Alive
1 > User-Agent: Apache-HttpClient/4.5.13 (Java/17.0.5)
1 > Accept-Encoding: gzip,deflate
{"customerName":"3853683680369806","businessName":"3853683680369806","customerDocumentNumber":"3853683680369806","customerDocumentType":"NT","customerCode":"3853683680369806","regulatedSFC":"3853683680369806","logo":"","incomes":"80","expenses":"40","assets":"4","passives":"3","equity":"1","customerDomain":[{"domain":"gufum","status":"ACTIVE"}],"customerTypes":[{"customerTypeId":"0a91337e-8c88-1ce7-818c-8d87e2d8003d"}],"customerAddressInformation":{"customerCountry":"CO","customerDepartment":"CUNDINAMARCA","customerProvince":"BOGOTA","customerCity":"BOGOTA","customerAddress":"calle falsa 123"},"customerPhone":{"phoneCode":"57","phoneNumber":"3161002233"},"customerEmail":"fudrayepsu@gufum.com","ciiuCode":{"activity":"Estudios de mercado.","ciiuCode":"7320"},"customerOwners":[{"name":"Juan higuera","documentType":"CC","documentNumber":"123456","relation":"REPRESENTANTE_LEGAL","pep":"SI"}],"termsAndConditionVersion":"","policyVersion":"","financialInstitutionCode":"","entityType":"PUBLIC","eanCode":"","compensationCode":"","limitUse":""}

11:25:04.348 [pool-1-thread-1] DEBUG com.intuit.karate - response time in milliseconds: 1494
1 < 201
1 < Date: Fri, 14 Jun 2024 16:25:04 GMT
1 < Content-Type: application/json
1 < Transfer-Encoding: chunked
1 < Connection: keep-alive
1 < Vary: Origin
1 < Vary: Access-Control-Request-Method
1 < Vary: Access-Control-Request-Headers
1 < X-Content-Type-Options: nosniff
1 < X-XSS-Protection: 1; mode=block
1 < Cache-Control: no-cache, no-store, max-age=0, must-revalidate
1 < Pragma: no-cache
1 < Expires: 0
1 < X-Frame-Options: DENY
{"headers":{"httpStatusCode":201,"httpStatusDesc":"CREATED","messageUuid":"acxff62e-6f12-42de-9012-1e7304418abd","requestAppId":"c4e6bd04-5149-11e7-b114-a2f933d5fe66","requestDatetime":"2024-06-14T11:25:04"},"messageResponse":{"responseCode":"0000","responseMessage":"Transacción exitosa.","responseDetails":"Customer Created Successfully"},"data":{"customer":{"customerId":"0a913355-8fcb-197f-8190-17911bdb080b","customerName":"0494084987726594","businessName":"0494084987726594","customerDomains":[{"customerDomainId":"0a913355-8fcb-197f-8190-17911be7080d","customerDomain":"gufum","status":"ACTIVE"}],"customerDocumentType":"NT","customerDocumentNumber":"0494084987726594","customerCode":"0494084987726594","regulatedSFC":"0494084987726594","logo":"","incomes":"80","expenses":"40","assets":"4","passives":"3","equity":"1","customerTypes":[{"customerTypeId":"0a91337e-8c88-1ce7-818c-8d87e2d8003d","customerTypeValue":"ADMINISTRATOR_PARTNER12241","customerTypeLabel":"OPERADORAS DE INFORMACIÓN 1"}],"customerStatus":"ACTIVE","customerAddressInformation":{"customerCountry":"CO","customerDepartment":"CUNDINAMARCA","customerProvince":"BOGOTA","customerCity":"BOGOTA","customerAddress":"calle falsa 123"},"customerPhone":{"phoneCode":"57","phoneNumber":"3161002233"},"customerEmail":"fudrayepsu@gufum.com","ciiuCode":{"ciiuCode":"7320","activity":"Estudios de mercado."},"customerOwners":[{"customerOwnerId":"0a913355-8fcb-197f-8190-17911bf8080f","name":"Juan higuera","documentType":"CC","documentNumber":"123456","relation":"REPRESENTANTE_LEGAL","pep":"SI"}],"termsAndConditionVersion":"","termsAndConditionDatetime":"","policyVersion":"","policyDatetime":"2024-06-14T11:25:03","financialInstitutionCode":"","createDatetime":"2024-06-14T11:25:03","entityType":"PUBLIC","eanCode":"","compensationCode":"","limitUse":"","updateDatetime":"2024-06-14T11:25:03","groupId":"82c8d69c-aca7-4bbe-ac0f-c8c8bc5ca2bd"}}}

11:25:04.354 [pool-1-thread-1] INFO  com.intuit.karate - [print] 0a913355-8fcb-197f-8190-17911bdb080b 
11:25:04.354 [pool-1-thread-1] INFO  com.intuit.karate - [print] 0a913355-8fcb-197f-8190-17911be7080d 
11:25:04.354 [pool-1-thread-1] INFO  com.intuit.karate - [print] 0a913355-8fcb-197f-8190-17911bf8080f 
11:25:04.355 [pool-1-thread-1] DEBUG c.intuit.karate.core.ScenarioEngine - over-writing existing variable 'generarData' with new value: Java.type('Utilidades.generarData')
11:25:04.358 [pool-1-thread-1] DEBUG com.intuit.karate - request:
2 > PUT https://internal-AWS-PRB-ALB-BACK-398488634.us-east-1.elb.amazonaws.com/v1/transversal/administrative/customers/0a913355-8fcb-197f-8190-17911bdb080b/domains
2 > message-uuid: acxff62e-6f12-42de-9012-1e7304418abd
2 > request-app-id: c4e6bd04-5149-11e7-b114-a2f933d5fe66
2 > Content-Type: application/json; charset=UTF-8
2 > Content-Length: 162
2 > Host: internal-AWS-PRB-ALB-BACK-398488634.us-east-1.elb.amazonaws.com
2 > Connection: Keep-Alive
2 > User-Agent: Apache-HttpClient/4.5.13 (Java/17.0.5)
2 > Accept-Encoding: gzip,deflate
{"domains":[{"customerDomainId":"0a913355-8fcb-197f-8190-17911be7080d","customerDomain":"CAMPOS1234COMPAÑU12BOGOTARESULTA123COLOMBIAPRUEBAS","status":"ACTIVE"}]}

11:25:04.932 [pool-1-thread-1] DEBUG com.intuit.karate - response time in milliseconds: 574
2 < 200
2 < Date: Fri, 14 Jun 2024 16:25:04 GMT
2 < Content-Type: application/json
2 < Transfer-Encoding: chunked
2 < Connection: keep-alive
2 < Vary: Origin
2 < Vary: Access-Control-Request-Method
2 < Vary: Access-Control-Request-Headers
2 < X-Content-Type-Options: nosniff
2 < X-XSS-Protection: 1; mode=block
2 < Cache-Control: no-cache, no-store, max-age=0, must-revalidate
2 < Pragma: no-cache
2 < Expires: 0
2 < X-Frame-Options: DENY
{"headers":{"httpStatusCode":200,"httpStatusDesc":"OK","messageUuid":"acxff62e-6f12-42de-9012-1e7304418abd","requestAppId":"c4e6bd04-5149-11e7-b114-a2f933d5fe66","requestDatetime":"2024-06-14T11:25:04"},"messageResponse":{"responseCode":"0000","responseMessage":"Transacción exitosa.","responseDetails":"Parameter Subscription values Updated Successfully"},"data":{"domains":[{"customerDomainId":"0a913355-8fcb-197f-8190-17911be7080d","customerDomain":"CAMPOS1234COMPAÑU12BOGOTARESULTA123COLOMBIAPRUEBAS","status":"ACTIVE"}]}}

11:25:04.934 [pool-1-thread-1] INFO  com.intuit.karate - [print] 0a913355-8fcb-197f-8190-17911bdb080b 
11:25:04.935 [pool-1-thread-1] INFO  com.intuit.karate - [print] 0a913355-8fcb-197f-8190-17911be7080d 
11:25:04.941 [pool-1-thread-1] INFO  c.intuit.karate.core.FeatureRuntime - classpath:users/CustomerManagement01/../CustomerManagement01/Customers.feature - call by tag at line 7: Microservicios
11:25:04.945 [pool-1-thread-1] DEBUG com.intuit.karate - request:
1 > POST https://internal-AWS-PRB-ALB-BACK-398488634.us-east-1.elb.amazonaws.com/v1/transversal/administrative/customers
1 > message-uuid: acxff62e-6f12-42de-9012-1e7304418abd
1 > request-app-id: c4e6bd04-5149-11e7-b114-a2f933d5fe66
1 > Content-Type: application/json; charset=UTF-8
1 > Content-Length: 1050
1 > Host: internal-AWS-PRB-ALB-BACK-398488634.us-east-1.elb.amazonaws.com
1 > Connection: Keep-Alive
1 > User-Agent: Apache-HttpClient/4.5.13 (Java/17.0.5)
1 > Accept-Encoding: gzip,deflate
{"customerName":"3680826004097167","businessName":"3680826004097167","customerDocumentNumber":"3680826004097167","customerDocumentType":"NT","customerCode":"3680826004097167","regulatedSFC":"3680826004097167","logo":"","incomes":"80","expenses":"40","assets":"4","passives":"3","equity":"1","customerDomain":[{"domain":"gufum","status":"ACTIVE"}],"customerTypes":[{"customerTypeId":"0a91337e-8c88-1ce7-818c-8d87e2d8003d"}],"customerAddressInformation":{"customerCountry":"CO","customerDepartment":"CUNDINAMARCA","customerProvince":"BOGOTA","customerCity":"BOGOTA","customerAddress":"calle falsa 123"},"customerPhone":{"phoneCode":"57","phoneNumber":"3161002233"},"customerEmail":"fudrayepsu@gufum.com","ciiuCode":{"activity":"Estudios de mercado.","ciiuCode":"7320"},"customerOwners":[{"name":"Juan higuera","documentType":"CC","documentNumber":"123456","relation":"REPRESENTANTE_LEGAL","pep":"SI"}],"termsAndConditionVersion":"","policyVersion":"","financialInstitutionCode":"","entityType":"PUBLIC","eanCode":"","compensationCode":"","limitUse":""}

11:25:05.229 [pool-1-thread-2] DEBUG com.intuit.karate - response time in milliseconds: 1248
1 < 201
1 < Date: Fri, 14 Jun 2024 16:25:05 GMT
1 < Content-Type: application/json
1 < Transfer-Encoding: chunked
1 < Connection: keep-alive
1 < Vary: Origin
1 < Vary: Access-Control-Request-Method
1 < Vary: Access-Control-Request-Headers
1 < X-Content-Type-Options: nosniff
1 < X-XSS-Protection: 1; mode=block
1 < Cache-Control: no-cache, no-store, max-age=0, must-revalidate
1 < Pragma: no-cache
1 < Expires: 0
1 < X-Frame-Options: DENY
{"headers":{"httpStatusCode":201,"httpStatusDesc":"CREATED","messageUuid":"acxff62e-6f12-42de-9012-1e7304418abd","requestAppId":"c4e6bd04-5149-11e7-b114-a2f933d5fe66","requestDatetime":"2024-06-14T11:25:05"},"messageResponse":{"responseCode":"0000","responseMessage":"Transacción exitosa.","responseDetails":"Customer Created Successfully"},"data":{"customer":{"customerId":"0a913355-8fcb-197f-8190-17911f390810","customerName":"3853683680369806","businessName":"3853683680369806","customerDomains":[{"customerDomainId":"0a913355-8fcb-197f-8190-17911f4a0812","customerDomain":"gufum","status":"ACTIVE"}],"customerDocumentType":"NT","customerDocumentNumber":"3853683680369806","customerCode":"3853683680369806","regulatedSFC":"3853683680369806","logo":"","incomes":"80","expenses":"40","assets":"4","passives":"3","equity":"1","customerTypes":[{"customerTypeId":"0a91337e-8c88-1ce7-818c-8d87e2d8003d","customerTypeValue":"ADMINISTRATOR_PARTNER12241","customerTypeLabel":"OPERADORAS DE INFORMACIÓN 1"}],"customerStatus":"ACTIVE","customerAddressInformation":{"customerCountry":"CO","customerDepartment":"CUNDINAMARCA","customerProvince":"BOGOTA","customerCity":"BOGOTA","customerAddress":"calle falsa 123"},"customerPhone":{"phoneCode":"57","phoneNumber":"3161002233"},"customerEmail":"fudrayepsu@gufum.com","ciiuCode":{"ciiuCode":"7320","activity":"Estudios de mercado."},"customerOwners":[{"customerOwnerId":"0a913355-8fcb-197f-8190-17911f570814","name":"Juan higuera","documentType":"CC","documentNumber":"123456","relation":"REPRESENTANTE_LEGAL","pep":"SI"}],"termsAndConditionVersion":"","termsAndConditionDatetime":"","policyVersion":"","policyDatetime":"2024-06-14T11:25:04","financialInstitutionCode":"","createDatetime":"2024-06-14T11:25:04","entityType":"PUBLIC","eanCode":"","compensationCode":"","limitUse":"","updateDatetime":"2024-06-14T11:25:04","groupId":"71340051-18da-4e9a-925c-1e26503c4fe7"}}}

11:25:05.231 [pool-1-thread-2] INFO  com.intuit.karate - [print] 0a913355-8fcb-197f-8190-17911f390810 
11:25:05.231 [pool-1-thread-2] INFO  com.intuit.karate - [print] 0a913355-8fcb-197f-8190-17911f4a0812 
11:25:05.231 [pool-1-thread-2] INFO  com.intuit.karate - [print] 0a913355-8fcb-197f-8190-17911f570814 
11:25:05.233 [pool-1-thread-2] DEBUG c.intuit.karate.core.ScenarioEngine - over-writing existing variable 'generarData' with new value: Java.type('Utilidades.generarData')
11:25:05.235 [pool-1-thread-2] DEBUG com.intuit.karate - request:
2 > GET https://internal-AWS-PRB-ALB-BACK-398488634.us-east-1.elb.amazonaws.com/v1/transversal/administrative/customers/0a913355-8fcb-197f-8190-17911f390810/domains/0a913355-8fcb-197f-8190-17911f4a0812
2 > message-uuid: acxff62e-6f12-42de-9012-1e7304418abd
2 > request-app-id: c4e6bd04-5149-11e7-b114-a2f933d5fe66
2 > Content-Type: application/json
2 > Host: internal-AWS-PRB-ALB-BACK-398488634.us-east-1.elb.amazonaws.com
2 > Connection: Keep-Alive
2 > User-Agent: Apache-HttpClient/4.5.13 (Java/17.0.5)
2 > Accept-Encoding: gzip,deflate


11:25:05.719 [pool-1-thread-2] DEBUG com.intuit.karate - response time in milliseconds: 484
2 < 200
2 < Date: Fri, 14 Jun 2024 16:25:05 GMT
2 < Content-Type: application/json
2 < Transfer-Encoding: chunked
2 < Connection: keep-alive
2 < Vary: Origin
2 < Vary: Access-Control-Request-Method
2 < Vary: Access-Control-Request-Headers
2 < X-Content-Type-Options: nosniff
2 < X-XSS-Protection: 1; mode=block
2 < Cache-Control: no-cache, no-store, max-age=0, must-revalidate
2 < Pragma: no-cache
2 < Expires: 0
2 < X-Frame-Options: DENY
{"headers":{"httpStatusCode":200,"httpStatusDesc":"OK","messageUuid":"acxff62e-6f12-42de-9012-1e7304418abd","requestAppId":"c4e6bd04-5149-11e7-b114-a2f933d5fe66","requestDatetime":"2024-06-14T11:25:05"},"messageResponse":{"responseCode":"0000","responseMessage":"Transacción exitosa.","responseDetails":"Customer Domain Exists"},"data":{"domain":{"customerDomainId":"0a913355-8fcb-197f-8190-17911f4a0812","customerDomain":"gufum","status":"ACTIVE"}}}

11:25:05.725 [pool-1-thread-2] INFO  c.intuit.karate.core.FeatureRuntime - classpath:users/CustomerManagement01/../CustomerManagement01/Customers.feature - call by tag at line 7: Microservicios
11:25:05.729 [pool-1-thread-2] DEBUG com.intuit.karate - request:
1 > POST https://internal-AWS-PRB-ALB-BACK-398488634.us-east-1.elb.amazonaws.com/v1/transversal/administrative/customers
1 > message-uuid: acxff62e-6f12-42de-9012-1e7304418abd
1 > request-app-id: c4e6bd04-5149-11e7-b114-a2f933d5fe66
1 > Content-Type: application/json; charset=UTF-8
1 > Content-Length: 1050
1 > Host: internal-AWS-PRB-ALB-BACK-398488634.us-east-1.elb.amazonaws.com
1 > Connection: Keep-Alive
1 > User-Agent: Apache-HttpClient/4.5.13 (Java/17.0.5)
1 > Accept-Encoding: gzip,deflate
{"customerName":"6422593616322467","businessName":"6422593616322467","customerDocumentNumber":"6422593616322467","customerDocumentType":"NT","customerCode":"6422593616322467","regulatedSFC":"6422593616322467","logo":"","incomes":"80","expenses":"40","assets":"4","passives":"3","equity":"1","customerDomain":[{"domain":"gufum","status":"ACTIVE"}],"customerTypes":[{"customerTypeId":"0a91337e-8c88-1ce7-818c-8d87e2d8003d"}],"customerAddressInformation":{"customerCountry":"CO","customerDepartment":"CUNDINAMARCA","customerProvince":"BOGOTA","customerCity":"BOGOTA","customerAddress":"calle falsa 123"},"customerPhone":{"phoneCode":"57","phoneNumber":"3161002233"},"customerEmail":"fudrayepsu@gufum.com","ciiuCode":{"activity":"Estudios de mercado.","ciiuCode":"7320"},"customerOwners":[{"name":"Juan higuera","documentType":"CC","documentNumber":"123456","relation":"REPRESENTANTE_LEGAL","pep":"SI"}],"termsAndConditionVersion":"","policyVersion":"","financialInstitutionCode":"","entityType":"PUBLIC","eanCode":"","compensationCode":"","limitUse":""}

---------------------------------------------------------
feature: classpath:users/CustomerManagement01/Customers_domains.feature
scenarios:  4 | passed:  4 | failed:  0 | time: 7,7258
---------------------------------------------------------

11:25:05.862 [pool-2-thread-1] INFO  com.intuit.karate.Suite - <<pass>> feature 4 of 12 (8 remaining) classpath:users/CustomerManagement01/Customers_domains.feature
11:25:06.440 [pool-1-thread-1] DEBUG com.intuit.karate - response time in milliseconds: 1494
1 < 201
1 < Date: Fri, 14 Jun 2024 16:25:06 GMT
1 < Content-Type: application/json
1 < Transfer-Encoding: chunked
1 < Connection: keep-alive
1 < Vary: Origin
1 < Vary: Access-Control-Request-Method
1 < Vary: Access-Control-Request-Headers
1 < X-Content-Type-Options: nosniff
1 < X-XSS-Protection: 1; mode=block
1 < Cache-Control: no-cache, no-store, max-age=0, must-revalidate
1 < Pragma: no-cache
1 < Expires: 0
1 < X-Frame-Options: DENY
{"headers":{"httpStatusCode":201,"httpStatusDesc":"CREATED","messageUuid":"acxff62e-6f12-42de-9012-1e7304418abd","requestAppId":"c4e6bd04-5149-11e7-b114-a2f933d5fe66","requestDatetime":"2024-06-14T11:25:06"},"messageResponse":{"responseCode":"0000","responseMessage":"Transacción exitosa.","responseDetails":"Customer Created Successfully"},"data":{"customer":{"customerId":"0a913355-8fcb-197f-8190-179124040815","customerName":"3680826004097167","businessName":"3680826004097167","customerDomains":[{"customerDomainId":"0a913355-8fcb-197f-8190-179124160817","customerDomain":"gufum","status":"ACTIVE"}],"customerDocumentType":"NT","customerDocumentNumber":"3680826004097167","customerCode":"3680826004097167","regulatedSFC":"3680826004097167","logo":"","incomes":"80","expenses":"40","assets":"4","passives":"3","equity":"1","customerTypes":[{"customerTypeId":"0a91337e-8c88-1ce7-818c-8d87e2d8003d","customerTypeValue":"ADMINISTRATOR_PARTNER12241","customerTypeLabel":"OPERADORAS DE INFORMACIÓN 1"}],"customerStatus":"ACTIVE","customerAddressInformation":{"customerCountry":"CO","customerDepartment":"CUNDINAMARCA","customerProvince":"BOGOTA","customerCity":"BOGOTA","customerAddress":"calle falsa 123"},"customerPhone":{"phoneCode":"57","phoneNumber":"3161002233"},"customerEmail":"fudrayepsu@gufum.com","ciiuCode":{"ciiuCode":"7320","activity":"Estudios de mercado."},"customerOwners":[{"customerOwnerId":"0a913355-8fcb-197f-8190-179124300819","name":"Juan higuera","documentType":"CC","documentNumber":"123456","relation":"REPRESENTANTE_LEGAL","pep":"SI"}],"termsAndConditionVersion":"","termsAndConditionDatetime":"","policyVersion":"","policyDatetime":"2024-06-14T11:25:05","financialInstitutionCode":"","createDatetime":"2024-06-14T11:25:05","entityType":"PUBLIC","eanCode":"","compensationCode":"","limitUse":"","updateDatetime":"2024-06-14T11:25:05","groupId":"081f4431-10da-4b8c-b235-5e987351ed68"}}}

11:25:06.444 [pool-1-thread-1] INFO  com.intuit.karate - [print] 0a913355-8fcb-197f-8190-179124040815 
11:25:06.445 [pool-1-thread-1] INFO  com.intuit.karate - [print] 0a913355-8fcb-197f-8190-179124160817 
11:25:06.445 [pool-1-thread-1] INFO  com.intuit.karate - [print] 0a913355-8fcb-197f-8190-179124300819 
11:25:06.448 [pool-1-thread-1] DEBUG c.intuit.karate.core.ScenarioEngine - over-writing existing variable 'generarData' with new value: Java.type('Utilidades.generarData')
11:25:06.449 [pool-1-thread-1] DEBUG c.intuit.karate.core.ScenarioEngine - over-writing existing variable 'variableRandom' with new value: generarData.generarNumero(16)
11:25:06.451 [pool-1-thread-1] DEBUG com.intuit.karate - request:
2 > POST https://internal-AWS-PRB-ALB-BACK-398488634.us-east-1.elb.amazonaws.com/v1/transversal/administrative/customers/0a913355-8fcb-197f-8190-179124040815/owners
2 > message-uuid: acxff62e-6f12-42de-9012-1e7304418abd
2 > request-app-id: c4e6bd04-5149-11e7-b114-a2f933d5fe66
2 > Content-Type: application/json; charset=UTF-8
2 > Content-Length: 137
2 > Host: internal-AWS-PRB-ALB-BACK-398488634.us-east-1.elb.amazonaws.com
2 > Connection: Keep-Alive
2 > User-Agent: Apache-HttpClient/4.5.13 (Java/17.0.5)
2 > Accept-Encoding: gzip,deflate
{"customerOwners":[{"name":"Juanito Perez","documentType":"CC","documentNumber":"12345687","relation":"REPRESENTANTE_LEGAL","pep":"SI"}]}

11:25:06.840 [pool-1-thread-2] DEBUG com.intuit.karate - response time in milliseconds: 1111
1 < 201
1 < Date: Fri, 14 Jun 2024 16:25:06 GMT
1 < Content-Type: application/json
1 < Transfer-Encoding: chunked
1 < Connection: keep-alive
1 < Vary: Origin
1 < Vary: Access-Control-Request-Method
1 < Vary: Access-Control-Request-Headers
1 < X-Content-Type-Options: nosniff
1 < X-XSS-Protection: 1; mode=block
1 < Cache-Control: no-cache, no-store, max-age=0, must-revalidate
1 < Pragma: no-cache
1 < Expires: 0
1 < X-Frame-Options: DENY
{"headers":{"httpStatusCode":201,"httpStatusDesc":"CREATED","messageUuid":"acxff62e-6f12-42de-9012-1e7304418abd","requestAppId":"c4e6bd04-5149-11e7-b114-a2f933d5fe66","requestDatetime":"2024-06-14T11:25:06"},"messageResponse":{"responseCode":"0000","responseMessage":"Transacción exitosa.","responseDetails":"Customer Created Successfully"},"data":{"customer":{"customerId":"0a913355-8fcb-197f-8190-179125b3081a","customerName":"6422593616322467","businessName":"6422593616322467","customerDomains":[{"customerDomainId":"0a913355-8fcb-197f-8190-179125c0081c","customerDomain":"gufum","status":"ACTIVE"}],"customerDocumentType":"NT","customerDocumentNumber":"6422593616322467","customerCode":"6422593616322467","regulatedSFC":"6422593616322467","logo":"","incomes":"80","expenses":"40","assets":"4","passives":"3","equity":"1","customerTypes":[{"customerTypeId":"0a91337e-8c88-1ce7-818c-8d87e2d8003d","customerTypeValue":"ADMINISTRATOR_PARTNER12241","customerTypeLabel":"OPERADORAS DE INFORMACIÓN 1"}],"customerStatus":"ACTIVE","customerAddressInformation":{"customerCountry":"CO","customerDepartment":"CUNDINAMARCA","customerProvince":"BOGOTA","customerCity":"BOGOTA","customerAddress":"calle falsa 123"},"customerPhone":{"phoneCode":"57","phoneNumber":"3161002233"},"customerEmail":"fudrayepsu@gufum.com","ciiuCode":{"ciiuCode":"7320","activity":"Estudios de mercado."},"customerOwners":[{"customerOwnerId":"0a913355-8fcb-197f-8190-179125d1081e","name":"Juan higuera","documentType":"CC","documentNumber":"123456","relation":"REPRESENTANTE_LEGAL","pep":"SI"}],"termsAndConditionVersion":"","termsAndConditionDatetime":"","policyVersion":"","policyDatetime":"2024-06-14T11:25:06","financialInstitutionCode":"","createDatetime":"2024-06-14T11:25:06","entityType":"PUBLIC","eanCode":"","compensationCode":"","limitUse":"","updateDatetime":"2024-06-14T11:25:06","groupId":"e59fbf88-fdd2-4321-8f3c-e43b202e600a"}}}

11:25:06.842 [pool-1-thread-2] INFO  com.intuit.karate - [print] 0a913355-8fcb-197f-8190-179125b3081a 
11:25:06.843 [pool-1-thread-2] INFO  com.intuit.karate - [print] 0a913355-8fcb-197f-8190-179125c0081c 
11:25:06.843 [pool-1-thread-2] INFO  com.intuit.karate - [print] 0a913355-8fcb-197f-8190-179125d1081e 
11:25:06.844 [pool-1-thread-2] DEBUG c.intuit.karate.core.ScenarioEngine - over-writing existing variable 'generarData' with new value: Java.type('Utilidades.generarData')
11:25:06.847 [pool-1-thread-2] DEBUG com.intuit.karate - request:
2 > GET https://internal-AWS-PRB-ALB-BACK-398488634.us-east-1.elb.amazonaws.com/v1/transversal/administrative/customers/0a913355-8fcb-197f-8190-179125b3081a/owners?pageNumber=1&pageSize=10
2 > message-uuid: acxff62e-6f12-42de-9012-1e7304418abd
2 > request-app-id: c4e6bd04-5149-11e7-b114-a2f933d5fe66
2 > Content-Type: application/json
2 > Host: internal-AWS-PRB-ALB-BACK-398488634.us-east-1.elb.amazonaws.com
2 > Connection: Keep-Alive
2 > User-Agent: Apache-HttpClient/4.5.13 (Java/17.0.5)
2 > Accept-Encoding: gzip,deflate


11:25:06.942 [pool-1-thread-1] DEBUG com.intuit.karate - response time in milliseconds: 491
2 < 201
2 < Date: Fri, 14 Jun 2024 16:25:06 GMT
2 < Content-Type: application/json
2 < Transfer-Encoding: chunked
2 < Connection: keep-alive
2 < Vary: Origin
2 < Vary: Access-Control-Request-Method
2 < Vary: Access-Control-Request-Headers
2 < X-Content-Type-Options: nosniff
2 < X-XSS-Protection: 1; mode=block
2 < Cache-Control: no-cache, no-store, max-age=0, must-revalidate
2 < Pragma: no-cache
2 < Expires: 0
2 < X-Frame-Options: DENY
{"headers":{"httpStatusCode":200,"httpStatusDesc":"OK","messageUuid":"acxff62e-6f12-42de-9012-1e7304418abd","requestAppId":"c4e6bd04-5149-11e7-b114-a2f933d5fe66","requestDatetime":"2024-06-14T11:25:06"},"messageResponse":{"responseCode":"0000","responseMessage":"Transacción exitosa.","responseDetails":"The Customer Domains was created successfully to the Customer 0a913355-8fcb-197f-8190-179124040815"},"data":{"customerOwners":[{"customerOwnerId":"0a913355-8fcb-197f-8190-179124300819","name":"Juan higuera","documentType":"CC","documentNumber":"123456","relation":"REPRESENTANTE_LEGAL","pep":"SI"},{"customerOwnerId":"0a913355-8fcb-197f-8190-1791262e081f","name":"Juanito Perez","documentType":"CC","documentNumber":"12345687","relation":"REPRESENTANTE_LEGAL","pep":"SI"}]}}

11:25:06.951 [pool-1-thread-1] INFO  c.intuit.karate.core.FeatureRuntime - classpath:users/CustomerManagement01/../CustomerManagement01/Customers.feature - call by tag at line 7: Microservicios
11:25:06.955 [pool-1-thread-1] DEBUG com.intuit.karate - request:
1 > POST https://internal-AWS-PRB-ALB-BACK-398488634.us-east-1.elb.amazonaws.com/v1/transversal/administrative/customers
1 > message-uuid: acxff62e-6f12-42de-9012-1e7304418abd
1 > request-app-id: c4e6bd04-5149-11e7-b114-a2f933d5fe66
1 > Content-Type: application/json; charset=UTF-8
1 > Content-Length: 1050
1 > Host: internal-AWS-PRB-ALB-BACK-398488634.us-east-1.elb.amazonaws.com
1 > Connection: Keep-Alive
1 > User-Agent: Apache-HttpClient/4.5.13 (Java/17.0.5)
1 > Accept-Encoding: gzip,deflate
{"customerName":"5038210542671174","businessName":"5038210542671174","customerDocumentNumber":"5038210542671174","customerDocumentType":"NT","customerCode":"5038210542671174","regulatedSFC":"5038210542671174","logo":"","incomes":"80","expenses":"40","assets":"4","passives":"3","equity":"1","customerDomain":[{"domain":"gufum","status":"ACTIVE"}],"customerTypes":[{"customerTypeId":"0a91337e-8c88-1ce7-818c-8d87e2d8003d"}],"customerAddressInformation":{"customerCountry":"CO","customerDepartment":"CUNDINAMARCA","customerProvince":"BOGOTA","customerCity":"BOGOTA","customerAddress":"calle falsa 123"},"customerPhone":{"phoneCode":"57","phoneNumber":"3161002233"},"customerEmail":"fudrayepsu@gufum.com","ciiuCode":{"activity":"Estudios de mercado.","ciiuCode":"7320"},"customerOwners":[{"name":"Juan higuera","documentType":"CC","documentNumber":"123456","relation":"REPRESENTANTE_LEGAL","pep":"SI"}],"termsAndConditionVersion":"","policyVersion":"","financialInstitutionCode":"","entityType":"PUBLIC","eanCode":"","compensationCode":"","limitUse":""}

11:25:07.384 [pool-1-thread-2] DEBUG com.intuit.karate - response time in milliseconds: 537
2 < 200
2 < Date: Fri, 14 Jun 2024 16:25:07 GMT
2 < Content-Type: application/json
2 < Transfer-Encoding: chunked
2 < Connection: keep-alive
2 < Vary: Origin
2 < Vary: Access-Control-Request-Method
2 < Vary: Access-Control-Request-Headers
2 < X-Content-Type-Options: nosniff
2 < X-XSS-Protection: 1; mode=block
2 < Cache-Control: no-cache, no-store, max-age=0, must-revalidate
2 < Pragma: no-cache
2 < Expires: 0
2 < X-Frame-Options: DENY
{"headers":{"httpStatusCode":200,"httpStatusDesc":"OK","messageUuid":"acxff62e-6f12-42de-9012-1e7304418abd","requestAppId":"c4e6bd04-5149-11e7-b114-a2f933d5fe66","requestDatetime":"2024-06-14T11:25:07"},"messageResponse":{"responseCode":"0000","responseMessage":"Transacción exitosa.","responseDetails":"The Customer Domains were obtained successfully to the Customer 0a913355-8fcb-197f-8190-179125b3081a"},"data":{"customerOwners":[{"customerOwnerId":"0a913355-8fcb-197f-8190-179125d1081e","name":"Juan higuera","documentType":"CC","documentNumber":"123456","relation":"REPRESENTANTE_LEGAL","pep":"SI"}]},"pagination":{"totalElements":1,"pageSize":10,"pageNumber":1,"hasMoreElements":false}}

11:25:07.392 [pool-1-thread-2] INFO  c.intuit.karate.core.FeatureRuntime - classpath:users/CustomerManagement01/../CustomerManagement01/Customers.feature - call by tag at line 7: Microservicios
11:25:07.396 [pool-1-thread-2] DEBUG com.intuit.karate - request:
1 > POST https://internal-AWS-PRB-ALB-BACK-398488634.us-east-1.elb.amazonaws.com/v1/transversal/administrative/customers
1 > message-uuid: acxff62e-6f12-42de-9012-1e7304418abd
1 > request-app-id: c4e6bd04-5149-11e7-b114-a2f933d5fe66
1 > Content-Type: application/json; charset=UTF-8
1 > Content-Length: 1050
1 > Host: internal-AWS-PRB-ALB-BACK-398488634.us-east-1.elb.amazonaws.com
1 > Connection: Keep-Alive
1 > User-Agent: Apache-HttpClient/4.5.13 (Java/17.0.5)
1 > Accept-Encoding: gzip,deflate
{"customerName":"1256722206024333","businessName":"1256722206024333","customerDocumentNumber":"1256722206024333","customerDocumentType":"NT","customerCode":"1256722206024333","regulatedSFC":"1256722206024333","logo":"","incomes":"80","expenses":"40","assets":"4","passives":"3","equity":"1","customerDomain":[{"domain":"gufum","status":"ACTIVE"}],"customerTypes":[{"customerTypeId":"0a91337e-8c88-1ce7-818c-8d87e2d8003d"}],"customerAddressInformation":{"customerCountry":"CO","customerDepartment":"CUNDINAMARCA","customerProvince":"BOGOTA","customerCity":"BOGOTA","customerAddress":"calle falsa 123"},"customerPhone":{"phoneCode":"57","phoneNumber":"3161002233"},"customerEmail":"fudrayepsu@gufum.com","ciiuCode":{"activity":"Estudios de mercado.","ciiuCode":"7320"},"customerOwners":[{"name":"Juan higuera","documentType":"CC","documentNumber":"123456","relation":"REPRESENTANTE_LEGAL","pep":"SI"}],"termsAndConditionVersion":"","policyVersion":"","financialInstitutionCode":"","entityType":"PUBLIC","eanCode":"","compensationCode":"","limitUse":""}

11:25:08.583 [pool-1-thread-1] DEBUG com.intuit.karate - response time in milliseconds: 1628
1 < 201
1 < Date: Fri, 14 Jun 2024 16:25:08 GMT
1 < Content-Type: application/json
1 < Transfer-Encoding: chunked
1 < Connection: keep-alive
1 < Vary: Origin
1 < Vary: Access-Control-Request-Method
1 < Vary: Access-Control-Request-Headers
1 < X-Content-Type-Options: nosniff
1 < X-XSS-Protection: 1; mode=block
1 < Cache-Control: no-cache, no-store, max-age=0, must-revalidate
1 < Pragma: no-cache
1 < Expires: 0
1 < X-Frame-Options: DENY
{"headers":{"httpStatusCode":201,"httpStatusDesc":"CREATED","messageUuid":"acxff62e-6f12-42de-9012-1e7304418abd","requestAppId":"c4e6bd04-5149-11e7-b114-a2f933d5fe66","requestDatetime":"2024-06-14T11:25:08"},"messageResponse":{"responseCode":"0000","responseMessage":"Transacción exitosa.","responseDetails":"Customer Created Successfully"},"data":{"customer":{"customerId":"0a913355-8fcb-197f-8190-17912c640820","customerName":"5038210542671174","businessName":"5038210542671174","customerDomains":[{"customerDomainId":"0a913355-8fcb-197f-8190-17912c700822","customerDomain":"gufum","status":"ACTIVE"}],"customerDocumentType":"NT","customerDocumentNumber":"5038210542671174","customerCode":"5038210542671174","regulatedSFC":"5038210542671174","logo":"","incomes":"80","expenses":"40","assets":"4","passives":"3","equity":"1","customerTypes":[{"customerTypeId":"0a91337e-8c88-1ce7-818c-8d87e2d8003d","customerTypeValue":"ADMINISTRATOR_PARTNER12241","customerTypeLabel":"OPERADORAS DE INFORMACIÓN 1"}],"customerStatus":"ACTIVE","customerAddressInformation":{"customerCountry":"CO","customerDepartment":"CUNDINAMARCA","customerProvince":"BOGOTA","customerCity":"BOGOTA","customerAddress":"calle falsa 123"},"customerPhone":{"phoneCode":"57","phoneNumber":"3161002233"},"customerEmail":"fudrayepsu@gufum.com","ciiuCode":{"ciiuCode":"7320","activity":"Estudios de mercado."},"customerOwners":[{"customerOwnerId":"0a913355-8fcb-197f-8190-17912c810824","name":"Juan higuera","documentType":"CC","documentNumber":"123456","relation":"REPRESENTANTE_LEGAL","pep":"SI"}],"termsAndConditionVersion":"","termsAndConditionDatetime":"","policyVersion":"","policyDatetime":"2024-06-14T11:25:07","financialInstitutionCode":"","createDatetime":"2024-06-14T11:25:07","entityType":"PUBLIC","eanCode":"","compensationCode":"","limitUse":"","updateDatetime":"2024-06-14T11:25:07","groupId":"74747e79-dbb7-4d5d-8631-210d5468b442"}}}

11:25:08.585 [pool-1-thread-1] INFO  com.intuit.karate - [print] 0a913355-8fcb-197f-8190-17912c640820 
11:25:08.586 [pool-1-thread-1] INFO  com.intuit.karate - [print] 0a913355-8fcb-197f-8190-17912c700822 
11:25:08.586 [pool-1-thread-1] INFO  com.intuit.karate - [print] 0a913355-8fcb-197f-8190-17912c810824 
11:25:08.587 [pool-1-thread-1] DEBUG c.intuit.karate.core.ScenarioEngine - over-writing existing variable 'generarData' with new value: Java.type('Utilidades.generarData')
11:25:08.590 [pool-1-thread-1] DEBUG com.intuit.karate - request:
2 > PUT https://internal-AWS-PRB-ALB-BACK-398488634.us-east-1.elb.amazonaws.com/v1/transversal/administrative/customers/0a913355-8fcb-197f-8190-17912c640820/owners
2 > message-uuid: acxff62e-6f12-42de-9012-1e7304418abd
2 > request-app-id: c4e6bd04-5149-11e7-b114-a2f933d5fe66
2 > Content-Type: application/json; charset=UTF-8
2 > Content-Length: 191
2 > Host: internal-AWS-PRB-ALB-BACK-398488634.us-east-1.elb.amazonaws.com
2 > Connection: Keep-Alive
2 > User-Agent: Apache-HttpClient/4.5.13 (Java/17.0.5)
2 > Accept-Encoding: gzip,deflate
{"customerOwners":[{"customerOwnerId":"0a913355-8fcb-197f-8190-17912c810824","name":"Juan higuera","documentType":"CC","documentNumber":"123456","relation":"REPRESENTANTE_LEGAL","pep":"SI"}]}

11:25:08.929 [pool-1-thread-2] DEBUG com.intuit.karate - response time in milliseconds: 1533
1 < 201
1 < Date: Fri, 14 Jun 2024 16:25:08 GMT
1 < Content-Type: application/json
1 < Transfer-Encoding: chunked
1 < Connection: keep-alive
1 < Vary: Origin
1 < Vary: Access-Control-Request-Method
1 < Vary: Access-Control-Request-Headers
1 < X-Content-Type-Options: nosniff
1 < X-XSS-Protection: 1; mode=block
1 < Cache-Control: no-cache, no-store, max-age=0, must-revalidate
1 < Pragma: no-cache
1 < Expires: 0
1 < X-Frame-Options: DENY
{"headers":{"httpStatusCode":201,"httpStatusDesc":"CREATED","messageUuid":"acxff62e-6f12-42de-9012-1e7304418abd","requestAppId":"c4e6bd04-5149-11e7-b114-a2f933d5fe66","requestDatetime":"2024-06-14T11:25:08"},"messageResponse":{"responseCode":"0000","responseMessage":"Transacción exitosa.","responseDetails":"Customer Created Successfully"},"data":{"customer":{"customerId":"0a913355-8fcb-197f-8190-17912dc80825","customerName":"1256722206024333","businessName":"1256722206024333","customerDomains":[{"customerDomainId":"0a913355-8fcb-197f-8190-17912dd80827","customerDomain":"gufum","status":"ACTIVE"}],"customerDocumentType":"NT","customerDocumentNumber":"1256722206024333","customerCode":"1256722206024333","regulatedSFC":"1256722206024333","logo":"","incomes":"80","expenses":"40","assets":"4","passives":"3","equity":"1","customerTypes":[{"customerTypeId":"0a91337e-8c88-1ce7-818c-8d87e2d8003d","customerTypeValue":"ADMINISTRATOR_PARTNER12241","customerTypeLabel":"OPERADORAS DE INFORMACIÓN 1"}],"customerStatus":"ACTIVE","customerAddressInformation":{"customerCountry":"CO","customerDepartment":"CUNDINAMARCA","customerProvince":"BOGOTA","customerCity":"BOGOTA","customerAddress":"calle falsa 123"},"customerPhone":{"phoneCode":"57","phoneNumber":"3161002233"},"customerEmail":"fudrayepsu@gufum.com","ciiuCode":{"ciiuCode":"7320","activity":"Estudios de mercado."},"customerOwners":[{"customerOwnerId":"0a913355-8fcb-197f-8190-17912dea0829","name":"Juan higuera","documentType":"CC","documentNumber":"123456","relation":"REPRESENTANTE_LEGAL","pep":"SI"}],"termsAndConditionVersion":"","termsAndConditionDatetime":"","policyVersion":"","policyDatetime":"2024-06-14T11:25:07","financialInstitutionCode":"","createDatetime":"2024-06-14T11:25:07","entityType":"PUBLIC","eanCode":"","compensationCode":"","limitUse":"","updateDatetime":"2024-06-14T11:25:07","groupId":"9e23e573-4d1c-4d95-9668-c63320433ff3"}}}

11:25:08.931 [pool-1-thread-2] INFO  com.intuit.karate - [print] 0a913355-8fcb-197f-8190-17912dc80825 
11:25:08.931 [pool-1-thread-2] INFO  com.intuit.karate - [print] 0a913355-8fcb-197f-8190-17912dd80827 
11:25:08.931 [pool-1-thread-2] INFO  com.intuit.karate - [print] 0a913355-8fcb-197f-8190-17912dea0829 
11:25:08.933 [pool-1-thread-2] DEBUG c.intuit.karate.core.ScenarioEngine - over-writing existing variable 'generarData' with new value: Java.type('Utilidades.generarData')
11:25:08.935 [pool-1-thread-2] DEBUG com.intuit.karate - request:
2 > GET https://internal-AWS-PRB-ALB-BACK-398488634.us-east-1.elb.amazonaws.com/v1/transversal/administrative/customers/0a913355-8fcb-197f-8190-17912dc80825/owners/0a913355-8fcb-197f-8190-17912dea0829
2 > message-uuid: acxff62e-6f12-42de-9012-1e7304418abd
2 > request-app-id: c4e6bd04-5149-11e7-b114-a2f933d5fe66
2 > Content-Type: application/json
2 > Host: internal-AWS-PRB-ALB-BACK-398488634.us-east-1.elb.amazonaws.com
2 > Connection: Keep-Alive
2 > User-Agent: Apache-HttpClient/4.5.13 (Java/17.0.5)
2 > Accept-Encoding: gzip,deflate


11:25:09.107 [pool-1-thread-1] DEBUG com.intuit.karate - response time in milliseconds: 516
2 < 200
2 < Date: Fri, 14 Jun 2024 16:25:09 GMT
2 < Content-Type: application/json
2 < Transfer-Encoding: chunked
2 < Connection: keep-alive
2 < Vary: Origin
2 < Vary: Access-Control-Request-Method
2 < Vary: Access-Control-Request-Headers
2 < X-Content-Type-Options: nosniff
2 < X-XSS-Protection: 1; mode=block
2 < Cache-Control: no-cache, no-store, max-age=0, must-revalidate
2 < Pragma: no-cache
2 < Expires: 0
2 < X-Frame-Options: DENY
{"headers":{"httpStatusCode":200,"httpStatusDesc":"OK","messageUuid":"acxff62e-6f12-42de-9012-1e7304418abd","requestAppId":"c4e6bd04-5149-11e7-b114-a2f933d5fe66","requestDatetime":"2024-06-14T11:25:09"},"messageResponse":{"responseCode":"0000","responseMessage":"Transacción exitosa.","responseDetails":"Customer Owner Updated Successfully"},"data":{"customerOwners":[{"customerOwnerId":"0a913355-8fcb-197f-8190-17912c810824","name":"Juan higuera","documentType":"CC","documentNumber":"123456","relation":"REPRESENTANTE_LEGAL","pep":"SI"}]}}

11:25:09.107 [pool-1-thread-1] INFO  com.intuit.karate - [print] 0a913355-8fcb-197f-8190-17912c640820 
11:25:09.108 [pool-1-thread-1] INFO  com.intuit.karate - [print] 0a913355-8fcb-197f-8190-17912c700822 
11:25:09.108 [pool-1-thread-1] INFO  com.intuit.karate - [print] 0a913355-8fcb-197f-8190-17912c810824 
11:25:09.111 [pool-1-thread-1] INFO  c.intuit.karate.core.FeatureRuntime - classpath:users/CustomerManagement01/../CustomerManagement01/Customers.feature - call by tag at line 7: Microservicios
11:25:09.115 [pool-1-thread-1] DEBUG com.intuit.karate - request:
1 > POST https://internal-AWS-PRB-ALB-BACK-398488634.us-east-1.elb.amazonaws.com/v1/transversal/administrative/customers
1 > message-uuid: acxff62e-6f12-42de-9012-1e7304418abd
1 > request-app-id: c4e6bd04-5149-11e7-b114-a2f933d5fe66
1 > Content-Type: application/json; charset=UTF-8
1 > Content-Length: 1050
1 > Host: internal-AWS-PRB-ALB-BACK-398488634.us-east-1.elb.amazonaws.com
1 > Connection: Keep-Alive
1 > User-Agent: Apache-HttpClient/4.5.13 (Java/17.0.5)
1 > Accept-Encoding: gzip,deflate
{"customerName":"3308419882457362","businessName":"3308419882457362","customerDocumentNumber":"3308419882457362","customerDocumentType":"NT","customerCode":"3308419882457362","regulatedSFC":"3308419882457362","logo":"","incomes":"80","expenses":"40","assets":"4","passives":"3","equity":"1","customerDomain":[{"domain":"gufum","status":"ACTIVE"}],"customerTypes":[{"customerTypeId":"0a91337e-8c88-1ce7-818c-8d87e2d8003d"}],"customerAddressInformation":{"customerCountry":"CO","customerDepartment":"CUNDINAMARCA","customerProvince":"BOGOTA","customerCity":"BOGOTA","customerAddress":"calle falsa 123"},"customerPhone":{"phoneCode":"57","phoneNumber":"3161002233"},"customerEmail":"fudrayepsu@gufum.com","ciiuCode":{"activity":"Estudios de mercado.","ciiuCode":"7320"},"customerOwners":[{"name":"Juan higuera","documentType":"CC","documentNumber":"123456","relation":"REPRESENTANTE_LEGAL","pep":"SI"}],"termsAndConditionVersion":"","policyVersion":"","financialInstitutionCode":"","entityType":"PUBLIC","eanCode":"","compensationCode":"","limitUse":""}

11:25:09.367 [pool-1-thread-2] DEBUG com.intuit.karate - response time in milliseconds: 432
2 < 200
2 < Date: Fri, 14 Jun 2024 16:25:09 GMT
2 < Content-Type: application/json
2 < Transfer-Encoding: chunked
2 < Connection: keep-alive
2 < Vary: Origin
2 < Vary: Access-Control-Request-Method
2 < Vary: Access-Control-Request-Headers
2 < X-Content-Type-Options: nosniff
2 < X-XSS-Protection: 1; mode=block
2 < Cache-Control: no-cache, no-store, max-age=0, must-revalidate
2 < Pragma: no-cache
2 < Expires: 0
2 < X-Frame-Options: DENY
{"headers":{"httpStatusCode":200,"httpStatusDesc":"OK","messageUuid":"acxff62e-6f12-42de-9012-1e7304418abd","requestAppId":"c4e6bd04-5149-11e7-b114-a2f933d5fe66","requestDatetime":"2024-06-14T11:25:09"},"messageResponse":{"responseCode":"0000","responseMessage":"Transacción exitosa.","responseDetails":"Customer Owner Exists"},"data":{"customerOwner":{"customerOwnerId":"0a913355-8fcb-197f-8190-17912dea0829","name":"Juan higuera","documentType":"CC","documentNumber":"123456","relation":"REPRESENTANTE_LEGAL","pep":"SI"}}}

11:25:09.374 [pool-1-thread-2] INFO  c.intuit.karate.core.FeatureRuntime - classpath:users/CustomerManagement01/../CustomerManagement01/Customers.feature - call by tag at line 7: Microservicios
11:25:09.378 [pool-1-thread-2] DEBUG com.intuit.karate - request:
1 > POST https://internal-AWS-PRB-ALB-BACK-398488634.us-east-1.elb.amazonaws.com/v1/transversal/administrative/customers
1 > message-uuid: acxff62e-6f12-42de-9012-1e7304418abd
1 > request-app-id: c4e6bd04-5149-11e7-b114-a2f933d5fe66
1 > Content-Type: application/json; charset=UTF-8
1 > Content-Length: 1050
1 > Host: internal-AWS-PRB-ALB-BACK-398488634.us-east-1.elb.amazonaws.com
1 > Connection: Keep-Alive
1 > User-Agent: Apache-HttpClient/4.5.13 (Java/17.0.5)
1 > Accept-Encoding: gzip,deflate
{"customerName":"8688723011080339","businessName":"8688723011080339","customerDocumentNumber":"8688723011080339","customerDocumentType":"NT","customerCode":"8688723011080339","regulatedSFC":"8688723011080339","logo":"","incomes":"80","expenses":"40","assets":"4","passives":"3","equity":"1","customerDomain":[{"domain":"gufum","status":"ACTIVE"}],"customerTypes":[{"customerTypeId":"0a91337e-8c88-1ce7-818c-8d87e2d8003d"}],"customerAddressInformation":{"customerCountry":"CO","customerDepartment":"CUNDINAMARCA","customerProvince":"BOGOTA","customerCity":"BOGOTA","customerAddress":"calle falsa 123"},"customerPhone":{"phoneCode":"57","phoneNumber":"3161002233"},"customerEmail":"fudrayepsu@gufum.com","ciiuCode":{"activity":"Estudios de mercado.","ciiuCode":"7320"},"customerOwners":[{"name":"Juan higuera","documentType":"CC","documentNumber":"123456","relation":"REPRESENTANTE_LEGAL","pep":"SI"}],"termsAndConditionVersion":"","policyVersion":"","financialInstitutionCode":"","entityType":"PUBLIC","eanCode":"","compensationCode":"","limitUse":""}

11:25:10.248 [pool-1-thread-1] DEBUG com.intuit.karate - response time in milliseconds: 1133
1 < 201
1 < Date: Fri, 14 Jun 2024 16:25:10 GMT
1 < Content-Type: application/json
1 < Transfer-Encoding: chunked
1 < Connection: keep-alive
1 < Vary: Origin
1 < Vary: Access-Control-Request-Method
1 < Vary: Access-Control-Request-Headers
1 < X-Content-Type-Options: nosniff
1 < X-XSS-Protection: 1; mode=block
1 < Cache-Control: no-cache, no-store, max-age=0, must-revalidate
1 < Pragma: no-cache
1 < Expires: 0
1 < X-Frame-Options: DENY
{"headers":{"httpStatusCode":201,"httpStatusDesc":"CREATED","messageUuid":"acxff62e-6f12-42de-9012-1e7304418abd","requestAppId":"c4e6bd04-5149-11e7-b114-a2f933d5fe66","requestDatetime":"2024-06-14T11:25:10"},"messageResponse":{"responseCode":"0000","responseMessage":"Transacción exitosa.","responseDetails":"Customer Created Successfully"},"data":{"customer":{"customerId":"0a913355-8fcb-197f-8190-179132e1082a","customerName":"3308419882457362","businessName":"3308419882457362","customerDomains":[{"customerDomainId":"0a913355-8fcb-197f-8190-179132ed082c","customerDomain":"gufum","status":"ACTIVE"}],"customerDocumentType":"NT","customerDocumentNumber":"3308419882457362","customerCode":"3308419882457362","regulatedSFC":"3308419882457362","logo":"","incomes":"80","expenses":"40","assets":"4","passives":"3","equity":"1","customerTypes":[{"customerTypeId":"0a91337e-8c88-1ce7-818c-8d87e2d8003d","customerTypeValue":"ADMINISTRATOR_PARTNER12241","customerTypeLabel":"OPERADORAS DE INFORMACIÓN 1"}],"customerStatus":"ACTIVE","customerAddressInformation":{"customerCountry":"CO","customerDepartment":"CUNDINAMARCA","customerProvince":"BOGOTA","customerCity":"BOGOTA","customerAddress":"calle falsa 123"},"customerPhone":{"phoneCode":"57","phoneNumber":"3161002233"},"customerEmail":"fudrayepsu@gufum.com","ciiuCode":{"ciiuCode":"7320","activity":"Estudios de mercado."},"customerOwners":[{"customerOwnerId":"0a913355-8fcb-197f-8190-17913300082e","name":"Juan higuera","documentType":"CC","documentNumber":"123456","relation":"REPRESENTANTE_LEGAL","pep":"SI"}],"termsAndConditionVersion":"","termsAndConditionDatetime":"","policyVersion":"","policyDatetime":"2024-06-14T11:25:09","financialInstitutionCode":"","createDatetime":"2024-06-14T11:25:09","entityType":"PUBLIC","eanCode":"","compensationCode":"","limitUse":"","updateDatetime":"2024-06-14T11:25:09","groupId":"6e0712f9-3a99-4f36-8421-993ee0630fdb"}}}

11:25:10.249 [pool-1-thread-1] INFO  com.intuit.karate - [print] 0a913355-8fcb-197f-8190-179132e1082a 
11:25:10.250 [pool-1-thread-1] INFO  com.intuit.karate - [print] 0a913355-8fcb-197f-8190-179132ed082c 
11:25:10.250 [pool-1-thread-1] INFO  com.intuit.karate - [print] 0a913355-8fcb-197f-8190-17913300082e 
11:25:10.251 [pool-1-thread-1] DEBUG c.intuit.karate.core.ScenarioEngine - over-writing existing variable 'generarData' with new value: Java.type('Utilidades.generarData')
11:25:10.253 [pool-1-thread-1] DEBUG com.intuit.karate - request:
2 > DELETE https://internal-AWS-PRB-ALB-BACK-398488634.us-east-1.elb.amazonaws.com/v1/transversal/administrative/customers/0a913355-8fcb-197f-8190-179132e1082a/owners/0a913355-8fcb-197f-8190-17913300082e
2 > message-uuid: acxff62e-6f12-42de-9012-1e7304418abd
2 > request-app-id: c4e6bd04-5149-11e7-b114-a2f933d5fe66
2 > Content-Type: application/json
2 > Host: internal-AWS-PRB-ALB-BACK-398488634.us-east-1.elb.amazonaws.com
2 > Connection: Keep-Alive
2 > User-Agent: Apache-HttpClient/4.5.13 (Java/17.0.5)
2 > Accept-Encoding: gzip,deflate


11:25:10.479 [pool-1-thread-2] DEBUG com.intuit.karate - response time in milliseconds: 1101
1 < 201
1 < Date: Fri, 14 Jun 2024 16:25:10 GMT
1 < Content-Type: application/json
1 < Transfer-Encoding: chunked
1 < Connection: keep-alive
1 < Vary: Origin
1 < Vary: Access-Control-Request-Method
1 < Vary: Access-Control-Request-Headers
1 < X-Content-Type-Options: nosniff
1 < X-XSS-Protection: 1; mode=block
1 < Cache-Control: no-cache, no-store, max-age=0, must-revalidate
1 < Pragma: no-cache
1 < Expires: 0
1 < X-Frame-Options: DENY
{"headers":{"httpStatusCode":201,"httpStatusDesc":"CREATED","messageUuid":"acxff62e-6f12-42de-9012-1e7304418abd","requestAppId":"c4e6bd04-5149-11e7-b114-a2f933d5fe66","requestDatetime":"2024-06-14T11:25:10"},"messageResponse":{"responseCode":"0000","responseMessage":"Transacción exitosa.","responseDetails":"Customer Created Successfully"},"data":{"customer":{"customerId":"0a913355-8fcb-197f-8190-179133d2082f","customerName":"8688723011080339","businessName":"8688723011080339","customerDomains":[{"customerDomainId":"0a913355-8fcb-197f-8190-179133e30831","customerDomain":"gufum","status":"ACTIVE"}],"customerDocumentType":"NT","customerDocumentNumber":"8688723011080339","customerCode":"8688723011080339","regulatedSFC":"8688723011080339","logo":"","incomes":"80","expenses":"40","assets":"4","passives":"3","equity":"1","customerTypes":[{"customerTypeId":"0a91337e-8c88-1ce7-818c-8d87e2d8003d","customerTypeValue":"ADMINISTRATOR_PARTNER12241","customerTypeLabel":"OPERADORAS DE INFORMACIÓN 1"}],"customerStatus":"ACTIVE","customerAddressInformation":{"customerCountry":"CO","customerDepartment":"CUNDINAMARCA","customerProvince":"BOGOTA","customerCity":"BOGOTA","customerAddress":"calle falsa 123"},"customerPhone":{"phoneCode":"57","phoneNumber":"3161002233"},"customerEmail":"fudrayepsu@gufum.com","ciiuCode":{"ciiuCode":"7320","activity":"Estudios de mercado."},"customerOwners":[{"customerOwnerId":"0a913355-8fcb-197f-8190-179133f10833","name":"Juan higuera","documentType":"CC","documentNumber":"123456","relation":"REPRESENTANTE_LEGAL","pep":"SI"}],"termsAndConditionVersion":"","termsAndConditionDatetime":"","policyVersion":"","policyDatetime":"2024-06-14T11:25:09","financialInstitutionCode":"","createDatetime":"2024-06-14T11:25:09","entityType":"PUBLIC","eanCode":"","compensationCode":"","limitUse":"","updateDatetime":"2024-06-14T11:25:09","groupId":"62ab475a-f1d4-48f1-804d-208c24b0870d"}}}

11:25:10.487 [pool-1-thread-2] INFO  com.intuit.karate - [print] 0a913355-8fcb-197f-8190-179133d2082f 
11:25:10.487 [pool-1-thread-2] INFO  com.intuit.karate - [print] 0a913355-8fcb-197f-8190-179133e30831 
11:25:10.487 [pool-1-thread-2] INFO  com.intuit.karate - [print] 0a913355-8fcb-197f-8190-179133f10833 
11:25:10.489 [pool-1-thread-2] DEBUG c.intuit.karate.core.ScenarioEngine - over-writing existing variable 'generarData' with new value: Java.type('Utilidades.generarData')
11:25:10.491 [pool-1-thread-2] DEBUG com.intuit.karate - request:
2 > GET https://internal-aws-prb-alb-back-398488634.us-east-1.elb.amazonaws.com/v1/transversal/administrative/customers/0a913355-8fcb-197f-8190-179133d2082f/products
2 > message-uuid: acxff62e-6f12-42de-9012-1e7304418abd
2 > request-app-id: c4e6bd04-5149-11e7-b114-a2f933d5fe66
2 > Content-Type: application/json
2 > Host: internal-aws-prb-alb-back-398488634.us-east-1.elb.amazonaws.com
2 > Connection: Keep-Alive
2 > User-Agent: Apache-HttpClient/4.5.13 (Java/17.0.5)
2 > Accept-Encoding: gzip,deflate


11:25:10.752 [pool-1-thread-1] DEBUG com.intuit.karate - response time in milliseconds: 499
2 < 200
2 < Date: Fri, 14 Jun 2024 16:25:10 GMT
2 < Content-Type: application/json
2 < Transfer-Encoding: chunked
2 < Connection: keep-alive
2 < Vary: Origin
2 < Vary: Access-Control-Request-Method
2 < Vary: Access-Control-Request-Headers
2 < X-Content-Type-Options: nosniff
2 < X-XSS-Protection: 1; mode=block
2 < Cache-Control: no-cache, no-store, max-age=0, must-revalidate
2 < Pragma: no-cache
2 < Expires: 0
2 < X-Frame-Options: DENY
{"headers":{"httpStatusCode":200,"httpStatusDesc":"OK","messageUuid":"acxff62e-6f12-42de-9012-1e7304418abd","requestAppId":"c4e6bd04-5149-11e7-b114-a2f933d5fe66","requestDatetime":"2024-06-14T11:25:10"},"messageResponse":{"responseCode":"0000","responseMessage":"Transacción exitosa.","responseDetails":"Customer Owner Exists"},"data":{"customerOwner":{"customerOwnerId":"0a913355-8fcb-197f-8190-17913300082e","name":"Juan higuera","documentType":"CC","documentNumber":"123456","relation":"REPRESENTANTE_LEGAL","pep":"SI"}}}

11:25:10.761 [pool-1-thread-1] INFO  c.intuit.karate.core.FeatureRuntime - classpath:users/CustomerManagement01/../CustomerManagement01/Customers.feature - call by tag at line 7: Microservicios
11:25:10.765 [pool-1-thread-1] DEBUG com.intuit.karate - request:
1 > POST https://internal-AWS-PRB-ALB-BACK-398488634.us-east-1.elb.amazonaws.com/v1/transversal/administrative/customers
1 > message-uuid: acxff62e-6f12-42de-9012-1e7304418abd
1 > request-app-id: c4e6bd04-5149-11e7-b114-a2f933d5fe66
1 > Content-Type: application/json; charset=UTF-8
1 > Content-Length: 1050
1 > Host: internal-AWS-PRB-ALB-BACK-398488634.us-east-1.elb.amazonaws.com
1 > Connection: Keep-Alive
1 > User-Agent: Apache-HttpClient/4.5.13 (Java/17.0.5)
1 > Accept-Encoding: gzip,deflate
{"customerName":"6973405067347887","businessName":"6973405067347887","customerDocumentNumber":"6973405067347887","customerDocumentType":"NT","customerCode":"6973405067347887","regulatedSFC":"6973405067347887","logo":"","incomes":"80","expenses":"40","assets":"4","passives":"3","equity":"1","customerDomain":[{"domain":"gufum","status":"ACTIVE"}],"customerTypes":[{"customerTypeId":"0a91337e-8c88-1ce7-818c-8d87e2d8003d"}],"customerAddressInformation":{"customerCountry":"CO","customerDepartment":"CUNDINAMARCA","customerProvince":"BOGOTA","customerCity":"BOGOTA","customerAddress":"calle falsa 123"},"customerPhone":{"phoneCode":"57","phoneNumber":"3161002233"},"customerEmail":"fudrayepsu@gufum.com","ciiuCode":{"activity":"Estudios de mercado.","ciiuCode":"7320"},"customerOwners":[{"name":"Juan higuera","documentType":"CC","documentNumber":"123456","relation":"REPRESENTANTE_LEGAL","pep":"SI"}],"termsAndConditionVersion":"","policyVersion":"","financialInstitutionCode":"","entityType":"PUBLIC","eanCode":"","compensationCode":"","limitUse":""}

---------------------------------------------------------
feature: classpath:users/CustomerManagement01/Customers_owner.feature
scenarios:  5 | passed:  5 | failed:  0 | time: 9,4505
---------------------------------------------------------

11:25:10.913 [pool-2-thread-1] INFO  com.intuit.karate.Suite - <<pass>> feature 5 of 12 (7 remaining) classpath:users/CustomerManagement01/Customers_owner.feature
11:25:10.936 [pool-1-thread-2] DEBUG com.intuit.karate - response time in milliseconds: 445
2 < 200
2 < Date: Fri, 14 Jun 2024 16:25:10 GMT
2 < Content-Type: application/json
2 < Transfer-Encoding: chunked
2 < Connection: keep-alive
2 < Vary: Origin
2 < Vary: Access-Control-Request-Method
2 < Vary: Access-Control-Request-Headers
2 < X-Content-Type-Options: nosniff
2 < X-XSS-Protection: 1; mode=block
2 < Cache-Control: no-cache, no-store, max-age=0, must-revalidate
2 < Pragma: no-cache
2 < Expires: 0
2 < X-Frame-Options: DENY
{"headers":{"httpStatusCode":200,"httpStatusDesc":"OK","messageUuid":"acxff62e-6f12-42de-9012-1e7304418abd","requestAppId":"c4e6bd04-5149-11e7-b114-a2f933d5fe66","requestDatetime":"2024-06-14T11:25:10"},"messageResponse":{"responseCode":"0000","responseMessage":"Transacción exitosa.","responseDetails":"Consult of the products of a Customer successful"},"data":{"customerId":"0a913355-8fcb-197f-8190-179133d2082f","products":[]}}

11:25:10.943 [pool-1-thread-2] DEBUG com.intuit.karate - request:
1 > POST https://internal-AWS-PRB-ALB-BACK-398488634.us-east-1.elb.amazonaws.com/v1/transversal/commons/products
1 > message-uuid: acxff62e-6f12-42de-9012-1e7304418abd
1 > Content-Type: application/json; charset=UTF-8
1 > Content-Length: 532
1 > Host: internal-AWS-PRB-ALB-BACK-398488634.us-east-1.elb.amazonaws.com
1 > Connection: Keep-Alive
1 > User-Agent: Apache-HttpClient/4.5.13 (Java/17.0.5)
1 > Accept-Encoding: gzip,deflate
{"name":"8653277638567965","businessLine":"TX","productCode":"11111","description":"Producto Nuevo para realizar pruebas900123999999434543543543543590012399999943454354354900123999999434543543543543590012399999943499999943454354354900123999999434543543543543590012399999943454354354","logo":"900123999999434543543543543590012399999943454354354900123999999434543543543543590012399999943454354354900123999999434543543543543590012399999943454354354","supportedCustomerTypes":[{"customerTypeId":"0a91335c-8c6e-1435-818c-7da122e4003f"}]}

11:25:11.507 [pool-1-thread-2] DEBUG com.intuit.karate - response time in milliseconds: 564
1 < 201
1 < Date: Fri, 14 Jun 2024 16:25:11 GMT
1 < Content-Type: application/json
1 < Transfer-Encoding: chunked
1 < Connection: keep-alive
1 < Vary: Origin
1 < Vary: Access-Control-Request-Method
1 < Vary: Access-Control-Request-Headers
1 < X-Content-Type-Options: nosniff
1 < X-XSS-Protection: 1; mode=block
1 < Cache-Control: no-cache, no-store, max-age=0, must-revalidate
1 < Pragma: no-cache
1 < Expires: 0
1 < X-Frame-Options: DENY
{"headers":{"httpStatusCode":201,"httpStatusDesc":"CREATED","messageUuid":"acxff62e-6f12-42de-9012-1e7304418abd","requestAppId":null,"requestDatetime":"2024-06-14T11:25:11"},"messageResponse":{"responseCode":"0000","responseMessage":"Transacción exitosa.","responseDetails":"Account created, success."},"data":{"product":{"productId":"0a913464-8fce-1a1a-8190-179137b2006f","name":"8653277638567965","businessLine":"TX","supportedCustomerTypes":[{"customerTypeId":"0a91335c-8c6e-1435-818c-7da122e4003f","customerTypeValue":"COMPANYPOST123COMCO","customerTypeLabel":"Para pruebas"}],"createDatetime":"2024-06-14T11:25:11","logo":"900123999999434543543543543590012399999943454354354900123999999434543543543543590012399999943454354354900123999999434543543543543590012399999943454354354","description":"Producto Nuevo para realizar pruebas900123999999434543543543543590012399999943454354354900123999999434543543543543590012399999943499999943454354354900123999999434543543543543590012399999943454354354","productCode":"11111"}}}

11:25:11.510 [pool-1-thread-2] INFO  com.intuit.karate - [print] 0a913464-8fce-1a1a-8190-179137b2006f 
11:25:11.516 [pool-1-thread-2] DEBUG com.intuit.karate - request:
1 > GET https://internal-AWS-PRB-ALB-BACK-398488634.us-east-1.elb.amazonaws.com/v1/transversal/commons/products?pageNumber=1&pageSize=10
1 > message-uuid: acxff62e-6f12-42de-9012-1e7304418abd
1 > request-app-id: c4e6bd04-5149-11e7-b114-a2f933d5fe66
1 > Content-Type: application/json
1 > Host: internal-AWS-PRB-ALB-BACK-398488634.us-east-1.elb.amazonaws.com
1 > Connection: Keep-Alive
1 > User-Agent: Apache-HttpClient/4.5.13 (Java/17.0.5)
1 > Accept-Encoding: gzip,deflate


11:25:11.901 [pool-1-thread-1] DEBUG com.intuit.karate - response time in milliseconds: 1136
1 < 201
1 < Date: Fri, 14 Jun 2024 16:25:11 GMT
1 < Content-Type: application/json
1 < Transfer-Encoding: chunked
1 < Connection: keep-alive
1 < Vary: Origin
1 < Vary: Access-Control-Request-Method
1 < Vary: Access-Control-Request-Headers
1 < X-Content-Type-Options: nosniff
1 < X-XSS-Protection: 1; mode=block
1 < Cache-Control: no-cache, no-store, max-age=0, must-revalidate
1 < Pragma: no-cache
1 < Expires: 0
1 < X-Frame-Options: DENY
{"headers":{"httpStatusCode":201,"httpStatusDesc":"CREATED","messageUuid":"acxff62e-6f12-42de-9012-1e7304418abd","requestAppId":"c4e6bd04-5149-11e7-b114-a2f933d5fe66","requestDatetime":"2024-06-14T11:25:11"},"messageResponse":{"responseCode":"0000","responseMessage":"Transacción exitosa.","responseDetails":"Customer Created Successfully"},"data":{"customer":{"customerId":"0a913355-8fcb-197f-8190-179139440834","customerName":"6973405067347887","businessName":"6973405067347887","customerDomains":[{"customerDomainId":"0a913355-8fcb-197f-8190-179139500836","customerDomain":"gufum","status":"ACTIVE"}],"customerDocumentType":"NT","customerDocumentNumber":"6973405067347887","customerCode":"6973405067347887","regulatedSFC":"6973405067347887","logo":"","incomes":"80","expenses":"40","assets":"4","passives":"3","equity":"1","customerTypes":[{"customerTypeId":"0a91337e-8c88-1ce7-818c-8d87e2d8003d","customerTypeValue":"ADMINISTRATOR_PARTNER12241","customerTypeLabel":"OPERADORAS DE INFORMACIÓN 1"}],"customerStatus":"ACTIVE","customerAddressInformation":{"customerCountry":"CO","customerDepartment":"CUNDINAMARCA","customerProvince":"BOGOTA","customerCity":"BOGOTA","customerAddress":"calle falsa 123"},"customerPhone":{"phoneCode":"57","phoneNumber":"3161002233"},"customerEmail":"fudrayepsu@gufum.com","ciiuCode":{"ciiuCode":"7320","activity":"Estudios de mercado."},"customerOwners":[{"customerOwnerId":"0a913355-8fcb-197f-8190-179139610838","name":"Juan higuera","documentType":"CC","documentNumber":"123456","relation":"REPRESENTANTE_LEGAL","pep":"SI"}],"termsAndConditionVersion":"","termsAndConditionDatetime":"","policyVersion":"","policyDatetime":"2024-06-14T11:25:11","financialInstitutionCode":"","createDatetime":"2024-06-14T11:25:11","entityType":"PUBLIC","eanCode":"","compensationCode":"","limitUse":"","updateDatetime":"2024-06-14T11:25:11","groupId":"58ef5f83-9949-4f6f-a843-60942dc70eb8"}}}

11:25:11.902 [pool-1-thread-1] INFO  com.intuit.karate - [print] 0a913355-8fcb-197f-8190-179139440834 
11:25:11.902 [pool-1-thread-1] INFO  com.intuit.karate - [print] 0a913355-8fcb-197f-8190-179139500836 
11:25:11.903 [pool-1-thread-1] INFO  com.intuit.karate - [print] 0a913355-8fcb-197f-8190-179139610838 
11:25:11.903 [pool-1-thread-1] DEBUG c.intuit.karate.core.ScenarioEngine - over-writing existing variable 'generarData' with new value: Java.type('Utilidades.generarData')
11:25:11.905 [pool-1-thread-1] DEBUG com.intuit.karate - request:
2 > GET https://internal-aws-prb-alb-back-398488634.us-east-1.elb.amazonaws.com/v1/transversal/administrative/customers/0a91337e-8c88-1ce7-818c-b2785f9f00c3/products/0a9134fb-8ccc-1191-818c-d138bfa10000
2 > message-uuid: acxff62e-6f12-42de-9012-1e7304418abd
2 > request-app-id: c4e6bd04-5149-11e7-b114-a2f933d5fe66
2 > Content-Type: application/json
2 > Host: internal-aws-prb-alb-back-398488634.us-east-1.elb.amazonaws.com
2 > Connection: Keep-Alive
2 > User-Agent: Apache-HttpClient/4.5.13 (Java/17.0.5)
2 > Accept-Encoding: gzip,deflate


11:25:12.253 [pool-1-thread-2] DEBUG com.intuit.karate - response time in milliseconds: 737
1 < 200
1 < Date: Fri, 14 Jun 2024 16:25:12 GMT
1 < Content-Type: application/json
1 < Transfer-Encoding: chunked
1 < Connection: keep-alive
1 < Vary: Origin
1 < Vary: Access-Control-Request-Method
1 < Vary: Access-Control-Request-Headers
1 < X-Content-Type-Options: nosniff
1 < X-XSS-Protection: 1; mode=block
1 < Cache-Control: no-cache, no-store, max-age=0, must-revalidate
1 < Pragma: no-cache
1 < Expires: 0
1 < X-Frame-Options: DENY
{"headers":{"httpStatusCode":200,"httpStatusDesc":"OK","messageUuid":"acxff62e-6f12-42de-9012-1e7304418abd","requestAppId":"c4e6bd04-5149-11e7-b114-a2f933d5fe66","requestDatetime":"2024-06-14T11:25:12"},"messageResponse":{"responseCode":"0000","responseMessage":"Transacción exitosa.","responseDetails":"Product exists."},"data":{"products":[{"productId":"0a91331f-8cf9-19f2-818c-f95ee77b0000","name":"Prueba324343322","businessLine":"PAGOS","supportedCustomerTypes":[{"customerTypeId":"0a91335c-8c6e-1435-818c-7da122e4003f","customerTypeValue":"COMPANYPOST123COMCO","customerTypeLabel":"Para pruebas"}],"createDatetime":"2024-01-11T11:33:15","logo":"434","description":"Producto Nuevo para realizar ","productCode":"11111"},{"productId":"0a91331f-8cf9-19f2-818c-f974110e0002","name":"Prueba3243433434322","businessLine":"PAGOS","supportedCustomerTypes":[{"customerTypeId":"0a91335c-8c6e-1435-818c-7da122e4003f","customerTypeValue":"COMPANYPOST123COMCO","customerTypeLabel":"Para pruebas"}],"createDatetime":"2024-01-11T11:56:22","logo":"434","description":"Producto Nuevo para realizar ","productCode":"11111"},{"productId":"0a91331f-8cf9-19f2-818c-f97aad240004","name":"string","businessLine":"PAGOS","supportedCustomerTypes":[{"customerTypeId":"0a91335c-8c6e-1435-818c-7da122e4003f","customerTypeValue":"COMPANYPOST123COMCO","customerTypeLabel":"Para pruebas"}],"createDatetime":"2024-01-11T12:03:35","logo":"BORw0KGgoAAAANSUhEUgAAAc4A","description":"product for PSE","productCode":"91811rerewrewrsdfs45453454353dr34"},{"productId":"0a91331f-8cf9-19f2-818c-f988e1d40006","name":"Prueba324343343ffd4349322","businessLine":"PAGOS","supportedCustomerTypes":[{"customerTypeId":"0a91335c-8c6e-1435-818c-7da122e4003f","customerTypeValue":"COMPANYPOST123COMCO","customerTypeLabel":"Para pruebas"}],"createDatetime":"2024-01-11T12:19:06","logo":"434","description":"Producto Nuevo para realizar ","productCode":"11111dfghjhgfdghjgfdf5454dferdgdfgdfgdfgsdfgd"},{"productId":"0a91331f-8cf9-19f2-818c-f98fea080008","name":"Prueba 04","businessLine":"TX","supportedCustomerTypes":[{"customerTypeId":"7f000101-8adc-1104-818a-dc48239d0061","customerTypeValue":"PAYMENT_INITIATOR","customerTypeLabel":"Iniciador de Pago"},{"customerTypeId":"7f000101-8adc-1104-818a-dc48239d0061","customerTypeValue":"PAYMENT_INITIATOR","customerTypeLabel":"Iniciador de Pago"}],"createDatetime":"2024-01-11T12:26:47","logo":"cnjdnjd","description":"Producto Nuevo para realizar pruebas 01","productCode":"11113"},{"productId":"0a91331f-8cf9-19f2-818c-f9958e52000b","name":"Prueba 05","businessLine":"TX","supportedCustomerTypes":[{"customerTypeId":"7f000101-8adc-1104-818a-dc48239d0061","customerTypeValue":"PAYMENT_INITIATOR","customerTypeLabel":"Iniciador de Pago"},{"customerTypeId":"7f000101-8adc-1104-818a-dc48239d0061","customerTypeValue":"PAYMENT_INITIATOR","customerTypeLabel":"Iniciador de Pago"}],"createDatetime":"2024-01-11T12:32:57","logo":"cnjdnjd","description":"Producto Nuevo para realizar pruebas 01","productCode":"11113"},{"productId":"0a91331f-8cf9-19f2-818c-f99708d1000e","name":"Prueba 06","businessLine":"TX","supportedCustomerTypes":[{"customerTypeId":"7f000101-8adc-1104-818a-dc48239d0061","customerTypeValue":"PAYMENT_INITIATOR","customerTypeLabel":"Iniciador de Pago"},{"customerTypeId":"7f000101-8adc-1104-818a-dc48239d0061","customerTypeValue":"PAYMENT_INITIATOR","customerTypeLabel":"Iniciador de Pago"}],"createDatetime":"2024-01-11T12:34:34","logo":"cnjdnjd","description":"Producto Nuevo para realizar pruebas 01","productCode":"11113"},{"productId":"0a91331f-8cf9-19f2-818c-fa15871b0013","name":"PruebaXerer32fdfds5454543434434353","businessLine":"TX","supportedCustomerTypes":[{"customerTypeId":"0a91335c-8c6e-1435-818c-7da122e4003f","customerTypeValue":"COMPANYPOST123COMCO","customerTypeLabel":"Para pruebas"}],"createDatetime":"2024-01-11T14:52:44","logo":"900123999999434543543543543590012399999943454354354900123999999434543543543543590012399999943454354354900123999999434543543543543590012399999943454354354","description":"Producto Nuevo para realizar pruebas900123999999434543543543543590012399999943454354354900123999999434543543543543590012399999943499999943454354354900123999999434543543543543590012399999943454354354","productCode":"11111"},{"productId":"0a91331f-8cf9-19f2-818c-fa6170070015","name":"kilo23334","businessLine":"PAGOS","supportedCustomerTypes":[{"customerTypeId":"0a91335c-8c6e-1435-818c-7da122e4003f","customerTypeValue":"COMPANYPOST123COMCO","customerTypeLabel":"Para pruebas"}],"createDatetime":"2024-01-11T16:15:38","logo":"434","description":"Producto Nuevo para realizarProducto Nuevo para realizarProducto Nuevo para realizarProducto Nuevo para realizar ","productCode":"11111dfghfdf56546565656565443"},{"productId":"0a91331f-8cf9-19f2-818c-fa62b5530017","name":"kilo2333544","businessLine":"PAGOS","supportedCustomerTypes":[{"customerTypeId":"0a91335c-8c6e-1435-818c-7da122e4003f","customerTypeValue":"COMPANYPOST123COMCO","customerTypeLabel":"Para pruebas"}],"createDatetime":"2024-01-11T16:17:02","logo":"oducto Nuevo para realizarProducto Nuevo para realizarProducto Nuevo para realizarProducto Nuevo para realizarProducto Nuevo para realizarProducto Nuevo para realizaroducto Nuevo para realizarProducto Nuevo para realizarProducto Nuevo para realizarProducto Nuevo para realizarProducto Nuevo para realizarProducto Nuevo para realizaroducto Nuevo para realizarProducto Nuevo para realizarProducto Nuevo para realizarProducto Nuevo para realizarProducto Nuevo para realizarProducto Nuevo para realizaroducto Nuevo para realizarProducto Nuevo para realizarProducto Nuevo para realizarProducto Nuevo para realizarProducto Nuevo para realizarProducto Nuevo para realizaroducto Nuevo para realizarProducto Nuevo para realizarProducto Nuevo para realizarProducto Nuevo para realizarProducto Nuevo para realizarProducto Nuevo para realizaroducto Nuevo para realizarProducto Nuevo para realizarProducto Nuevo para realizarProducto Nuevo para realizarProducto Nuevo para realizarProducto Nuevo para realizaroducto Nuevo para realizarProducto Nuevo para realizarProducto Nuevo para realizarProducto Nuevo para realizarProducto Nuevo para realizarProducto Nuevo para realizaroducto Nuevo para realizarProducto Nuevo para realizarProducto Nuevo para realizarProducto Nuevo para realizarProducto Nuevo para realizarProducto Nuevo para realizaroducto Nuevo para realizarProducto Nuevo para realizarProducto Nuevo para realizarProducto Nuevo para realizarProducto Nuevo para realizarProducto Nuevo para realizaroducto Nuevo para realizarProducto Nuevo para realizarProducto Nuevo para realizarProducto Nuevo para realizarProducto Nuevo para realizarProducto Nuevo para realizaroducto Nuevo para realizarProducto Nuevo para realizarProducto Nuevo para realizarProducto Nuevo para realizarProducto Nuevo para realizarProducto Nuevo para realizaroducto Nuevo para realizarProducto Nuevo para realizarProducto Nuevo para realizarProducto Nuevo para realizarProducto Nuevo para realizarProducto Nuevo para realizaroducto Nuevo para realizarProducto Nuevo para realizarProducto Nuevo para realizarProducto Nuevo para realizarProducto Nuevo para realizarProducto Nuevo para realizaroducto Nuevo para realizarProducto Nuevo para realizarProducto Nuevo para realizarProducto Nuevo para realizarProducto Nuevo para realizarProducto Nuevo para realizaroducto Nuevo para realizarProducto Nuevo para realizarProducto Nuevo para realizarProducto Nuevo para realizarProducto Nuevo para realizarProducto Nuevo para realizar","description":"Producto Nuevo para realizarProducto Nuevo para realizarProducto Nuevo para realizarPr","productCode":"11111dfghfdf56546565656565443"}]},"pagination":{"totalElements":985,"pageSize":10,"pageNumber":1,"hasMoreElements":true}}

11:25:12.257 [pool-1-thread-2] INFO  c.intuit.karate.core.FeatureRuntime - classpath:users/ProductManager02/../ProductManager02/CustomersCommonsProducts.feature - call by tag at line 7: Microservicios
11:25:12.261 [pool-1-thread-2] DEBUG com.intuit.karate - request:
1 > POST https://internal-AWS-PRB-ALB-BACK-398488634.us-east-1.elb.amazonaws.com/v1/transversal/commons/products
1 > message-uuid: acxff62e-6f12-42de-9012-1e7304418abd
1 > Content-Type: application/json; charset=UTF-8
1 > Content-Length: 532
1 > Host: internal-AWS-PRB-ALB-BACK-398488634.us-east-1.elb.amazonaws.com
1 > Connection: Keep-Alive
1 > User-Agent: Apache-HttpClient/4.5.13 (Java/17.0.5)
1 > Accept-Encoding: gzip,deflate
{"name":"6081771552717030","businessLine":"TX","productCode":"11111","description":"Producto Nuevo para realizar pruebas900123999999434543543543543590012399999943454354354900123999999434543543543543590012399999943499999943454354354900123999999434543543543543590012399999943454354354","logo":"900123999999434543543543543590012399999943454354354900123999999434543543543543590012399999943454354354900123999999434543543543543590012399999943454354354","supportedCustomerTypes":[{"customerTypeId":"0a91335c-8c6e-1435-818c-7da122e4003f"}]}

11:25:12.432 [pool-1-thread-1] DEBUG com.intuit.karate - response time in milliseconds: 527
2 < 200
2 < Date: Fri, 14 Jun 2024 16:25:12 GMT
2 < Content-Type: application/json
2 < Transfer-Encoding: chunked
2 < Connection: keep-alive
2 < Vary: Origin
2 < Vary: Access-Control-Request-Method
2 < Vary: Access-Control-Request-Headers
2 < X-Content-Type-Options: nosniff
2 < X-XSS-Protection: 1; mode=block
2 < Cache-Control: no-cache, no-store, max-age=0, must-revalidate
2 < Pragma: no-cache
2 < Expires: 0
2 < X-Frame-Options: DENY
{"headers":{"httpStatusCode":200,"httpStatusDesc":"OK","messageUuid":"acxff62e-6f12-42de-9012-1e7304418abd","requestAppId":"c4e6bd04-5149-11e7-b114-a2f933d5fe66","requestDatetime":"2024-06-14T11:25:12"},"messageResponse":{"responseCode":"0000","responseMessage":"Transacción exitosa.","responseDetails":""},"data":{"customerId":"0a91337e-8c88-1ce7-818c-b2785f9f00c3","products":{"productId":"0a9134fb-8ccc-1191-818c-d138bfa10000","productName":"tdc_098325454233344342","subscription":{"subscriptionId":"0a9133bb-8ccc-1e3e-818c-d13929b40000","subscriptionName":"Some kilo1"},"supportCustomerType":["AV VILLAS"],"createDatetime":"2024-01-03T16:26:46"}}}

11:25:12.441 [pool-1-thread-1] INFO  c.intuit.karate.core.FeatureRuntime - classpath:users/ProductManager02/../ProductManager02/CustomersCommonsProducts.feature - call by tag at line 7: Microservicios
11:25:12.445 [pool-1-thread-1] DEBUG com.intuit.karate - request:
1 > POST https://internal-AWS-PRB-ALB-BACK-398488634.us-east-1.elb.amazonaws.com/v1/transversal/commons/products
1 > message-uuid: acxff62e-6f12-42de-9012-1e7304418abd
1 > Content-Type: application/json; charset=UTF-8
1 > Content-Length: 532
1 > Host: internal-AWS-PRB-ALB-BACK-398488634.us-east-1.elb.amazonaws.com
1 > Connection: Keep-Alive
1 > User-Agent: Apache-HttpClient/4.5.13 (Java/17.0.5)
1 > Accept-Encoding: gzip,deflate
{"name":"2236121375767631","businessLine":"TX","productCode":"11111","description":"Producto Nuevo para realizar pruebas900123999999434543543543543590012399999943454354354900123999999434543543543543590012399999943499999943454354354900123999999434543543543543590012399999943454354354","logo":"900123999999434543543543543590012399999943454354354900123999999434543543543543590012399999943454354354900123999999434543543543543590012399999943454354354","supportedCustomerTypes":[{"customerTypeId":"0a91335c-8c6e-1435-818c-7da122e4003f"}]}

---------------------------------------------------------
feature: classpath:users/CustomerManagement01/Customers_products.feature
scenarios:  2 | passed:  2 | failed:  0 | time: 3,2419
---------------------------------------------------------

11:25:12.505 [pool-2-thread-1] INFO  com.intuit.karate.Suite - <<pass>> feature 6 of 12 (6 remaining) classpath:users/CustomerManagement01/Customers_products.feature
11:25:12.807 [pool-1-thread-2] DEBUG com.intuit.karate - response time in milliseconds: 546
1 < 201
1 < Date: Fri, 14 Jun 2024 16:25:12 GMT
1 < Content-Type: application/json
1 < Transfer-Encoding: chunked
1 < Connection: keep-alive
1 < Vary: Origin
1 < Vary: Access-Control-Request-Method
1 < Vary: Access-Control-Request-Headers
1 < X-Content-Type-Options: nosniff
1 < X-XSS-Protection: 1; mode=block
1 < Cache-Control: no-cache, no-store, max-age=0, must-revalidate
1 < Pragma: no-cache
1 < Expires: 0
1 < X-Frame-Options: DENY
{"headers":{"httpStatusCode":201,"httpStatusDesc":"CREATED","messageUuid":"acxff62e-6f12-42de-9012-1e7304418abd","requestAppId":null,"requestDatetime":"2024-06-14T11:25:12"},"messageResponse":{"responseCode":"0000","responseMessage":"Transacción exitosa.","responseDetails":"Account created, success."},"data":{"product":{"productId":"0a913464-8fce-1a1a-8190-17913cf50071","name":"6081771552717030","businessLine":"TX","supportedCustomerTypes":[{"customerTypeId":"0a91335c-8c6e-1435-818c-7da122e4003f","customerTypeValue":"COMPANYPOST123COMCO","customerTypeLabel":"Para pruebas"}],"createDatetime":"2024-06-14T11:25:12","logo":"900123999999434543543543543590012399999943454354354900123999999434543543543543590012399999943454354354900123999999434543543543543590012399999943454354354","description":"Producto Nuevo para realizar pruebas900123999999434543543543543590012399999943454354354900123999999434543543543543590012399999943499999943454354354900123999999434543543543543590012399999943454354354","productCode":"11111"}}}

11:25:12.809 [pool-1-thread-2] INFO  com.intuit.karate - [print] 0a913464-8fce-1a1a-8190-17913cf50071 
11:25:12.811 [pool-1-thread-2] DEBUG c.intuit.karate.core.ScenarioEngine - over-writing existing variable 'generarData' with new value: Java.type('Utilidades.generarData')
11:25:12.814 [pool-1-thread-2] DEBUG com.intuit.karate - request:
2 > GET https://internal-AWS-PRB-ALB-BACK-398488634.us-east-1.elb.amazonaws.com/v1/transversal/commons/products/0a913464-8fce-1a1a-8190-17913cf50071
2 > message-uuid: acxff62e-6f12-42de-9012-1e7304418abd
2 > request-app-id: c4e6bd04-5149-11e7-b114-a2f933d5fe66
2 > Content-Type: application/json
2 > Host: internal-AWS-PRB-ALB-BACK-398488634.us-east-1.elb.amazonaws.com
2 > Connection: Keep-Alive
2 > User-Agent: Apache-HttpClient/4.5.13 (Java/17.0.5)
2 > Accept-Encoding: gzip,deflate


11:25:13.011 [pool-1-thread-1] DEBUG com.intuit.karate - response time in milliseconds: 566
1 < 201
1 < Date: Fri, 14 Jun 2024 16:25:12 GMT
1 < Content-Type: application/json
1 < Transfer-Encoding: chunked
1 < Connection: keep-alive
1 < Vary: Origin
1 < Vary: Access-Control-Request-Method
1 < Vary: Access-Control-Request-Headers
1 < X-Content-Type-Options: nosniff
1 < X-XSS-Protection: 1; mode=block
1 < Cache-Control: no-cache, no-store, max-age=0, must-revalidate
1 < Pragma: no-cache
1 < Expires: 0
1 < X-Frame-Options: DENY
{"headers":{"httpStatusCode":201,"httpStatusDesc":"CREATED","messageUuid":"acxff62e-6f12-42de-9012-1e7304418abd","requestAppId":null,"requestDatetime":"2024-06-14T11:25:12"},"messageResponse":{"responseCode":"0000","responseMessage":"Transacción exitosa.","responseDetails":"Account created, success."},"data":{"product":{"productId":"0a913464-8fce-1a1a-8190-17913da00073","name":"2236121375767631","businessLine":"TX","supportedCustomerTypes":[{"customerTypeId":"0a91335c-8c6e-1435-818c-7da122e4003f","customerTypeValue":"COMPANYPOST123COMCO","customerTypeLabel":"Para pruebas"}],"createDatetime":"2024-06-14T11:25:12","logo":"900123999999434543543543543590012399999943454354354900123999999434543543543543590012399999943454354354900123999999434543543543543590012399999943454354354","description":"Producto Nuevo para realizar pruebas900123999999434543543543543590012399999943454354354900123999999434543543543543590012399999943499999943454354354900123999999434543543543543590012399999943454354354","productCode":"11111"}}}

11:25:13.013 [pool-1-thread-1] INFO  com.intuit.karate - [print] 0a913464-8fce-1a1a-8190-17913da00073 
11:25:13.015 [pool-1-thread-1] DEBUG c.intuit.karate.core.ScenarioEngine - over-writing existing variable 'generarData' with new value: Java.type('Utilidades.generarData')
11:25:13.018 [pool-1-thread-1] DEBUG com.intuit.karate - request:
2 > PUT https://internal-AWS-PRB-ALB-BACK-398488634.us-east-1.elb.amazonaws.com/v1/transversal/commons/products/0a913464-8fce-1a1a-8190-17913da00073
2 > message-uuid: acxff62e-6f12-42de-9012-1e7304418abd
2 > request-app-id: c4e6bd04-5149-11e7-b114-a2f933d5fe66
2 > Content-Type: application/json; charset=UTF-8
2 > Content-Length: 193
2 > Host: internal-AWS-PRB-ALB-BACK-398488634.us-east-1.elb.amazonaws.com
2 > Connection: Keep-Alive
2 > User-Agent: Apache-HttpClient/4.5.13 (Java/17.0.5)
2 > Accept-Encoding: gzip,deflate
{"name":"string","logo":"BORw0KGgoAAAANSUhEUgAAAc4A","description":"product for PSE","productCode":"918111","supportedCustomerTypes":[{"customerTypeId":"0a91335c-8c6e-1435-818c-7da122e4003f"}]}

11:25:13.325 [pool-1-thread-2] DEBUG com.intuit.karate - response time in milliseconds: 511
2 < 200
2 < Date: Fri, 14 Jun 2024 16:25:13 GMT
2 < Content-Type: application/json
2 < Transfer-Encoding: chunked
2 < Connection: keep-alive
2 < Vary: Origin
2 < Vary: Access-Control-Request-Method
2 < Vary: Access-Control-Request-Headers
2 < X-Content-Type-Options: nosniff
2 < X-XSS-Protection: 1; mode=block
2 < Cache-Control: no-cache, no-store, max-age=0, must-revalidate
2 < Pragma: no-cache
2 < Expires: 0
2 < X-Frame-Options: DENY
{"headers":{"httpStatusCode":200,"httpStatusDesc":"OK","messageUuid":"acxff62e-6f12-42de-9012-1e7304418abd","requestAppId":"c4e6bd04-5149-11e7-b114-a2f933d5fe66","requestDatetime":"2024-06-14T11:25:13"},"messageResponse":{"responseCode":"0000","responseMessage":"Transacción exitosa.","responseDetails":"Product exists."},"data":{"product":{"productId":"0a913464-8fce-1a1a-8190-17913cf50071","name":"6081771552717030","businessLine":"TX","supportedCustomerTypes":[{"customerTypeId":"0a91335c-8c6e-1435-818c-7da122e4003f","customerTypeValue":"COMPANYPOST123COMCO","customerTypeLabel":"Para pruebas"}],"createDatetime":"2024-06-14T11:25:12","logo":"900123999999434543543543543590012399999943454354354900123999999434543543543543590012399999943454354354900123999999434543543543543590012399999943454354354","description":"Producto Nuevo para realizar pruebas900123999999434543543543543590012399999943454354354900123999999434543543543543590012399999943499999943454354354900123999999434543543543543590012399999943454354354","productCode":"11111"}}}

11:25:13.332 [pool-1-thread-2] INFO  c.intuit.karate.core.FeatureRuntime - classpath:users/ProductManager02/../ProductManager02/CustomersCommonsProducts.feature - call by tag at line 7: Microservicios
11:25:13.337 [pool-1-thread-2] DEBUG com.intuit.karate - request:
1 > POST https://internal-AWS-PRB-ALB-BACK-398488634.us-east-1.elb.amazonaws.com/v1/transversal/commons/products
1 > message-uuid: acxff62e-6f12-42de-9012-1e7304418abd
1 > Content-Type: application/json; charset=UTF-8
1 > Content-Length: 532
1 > Host: internal-AWS-PRB-ALB-BACK-398488634.us-east-1.elb.amazonaws.com
1 > Connection: Keep-Alive
1 > User-Agent: Apache-HttpClient/4.5.13 (Java/17.0.5)
1 > Accept-Encoding: gzip,deflate
{"name":"2488630456618425","businessLine":"TX","productCode":"11111","description":"Producto Nuevo para realizar pruebas900123999999434543543543543590012399999943454354354900123999999434543543543543590012399999943499999943454354354900123999999434543543543543590012399999943454354354","logo":"900123999999434543543543543590012399999943454354354900123999999434543543543543590012399999943454354354900123999999434543543543543590012399999943454354354","supportedCustomerTypes":[{"customerTypeId":"0a91335c-8c6e-1435-818c-7da122e4003f"}]}

11:25:13.532 [pool-1-thread-1] DEBUG com.intuit.karate - response time in milliseconds: 514
2 < 200
2 < Date: Fri, 14 Jun 2024 16:25:13 GMT
2 < Content-Type: application/json
2 < Transfer-Encoding: chunked
2 < Connection: keep-alive
2 < Vary: Origin
2 < Vary: Access-Control-Request-Method
2 < Vary: Access-Control-Request-Headers
2 < X-Content-Type-Options: nosniff
2 < X-XSS-Protection: 1; mode=block
2 < Cache-Control: no-cache, no-store, max-age=0, must-revalidate
2 < Pragma: no-cache
2 < Expires: 0
2 < X-Frame-Options: DENY
{"headers":{"httpStatusCode":200,"httpStatusDesc":"OK","messageUuid":"acxff62e-6f12-42de-9012-1e7304418abd","requestAppId":"c4e6bd04-5149-11e7-b114-a2f933d5fe66","requestDatetime":"2024-06-14T11:25:13"},"messageResponse":{"responseCode":"0000","responseMessage":"Transacción exitosa.","responseDetails":"Update success."},"data":{"product":{"productId":"0a913464-8fce-1a1a-8190-17913da00073","name":"string","businessLine":"TX","supportedCustomerTypes":[{"customerTypeId":"0a91335c-8c6e-1435-818c-7da122e4003f","customerTypeValue":"COMPANYPOST123COMCO","customerTypeLabel":"Para pruebas"}],"createDatetime":"2024-06-14T11:25:12","logo":"BORw0KGgoAAAANSUhEUgAAAc4A","description":"product for PSE","productCode":"918111"}}}

11:25:13.541 [pool-1-thread-1] INFO  c.intuit.karate.core.FeatureRuntime - classpath:users/SubscriptionManagement04/../SubscriptionManagement04/Suscription.feature - call by tag at line 7: Microservicios
11:25:13.545 [pool-1-thread-1] DEBUG c.intuit.karate.core.ScenarioEngine - over-writing existing variable 'generarData' with new value: Java.type('Utilidades.generarData')
11:25:13.550 [pool-1-thread-1] INFO  c.intuit.karate.core.FeatureRuntime - classpath:users/SubscriptionManagement04/../CustomerManagement01/Customers.feature - call by tag at line 7: Microservicios
11:25:13.553 [pool-1-thread-1] DEBUG c.intuit.karate.core.ScenarioEngine - over-writing existing variable 'generarData' with new value: Java.type('Utilidades.generarData')
11:25:13.558 [pool-1-thread-1] DEBUG com.intuit.karate - request:
1 > POST https://internal-AWS-PRB-ALB-BACK-398488634.us-east-1.elb.amazonaws.com/v1/transversal/administrative/customers
1 > message-uuid: acxff62e-6f12-42de-9012-1e7304418abd
1 > request-app-id: c4e6bd04-5149-11e7-b114-a2f933d5fe66
1 > Content-Type: application/json; charset=UTF-8
1 > Content-Length: 1050
1 > Host: internal-AWS-PRB-ALB-BACK-398488634.us-east-1.elb.amazonaws.com
1 > Connection: Keep-Alive
1 > User-Agent: Apache-HttpClient/4.5.13 (Java/17.0.5)
1 > Accept-Encoding: gzip,deflate
{"customerName":"8615062244553885","businessName":"8615062244553885","customerDocumentNumber":"8615062244553885","customerDocumentType":"NT","customerCode":"8615062244553885","regulatedSFC":"8615062244553885","logo":"","incomes":"80","expenses":"40","assets":"4","passives":"3","equity":"1","customerDomain":[{"domain":"gufum","status":"ACTIVE"}],"customerTypes":[{"customerTypeId":"0a91337e-8c88-1ce7-818c-8d87e2d8003d"}],"customerAddressInformation":{"customerCountry":"CO","customerDepartment":"CUNDINAMARCA","customerProvince":"BOGOTA","customerCity":"BOGOTA","customerAddress":"calle falsa 123"},"customerPhone":{"phoneCode":"57","phoneNumber":"3161002233"},"customerEmail":"fudrayepsu@gufum.com","ciiuCode":{"activity":"Estudios de mercado.","ciiuCode":"7320"},"customerOwners":[{"name":"Juan higuera","documentType":"CC","documentNumber":"123456","relation":"REPRESENTANTE_LEGAL","pep":"SI"}],"termsAndConditionVersion":"","policyVersion":"","financialInstitutionCode":"","entityType":"PUBLIC","eanCode":"","compensationCode":"","limitUse":""}

11:25:13.849 [pool-1-thread-2] DEBUG com.intuit.karate - response time in milliseconds: 512
1 < 201
1 < Date: Fri, 14 Jun 2024 16:25:13 GMT
1 < Content-Type: application/json
1 < Transfer-Encoding: chunked
1 < Connection: keep-alive
1 < Vary: Origin
1 < Vary: Access-Control-Request-Method
1 < Vary: Access-Control-Request-Headers
1 < X-Content-Type-Options: nosniff
1 < X-XSS-Protection: 1; mode=block
1 < Cache-Control: no-cache, no-store, max-age=0, must-revalidate
1 < Pragma: no-cache
1 < Expires: 0
1 < X-Frame-Options: DENY
{"headers":{"httpStatusCode":201,"httpStatusDesc":"CREATED","messageUuid":"acxff62e-6f12-42de-9012-1e7304418abd","requestAppId":null,"requestDatetime":"2024-06-14T11:25:13"},"messageResponse":{"responseCode":"0000","responseMessage":"Transacción exitosa.","responseDetails":"Account created, success."},"data":{"product":{"productId":"0a913464-8fce-1a1a-8190-179141010076","name":"2488630456618425","businessLine":"TX","supportedCustomerTypes":[{"customerTypeId":"0a91335c-8c6e-1435-818c-7da122e4003f","customerTypeValue":"COMPANYPOST123COMCO","customerTypeLabel":"Para pruebas"}],"createDatetime":"2024-06-14T11:25:13","logo":"900123999999434543543543543590012399999943454354354900123999999434543543543543590012399999943454354354900123999999434543543543543590012399999943454354354","description":"Producto Nuevo para realizar pruebas900123999999434543543543543590012399999943454354354900123999999434543543543543590012399999943499999943454354354900123999999434543543543543590012399999943454354354","productCode":"11111"}}}

11:25:13.851 [pool-1-thread-2] INFO  com.intuit.karate - [print] 0a913464-8fce-1a1a-8190-179141010076 
11:25:13.852 [pool-1-thread-2] DEBUG c.intuit.karate.core.ScenarioEngine - over-writing existing variable 'generarData' with new value: Java.type('Utilidades.generarData')
11:25:13.854 [pool-1-thread-2] DEBUG com.intuit.karate - request:
2 > DELETE https://internal-AWS-PRB-ALB-BACK-398488634.us-east-1.elb.amazonaws.com/v1/transversal/commons/products/0a913464-8fce-1a1a-8190-179141010076
2 > message-uuid: acxff62e-6f12-42de-9012-1e7304418abd
2 > request-app-id: c4e6bd04-5149-11e7-b114-a2f933d5fe66
2 > Content-Type: application/json
2 > Host: internal-AWS-PRB-ALB-BACK-398488634.us-east-1.elb.amazonaws.com
2 > Connection: Keep-Alive
2 > User-Agent: Apache-HttpClient/4.5.13 (Java/17.0.5)
2 > Accept-Encoding: gzip,deflate


11:25:14.358 [pool-1-thread-2] DEBUG com.intuit.karate - response time in milliseconds: 504
2 < 200
2 < Date: Fri, 14 Jun 2024 16:25:14 GMT
2 < Content-Type: application/json
2 < Transfer-Encoding: chunked
2 < Connection: keep-alive
2 < Vary: Origin
2 < Vary: Access-Control-Request-Method
2 < Vary: Access-Control-Request-Headers
2 < X-Content-Type-Options: nosniff
2 < X-XSS-Protection: 1; mode=block
2 < Cache-Control: no-cache, no-store, max-age=0, must-revalidate
2 < Pragma: no-cache
2 < Expires: 0
2 < X-Frame-Options: DENY
{"headers":{"httpStatusCode":200,"httpStatusDesc":"OK","messageUuid":"acxff62e-6f12-42de-9012-1e7304418abd","requestAppId":"c4e6bd04-5149-11e7-b114-a2f933d5fe66","requestDatetime":"2024-06-14T11:25:14"},"messageResponse":{"responseCode":"0000","responseMessage":"Transacción exitosa.","responseDetails":"Delete success."},"data":{"product":{"productId":"0a913464-8fce-1a1a-8190-179141010076","name":"2488630456618425","businessLine":"TX","supportedCustomerTypes":[{"customerTypeId":"0a91335c-8c6e-1435-818c-7da122e4003f","customerTypeValue":"COMPANYPOST123COMCO","customerTypeLabel":"Para pruebas"}],"createDatetime":"2024-06-14T11:25:13","logo":"900123999999434543543543543590012399999943454354354900123999999434543543543543590012399999943454354354900123999999434543543543543590012399999943454354354","description":"Producto Nuevo para realizar pruebas900123999999434543543543543590012399999943454354354900123999999434543543543543590012399999943499999943454354354900123999999434543543543543590012399999943454354354","productCode":"11111"}}}

11:25:14.362 [pool-1-thread-2] INFO  c.intuit.karate.core.FeatureRuntime - classpath:users/SubscriptionManagement04/../SubscriptionManagement04/Suscription.feature - call by tag at line 7: Microservicios
11:25:14.364 [pool-1-thread-2] DEBUG c.intuit.karate.core.ScenarioEngine - over-writing existing variable 'generarData' with new value: Java.type('Utilidades.generarData')
11:25:14.368 [pool-1-thread-2] INFO  c.intuit.karate.core.FeatureRuntime - classpath:users/SubscriptionManagement04/../CustomerManagement01/Customers.feature - call by tag at line 7: Microservicios
11:25:14.370 [pool-1-thread-2] DEBUG c.intuit.karate.core.ScenarioEngine - over-writing existing variable 'generarData' with new value: Java.type('Utilidades.generarData')
11:25:14.372 [pool-1-thread-2] DEBUG com.intuit.karate - request:
1 > POST https://internal-AWS-PRB-ALB-BACK-398488634.us-east-1.elb.amazonaws.com/v1/transversal/administrative/customers
1 > message-uuid: acxff62e-6f12-42de-9012-1e7304418abd
1 > request-app-id: c4e6bd04-5149-11e7-b114-a2f933d5fe66
1 > Content-Type: application/json; charset=UTF-8
1 > Content-Length: 1050
1 > Host: internal-AWS-PRB-ALB-BACK-398488634.us-east-1.elb.amazonaws.com
1 > Connection: Keep-Alive
1 > User-Agent: Apache-HttpClient/4.5.13 (Java/17.0.5)
1 > Accept-Encoding: gzip,deflate
{"customerName":"9105694605245017","businessName":"9105694605245017","customerDocumentNumber":"9105694605245017","customerDocumentType":"NT","customerCode":"9105694605245017","regulatedSFC":"9105694605245017","logo":"","incomes":"80","expenses":"40","assets":"4","passives":"3","equity":"1","customerDomain":[{"domain":"gufum","status":"ACTIVE"}],"customerTypes":[{"customerTypeId":"0a91337e-8c88-1ce7-818c-8d87e2d8003d"}],"customerAddressInformation":{"customerCountry":"CO","customerDepartment":"CUNDINAMARCA","customerProvince":"BOGOTA","customerCity":"BOGOTA","customerAddress":"calle falsa 123"},"customerPhone":{"phoneCode":"57","phoneNumber":"3161002233"},"customerEmail":"fudrayepsu@gufum.com","ciiuCode":{"activity":"Estudios de mercado.","ciiuCode":"7320"},"customerOwners":[{"name":"Juan higuera","documentType":"CC","documentNumber":"123456","relation":"REPRESENTANTE_LEGAL","pep":"SI"}],"termsAndConditionVersion":"","policyVersion":"","financialInstitutionCode":"","entityType":"PUBLIC","eanCode":"","compensationCode":"","limitUse":""}

---------------------------------------------------------
feature: classpath:users/ProductManager02/CustomersCommonsProducts.feature
scenarios:  5 | passed:  5 | failed:  0 | time: 4,5040
---------------------------------------------------------

11:25:14.445 [pool-2-thread-1] INFO  com.intuit.karate.Suite - <<pass>> feature 7 of 12 (5 remaining) classpath:users/ProductManager02/CustomersCommonsProducts.feature
11:25:15.066 [pool-1-thread-1] DEBUG com.intuit.karate - response time in milliseconds: 1508
1 < 201
1 < Date: Fri, 14 Jun 2024 16:25:14 GMT
1 < Content-Type: application/json
1 < Transfer-Encoding: chunked
1 < Connection: keep-alive
1 < Vary: Origin
1 < Vary: Access-Control-Request-Method
1 < Vary: Access-Control-Request-Headers
1 < X-Content-Type-Options: nosniff
1 < X-XSS-Protection: 1; mode=block
1 < Cache-Control: no-cache, no-store, max-age=0, must-revalidate
1 < Pragma: no-cache
1 < Expires: 0
1 < X-Frame-Options: DENY
{"headers":{"httpStatusCode":201,"httpStatusDesc":"CREATED","messageUuid":"acxff62e-6f12-42de-9012-1e7304418abd","requestAppId":"c4e6bd04-5149-11e7-b114-a2f933d5fe66","requestDatetime":"2024-06-14T11:25:14"},"messageResponse":{"responseCode":"0000","responseMessage":"Transacción exitosa.","responseDetails":"Customer Created Successfully"},"data":{"customer":{"customerId":"0a913355-8fcb-197f-8190-179145a40839","customerName":"8615062244553885","businessName":"8615062244553885","customerDomains":[{"customerDomainId":"0a913355-8fcb-197f-8190-179145ad083b","customerDomain":"gufum","status":"ACTIVE"}],"customerDocumentType":"NT","customerDocumentNumber":"8615062244553885","customerCode":"8615062244553885","regulatedSFC":"8615062244553885","logo":"","incomes":"80","expenses":"40","assets":"4","passives":"3","equity":"1","customerTypes":[{"customerTypeId":"0a91337e-8c88-1ce7-818c-8d87e2d8003d","customerTypeValue":"ADMINISTRATOR_PARTNER12241","customerTypeLabel":"OPERADORAS DE INFORMACIÓN 1"}],"customerStatus":"ACTIVE","customerAddressInformation":{"customerCountry":"CO","customerDepartment":"CUNDINAMARCA","customerProvince":"BOGOTA","customerCity":"BOGOTA","customerAddress":"calle falsa 123"},"customerPhone":{"phoneCode":"57","phoneNumber":"3161002233"},"customerEmail":"fudrayepsu@gufum.com","ciiuCode":{"ciiuCode":"7320","activity":"Estudios de mercado."},"customerOwners":[{"customerOwnerId":"0a913355-8fcb-197f-8190-179145be083d","name":"Juan higuera","documentType":"CC","documentNumber":"123456","relation":"REPRESENTANTE_LEGAL","pep":"SI"}],"termsAndConditionVersion":"","termsAndConditionDatetime":"","policyVersion":"","policyDatetime":"2024-06-14T11:25:13","financialInstitutionCode":"","createDatetime":"2024-06-14T11:25:13","entityType":"PUBLIC","eanCode":"","compensationCode":"","limitUse":"","updateDatetime":"2024-06-14T11:25:13","groupId":"606383fa-7f9b-4df8-9180-eaebe363da52"}}}

11:25:15.070 [pool-1-thread-1] INFO  com.intuit.karate - [print] 0a913355-8fcb-197f-8190-179145a40839 
11:25:15.070 [pool-1-thread-1] INFO  com.intuit.karate - [print] 0a913355-8fcb-197f-8190-179145ad083b 
11:25:15.071 [pool-1-thread-1] INFO  com.intuit.karate - [print] 0a913355-8fcb-197f-8190-179145be083d 
11:25:15.073 [pool-1-thread-1] DEBUG com.intuit.karate - request:
2 > POST https://internal-AWS-PRB-ALB-BACK-398488634.us-east-1.elb.amazonaws.com/v1/transversal/administrative/customers/0a913355-8fcb-197f-8190-179145a40839/subscriptions
2 > message-uuid: acxff62e-6f12-42de-9012-1e7304418abd
2 > Content-Type: application/json; charset=UTF-8
2 > Content-Length: 482
2 > Host: internal-AWS-PRB-ALB-BACK-398488634.us-east-1.elb.amazonaws.com
2 > Connection: Keep-Alive
2 > User-Agent: Apache-HttpClient/4.5.13 (Java/17.0.5)
2 > Accept-Encoding: gzip,deflate
{"productId":"0a91331f-8cf9-19f2-818d-7a21423f00ad","customerTypeId":"7f000101-8adc-1104-818a-dc48239d0061","subscriptionName":"Para preubas de subscriptionPara ","customerDocumentNumber":"9001239999994","customerName":"Pedro Perez2232","customerCode":"ABC121","customerDocumentType":"TI","contacts":[{"name":"Maria","email":"jj@gmail.com","telephoneNumber":"1121212121","contactType":"AB"},{"name":"Jose","email":"jose@gmail.com","telephoneNumber":"121212123","contactType":"BE"}]}

11:25:15.404 [pool-1-thread-2] DEBUG com.intuit.karate - response time in milliseconds: 1032
1 < 201
1 < Date: Fri, 14 Jun 2024 16:25:15 GMT
1 < Content-Type: application/json
1 < Transfer-Encoding: chunked
1 < Connection: keep-alive
1 < Vary: Origin
1 < Vary: Access-Control-Request-Method
1 < Vary: Access-Control-Request-Headers
1 < X-Content-Type-Options: nosniff
1 < X-XSS-Protection: 1; mode=block
1 < Cache-Control: no-cache, no-store, max-age=0, must-revalidate
1 < Pragma: no-cache
1 < Expires: 0
1 < X-Frame-Options: DENY
{"headers":{"httpStatusCode":201,"httpStatusDesc":"CREATED","messageUuid":"acxff62e-6f12-42de-9012-1e7304418abd","requestAppId":"c4e6bd04-5149-11e7-b114-a2f933d5fe66","requestDatetime":"2024-06-14T11:25:15"},"messageResponse":{"responseCode":"0000","responseMessage":"Transacción exitosa.","responseDetails":"Customer Created Successfully"},"data":{"customer":{"customerId":"0a913355-8fcb-197f-8190-1791470c083e","customerName":"9105694605245017","businessName":"9105694605245017","customerDomains":[{"customerDomainId":"0a913355-8fcb-197f-8190-1791471c0840","customerDomain":"gufum","status":"ACTIVE"}],"customerDocumentType":"NT","customerDocumentNumber":"9105694605245017","customerCode":"9105694605245017","regulatedSFC":"9105694605245017","logo":"","incomes":"80","expenses":"40","assets":"4","passives":"3","equity":"1","customerTypes":[{"customerTypeId":"0a91337e-8c88-1ce7-818c-8d87e2d8003d","customerTypeValue":"ADMINISTRATOR_PARTNER12241","customerTypeLabel":"OPERADORAS DE INFORMACIÓN 1"}],"customerStatus":"ACTIVE","customerAddressInformation":{"customerCountry":"CO","customerDepartment":"CUNDINAMARCA","customerProvince":"BOGOTA","customerCity":"BOGOTA","customerAddress":"calle falsa 123"},"customerPhone":{"phoneCode":"57","phoneNumber":"3161002233"},"customerEmail":"fudrayepsu@gufum.com","ciiuCode":{"ciiuCode":"7320","activity":"Estudios de mercado."},"customerOwners":[{"customerOwnerId":"0a913355-8fcb-197f-8190-179147340842","name":"Juan higuera","documentType":"CC","documentNumber":"123456","relation":"REPRESENTANTE_LEGAL","pep":"SI"}],"termsAndConditionVersion":"","termsAndConditionDatetime":"","policyVersion":"","policyDatetime":"2024-06-14T11:25:14","financialInstitutionCode":"","createDatetime":"2024-06-14T11:25:14","entityType":"PUBLIC","eanCode":"","compensationCode":"","limitUse":"","updateDatetime":"2024-06-14T11:25:14","groupId":"69159112-5c47-4afa-a2f6-60847fca0480"}}}

11:25:15.406 [pool-1-thread-2] INFO  com.intuit.karate - [print] 0a913355-8fcb-197f-8190-1791470c083e 
11:25:15.406 [pool-1-thread-2] INFO  com.intuit.karate - [print] 0a913355-8fcb-197f-8190-1791471c0840 
11:25:15.407 [pool-1-thread-2] INFO  com.intuit.karate - [print] 0a913355-8fcb-197f-8190-179147340842 
11:25:15.412 [pool-1-thread-2] DEBUG com.intuit.karate - request:
2 > POST https://internal-AWS-PRB-ALB-BACK-398488634.us-east-1.elb.amazonaws.com/v1/transversal/administrative/customers/0a913355-8fcb-197f-8190-1791470c083e/subscriptions
2 > message-uuid: acxff62e-6f12-42de-9012-1e7304418abd
2 > Content-Type: application/json; charset=UTF-8
2 > Content-Length: 482
2 > Host: internal-AWS-PRB-ALB-BACK-398488634.us-east-1.elb.amazonaws.com
2 > Connection: Keep-Alive
2 > User-Agent: Apache-HttpClient/4.5.13 (Java/17.0.5)
2 > Accept-Encoding: gzip,deflate
{"productId":"0a91331f-8cf9-19f2-818d-7a21423f00ad","customerTypeId":"7f000101-8adc-1104-818a-dc48239d0061","subscriptionName":"Para preubas de subscriptionPara ","customerDocumentNumber":"9001239999994","customerName":"Pedro Perez2232","customerCode":"ABC121","customerDocumentType":"TI","contacts":[{"name":"Maria","email":"jj@gmail.com","telephoneNumber":"1121212121","contactType":"AB"},{"name":"Jose","email":"jose@gmail.com","telephoneNumber":"121212123","contactType":"BE"}]}

11:25:15.755 [pool-1-thread-1] DEBUG com.intuit.karate - response time in milliseconds: 682
2 < 201
2 < Date: Fri, 14 Jun 2024 16:25:15 GMT
2 < Content-Type: application/json
2 < Transfer-Encoding: chunked
2 < Connection: keep-alive
2 < Vary: Origin
2 < Vary: Access-Control-Request-Method
2 < Vary: Access-Control-Request-Headers
2 < X-Content-Type-Options: nosniff
2 < X-XSS-Protection: 1; mode=block
2 < Cache-Control: no-cache, no-store, max-age=0, must-revalidate
2 < Pragma: no-cache
2 < Expires: 0
2 < X-Frame-Options: DENY
{"headers":{"httpStatusCode":201,"httpStatusDesc":"CREATED","messageUuid":"acxff62e-6f12-42de-9012-1e7304418abd","requestAppId":null,"requestDatetime":"2024-06-14T11:25:15"},"messageResponse":{"responseCode":"0000","responseMessage":"Transacción exitosa.","responseDetails":"Subscription created Successfully"},"data":{"subscription":{"subscriptionId":"0a9133a6-8f4e-17ca-8190-1791488c0376","productId":"0a91331f-8cf9-19f2-818d-7a21423f00ad","customerId":"0a913355-8fcb-197f-8190-179145a40839","customerTypeId":"7f000101-8adc-1104-818a-dc48239d0061","status":"ACTIVE","subscriptionName":"Para preubas de subscriptionPara ","customerDocumentNumber":"9001239999994","customerName":"Pedro Perez2232","customerCode":"ABC121","customerDocumentType":"TI","updateDatetime":"2024-06-14T11:25:15","accounts":[],"contacts":[{"subscriptionContactId":"0a9133a6-8f4e-17ca-8190-179148970377","subscriptionId":"0a9133a6-8f4e-17ca-8190-1791488c0376","name":"Maria","email":"jj@gmail.com","telephoneNumber":"1121212121","contactType":"AB"},{"subscriptionContactId":"0a9133a6-8f4e-17ca-8190-179148970378","subscriptionId":"0a9133a6-8f4e-17ca-8190-1791488c0376","name":"Jose","email":"jose@gmail.com","telephoneNumber":"121212123","contactType":"BE"}],"business":null}}}

11:25:15.756 [pool-1-thread-1] INFO  com.intuit.karate - [print] 0a913355-8fcb-197f-8190-179145a40839 
11:25:15.757 [pool-1-thread-1] INFO  com.intuit.karate - [print] 0a9133a6-8f4e-17ca-8190-1791488c0376 
11:25:15.760 [pool-1-thread-1] DEBUG com.intuit.karate - request:
3 > POST https://internal-AWS-PRB-ALB-BACK-398488634.us-east-1.elb.amazonaws.com/v1/transversal/administrative/customers/0a913355-8fcb-197f-8190-179145a40839/subscriptions/0a9133a6-8f4e-17ca-8190-1791488c0376/business
3 > message-uuid: acxff62e-6f12-42de-9012-1e7304418abd
3 > Content-Type: application/json; charset=UTF-8
3 > Content-Length: 370
3 > Host: internal-AWS-PRB-ALB-BACK-398488634.us-east-1.elb.amazonaws.com
3 > Connection: Keep-Alive
3 > User-Agent: Apache-HttpClient/4.5.13 (Java/17.0.5)
3 > Accept-Encoding: gzip,deflate
{"customerDocumentNumber":"8615062244553885","customerDocumentType":"CC","customerName":"Luis Lopez","businessName":"Zapatos11345","status":"ACTIVE","businessType":"Local","address":"Avenida 19 98-76","city":"Bogta","department":"Cundinamarca","email":"email@gmail.com","telephone":"30018181811","principalCiiuCode":"2491","secondaryCiiuCode":"1109","commerCode":"2345"}

11:25:16.001 [pool-1-thread-2] DEBUG com.intuit.karate - response time in milliseconds: 589
2 < 201
2 < Date: Fri, 14 Jun 2024 16:25:15 GMT
2 < Content-Type: application/json
2 < Transfer-Encoding: chunked
2 < Connection: keep-alive
2 < Vary: Origin
2 < Vary: Access-Control-Request-Method
2 < Vary: Access-Control-Request-Headers
2 < X-Content-Type-Options: nosniff
2 < X-XSS-Protection: 1; mode=block
2 < Cache-Control: no-cache, no-store, max-age=0, must-revalidate
2 < Pragma: no-cache
2 < Expires: 0
2 < X-Frame-Options: DENY
{"headers":{"httpStatusCode":201,"httpStatusDesc":"CREATED","messageUuid":"acxff62e-6f12-42de-9012-1e7304418abd","requestAppId":null,"requestDatetime":"2024-06-14T11:25:15"},"messageResponse":{"responseCode":"0000","responseMessage":"Transacción exitosa.","responseDetails":"Subscription created Successfully"},"data":{"subscription":{"subscriptionId":"0a9133a6-8f4e-17ca-8190-179149730379","productId":"0a91331f-8cf9-19f2-818d-7a21423f00ad","customerId":"0a913355-8fcb-197f-8190-1791470c083e","customerTypeId":"7f000101-8adc-1104-818a-dc48239d0061","status":"ACTIVE","subscriptionName":"Para preubas de subscriptionPara ","customerDocumentNumber":"9001239999994","customerName":"Pedro Perez2232","customerCode":"ABC121","customerDocumentType":"TI","updateDatetime":"2024-06-14T11:25:15","accounts":[],"contacts":[{"subscriptionContactId":"0a9133a6-8f4e-17ca-8190-17914986037a","subscriptionId":"0a9133a6-8f4e-17ca-8190-179149730379","name":"Maria","email":"jj@gmail.com","telephoneNumber":"1121212121","contactType":"AB"},{"subscriptionContactId":"0a9133a6-8f4e-17ca-8190-17914986037b","subscriptionId":"0a9133a6-8f4e-17ca-8190-179149730379","name":"Jose","email":"jose@gmail.com","telephoneNumber":"121212123","contactType":"BE"}],"business":null}}}

11:25:16.003 [pool-1-thread-2] INFO  com.intuit.karate - [print] 0a913355-8fcb-197f-8190-1791470c083e 
11:25:16.004 [pool-1-thread-2] INFO  com.intuit.karate - [print] 0a9133a6-8f4e-17ca-8190-179149730379 
11:25:16.008 [pool-1-thread-2] DEBUG com.intuit.karate - request:
3 > GET https://internal-AWS-PRB-ALB-BACK-398488634.us-east-1.elb.amazonaws.com/v1/transversal/administrative/customers/0a913355-8fcb-197f-8190-1791470c083e/subscriptions/0a9133a6-8f4e-17ca-8190-179149730379/business?pageNumber=1&pageSize=10
3 > message-uuid: acxff62e-6f12-42de-9012-1e7304418abd
3 > request-app-id: c4e6bd04-5149-11e7-b114-a2f933d5fe66
3 > Content-Type: application/json
3 > Host: internal-AWS-PRB-ALB-BACK-398488634.us-east-1.elb.amazonaws.com
3 > Connection: Keep-Alive
3 > User-Agent: Apache-HttpClient/4.5.13 (Java/17.0.5)
3 > Accept-Encoding: gzip,deflate


11:25:16.306 [pool-1-thread-1] DEBUG com.intuit.karate - response time in milliseconds: 545
3 < 201
3 < Date: Fri, 14 Jun 2024 16:25:16 GMT
3 < Content-Type: application/json
3 < Transfer-Encoding: chunked
3 < Connection: keep-alive
3 < Vary: Origin
3 < Vary: Access-Control-Request-Method
3 < Vary: Access-Control-Request-Headers
3 < X-Content-Type-Options: nosniff
3 < X-XSS-Protection: 1; mode=block
3 < Cache-Control: no-cache, no-store, max-age=0, must-revalidate
3 < Pragma: no-cache
3 < Expires: 0
3 < X-Frame-Options: DENY
{"headers":{"httpStatusCode":201,"httpStatusDesc":"CREATED","messageUuid":"acxff62e-6f12-42de-9012-1e7304418abd","requestAppId":null,"requestDatetime":"2024-06-14T11:25:16"},"messageResponse":{"responseCode":"0000","responseMessage":"Transacción exitosa.","responseDetails":"Account added to the Subscription successfully"},"data":{"business":{"subscriptionBusinessId":"0a9133a6-8f4e-17ca-8190-17914a9c037c","customerDocumentNumber":"8615062244553885","customerDocumentType":"CC","customerName":"Luis Lopez","businessName":"Zapatos11345","status":"ACTIVE","businessType":"Local","address":"Avenida 19 98-76","city":"Bogta","department":"Cundinamarca","email":"email@gmail.com","telephone":"30018181811","principalCiiuCode":"2491","secondaryCiiuCode":"1109","commerCode":"2345","createDatetime":"2024-06-14T11:25:16","updateDatetime":"2024-06-14T11:25:16"}}}

11:25:16.307 [pool-1-thread-1] INFO  com.intuit.karate - [print] 0a913355-8fcb-197f-8190-179145a40839 
11:25:16.308 [pool-1-thread-1] INFO  com.intuit.karate - [print] 0a9133a6-8f4e-17ca-8190-1791488c0376 
11:25:16.309 [pool-1-thread-1] INFO  com.intuit.karate - [print] 0a9133a6-8f4e-17ca-8190-17914a9c037c 
11:25:16.314 [pool-1-thread-1] INFO  c.intuit.karate.core.FeatureRuntime - classpath:users/SubscriptionManagement04/../SubscriptionManagement04/Subscriptions_Business.feature - call by tag at line 7: Microservicios
11:25:16.317 [pool-1-thread-1] DEBUG c.intuit.karate.core.ScenarioEngine - over-writing existing variable 'generarData' with new value: Java.type('Utilidades.generarData')
11:25:16.320 [pool-1-thread-1] INFO  c.intuit.karate.core.FeatureRuntime - classpath:users/SubscriptionManagement04/../SubscriptionManagement04/Suscription.feature - call by tag at line 7: Microservicios
11:25:16.322 [pool-1-thread-1] DEBUG c.intuit.karate.core.ScenarioEngine - over-writing existing variable 'generarData' with new value: Java.type('Utilidades.generarData')
11:25:16.325 [pool-1-thread-1] INFO  c.intuit.karate.core.FeatureRuntime - classpath:users/SubscriptionManagement04/../SubscriptionManagement04/../CustomerManagement01/Customers.feature - call by tag at line 7: Microservicios
11:25:16.327 [pool-1-thread-1] DEBUG c.intuit.karate.core.ScenarioEngine - over-writing existing variable 'generarData' with new value: Java.type('Utilidades.generarData')
11:25:16.329 [pool-1-thread-1] DEBUG com.intuit.karate - request:
1 > POST https://internal-AWS-PRB-ALB-BACK-398488634.us-east-1.elb.amazonaws.com/v1/transversal/administrative/customers
1 > message-uuid: acxff62e-6f12-42de-9012-1e7304418abd
1 > request-app-id: c4e6bd04-5149-11e7-b114-a2f933d5fe66
1 > Content-Type: application/json; charset=UTF-8
1 > Content-Length: 1050
1 > Host: internal-AWS-PRB-ALB-BACK-398488634.us-east-1.elb.amazonaws.com
1 > Connection: Keep-Alive
1 > User-Agent: Apache-HttpClient/4.5.13 (Java/17.0.5)
1 > Accept-Encoding: gzip,deflate
{"customerName":"9117536071654914","businessName":"9117536071654914","customerDocumentNumber":"9117536071654914","customerDocumentType":"NT","customerCode":"9117536071654914","regulatedSFC":"9117536071654914","logo":"","incomes":"80","expenses":"40","assets":"4","passives":"3","equity":"1","customerDomain":[{"domain":"gufum","status":"ACTIVE"}],"customerTypes":[{"customerTypeId":"0a91337e-8c88-1ce7-818c-8d87e2d8003d"}],"customerAddressInformation":{"customerCountry":"CO","customerDepartment":"CUNDINAMARCA","customerProvince":"BOGOTA","customerCity":"BOGOTA","customerAddress":"calle falsa 123"},"customerPhone":{"phoneCode":"57","phoneNumber":"3161002233"},"customerEmail":"fudrayepsu@gufum.com","ciiuCode":{"activity":"Estudios de mercado.","ciiuCode":"7320"},"customerOwners":[{"name":"Juan higuera","documentType":"CC","documentNumber":"123456","relation":"REPRESENTANTE_LEGAL","pep":"SI"}],"termsAndConditionVersion":"","policyVersion":"","financialInstitutionCode":"","entityType":"PUBLIC","eanCode":"","compensationCode":"","limitUse":""}

11:25:16.512 [pool-1-thread-2] DEBUG com.intuit.karate - response time in milliseconds: 504
3 < 200
3 < Date: Fri, 14 Jun 2024 16:25:16 GMT
3 < Content-Type: application/json
3 < Transfer-Encoding: chunked
3 < Connection: keep-alive
3 < Vary: Origin
3 < Vary: Access-Control-Request-Method
3 < Vary: Access-Control-Request-Headers
3 < X-Content-Type-Options: nosniff
3 < X-XSS-Protection: 1; mode=block
3 < Cache-Control: no-cache, no-store, max-age=0, must-revalidate
3 < Pragma: no-cache
3 < Expires: 0
3 < X-Frame-Options: DENY
{"headers":{"httpStatusCode":200,"httpStatusDesc":"OK","messageUuid":"acxff62e-6f12-42de-9012-1e7304418abd","requestAppId":"c4e6bd04-5149-11e7-b114-a2f933d5fe66","requestDatetime":"2024-06-14T11:25:16"},"messageResponse":{"responseCode":"0000","responseMessage":"Transacción exitosa.","responseDetails":"The request of Accounts list was successful"},"data":{"business":[]},"pagination":{"totalElements":0,"pageSize":10,"pageNumber":1,"hasMoreElements":false}}

11:25:16.520 [pool-1-thread-2] INFO  c.intuit.karate.core.FeatureRuntime - classpath:users/SubscriptionManagement04/../SubscriptionManagement04/Subscriptions_Business.feature - call by tag at line 7: Microservicios
11:25:16.522 [pool-1-thread-2] DEBUG c.intuit.karate.core.ScenarioEngine - over-writing existing variable 'generarData' with new value: Java.type('Utilidades.generarData')
11:25:16.525 [pool-1-thread-2] INFO  c.intuit.karate.core.FeatureRuntime - classpath:users/SubscriptionManagement04/../SubscriptionManagement04/Suscription.feature - call by tag at line 7: Microservicios
11:25:16.527 [pool-1-thread-2] DEBUG c.intuit.karate.core.ScenarioEngine - over-writing existing variable 'generarData' with new value: Java.type('Utilidades.generarData')
11:25:16.529 [pool-1-thread-2] INFO  c.intuit.karate.core.FeatureRuntime - classpath:users/SubscriptionManagement04/../SubscriptionManagement04/../CustomerManagement01/Customers.feature - call by tag at line 7: Microservicios
11:25:16.531 [pool-1-thread-2] DEBUG c.intuit.karate.core.ScenarioEngine - over-writing existing variable 'generarData' with new value: Java.type('Utilidades.generarData')
11:25:16.533 [pool-1-thread-2] DEBUG com.intuit.karate - request:
1 > POST https://internal-AWS-PRB-ALB-BACK-398488634.us-east-1.elb.amazonaws.com/v1/transversal/administrative/customers
1 > message-uuid: acxff62e-6f12-42de-9012-1e7304418abd
1 > request-app-id: c4e6bd04-5149-11e7-b114-a2f933d5fe66
1 > Content-Type: application/json; charset=UTF-8
1 > Content-Length: 1050
1 > Host: internal-AWS-PRB-ALB-BACK-398488634.us-east-1.elb.amazonaws.com
1 > Connection: Keep-Alive
1 > User-Agent: Apache-HttpClient/4.5.13 (Java/17.0.5)
1 > Accept-Encoding: gzip,deflate
{"customerName":"5264806279213701","businessName":"5264806279213701","customerDocumentNumber":"5264806279213701","customerDocumentType":"NT","customerCode":"5264806279213701","regulatedSFC":"5264806279213701","logo":"","incomes":"80","expenses":"40","assets":"4","passives":"3","equity":"1","customerDomain":[{"domain":"gufum","status":"ACTIVE"}],"customerTypes":[{"customerTypeId":"0a91337e-8c88-1ce7-818c-8d87e2d8003d"}],"customerAddressInformation":{"customerCountry":"CO","customerDepartment":"CUNDINAMARCA","customerProvince":"BOGOTA","customerCity":"BOGOTA","customerAddress":"calle falsa 123"},"customerPhone":{"phoneCode":"57","phoneNumber":"3161002233"},"customerEmail":"fudrayepsu@gufum.com","ciiuCode":{"activity":"Estudios de mercado.","ciiuCode":"7320"},"customerOwners":[{"name":"Juan higuera","documentType":"CC","documentNumber":"123456","relation":"REPRESENTANTE_LEGAL","pep":"SI"}],"termsAndConditionVersion":"","policyVersion":"","financialInstitutionCode":"","entityType":"PUBLIC","eanCode":"","compensationCode":"","limitUse":""}

11:25:17.722 [pool-1-thread-1] DEBUG com.intuit.karate - response time in milliseconds: 1392
1 < 201
1 < Date: Fri, 14 Jun 2024 16:25:17 GMT
1 < Content-Type: application/json
1 < Transfer-Encoding: chunked
1 < Connection: keep-alive
1 < Vary: Origin
1 < Vary: Access-Control-Request-Method
1 < Vary: Access-Control-Request-Headers
1 < X-Content-Type-Options: nosniff
1 < X-XSS-Protection: 1; mode=block
1 < Cache-Control: no-cache, no-store, max-age=0, must-revalidate
1 < Pragma: no-cache
1 < Expires: 0
1 < X-Frame-Options: DENY
{"headers":{"httpStatusCode":201,"httpStatusDesc":"CREATED","messageUuid":"acxff62e-6f12-42de-9012-1e7304418abd","requestAppId":"c4e6bd04-5149-11e7-b114-a2f933d5fe66","requestDatetime":"2024-06-14T11:25:17"},"messageResponse":{"responseCode":"0000","responseMessage":"Transacción exitosa.","responseDetails":"Customer Created Successfully"},"data":{"customer":{"customerId":"0a913355-8fcb-197f-8190-179150310843","customerName":"9117536071654914","businessName":"9117536071654914","customerDomains":[{"customerDomainId":"0a913355-8fcb-197f-8190-1791503d0845","customerDomain":"gufum","status":"ACTIVE"}],"customerDocumentType":"NT","customerDocumentNumber":"9117536071654914","customerCode":"9117536071654914","regulatedSFC":"9117536071654914","logo":"","incomes":"80","expenses":"40","assets":"4","passives":"3","equity":"1","customerTypes":[{"customerTypeId":"0a91337e-8c88-1ce7-818c-8d87e2d8003d","customerTypeValue":"ADMINISTRATOR_PARTNER12241","customerTypeLabel":"OPERADORAS DE INFORMACIÓN 1"}],"customerStatus":"ACTIVE","customerAddressInformation":{"customerCountry":"CO","customerDepartment":"CUNDINAMARCA","customerProvince":"BOGOTA","customerCity":"BOGOTA","customerAddress":"calle falsa 123"},"customerPhone":{"phoneCode":"57","phoneNumber":"3161002233"},"customerEmail":"fudrayepsu@gufum.com","ciiuCode":{"ciiuCode":"7320","activity":"Estudios de mercado."},"customerOwners":[{"customerOwnerId":"0a913355-8fcb-197f-8190-1791504e0847","name":"Juan higuera","documentType":"CC","documentNumber":"123456","relation":"REPRESENTANTE_LEGAL","pep":"SI"}],"termsAndConditionVersion":"","termsAndConditionDatetime":"","policyVersion":"","policyDatetime":"2024-06-14T11:25:16","financialInstitutionCode":"","createDatetime":"2024-06-14T11:25:16","entityType":"PUBLIC","eanCode":"","compensationCode":"","limitUse":"","updateDatetime":"2024-06-14T11:25:16","groupId":"780acd04-9ed4-4988-9015-9c43ac2db323"}}}

11:25:17.724 [pool-1-thread-1] INFO  com.intuit.karate - [print] 0a913355-8fcb-197f-8190-179150310843 
11:25:17.725 [pool-1-thread-1] INFO  com.intuit.karate - [print] 0a913355-8fcb-197f-8190-1791503d0845 
11:25:17.725 [pool-1-thread-1] INFO  com.intuit.karate - [print] 0a913355-8fcb-197f-8190-1791504e0847 
11:25:17.727 [pool-1-thread-1] DEBUG com.intuit.karate - request:
2 > POST https://internal-AWS-PRB-ALB-BACK-398488634.us-east-1.elb.amazonaws.com/v1/transversal/administrative/customers/0a913355-8fcb-197f-8190-179150310843/subscriptions
2 > message-uuid: acxff62e-6f12-42de-9012-1e7304418abd
2 > Content-Type: application/json; charset=UTF-8
2 > Content-Length: 482
2 > Host: internal-AWS-PRB-ALB-BACK-398488634.us-east-1.elb.amazonaws.com
2 > Connection: Keep-Alive
2 > User-Agent: Apache-HttpClient/4.5.13 (Java/17.0.5)
2 > Accept-Encoding: gzip,deflate
{"productId":"0a91331f-8cf9-19f2-818d-7a21423f00ad","customerTypeId":"7f000101-8adc-1104-818a-dc48239d0061","subscriptionName":"Para preubas de subscriptionPara ","customerDocumentNumber":"9001239999994","customerName":"Pedro Perez2232","customerCode":"ABC121","customerDocumentType":"TI","contacts":[{"name":"Maria","email":"jj@gmail.com","telephoneNumber":"1121212121","contactType":"AB"},{"name":"Jose","email":"jose@gmail.com","telephoneNumber":"121212123","contactType":"BE"}]}

11:25:17.968 [pool-1-thread-2] DEBUG com.intuit.karate - response time in milliseconds: 1435
1 < 201
1 < Date: Fri, 14 Jun 2024 16:25:17 GMT
1 < Content-Type: application/json
1 < Transfer-Encoding: chunked
1 < Connection: keep-alive
1 < Vary: Origin
1 < Vary: Access-Control-Request-Method
1 < Vary: Access-Control-Request-Headers
1 < X-Content-Type-Options: nosniff
1 < X-XSS-Protection: 1; mode=block
1 < Cache-Control: no-cache, no-store, max-age=0, must-revalidate
1 < Pragma: no-cache
1 < Expires: 0
1 < X-Frame-Options: DENY
{"headers":{"httpStatusCode":201,"httpStatusDesc":"CREATED","messageUuid":"acxff62e-6f12-42de-9012-1e7304418abd","requestAppId":"c4e6bd04-5149-11e7-b114-a2f933d5fe66","requestDatetime":"2024-06-14T11:25:17"},"messageResponse":{"responseCode":"0000","responseMessage":"Transacción exitosa.","responseDetails":"Customer Created Successfully"},"data":{"customer":{"customerId":"0a913355-8fcb-197f-8190-179151140848","customerName":"5264806279213701","businessName":"5264806279213701","customerDomains":[{"customerDomainId":"0a913355-8fcb-197f-8190-17915120084a","customerDomain":"gufum","status":"ACTIVE"}],"customerDocumentType":"NT","customerDocumentNumber":"5264806279213701","customerCode":"5264806279213701","regulatedSFC":"5264806279213701","logo":"","incomes":"80","expenses":"40","assets":"4","passives":"3","equity":"1","customerTypes":[{"customerTypeId":"0a91337e-8c88-1ce7-818c-8d87e2d8003d","customerTypeValue":"ADMINISTRATOR_PARTNER12241","customerTypeLabel":"OPERADORAS DE INFORMACIÓN 1"}],"customerStatus":"ACTIVE","customerAddressInformation":{"customerCountry":"CO","customerDepartment":"CUNDINAMARCA","customerProvince":"BOGOTA","customerCity":"BOGOTA","customerAddress":"calle falsa 123"},"customerPhone":{"phoneCode":"57","phoneNumber":"3161002233"},"customerEmail":"fudrayepsu@gufum.com","ciiuCode":{"ciiuCode":"7320","activity":"Estudios de mercado."},"customerOwners":[{"customerOwnerId":"0a913355-8fcb-197f-8190-1791513c084c","name":"Juan higuera","documentType":"CC","documentNumber":"123456","relation":"REPRESENTANTE_LEGAL","pep":"SI"}],"termsAndConditionVersion":"","termsAndConditionDatetime":"","policyVersion":"","policyDatetime":"2024-06-14T11:25:16","financialInstitutionCode":"","createDatetime":"2024-06-14T11:25:16","entityType":"PUBLIC","eanCode":"","compensationCode":"","limitUse":"","updateDatetime":"2024-06-14T11:25:16","groupId":"27b51f24-ac8f-4b29-b805-9e819d76873a"}}}

11:25:17.969 [pool-1-thread-2] INFO  com.intuit.karate - [print] 0a913355-8fcb-197f-8190-179151140848 
11:25:17.969 [pool-1-thread-2] INFO  com.intuit.karate - [print] 0a913355-8fcb-197f-8190-17915120084a 
11:25:17.969 [pool-1-thread-2] INFO  com.intuit.karate - [print] 0a913355-8fcb-197f-8190-1791513c084c 
11:25:17.971 [pool-1-thread-2] DEBUG com.intuit.karate - request:
2 > POST https://internal-AWS-PRB-ALB-BACK-398488634.us-east-1.elb.amazonaws.com/v1/transversal/administrative/customers/0a913355-8fcb-197f-8190-179151140848/subscriptions
2 > message-uuid: acxff62e-6f12-42de-9012-1e7304418abd
2 > Content-Type: application/json; charset=UTF-8
2 > Content-Length: 482
2 > Host: internal-AWS-PRB-ALB-BACK-398488634.us-east-1.elb.amazonaws.com
2 > Connection: Keep-Alive
2 > User-Agent: Apache-HttpClient/4.5.13 (Java/17.0.5)
2 > Accept-Encoding: gzip,deflate
{"productId":"0a91331f-8cf9-19f2-818d-7a21423f00ad","customerTypeId":"7f000101-8adc-1104-818a-dc48239d0061","subscriptionName":"Para preubas de subscriptionPara ","customerDocumentNumber":"9001239999994","customerName":"Pedro Perez2232","customerCode":"ABC121","customerDocumentType":"TI","contacts":[{"name":"Maria","email":"jj@gmail.com","telephoneNumber":"1121212121","contactType":"AB"},{"name":"Jose","email":"jose@gmail.com","telephoneNumber":"121212123","contactType":"BE"}]}

11:25:18.345 [pool-1-thread-1] DEBUG com.intuit.karate - response time in milliseconds: 618
2 < 201
2 < Date: Fri, 14 Jun 2024 16:25:18 GMT
2 < Content-Type: application/json
2 < Transfer-Encoding: chunked
2 < Connection: keep-alive
2 < Vary: Origin
2 < Vary: Access-Control-Request-Method
2 < Vary: Access-Control-Request-Headers
2 < X-Content-Type-Options: nosniff
2 < X-XSS-Protection: 1; mode=block
2 < Cache-Control: no-cache, no-store, max-age=0, must-revalidate
2 < Pragma: no-cache
2 < Expires: 0
2 < X-Frame-Options: DENY
{"headers":{"httpStatusCode":201,"httpStatusDesc":"CREATED","messageUuid":"acxff62e-6f12-42de-9012-1e7304418abd","requestAppId":null,"requestDatetime":"2024-06-14T11:25:18"},"messageResponse":{"responseCode":"0000","responseMessage":"Transacción exitosa.","responseDetails":"Subscription created Successfully"},"data":{"subscription":{"subscriptionId":"0a9133a6-8f4e-17ca-8190-17915287037d","productId":"0a91331f-8cf9-19f2-818d-7a21423f00ad","customerId":"0a913355-8fcb-197f-8190-179150310843","customerTypeId":"7f000101-8adc-1104-818a-dc48239d0061","status":"ACTIVE","subscriptionName":"Para preubas de subscriptionPara ","customerDocumentNumber":"9001239999994","customerName":"Pedro Perez2232","customerCode":"ABC121","customerDocumentType":"TI","updateDatetime":"2024-06-14T11:25:18","accounts":[],"contacts":[{"subscriptionContactId":"0a9133a6-8f4e-17ca-8190-17915295037e","subscriptionId":"0a9133a6-8f4e-17ca-8190-17915287037d","name":"Maria","email":"jj@gmail.com","telephoneNumber":"1121212121","contactType":"AB"},{"subscriptionContactId":"0a9133a6-8f4e-17ca-8190-17915295037f","subscriptionId":"0a9133a6-8f4e-17ca-8190-17915287037d","name":"Jose","email":"jose@gmail.com","telephoneNumber":"121212123","contactType":"BE"}],"business":null}}}

11:25:18.347 [pool-1-thread-1] INFO  com.intuit.karate - [print] 0a913355-8fcb-197f-8190-179150310843 
11:25:18.347 [pool-1-thread-1] INFO  com.intuit.karate - [print] 0a9133a6-8f4e-17ca-8190-17915287037d 
11:25:18.350 [pool-1-thread-1] DEBUG com.intuit.karate - request:
3 > POST https://internal-AWS-PRB-ALB-BACK-398488634.us-east-1.elb.amazonaws.com/v1/transversal/administrative/customers/0a913355-8fcb-197f-8190-179150310843/subscriptions/0a9133a6-8f4e-17ca-8190-17915287037d/business
3 > message-uuid: acxff62e-6f12-42de-9012-1e7304418abd
3 > Content-Type: application/json; charset=UTF-8
3 > Content-Length: 370
3 > Host: internal-AWS-PRB-ALB-BACK-398488634.us-east-1.elb.amazonaws.com
3 > Connection: Keep-Alive
3 > User-Agent: Apache-HttpClient/4.5.13 (Java/17.0.5)
3 > Accept-Encoding: gzip,deflate
{"customerDocumentNumber":"9117536071654914","customerDocumentType":"CC","customerName":"Luis Lopez","businessName":"Zapatos11345","status":"ACTIVE","businessType":"Local","address":"Avenida 19 98-76","city":"Bogta","department":"Cundinamarca","email":"email@gmail.com","telephone":"30018181811","principalCiiuCode":"2491","secondaryCiiuCode":"1109","commerCode":"2345"}

11:25:18.559 [pool-1-thread-2] DEBUG com.intuit.karate - response time in milliseconds: 588
2 < 201
2 < Date: Fri, 14 Jun 2024 16:25:18 GMT
2 < Content-Type: application/json
2 < Transfer-Encoding: chunked
2 < Connection: keep-alive
2 < Vary: Origin
2 < Vary: Access-Control-Request-Method
2 < Vary: Access-Control-Request-Headers
2 < X-Content-Type-Options: nosniff
2 < X-XSS-Protection: 1; mode=block
2 < Cache-Control: no-cache, no-store, max-age=0, must-revalidate
2 < Pragma: no-cache
2 < Expires: 0
2 < X-Frame-Options: DENY
{"headers":{"httpStatusCode":201,"httpStatusDesc":"CREATED","messageUuid":"acxff62e-6f12-42de-9012-1e7304418abd","requestAppId":null,"requestDatetime":"2024-06-14T11:25:18"},"messageResponse":{"responseCode":"0000","responseMessage":"Transacción exitosa.","responseDetails":"Subscription created Successfully"},"data":{"subscription":{"subscriptionId":"0a9133a6-8f4e-17ca-8190-179153650380","productId":"0a91331f-8cf9-19f2-818d-7a21423f00ad","customerId":"0a913355-8fcb-197f-8190-179151140848","customerTypeId":"7f000101-8adc-1104-818a-dc48239d0061","status":"ACTIVE","subscriptionName":"Para preubas de subscriptionPara ","customerDocumentNumber":"9001239999994","customerName":"Pedro Perez2232","customerCode":"ABC121","customerDocumentType":"TI","updateDatetime":"2024-06-14T11:25:18","accounts":[],"contacts":[{"subscriptionContactId":"0a9133a6-8f4e-17ca-8190-179153780381","subscriptionId":"0a9133a6-8f4e-17ca-8190-179153650380","name":"Maria","email":"jj@gmail.com","telephoneNumber":"1121212121","contactType":"AB"},{"subscriptionContactId":"0a9133a6-8f4e-17ca-8190-179153780382","subscriptionId":"0a9133a6-8f4e-17ca-8190-179153650380","name":"Jose","email":"jose@gmail.com","telephoneNumber":"121212123","contactType":"BE"}],"business":null}}}

11:25:18.561 [pool-1-thread-2] INFO  com.intuit.karate - [print] 0a913355-8fcb-197f-8190-179151140848 
11:25:18.561 [pool-1-thread-2] INFO  com.intuit.karate - [print] 0a9133a6-8f4e-17ca-8190-179153650380 
11:25:18.566 [pool-1-thread-2] DEBUG com.intuit.karate - request:
3 > POST https://internal-AWS-PRB-ALB-BACK-398488634.us-east-1.elb.amazonaws.com/v1/transversal/administrative/customers/0a913355-8fcb-197f-8190-179151140848/subscriptions/0a9133a6-8f4e-17ca-8190-179153650380/business
3 > message-uuid: acxff62e-6f12-42de-9012-1e7304418abd
3 > Content-Type: application/json; charset=UTF-8
3 > Content-Length: 370
3 > Host: internal-AWS-PRB-ALB-BACK-398488634.us-east-1.elb.amazonaws.com
3 > Connection: Keep-Alive
3 > User-Agent: Apache-HttpClient/4.5.13 (Java/17.0.5)
3 > Accept-Encoding: gzip,deflate
{"customerDocumentNumber":"5264806279213701","customerDocumentType":"CC","customerName":"Luis Lopez","businessName":"Zapatos11345","status":"ACTIVE","businessType":"Local","address":"Avenida 19 98-76","city":"Bogta","department":"Cundinamarca","email":"email@gmail.com","telephone":"30018181811","principalCiiuCode":"2491","secondaryCiiuCode":"1109","commerCode":"2345"}

11:25:18.831 [pool-1-thread-1] DEBUG com.intuit.karate - response time in milliseconds: 480
3 < 201
3 < Date: Fri, 14 Jun 2024 16:25:18 GMT
3 < Content-Type: application/json
3 < Transfer-Encoding: chunked
3 < Connection: keep-alive
3 < Vary: Origin
3 < Vary: Access-Control-Request-Method
3 < Vary: Access-Control-Request-Headers
3 < X-Content-Type-Options: nosniff
3 < X-XSS-Protection: 1; mode=block
3 < Cache-Control: no-cache, no-store, max-age=0, must-revalidate
3 < Pragma: no-cache
3 < Expires: 0
3 < X-Frame-Options: DENY
{"headers":{"httpStatusCode":201,"httpStatusDesc":"CREATED","messageUuid":"acxff62e-6f12-42de-9012-1e7304418abd","requestAppId":null,"requestDatetime":"2024-06-14T11:25:18"},"messageResponse":{"responseCode":"0000","responseMessage":"Transacción exitosa.","responseDetails":"Account added to the Subscription successfully"},"data":{"business":{"subscriptionBusinessId":"0a9133a6-8f4e-17ca-8190-1791548e0383","customerDocumentNumber":"9117536071654914","customerDocumentType":"CC","customerName":"Luis Lopez","businessName":"Zapatos11345","status":"ACTIVE","businessType":"Local","address":"Avenida 19 98-76","city":"Bogta","department":"Cundinamarca","email":"email@gmail.com","telephone":"30018181811","principalCiiuCode":"2491","secondaryCiiuCode":"1109","commerCode":"2345","createDatetime":"2024-06-14T11:25:18","updateDatetime":"2024-06-14T11:25:18"}}}

11:25:18.831 [pool-1-thread-1] INFO  com.intuit.karate - [print] 0a913355-8fcb-197f-8190-179150310843 
11:25:18.831 [pool-1-thread-1] INFO  com.intuit.karate - [print] 0a9133a6-8f4e-17ca-8190-17915287037d 
11:25:18.832 [pool-1-thread-1] INFO  com.intuit.karate - [print] 0a9133a6-8f4e-17ca-8190-1791548e0383 
11:25:18.834 [pool-1-thread-1] DEBUG com.intuit.karate - request:
4 > GET https://internal-AWS-PRB-ALB-BACK-398488634.us-east-1.elb.amazonaws.com/v1/transversal/administrative/customers/0a913355-8fcb-197f-8190-179150310843/subscriptions/0a9133a6-8f4e-17ca-8190-17915287037d/business/0a9133a6-8f4e-17ca-8190-1791548e0383
4 > message-uuid: acxff62e-6f12-42de-9012-1e7304418abd
4 > request-app-id: c4e6bd04-5149-11e7-b114-a2f933d5fe66
4 > Content-Type: application/json
4 > Host: internal-AWS-PRB-ALB-BACK-398488634.us-east-1.elb.amazonaws.com
4 > Connection: Keep-Alive
4 > User-Agent: Apache-HttpClient/4.5.13 (Java/17.0.5)
4 > Accept-Encoding: gzip,deflate


11:25:19.079 [pool-1-thread-2] DEBUG com.intuit.karate - response time in milliseconds: 513
3 < 201
3 < Date: Fri, 14 Jun 2024 16:25:18 GMT
3 < Content-Type: application/json
3 < Transfer-Encoding: chunked
3 < Connection: keep-alive
3 < Vary: Origin
3 < Vary: Access-Control-Request-Method
3 < Vary: Access-Control-Request-Headers
3 < X-Content-Type-Options: nosniff
3 < X-XSS-Protection: 1; mode=block
3 < Cache-Control: no-cache, no-store, max-age=0, must-revalidate
3 < Pragma: no-cache
3 < Expires: 0
3 < X-Frame-Options: DENY
{"headers":{"httpStatusCode":201,"httpStatusDesc":"CREATED","messageUuid":"acxff62e-6f12-42de-9012-1e7304418abd","requestAppId":null,"requestDatetime":"2024-06-14T11:25:18"},"messageResponse":{"responseCode":"0000","responseMessage":"Transacción exitosa.","responseDetails":"Account added to the Subscription successfully"},"data":{"business":{"subscriptionBusinessId":"0a9133a6-8f4e-17ca-8190-179155830384","customerDocumentNumber":"5264806279213701","customerDocumentType":"CC","customerName":"Luis Lopez","businessName":"Zapatos11345","status":"ACTIVE","businessType":"Local","address":"Avenida 19 98-76","city":"Bogta","department":"Cundinamarca","email":"email@gmail.com","telephone":"30018181811","principalCiiuCode":"2491","secondaryCiiuCode":"1109","commerCode":"2345","createDatetime":"2024-06-14T11:25:18","updateDatetime":"2024-06-14T11:25:18"}}}

11:25:19.081 [pool-1-thread-2] INFO  com.intuit.karate - [print] 0a913355-8fcb-197f-8190-179151140848 
11:25:19.081 [pool-1-thread-2] INFO  com.intuit.karate - [print] 0a9133a6-8f4e-17ca-8190-179153650380 
11:25:19.082 [pool-1-thread-2] INFO  com.intuit.karate - [print] 0a9133a6-8f4e-17ca-8190-179155830384 
11:25:19.086 [pool-1-thread-2] DEBUG com.intuit.karate - request:
4 > PUT https://internal-AWS-PRB-ALB-BACK-398488634.us-east-1.elb.amazonaws.com/v1/transversal/administrative/customers/0a913355-8fcb-197f-8190-179151140848/subscriptions/0a9133a6-8f4e-17ca-8190-179153650380/business
4 > message-uuid: acxff62e-6f12-42de-9012-1e7304418abd
4 > request-app-id: c4e6bd04-5149-11e7-b114-a2f933d5fe66
4 > Content-Type: application/json; charset=UTF-8
4 > Content-Length: 435
4 > Host: internal-AWS-PRB-ALB-BACK-398488634.us-east-1.elb.amazonaws.com
4 > Connection: Keep-Alive
4 > User-Agent: Apache-HttpClient/4.5.13 (Java/17.0.5)
4 > Accept-Encoding: gzip,deflate
{"business":[{"id":"0a9133a6-8f4e-17ca-818f-ba8988500055","customerDocumentNumber":"123456789212","customerDocumentType":"CC","customerName":"Luis Lopez2121212","businessName":"Pets Shop2","status":"ACTIVE","businessType":"Local1","address":"Avenida 19 98-761","city":"Bogota","department":"Cundinamarca1","email":"email@gmail.com","telephone":"30018181812","principalCiiuCode":"2492","secondaryCiiuCode":"11091","commerCode":"2346"}]}

11:25:19.299 [pool-1-thread-1] DEBUG com.intuit.karate - response time in milliseconds: 465
4 < 200
4 < Date: Fri, 14 Jun 2024 16:25:19 GMT
4 < Content-Type: application/json
4 < Transfer-Encoding: chunked
4 < Connection: keep-alive
4 < Vary: Origin
4 < Vary: Access-Control-Request-Method
4 < Vary: Access-Control-Request-Headers
4 < X-Content-Type-Options: nosniff
4 < X-XSS-Protection: 1; mode=block
4 < Cache-Control: no-cache, no-store, max-age=0, must-revalidate
4 < Pragma: no-cache
4 < Expires: 0
4 < X-Frame-Options: DENY
{"headers":{"httpStatusCode":200,"httpStatusDesc":"OK","messageUuid":"acxff62e-6f12-42de-9012-1e7304418abd","requestAppId":"c4e6bd04-5149-11e7-b114-a2f933d5fe66","requestDatetime":"2024-06-14T11:25:19"},"messageResponse":{"responseCode":"0000","responseMessage":"Transacción exitosa.","responseDetails":"Accounts updated on the Subscription successfully"},"data":{"business":{"subscriptionBusinessId":"0a9133a6-8f4e-17ca-8190-1791548e0383","customerDocumentNumber":"9117536071654914","customerDocumentType":"CC","customerName":"Luis Lopez","businessName":"Zapatos11345","status":"ACTIVE","businessType":"Local","address":"Avenida 19 98-76","city":"Bogta","department":"Cundinamarca","email":"email@gmail.com","telephone":"30018181811","principalCiiuCode":"2491","secondaryCiiuCode":"1109","commerCode":"2345","createDatetime":"2024-06-14T11:25:18","updateDatetime":"2024-06-14T11:25:18"}}}

11:25:19.309 [pool-1-thread-1] INFO  c.intuit.karate.core.FeatureRuntime - classpath:users/SubscriptionManagement04/../SubscriptionManagement04/Subscriptions_Business.feature - call by tag at line 7: Microservicios
11:25:19.311 [pool-1-thread-1] DEBUG c.intuit.karate.core.ScenarioEngine - over-writing existing variable 'generarData' with new value: Java.type('Utilidades.generarData')
11:25:19.313 [pool-1-thread-1] INFO  c.intuit.karate.core.FeatureRuntime - classpath:users/SubscriptionManagement04/../SubscriptionManagement04/Suscription.feature - call by tag at line 7: Microservicios
11:25:19.315 [pool-1-thread-1] DEBUG c.intuit.karate.core.ScenarioEngine - over-writing existing variable 'generarData' with new value: Java.type('Utilidades.generarData')
11:25:19.317 [pool-1-thread-1] INFO  c.intuit.karate.core.FeatureRuntime - classpath:users/SubscriptionManagement04/../SubscriptionManagement04/../CustomerManagement01/Customers.feature - call by tag at line 7: Microservicios
11:25:19.319 [pool-1-thread-1] DEBUG c.intuit.karate.core.ScenarioEngine - over-writing existing variable 'generarData' with new value: Java.type('Utilidades.generarData')
11:25:19.321 [pool-1-thread-1] DEBUG com.intuit.karate - request:
1 > POST https://internal-AWS-PRB-ALB-BACK-398488634.us-east-1.elb.amazonaws.com/v1/transversal/administrative/customers
1 > message-uuid: acxff62e-6f12-42de-9012-1e7304418abd
1 > request-app-id: c4e6bd04-5149-11e7-b114-a2f933d5fe66
1 > Content-Type: application/json; charset=UTF-8
1 > Content-Length: 1050
1 > Host: internal-AWS-PRB-ALB-BACK-398488634.us-east-1.elb.amazonaws.com
1 > Connection: Keep-Alive
1 > User-Agent: Apache-HttpClient/4.5.13 (Java/17.0.5)
1 > Accept-Encoding: gzip,deflate
{"customerName":"4453506581774605","businessName":"4453506581774605","customerDocumentNumber":"4453506581774605","customerDocumentType":"NT","customerCode":"4453506581774605","regulatedSFC":"4453506581774605","logo":"","incomes":"80","expenses":"40","assets":"4","passives":"3","equity":"1","customerDomain":[{"domain":"gufum","status":"ACTIVE"}],"customerTypes":[{"customerTypeId":"0a91337e-8c88-1ce7-818c-8d87e2d8003d"}],"customerAddressInformation":{"customerCountry":"CO","customerDepartment":"CUNDINAMARCA","customerProvince":"BOGOTA","customerCity":"BOGOTA","customerAddress":"calle falsa 123"},"customerPhone":{"phoneCode":"57","phoneNumber":"3161002233"},"customerEmail":"fudrayepsu@gufum.com","ciiuCode":{"activity":"Estudios de mercado.","ciiuCode":"7320"},"customerOwners":[{"name":"Juan higuera","documentType":"CC","documentNumber":"123456","relation":"REPRESENTANTE_LEGAL","pep":"SI"}],"termsAndConditionVersion":"","policyVersion":"","financialInstitutionCode":"","entityType":"PUBLIC","eanCode":"","compensationCode":"","limitUse":""}

11:25:19.605 [pool-1-thread-2] DEBUG com.intuit.karate - response time in milliseconds: 519
4 < 200
4 < Date: Fri, 14 Jun 2024 16:25:19 GMT
4 < Content-Type: application/json
4 < Transfer-Encoding: chunked
4 < Connection: keep-alive
4 < Vary: Origin
4 < Vary: Access-Control-Request-Method
4 < Vary: Access-Control-Request-Headers
4 < X-Content-Type-Options: nosniff
4 < X-XSS-Protection: 1; mode=block
4 < Cache-Control: no-cache, no-store, max-age=0, must-revalidate
4 < Pragma: no-cache
4 < Expires: 0
4 < X-Frame-Options: DENY
{"headers":{"httpStatusCode":200,"httpStatusDesc":"OK","messageUuid":"acxff62e-6f12-42de-9012-1e7304418abd","requestAppId":"c4e6bd04-5149-11e7-b114-a2f933d5fe66","requestDatetime":"2024-06-14T11:25:19"},"messageResponse":{"responseCode":"0000","responseMessage":"Transacción exitosa.","responseDetails":"Accounts updated on the Subscription successfully"},"data":{"business":[{"subscriptionBusinessId":"0a9133a6-8f4e-17ca-8190-179155830384","customerDocumentNumber":"5264806279213701","customerDocumentType":"CC","customerName":"Luis Lopez","businessName":"Zapatos11345","status":"ACTIVE","businessType":"Local","address":"Avenida 19 98-76","city":"Bogta","department":"Cundinamarca","email":"email@gmail.com","telephone":"30018181811","principalCiiuCode":"2491","secondaryCiiuCode":"1109","commerCode":"2345","createDatetime":"2024-06-14T11:25:18","updateDatetime":"2024-06-14T11:25:18"}]}}

11:25:19.610 [pool-1-thread-2] INFO  c.intuit.karate.core.FeatureRuntime - classpath:users/SubscriptionManagement04/../SubscriptionManagement04/Subscriptions_Business.feature - call by tag at line 7: Microservicios
11:25:19.612 [pool-1-thread-2] DEBUG c.intuit.karate.core.ScenarioEngine - over-writing existing variable 'generarData' with new value: Java.type('Utilidades.generarData')
11:25:19.615 [pool-1-thread-2] INFO  c.intuit.karate.core.FeatureRuntime - classpath:users/SubscriptionManagement04/../SubscriptionManagement04/Suscription.feature - call by tag at line 7: Microservicios
11:25:19.616 [pool-1-thread-2] DEBUG c.intuit.karate.core.ScenarioEngine - over-writing existing variable 'generarData' with new value: Java.type('Utilidades.generarData')
11:25:19.620 [pool-1-thread-2] INFO  c.intuit.karate.core.FeatureRuntime - classpath:users/SubscriptionManagement04/../SubscriptionManagement04/../CustomerManagement01/Customers.feature - call by tag at line 7: Microservicios
11:25:19.622 [pool-1-thread-2] DEBUG c.intuit.karate.core.ScenarioEngine - over-writing existing variable 'generarData' with new value: Java.type('Utilidades.generarData')
11:25:19.624 [pool-1-thread-2] DEBUG com.intuit.karate - request:
1 > POST https://internal-AWS-PRB-ALB-BACK-398488634.us-east-1.elb.amazonaws.com/v1/transversal/administrative/customers
1 > message-uuid: acxff62e-6f12-42de-9012-1e7304418abd
1 > request-app-id: c4e6bd04-5149-11e7-b114-a2f933d5fe66
1 > Content-Type: application/json; charset=UTF-8
1 > Content-Length: 1050
1 > Host: internal-AWS-PRB-ALB-BACK-398488634.us-east-1.elb.amazonaws.com
1 > Connection: Keep-Alive
1 > User-Agent: Apache-HttpClient/4.5.13 (Java/17.0.5)
1 > Accept-Encoding: gzip,deflate
{"customerName":"0136207144278945","businessName":"0136207144278945","customerDocumentNumber":"0136207144278945","customerDocumentType":"NT","customerCode":"0136207144278945","regulatedSFC":"0136207144278945","logo":"","incomes":"80","expenses":"40","assets":"4","passives":"3","equity":"1","customerDomain":[{"domain":"gufum","status":"ACTIVE"}],"customerTypes":[{"customerTypeId":"0a91337e-8c88-1ce7-818c-8d87e2d8003d"}],"customerAddressInformation":{"customerCountry":"CO","customerDepartment":"CUNDINAMARCA","customerProvince":"BOGOTA","customerCity":"BOGOTA","customerAddress":"calle falsa 123"},"customerPhone":{"phoneCode":"57","phoneNumber":"3161002233"},"customerEmail":"fudrayepsu@gufum.com","ciiuCode":{"activity":"Estudios de mercado.","ciiuCode":"7320"},"customerOwners":[{"name":"Juan higuera","documentType":"CC","documentNumber":"123456","relation":"REPRESENTANTE_LEGAL","pep":"SI"}],"termsAndConditionVersion":"","policyVersion":"","financialInstitutionCode":"","entityType":"PUBLIC","eanCode":"","compensationCode":"","limitUse":""}

---------------------------------------------------------
feature: classpath:users/SubscriptionManagement04/Subscriptions_Business.feature
scenarios:  4 | passed:  4 | failed:  0 | time: 11,0029
---------------------------------------------------------

11:25:19.750 [pool-2-thread-1] INFO  com.intuit.karate.Suite - <<pass>> feature 8 of 12 (4 remaining) classpath:users/SubscriptionManagement04/Subscriptions_Business.feature
11:25:20.727 [pool-1-thread-2] DEBUG com.intuit.karate - response time in milliseconds: 1103
1 < 201
1 < Date: Fri, 14 Jun 2024 16:25:20 GMT
1 < Content-Type: application/json
1 < Transfer-Encoding: chunked
1 < Connection: keep-alive
1 < Vary: Origin
1 < Vary: Access-Control-Request-Method
1 < Vary: Access-Control-Request-Headers
1 < X-Content-Type-Options: nosniff
1 < X-XSS-Protection: 1; mode=block
1 < Cache-Control: no-cache, no-store, max-age=0, must-revalidate
1 < Pragma: no-cache
1 < Expires: 0
1 < X-Frame-Options: DENY
{"headers":{"httpStatusCode":201,"httpStatusDesc":"CREATED","messageUuid":"acxff62e-6f12-42de-9012-1e7304418abd","requestAppId":"c4e6bd04-5149-11e7-b114-a2f933d5fe66","requestDatetime":"2024-06-14T11:25:20"},"messageResponse":{"responseCode":"0000","responseMessage":"Transacción exitosa.","responseDetails":"Customer Created Successfully"},"data":{"customer":{"customerId":"0a913355-8fcb-197f-8190-17915bd2084d","customerName":"0136207144278945","businessName":"0136207144278945","customerDomains":[{"customerDomainId":"0a913355-8fcb-197f-8190-17915bde084f","customerDomain":"gufum","status":"ACTIVE"}],"customerDocumentType":"NT","customerDocumentNumber":"0136207144278945","customerCode":"0136207144278945","regulatedSFC":"0136207144278945","logo":"","incomes":"80","expenses":"40","assets":"4","passives":"3","equity":"1","customerTypes":[{"customerTypeId":"0a91337e-8c88-1ce7-818c-8d87e2d8003d","customerTypeValue":"ADMINISTRATOR_PARTNER12241","customerTypeLabel":"OPERADORAS DE INFORMACIÓN 1"}],"customerStatus":"ACTIVE","customerAddressInformation":{"customerCountry":"CO","customerDepartment":"CUNDINAMARCA","customerProvince":"BOGOTA","customerCity":"BOGOTA","customerAddress":"calle falsa 123"},"customerPhone":{"phoneCode":"57","phoneNumber":"3161002233"},"customerEmail":"fudrayepsu@gufum.com","ciiuCode":{"ciiuCode":"7320","activity":"Estudios de mercado."},"customerOwners":[{"customerOwnerId":"0a913355-8fcb-197f-8190-17915bef0851","name":"Juan higuera","documentType":"CC","documentNumber":"123456","relation":"REPRESENTANTE_LEGAL","pep":"SI"}],"termsAndConditionVersion":"","termsAndConditionDatetime":"","policyVersion":"","policyDatetime":"2024-06-14T11:25:19","financialInstitutionCode":"","createDatetime":"2024-06-14T11:25:19","entityType":"PUBLIC","eanCode":"","compensationCode":"","limitUse":"","updateDatetime":"2024-06-14T11:25:19","groupId":"0e567e5e-fb50-4965-9a6e-a1663890e227"}}}

11:25:20.730 [pool-1-thread-2] INFO  com.intuit.karate - [print] 0a913355-8fcb-197f-8190-17915bd2084d 
11:25:20.730 [pool-1-thread-2] INFO  com.intuit.karate - [print] 0a913355-8fcb-197f-8190-17915bde084f 
11:25:20.731 [pool-1-thread-2] INFO  com.intuit.karate - [print] 0a913355-8fcb-197f-8190-17915bef0851 
11:25:20.734 [pool-1-thread-2] DEBUG com.intuit.karate - request:
2 > POST https://internal-AWS-PRB-ALB-BACK-398488634.us-east-1.elb.amazonaws.com/v1/transversal/administrative/customers/0a913355-8fcb-197f-8190-17915bd2084d/subscriptions
2 > message-uuid: acxff62e-6f12-42de-9012-1e7304418abd
2 > Content-Type: application/json; charset=UTF-8
2 > Content-Length: 482
2 > Host: internal-AWS-PRB-ALB-BACK-398488634.us-east-1.elb.amazonaws.com
2 > Connection: Keep-Alive
2 > User-Agent: Apache-HttpClient/4.5.13 (Java/17.0.5)
2 > Accept-Encoding: gzip,deflate
{"productId":"0a91331f-8cf9-19f2-818d-7a21423f00ad","customerTypeId":"7f000101-8adc-1104-818a-dc48239d0061","subscriptionName":"Para preubas de subscriptionPara ","customerDocumentNumber":"9001239999994","customerName":"Pedro Perez2232","customerCode":"ABC121","customerDocumentType":"TI","contacts":[{"name":"Maria","email":"jj@gmail.com","telephoneNumber":"1121212121","contactType":"AB"},{"name":"Jose","email":"jose@gmail.com","telephoneNumber":"121212123","contactType":"BE"}]}

11:25:20.950 [pool-1-thread-1] DEBUG com.intuit.karate - response time in milliseconds: 1629
1 < 201
1 < Date: Fri, 14 Jun 2024 16:25:20 GMT
1 < Content-Type: application/json
1 < Transfer-Encoding: chunked
1 < Connection: keep-alive
1 < Vary: Origin
1 < Vary: Access-Control-Request-Method
1 < Vary: Access-Control-Request-Headers
1 < X-Content-Type-Options: nosniff
1 < X-XSS-Protection: 1; mode=block
1 < Cache-Control: no-cache, no-store, max-age=0, must-revalidate
1 < Pragma: no-cache
1 < Expires: 0
1 < X-Frame-Options: DENY
{"headers":{"httpStatusCode":201,"httpStatusDesc":"CREATED","messageUuid":"acxff62e-6f12-42de-9012-1e7304418abd","requestAppId":"c4e6bd04-5149-11e7-b114-a2f933d5fe66","requestDatetime":"2024-06-14T11:25:20"},"messageResponse":{"responseCode":"0000","responseMessage":"Transacción exitosa.","responseDetails":"Customer Created Successfully"},"data":{"customer":{"customerId":"0a913355-8fcb-197f-8190-17915cb60852","customerName":"4453506581774605","businessName":"4453506581774605","customerDomains":[{"customerDomainId":"0a913355-8fcb-197f-8190-17915cc80854","customerDomain":"gufum","status":"ACTIVE"}],"customerDocumentType":"NT","customerDocumentNumber":"4453506581774605","customerCode":"4453506581774605","regulatedSFC":"4453506581774605","logo":"","incomes":"80","expenses":"40","assets":"4","passives":"3","equity":"1","customerTypes":[{"customerTypeId":"0a91337e-8c88-1ce7-818c-8d87e2d8003d","customerTypeValue":"ADMINISTRATOR_PARTNER12241","customerTypeLabel":"OPERADORAS DE INFORMACIÓN 1"}],"customerStatus":"ACTIVE","customerAddressInformation":{"customerCountry":"CO","customerDepartment":"CUNDINAMARCA","customerProvince":"BOGOTA","customerCity":"BOGOTA","customerAddress":"calle falsa 123"},"customerPhone":{"phoneCode":"57","phoneNumber":"3161002233"},"customerEmail":"fudrayepsu@gufum.com","ciiuCode":{"ciiuCode":"7320","activity":"Estudios de mercado."},"customerOwners":[{"customerOwnerId":"0a913355-8fcb-197f-8190-17915cd90856","name":"Juan higuera","documentType":"CC","documentNumber":"123456","relation":"REPRESENTANTE_LEGAL","pep":"SI"}],"termsAndConditionVersion":"","termsAndConditionDatetime":"","policyVersion":"","policyDatetime":"2024-06-14T11:25:19","financialInstitutionCode":"","createDatetime":"2024-06-14T11:25:19","entityType":"PUBLIC","eanCode":"","compensationCode":"","limitUse":"","updateDatetime":"2024-06-14T11:25:19","groupId":"5e935c2f-db59-40b2-9583-f5f837b9a186"}}}

11:25:20.952 [pool-1-thread-1] INFO  com.intuit.karate - [print] 0a913355-8fcb-197f-8190-17915cb60852 
11:25:20.952 [pool-1-thread-1] INFO  com.intuit.karate - [print] 0a913355-8fcb-197f-8190-17915cc80854 
11:25:20.952 [pool-1-thread-1] INFO  com.intuit.karate - [print] 0a913355-8fcb-197f-8190-17915cd90856 
11:25:20.955 [pool-1-thread-1] DEBUG com.intuit.karate - request:
2 > POST https://internal-AWS-PRB-ALB-BACK-398488634.us-east-1.elb.amazonaws.com/v1/transversal/administrative/customers/0a913355-8fcb-197f-8190-17915cb60852/subscriptions
2 > message-uuid: acxff62e-6f12-42de-9012-1e7304418abd
2 > Content-Type: application/json; charset=UTF-8
2 > Content-Length: 482
2 > Host: internal-AWS-PRB-ALB-BACK-398488634.us-east-1.elb.amazonaws.com
2 > Connection: Keep-Alive
2 > User-Agent: Apache-HttpClient/4.5.13 (Java/17.0.5)
2 > Accept-Encoding: gzip,deflate
{"productId":"0a91331f-8cf9-19f2-818d-7a21423f00ad","customerTypeId":"7f000101-8adc-1104-818a-dc48239d0061","subscriptionName":"Para preubas de subscriptionPara ","customerDocumentNumber":"9001239999994","customerName":"Pedro Perez2232","customerCode":"ABC121","customerDocumentType":"TI","contacts":[{"name":"Maria","email":"jj@gmail.com","telephoneNumber":"1121212121","contactType":"AB"},{"name":"Jose","email":"jose@gmail.com","telephoneNumber":"121212123","contactType":"BE"}]}

11:25:21.368 [pool-1-thread-2] DEBUG com.intuit.karate - response time in milliseconds: 633
2 < 201
2 < Date: Fri, 14 Jun 2024 16:25:21 GMT
2 < Content-Type: application/json
2 < Transfer-Encoding: chunked
2 < Connection: keep-alive
2 < Vary: Origin
2 < Vary: Access-Control-Request-Method
2 < Vary: Access-Control-Request-Headers
2 < X-Content-Type-Options: nosniff
2 < X-XSS-Protection: 1; mode=block
2 < Cache-Control: no-cache, no-store, max-age=0, must-revalidate
2 < Pragma: no-cache
2 < Expires: 0
2 < X-Frame-Options: DENY
{"headers":{"httpStatusCode":201,"httpStatusDesc":"CREATED","messageUuid":"acxff62e-6f12-42de-9012-1e7304418abd","requestAppId":null,"requestDatetime":"2024-06-14T11:25:21"},"messageResponse":{"responseCode":"0000","responseMessage":"Transacción exitosa.","responseDetails":"Subscription created Successfully"},"data":{"subscription":{"subscriptionId":"0a9133a6-8f4e-17ca-8190-17915e6f0385","productId":"0a91331f-8cf9-19f2-818d-7a21423f00ad","customerId":"0a913355-8fcb-197f-8190-17915bd2084d","customerTypeId":"7f000101-8adc-1104-818a-dc48239d0061","status":"ACTIVE","subscriptionName":"Para preubas de subscriptionPara ","customerDocumentNumber":"9001239999994","customerName":"Pedro Perez2232","customerCode":"ABC121","customerDocumentType":"TI","updateDatetime":"2024-06-14T11:25:21","accounts":[],"contacts":[{"subscriptionContactId":"0a9133a6-8f4e-17ca-8190-17915e7e0386","subscriptionId":"0a9133a6-8f4e-17ca-8190-17915e6f0385","name":"Maria","email":"jj@gmail.com","telephoneNumber":"1121212121","contactType":"AB"},{"subscriptionContactId":"0a9133a6-8f4e-17ca-8190-17915e7e0387","subscriptionId":"0a9133a6-8f4e-17ca-8190-17915e6f0385","name":"Jose","email":"jose@gmail.com","telephoneNumber":"121212123","contactType":"BE"}],"business":null}}}

11:25:21.370 [pool-1-thread-2] INFO  com.intuit.karate - [print] 0a913355-8fcb-197f-8190-17915bd2084d 
11:25:21.370 [pool-1-thread-2] INFO  com.intuit.karate - [print] 0a9133a6-8f4e-17ca-8190-17915e6f0385 
11:25:21.373 [pool-1-thread-2] DEBUG com.intuit.karate - request:
3 > POST https://internal-AWS-PRB-ALB-BACK-398488634.us-east-1.elb.amazonaws.com/v1/transversal/administrative/customers/0a913355-8fcb-197f-8190-17915bd2084d/subscriptions/0a9133a6-8f4e-17ca-8190-17915e6f0385/business
3 > message-uuid: acxff62e-6f12-42de-9012-1e7304418abd
3 > Content-Type: application/json; charset=UTF-8
3 > Content-Length: 370
3 > Host: internal-AWS-PRB-ALB-BACK-398488634.us-east-1.elb.amazonaws.com
3 > Connection: Keep-Alive
3 > User-Agent: Apache-HttpClient/4.5.13 (Java/17.0.5)
3 > Accept-Encoding: gzip,deflate
{"customerDocumentNumber":"0136207144278945","customerDocumentType":"CC","customerName":"Luis Lopez","businessName":"Zapatos11345","status":"ACTIVE","businessType":"Local","address":"Avenida 19 98-76","city":"Bogta","department":"Cundinamarca","email":"email@gmail.com","telephone":"30018181811","principalCiiuCode":"2491","secondaryCiiuCode":"1109","commerCode":"2345"}

11:25:21.570 [pool-1-thread-1] DEBUG com.intuit.karate - response time in milliseconds: 614
2 < 201
2 < Date: Fri, 14 Jun 2024 16:25:21 GMT
2 < Content-Type: application/json
2 < Transfer-Encoding: chunked
2 < Connection: keep-alive
2 < Vary: Origin
2 < Vary: Access-Control-Request-Method
2 < Vary: Access-Control-Request-Headers
2 < X-Content-Type-Options: nosniff
2 < X-XSS-Protection: 1; mode=block
2 < Cache-Control: no-cache, no-store, max-age=0, must-revalidate
2 < Pragma: no-cache
2 < Expires: 0
2 < X-Frame-Options: DENY
{"headers":{"httpStatusCode":201,"httpStatusDesc":"CREATED","messageUuid":"acxff62e-6f12-42de-9012-1e7304418abd","requestAppId":null,"requestDatetime":"2024-06-14T11:25:21"},"messageResponse":{"responseCode":"0000","responseMessage":"Transacción exitosa.","responseDetails":"Subscription created Successfully"},"data":{"subscription":{"subscriptionId":"0a9133a6-8f4e-17ca-8190-17915f2c0388","productId":"0a91331f-8cf9-19f2-818d-7a21423f00ad","customerId":"0a913355-8fcb-197f-8190-17915cb60852","customerTypeId":"7f000101-8adc-1104-818a-dc48239d0061","status":"ACTIVE","subscriptionName":"Para preubas de subscriptionPara ","customerDocumentNumber":"9001239999994","customerName":"Pedro Perez2232","customerCode":"ABC121","customerDocumentType":"TI","updateDatetime":"2024-06-14T11:25:21","accounts":[],"contacts":[{"subscriptionContactId":"0a9133a6-8f4e-17ca-8190-17915f380389","subscriptionId":"0a9133a6-8f4e-17ca-8190-17915f2c0388","name":"Maria","email":"jj@gmail.com","telephoneNumber":"1121212121","contactType":"AB"},{"subscriptionContactId":"0a9133a6-8f4e-17ca-8190-17915f38038a","subscriptionId":"0a9133a6-8f4e-17ca-8190-17915f2c0388","name":"Jose","email":"jose@gmail.com","telephoneNumber":"121212123","contactType":"BE"}],"business":null}}}

11:25:21.571 [pool-1-thread-1] INFO  com.intuit.karate - [print] 0a913355-8fcb-197f-8190-17915cb60852 
11:25:21.572 [pool-1-thread-1] INFO  com.intuit.karate - [print] 0a9133a6-8f4e-17ca-8190-17915f2c0388 
11:25:21.576 [pool-1-thread-1] DEBUG com.intuit.karate - request:
3 > POST https://internal-AWS-PRB-ALB-BACK-398488634.us-east-1.elb.amazonaws.com/v1/transversal/administrative/customers/0a913355-8fcb-197f-8190-17915cb60852/subscriptions/0a9133a6-8f4e-17ca-8190-17915f2c0388/business
3 > message-uuid: acxff62e-6f12-42de-9012-1e7304418abd
3 > Content-Type: application/json; charset=UTF-8
3 > Content-Length: 370
3 > Host: internal-AWS-PRB-ALB-BACK-398488634.us-east-1.elb.amazonaws.com
3 > Connection: Keep-Alive
3 > User-Agent: Apache-HttpClient/4.5.13 (Java/17.0.5)
3 > Accept-Encoding: gzip,deflate
{"customerDocumentNumber":"4453506581774605","customerDocumentType":"CC","customerName":"Luis Lopez","businessName":"Zapatos11345","status":"ACTIVE","businessType":"Local","address":"Avenida 19 98-76","city":"Bogta","department":"Cundinamarca","email":"email@gmail.com","telephone":"30018181811","principalCiiuCode":"2491","secondaryCiiuCode":"1109","commerCode":"2345"}

11:25:21.974 [pool-1-thread-2] DEBUG com.intuit.karate - response time in milliseconds: 600
3 < 201
3 < Date: Fri, 14 Jun 2024 16:25:21 GMT
3 < Content-Type: application/json
3 < Transfer-Encoding: chunked
3 < Connection: keep-alive
3 < Vary: Origin
3 < Vary: Access-Control-Request-Method
3 < Vary: Access-Control-Request-Headers
3 < X-Content-Type-Options: nosniff
3 < X-XSS-Protection: 1; mode=block
3 < Cache-Control: no-cache, no-store, max-age=0, must-revalidate
3 < Pragma: no-cache
3 < Expires: 0
3 < X-Frame-Options: DENY
{"headers":{"httpStatusCode":201,"httpStatusDesc":"CREATED","messageUuid":"acxff62e-6f12-42de-9012-1e7304418abd","requestAppId":null,"requestDatetime":"2024-06-14T11:25:21"},"messageResponse":{"responseCode":"0000","responseMessage":"Transacción exitosa.","responseDetails":"Account added to the Subscription successfully"},"data":{"business":{"subscriptionBusinessId":"0a9133a6-8f4e-17ca-8190-1791607f038b","customerDocumentNumber":"0136207144278945","customerDocumentType":"CC","customerName":"Luis Lopez","businessName":"Zapatos11345","status":"ACTIVE","businessType":"Local","address":"Avenida 19 98-76","city":"Bogta","department":"Cundinamarca","email":"email@gmail.com","telephone":"30018181811","principalCiiuCode":"2491","secondaryCiiuCode":"1109","commerCode":"2345","createDatetime":"2024-06-14T11:25:21","updateDatetime":"2024-06-14T11:25:21"}}}

11:25:21.975 [pool-1-thread-2] INFO  com.intuit.karate - [print] 0a913355-8fcb-197f-8190-17915bd2084d 
11:25:21.976 [pool-1-thread-2] INFO  com.intuit.karate - [print] 0a9133a6-8f4e-17ca-8190-17915e6f0385 
11:25:21.978 [pool-1-thread-2] INFO  com.intuit.karate - [print] 0a9133a6-8f4e-17ca-8190-1791607f038b 
11:25:21.981 [pool-1-thread-2] DEBUG com.intuit.karate - request:
4 > GET https://internal-AWS-PRB-ALB-BACK-398488634.us-east-1.elb.amazonaws.com/v1/transversal/administrative/customers/0a913355-8fcb-197f-8190-17915bd2084d/subscriptions/0a9133a6-8f4e-17ca-8190-17915e6f0385/business/0a9133a6-8f4e-17ca-8190-1791607f038b/accounts?pageNumber=1&pageSize=10
4 > message-uuid: acxff62e-6f12-42de-9012-1e7304418abd
4 > request-app-id: c4e6bd04-5149-11e7-b114-a2f933d5fe66
4 > Content-Type: application/json
4 > Host: internal-AWS-PRB-ALB-BACK-398488634.us-east-1.elb.amazonaws.com
4 > Connection: Keep-Alive
4 > User-Agent: Apache-HttpClient/4.5.13 (Java/17.0.5)
4 > Accept-Encoding: gzip,deflate


11:25:22.225 [pool-1-thread-1] DEBUG com.intuit.karate - response time in milliseconds: 649
3 < 201
3 < Date: Fri, 14 Jun 2024 16:25:22 GMT
3 < Content-Type: application/json
3 < Transfer-Encoding: chunked
3 < Connection: keep-alive
3 < Vary: Origin
3 < Vary: Access-Control-Request-Method
3 < Vary: Access-Control-Request-Headers
3 < X-Content-Type-Options: nosniff
3 < X-XSS-Protection: 1; mode=block
3 < Cache-Control: no-cache, no-store, max-age=0, must-revalidate
3 < Pragma: no-cache
3 < Expires: 0
3 < X-Frame-Options: DENY
{"headers":{"httpStatusCode":201,"httpStatusDesc":"CREATED","messageUuid":"acxff62e-6f12-42de-9012-1e7304418abd","requestAppId":null,"requestDatetime":"2024-06-14T11:25:22"},"messageResponse":{"responseCode":"0000","responseMessage":"Transacción exitosa.","responseDetails":"Account added to the Subscription successfully"},"data":{"business":{"subscriptionBusinessId":"0a9133a6-8f4e-17ca-8190-179161a0038c","customerDocumentNumber":"4453506581774605","customerDocumentType":"CC","customerName":"Luis Lopez","businessName":"Zapatos11345","status":"ACTIVE","businessType":"Local","address":"Avenida 19 98-76","city":"Bogta","department":"Cundinamarca","email":"email@gmail.com","telephone":"30018181811","principalCiiuCode":"2491","secondaryCiiuCode":"1109","commerCode":"2345","createDatetime":"2024-06-14T11:25:22","updateDatetime":"2024-06-14T11:25:22"}}}

11:25:22.226 [pool-1-thread-1] INFO  com.intuit.karate - [print] 0a913355-8fcb-197f-8190-17915cb60852 
11:25:22.227 [pool-1-thread-1] INFO  com.intuit.karate - [print] 0a9133a6-8f4e-17ca-8190-17915f2c0388 
11:25:22.227 [pool-1-thread-1] INFO  com.intuit.karate - [print] 0a9133a6-8f4e-17ca-8190-179161a0038c 
11:25:22.229 [pool-1-thread-1] DEBUG com.intuit.karate - request:
4 > POST https://internal-AWS-PRB-ALB-BACK-398488634.us-east-1.elb.amazonaws.com/v1/transversal/administrative/customers/0a913355-8fcb-197f-8190-17915cb60852/subscriptions/0a9133a6-8f4e-17ca-8190-17915f2c0388/business/0a9133a6-8f4e-17ca-8190-179161a0038c/accounts
4 > message-uuid: acxff62e-6f12-42de-9012-1e7304418abd
4 > Content-Type: application/json; charset=UTF-8
4 > Content-Length: 204
4 > Host: internal-AWS-PRB-ALB-BACK-398488634.us-east-1.elb.amazonaws.com
4 > Connection: Keep-Alive
4 > User-Agent: Apache-HttpClient/4.5.13 (Java/17.0.5)
4 > Accept-Encoding: gzip,deflate
{"accountType":"4453506581774605","accountNumber":"4453506581774605","accountName":"Cuenta Ejemplo 11111","accountCode":"9999","financialInstitutionCode":"8723","expirationDatetime":"2023-03-01T20:00:00"}

11:25:22.452 [pool-1-thread-2] DEBUG com.intuit.karate - response time in milliseconds: 471
4 < 200
4 < Date: Fri, 14 Jun 2024 16:25:22 GMT
4 < Content-Type: application/json
4 < Transfer-Encoding: chunked
4 < Connection: keep-alive
4 < Vary: Origin
4 < Vary: Access-Control-Request-Method
4 < Vary: Access-Control-Request-Headers
4 < X-Content-Type-Options: nosniff
4 < X-XSS-Protection: 1; mode=block
4 < Cache-Control: no-cache, no-store, max-age=0, must-revalidate
4 < Pragma: no-cache
4 < Expires: 0
4 < X-Frame-Options: DENY
{"headers":{"httpStatusCode":200,"httpStatusDesc":"OK","messageUuid":"acxff62e-6f12-42de-9012-1e7304418abd","requestAppId":"c4e6bd04-5149-11e7-b114-a2f933d5fe66","requestDatetime":"2024-06-14T11:25:22"},"messageResponse":{"responseCode":"0000","responseMessage":"Transacción exitosa.","responseDetails":"Subscription Business Accounts exists, success."},"data":{"accounts":[]},"pagination":{"totalElements":0,"pageSize":10,"pageNumber":1,"hasMoreElements":false}}

11:25:22.462 [pool-1-thread-2] INFO  c.intuit.karate.core.FeatureRuntime - classpath:users/SubscriptionManagement04/../SubscriptionManagement04/Subscriptions_Business_Accounts.feature - call by tag at line 7: Microservicios
11:25:22.464 [pool-1-thread-2] DEBUG c.intuit.karate.core.ScenarioEngine - over-writing existing variable 'generarData' with new value: Java.type('Utilidades.generarData')
11:25:22.466 [pool-1-thread-2] INFO  c.intuit.karate.core.FeatureRuntime - classpath:users/SubscriptionManagement04/../SubscriptionManagement04/Subscriptions_Business.feature - call by tag at line 7: Microservicios
11:25:22.468 [pool-1-thread-2] DEBUG c.intuit.karate.core.ScenarioEngine - over-writing existing variable 'generarData' with new value: Java.type('Utilidades.generarData')
11:25:22.470 [pool-1-thread-2] INFO  c.intuit.karate.core.FeatureRuntime - classpath:users/SubscriptionManagement04/../SubscriptionManagement04/../SubscriptionManagement04/Suscription.feature - call by tag at line 7: Microservicios
11:25:22.472 [pool-1-thread-2] DEBUG c.intuit.karate.core.ScenarioEngine - over-writing existing variable 'generarData' with new value: Java.type('Utilidades.generarData')
11:25:22.475 [pool-1-thread-2] INFO  c.intuit.karate.core.FeatureRuntime - classpath:users/SubscriptionManagement04/../SubscriptionManagement04/../CustomerManagement01/Customers.feature - call by tag at line 7: Microservicios
11:25:22.476 [pool-1-thread-2] DEBUG c.intuit.karate.core.ScenarioEngine - over-writing existing variable 'generarData' with new value: Java.type('Utilidades.generarData')
11:25:22.478 [pool-1-thread-2] DEBUG com.intuit.karate - request:
1 > POST https://internal-AWS-PRB-ALB-BACK-398488634.us-east-1.elb.amazonaws.com/v1/transversal/administrative/customers
1 > message-uuid: acxff62e-6f12-42de-9012-1e7304418abd
1 > request-app-id: c4e6bd04-5149-11e7-b114-a2f933d5fe66
1 > Content-Type: application/json; charset=UTF-8
1 > Content-Length: 1050
1 > Host: internal-AWS-PRB-ALB-BACK-398488634.us-east-1.elb.amazonaws.com
1 > Connection: Keep-Alive
1 > User-Agent: Apache-HttpClient/4.5.13 (Java/17.0.5)
1 > Accept-Encoding: gzip,deflate
{"customerName":"7518198381043240","businessName":"7518198381043240","customerDocumentNumber":"7518198381043240","customerDocumentType":"NT","customerCode":"7518198381043240","regulatedSFC":"7518198381043240","logo":"","incomes":"80","expenses":"40","assets":"4","passives":"3","equity":"1","customerDomain":[{"domain":"gufum","status":"ACTIVE"}],"customerTypes":[{"customerTypeId":"0a91337e-8c88-1ce7-818c-8d87e2d8003d"}],"customerAddressInformation":{"customerCountry":"CO","customerDepartment":"CUNDINAMARCA","customerProvince":"BOGOTA","customerCity":"BOGOTA","customerAddress":"calle falsa 123"},"customerPhone":{"phoneCode":"57","phoneNumber":"3161002233"},"customerEmail":"fudrayepsu@gufum.com","ciiuCode":{"activity":"Estudios de mercado.","ciiuCode":"7320"},"customerOwners":[{"name":"Juan higuera","documentType":"CC","documentNumber":"123456","relation":"REPRESENTANTE_LEGAL","pep":"SI"}],"termsAndConditionVersion":"","policyVersion":"","financialInstitutionCode":"","entityType":"PUBLIC","eanCode":"","compensationCode":"","limitUse":""}

11:25:22.681 [pool-1-thread-1] DEBUG com.intuit.karate - response time in milliseconds: 452
4 < 201
4 < Date: Fri, 14 Jun 2024 16:25:22 GMT
4 < Content-Type: application/json
4 < Transfer-Encoding: chunked
4 < Connection: keep-alive
4 < Vary: Origin
4 < Vary: Access-Control-Request-Method
4 < Vary: Access-Control-Request-Headers
4 < X-Content-Type-Options: nosniff
4 < X-XSS-Protection: 1; mode=block
4 < Cache-Control: no-cache, no-store, max-age=0, must-revalidate
4 < Pragma: no-cache
4 < Expires: 0
4 < X-Frame-Options: DENY
{"headers":{"httpStatusCode":201,"httpStatusDesc":"CREATED","messageUuid":"acxff62e-6f12-42de-9012-1e7304418abd","requestAppId":null,"requestDatetime":"2024-06-14T11:25:22"},"messageResponse":{"responseCode":"0000","responseMessage":"Transacción exitosa.","responseDetails":"Subscription Business Account created, success."},"data":{"account":{"accountId":"169c872b-53a2-46f6-9437-6b1d675ec402","accountType":"4453506581774605","accountNumber":"4453506581774605","accountName":"Cuenta Ejemplo 11111","accountCode":"9999","status":"ACTIVE","financialInstitutionCode":"8723","approvalState":"PENDING","createdDatetime":"2024-06-14T11:25:22","expirationDatetime":"2023-03-01T20:00:00","approvalDatetime":null}}}

11:25:22.682 [pool-1-thread-1] INFO  com.intuit.karate - [print] 0a913355-8fcb-197f-8190-17915cb60852 
11:25:22.682 [pool-1-thread-1] INFO  com.intuit.karate - [print] 0a9133a6-8f4e-17ca-8190-17915f2c0388 
11:25:22.683 [pool-1-thread-1] INFO  com.intuit.karate - [print] 0a9133a6-8f4e-17ca-8190-179161a0038c 
11:25:22.684 [pool-1-thread-1] INFO  com.intuit.karate - [print] 169c872b-53a2-46f6-9437-6b1d675ec402 
11:25:22.690 [pool-1-thread-1] INFO  c.intuit.karate.core.FeatureRuntime - classpath:users/SubscriptionManagement04/../SubscriptionManagement04/Subscriptions_Business_Accounts.feature - call by tag at line 7: Microservicios
11:25:22.692 [pool-1-thread-1] DEBUG c.intuit.karate.core.ScenarioEngine - over-writing existing variable 'generarData' with new value: Java.type('Utilidades.generarData')
11:25:22.694 [pool-1-thread-1] INFO  c.intuit.karate.core.FeatureRuntime - classpath:users/SubscriptionManagement04/../SubscriptionManagement04/Subscriptions_Business.feature - call by tag at line 7: Microservicios
11:25:22.695 [pool-1-thread-1] DEBUG c.intuit.karate.core.ScenarioEngine - over-writing existing variable 'generarData' with new value: Java.type('Utilidades.generarData')
11:25:22.698 [pool-1-thread-1] INFO  c.intuit.karate.core.FeatureRuntime - classpath:users/SubscriptionManagement04/../SubscriptionManagement04/../SubscriptionManagement04/Suscription.feature - call by tag at line 7: Microservicios
11:25:22.700 [pool-1-thread-1] DEBUG c.intuit.karate.core.ScenarioEngine - over-writing existing variable 'generarData' with new value: Java.type('Utilidades.generarData')
11:25:22.702 [pool-1-thread-1] INFO  c.intuit.karate.core.FeatureRuntime - classpath:users/SubscriptionManagement04/../SubscriptionManagement04/../CustomerManagement01/Customers.feature - call by tag at line 7: Microservicios
11:25:22.704 [pool-1-thread-1] DEBUG c.intuit.karate.core.ScenarioEngine - over-writing existing variable 'generarData' with new value: Java.type('Utilidades.generarData')
11:25:22.706 [pool-1-thread-1] DEBUG com.intuit.karate - request:
1 > POST https://internal-AWS-PRB-ALB-BACK-398488634.us-east-1.elb.amazonaws.com/v1/transversal/administrative/customers
1 > message-uuid: acxff62e-6f12-42de-9012-1e7304418abd
1 > request-app-id: c4e6bd04-5149-11e7-b114-a2f933d5fe66
1 > Content-Type: application/json; charset=UTF-8
1 > Content-Length: 1050
1 > Host: internal-AWS-PRB-ALB-BACK-398488634.us-east-1.elb.amazonaws.com
1 > Connection: Keep-Alive
1 > User-Agent: Apache-HttpClient/4.5.13 (Java/17.0.5)
1 > Accept-Encoding: gzip,deflate
{"customerName":"6852756554138249","businessName":"6852756554138249","customerDocumentNumber":"6852756554138249","customerDocumentType":"NT","customerCode":"6852756554138249","regulatedSFC":"6852756554138249","logo":"","incomes":"80","expenses":"40","assets":"4","passives":"3","equity":"1","customerDomain":[{"domain":"gufum","status":"ACTIVE"}],"customerTypes":[{"customerTypeId":"0a91337e-8c88-1ce7-818c-8d87e2d8003d"}],"customerAddressInformation":{"customerCountry":"CO","customerDepartment":"CUNDINAMARCA","customerProvince":"BOGOTA","customerCity":"BOGOTA","customerAddress":"calle falsa 123"},"customerPhone":{"phoneCode":"57","phoneNumber":"3161002233"},"customerEmail":"fudrayepsu@gufum.com","ciiuCode":{"activity":"Estudios de mercado.","ciiuCode":"7320"},"customerOwners":[{"name":"Juan higuera","documentType":"CC","documentNumber":"123456","relation":"REPRESENTANTE_LEGAL","pep":"SI"}],"termsAndConditionVersion":"","policyVersion":"","financialInstitutionCode":"","entityType":"PUBLIC","eanCode":"","compensationCode":"","limitUse":""}

11:25:23.938 [pool-1-thread-2] DEBUG com.intuit.karate - response time in milliseconds: 1460
1 < 201
1 < Date: Fri, 14 Jun 2024 16:25:23 GMT
1 < Content-Type: application/json
1 < Transfer-Encoding: chunked
1 < Connection: keep-alive
1 < Vary: Origin
1 < Vary: Access-Control-Request-Method
1 < Vary: Access-Control-Request-Headers
1 < X-Content-Type-Options: nosniff
1 < X-XSS-Protection: 1; mode=block
1 < Cache-Control: no-cache, no-store, max-age=0, must-revalidate
1 < Pragma: no-cache
1 < Expires: 0
1 < X-Frame-Options: DENY
{"headers":{"httpStatusCode":201,"httpStatusDesc":"CREATED","messageUuid":"acxff62e-6f12-42de-9012-1e7304418abd","requestAppId":"c4e6bd04-5149-11e7-b114-a2f933d5fe66","requestDatetime":"2024-06-14T11:25:23"},"messageResponse":{"responseCode":"0000","responseMessage":"Transacción exitosa.","responseDetails":"Customer Created Successfully"},"data":{"customer":{"customerId":"0a913355-8fcb-197f-8190-179168410857","customerName":"7518198381043240","businessName":"7518198381043240","customerDomains":[{"customerDomainId":"0a913355-8fcb-197f-8190-179168510859","customerDomain":"gufum","status":"ACTIVE"}],"customerDocumentType":"NT","customerDocumentNumber":"7518198381043240","customerCode":"7518198381043240","regulatedSFC":"7518198381043240","logo":"","incomes":"80","expenses":"40","assets":"4","passives":"3","equity":"1","customerTypes":[{"customerTypeId":"0a91337e-8c88-1ce7-818c-8d87e2d8003d","customerTypeValue":"ADMINISTRATOR_PARTNER12241","customerTypeLabel":"OPERADORAS DE INFORMACIÓN 1"}],"customerStatus":"ACTIVE","customerAddressInformation":{"customerCountry":"CO","customerDepartment":"CUNDINAMARCA","customerProvince":"BOGOTA","customerCity":"BOGOTA","customerAddress":"calle falsa 123"},"customerPhone":{"phoneCode":"57","phoneNumber":"3161002233"},"customerEmail":"fudrayepsu@gufum.com","ciiuCode":{"ciiuCode":"7320","activity":"Estudios de mercado."},"customerOwners":[{"customerOwnerId":"0a913355-8fcb-197f-8190-17916862085b","name":"Juan higuera","documentType":"CC","documentNumber":"123456","relation":"REPRESENTANTE_LEGAL","pep":"SI"}],"termsAndConditionVersion":"","termsAndConditionDatetime":"","policyVersion":"","policyDatetime":"2024-06-14T11:25:22","financialInstitutionCode":"","createDatetime":"2024-06-14T11:25:22","entityType":"PUBLIC","eanCode":"","compensationCode":"","limitUse":"","updateDatetime":"2024-06-14T11:25:22","groupId":"59d90b3a-b6ef-47ca-8b49-58fb5dd50ab3"}}}

11:25:23.941 [pool-1-thread-2] INFO  com.intuit.karate - [print] 0a913355-8fcb-197f-8190-179168410857 
11:25:23.942 [pool-1-thread-2] INFO  com.intuit.karate - [print] 0a913355-8fcb-197f-8190-179168510859 
11:25:23.942 [pool-1-thread-2] INFO  com.intuit.karate - [print] 0a913355-8fcb-197f-8190-17916862085b 
11:25:23.944 [pool-1-thread-2] DEBUG com.intuit.karate - request:
2 > POST https://internal-AWS-PRB-ALB-BACK-398488634.us-east-1.elb.amazonaws.com/v1/transversal/administrative/customers/0a913355-8fcb-197f-8190-179168410857/subscriptions
2 > message-uuid: acxff62e-6f12-42de-9012-1e7304418abd
2 > Content-Type: application/json; charset=UTF-8
2 > Content-Length: 482
2 > Host: internal-AWS-PRB-ALB-BACK-398488634.us-east-1.elb.amazonaws.com
2 > Connection: Keep-Alive
2 > User-Agent: Apache-HttpClient/4.5.13 (Java/17.0.5)
2 > Accept-Encoding: gzip,deflate
{"productId":"0a91331f-8cf9-19f2-818d-7a21423f00ad","customerTypeId":"7f000101-8adc-1104-818a-dc48239d0061","subscriptionName":"Para preubas de subscriptionPara ","customerDocumentNumber":"9001239999994","customerName":"Pedro Perez2232","customerCode":"ABC121","customerDocumentType":"TI","contacts":[{"name":"Maria","email":"jj@gmail.com","telephoneNumber":"1121212121","contactType":"AB"},{"name":"Jose","email":"jose@gmail.com","telephoneNumber":"121212123","contactType":"BE"}]}

11:25:24.140 [pool-1-thread-1] DEBUG com.intuit.karate - response time in milliseconds: 1434
1 < 201
1 < Date: Fri, 14 Jun 2024 16:25:24 GMT
1 < Content-Type: application/json
1 < Transfer-Encoding: chunked
1 < Connection: keep-alive
1 < Vary: Origin
1 < Vary: Access-Control-Request-Method
1 < Vary: Access-Control-Request-Headers
1 < X-Content-Type-Options: nosniff
1 < X-XSS-Protection: 1; mode=block
1 < Cache-Control: no-cache, no-store, max-age=0, must-revalidate
1 < Pragma: no-cache
1 < Expires: 0
1 < X-Frame-Options: DENY
{"headers":{"httpStatusCode":201,"httpStatusDesc":"CREATED","messageUuid":"acxff62e-6f12-42de-9012-1e7304418abd","requestAppId":"c4e6bd04-5149-11e7-b114-a2f933d5fe66","requestDatetime":"2024-06-14T11:25:24"},"messageResponse":{"responseCode":"0000","responseMessage":"Transacción exitosa.","responseDetails":"Customer Created Successfully"},"data":{"customer":{"customerId":"0a913355-8fcb-197f-8190-1791690a085c","customerName":"6852756554138249","businessName":"6852756554138249","customerDomains":[{"customerDomainId":"0a913355-8fcb-197f-8190-17916916085e","customerDomain":"gufum","status":"ACTIVE"}],"customerDocumentType":"NT","customerDocumentNumber":"6852756554138249","customerCode":"6852756554138249","regulatedSFC":"6852756554138249","logo":"","incomes":"80","expenses":"40","assets":"4","passives":"3","equity":"1","customerTypes":[{"customerTypeId":"0a91337e-8c88-1ce7-818c-8d87e2d8003d","customerTypeValue":"ADMINISTRATOR_PARTNER12241","customerTypeLabel":"OPERADORAS DE INFORMACIÓN 1"}],"customerStatus":"ACTIVE","customerAddressInformation":{"customerCountry":"CO","customerDepartment":"CUNDINAMARCA","customerProvince":"BOGOTA","customerCity":"BOGOTA","customerAddress":"calle falsa 123"},"customerPhone":{"phoneCode":"57","phoneNumber":"3161002233"},"customerEmail":"fudrayepsu@gufum.com","ciiuCode":{"ciiuCode":"7320","activity":"Estudios de mercado."},"customerOwners":[{"customerOwnerId":"0a913355-8fcb-197f-8190-179169590860","name":"Juan higuera","documentType":"CC","documentNumber":"123456","relation":"REPRESENTANTE_LEGAL","pep":"SI"}],"termsAndConditionVersion":"","termsAndConditionDatetime":"","policyVersion":"","policyDatetime":"2024-06-14T11:25:23","financialInstitutionCode":"","createDatetime":"2024-06-14T11:25:23","entityType":"PUBLIC","eanCode":"","compensationCode":"","limitUse":"","updateDatetime":"2024-06-14T11:25:23","groupId":"8db18b07-3818-4a78-92e9-945097ac9151"}}}

11:25:24.143 [pool-1-thread-1] INFO  com.intuit.karate - [print] 0a913355-8fcb-197f-8190-1791690a085c 
11:25:24.143 [pool-1-thread-1] INFO  com.intuit.karate - [print] 0a913355-8fcb-197f-8190-17916916085e 
11:25:24.143 [pool-1-thread-1] INFO  com.intuit.karate - [print] 0a913355-8fcb-197f-8190-179169590860 
11:25:24.146 [pool-1-thread-1] DEBUG com.intuit.karate - request:
2 > POST https://internal-AWS-PRB-ALB-BACK-398488634.us-east-1.elb.amazonaws.com/v1/transversal/administrative/customers/0a913355-8fcb-197f-8190-1791690a085c/subscriptions
2 > message-uuid: acxff62e-6f12-42de-9012-1e7304418abd
2 > Content-Type: application/json; charset=UTF-8
2 > Content-Length: 482
2 > Host: internal-AWS-PRB-ALB-BACK-398488634.us-east-1.elb.amazonaws.com
2 > Connection: Keep-Alive
2 > User-Agent: Apache-HttpClient/4.5.13 (Java/17.0.5)
2 > Accept-Encoding: gzip,deflate
{"productId":"0a91331f-8cf9-19f2-818d-7a21423f00ad","customerTypeId":"7f000101-8adc-1104-818a-dc48239d0061","subscriptionName":"Para preubas de subscriptionPara ","customerDocumentNumber":"9001239999994","customerName":"Pedro Perez2232","customerCode":"ABC121","customerDocumentType":"TI","contacts":[{"name":"Maria","email":"jj@gmail.com","telephoneNumber":"1121212121","contactType":"AB"},{"name":"Jose","email":"jose@gmail.com","telephoneNumber":"121212123","contactType":"BE"}]}

11:25:24.542 [pool-1-thread-2] DEBUG com.intuit.karate - response time in milliseconds: 597
2 < 201
2 < Date: Fri, 14 Jun 2024 16:25:24 GMT
2 < Content-Type: application/json
2 < Transfer-Encoding: chunked
2 < Connection: keep-alive
2 < Vary: Origin
2 < Vary: Access-Control-Request-Method
2 < Vary: Access-Control-Request-Headers
2 < X-Content-Type-Options: nosniff
2 < X-XSS-Protection: 1; mode=block
2 < Cache-Control: no-cache, no-store, max-age=0, must-revalidate
2 < Pragma: no-cache
2 < Expires: 0
2 < X-Frame-Options: DENY
{"headers":{"httpStatusCode":201,"httpStatusDesc":"CREATED","messageUuid":"acxff62e-6f12-42de-9012-1e7304418abd","requestAppId":null,"requestDatetime":"2024-06-14T11:25:24"},"messageResponse":{"responseCode":"0000","responseMessage":"Transacción exitosa.","responseDetails":"Subscription created Successfully"},"data":{"subscription":{"subscriptionId":"0a9133a6-8f4e-17ca-8190-17916abc038d","productId":"0a91331f-8cf9-19f2-818d-7a21423f00ad","customerId":"0a913355-8fcb-197f-8190-179168410857","customerTypeId":"7f000101-8adc-1104-818a-dc48239d0061","status":"ACTIVE","subscriptionName":"Para preubas de subscriptionPara ","customerDocumentNumber":"9001239999994","customerName":"Pedro Perez2232","customerCode":"ABC121","customerDocumentType":"TI","updateDatetime":"2024-06-14T11:25:24","accounts":[],"contacts":[{"subscriptionContactId":"0a9133a6-8f4e-17ca-8190-17916adc038e","subscriptionId":"0a9133a6-8f4e-17ca-8190-17916abc038d","name":"Maria","email":"jj@gmail.com","telephoneNumber":"1121212121","contactType":"AB"},{"subscriptionContactId":"0a9133a6-8f4e-17ca-8190-17916adc038f","subscriptionId":"0a9133a6-8f4e-17ca-8190-17916abc038d","name":"Jose","email":"jose@gmail.com","telephoneNumber":"121212123","contactType":"BE"}],"business":null}}}

11:25:24.542 [pool-1-thread-2] INFO  com.intuit.karate - [print] 0a913355-8fcb-197f-8190-179168410857 
11:25:24.543 [pool-1-thread-2] INFO  com.intuit.karate - [print] 0a9133a6-8f4e-17ca-8190-17916abc038d 
11:25:24.545 [pool-1-thread-2] DEBUG com.intuit.karate - request:
3 > POST https://internal-AWS-PRB-ALB-BACK-398488634.us-east-1.elb.amazonaws.com/v1/transversal/administrative/customers/0a913355-8fcb-197f-8190-179168410857/subscriptions/0a9133a6-8f4e-17ca-8190-17916abc038d/business
3 > message-uuid: acxff62e-6f12-42de-9012-1e7304418abd
3 > Content-Type: application/json; charset=UTF-8
3 > Content-Length: 370
3 > Host: internal-AWS-PRB-ALB-BACK-398488634.us-east-1.elb.amazonaws.com
3 > Connection: Keep-Alive
3 > User-Agent: Apache-HttpClient/4.5.13 (Java/17.0.5)
3 > Accept-Encoding: gzip,deflate
{"customerDocumentNumber":"7518198381043240","customerDocumentType":"CC","customerName":"Luis Lopez","businessName":"Zapatos11345","status":"ACTIVE","businessType":"Local","address":"Avenida 19 98-76","city":"Bogta","department":"Cundinamarca","email":"email@gmail.com","telephone":"30018181811","principalCiiuCode":"2491","secondaryCiiuCode":"1109","commerCode":"2345"}

11:25:24.694 [pool-1-thread-1] DEBUG com.intuit.karate - response time in milliseconds: 548
2 < 201
2 < Date: Fri, 14 Jun 2024 16:25:24 GMT
2 < Content-Type: application/json
2 < Transfer-Encoding: chunked
2 < Connection: keep-alive
2 < Vary: Origin
2 < Vary: Access-Control-Request-Method
2 < Vary: Access-Control-Request-Headers
2 < X-Content-Type-Options: nosniff
2 < X-XSS-Protection: 1; mode=block
2 < Cache-Control: no-cache, no-store, max-age=0, must-revalidate
2 < Pragma: no-cache
2 < Expires: 0
2 < X-Frame-Options: DENY
{"headers":{"httpStatusCode":201,"httpStatusDesc":"CREATED","messageUuid":"acxff62e-6f12-42de-9012-1e7304418abd","requestAppId":null,"requestDatetime":"2024-06-14T11:25:24"},"messageResponse":{"responseCode":"0000","responseMessage":"Transacción exitosa.","responseDetails":"Subscription created Successfully"},"data":{"subscription":{"subscriptionId":"0a9133a6-8f4e-17ca-8190-17916b600390","productId":"0a91331f-8cf9-19f2-818d-7a21423f00ad","customerId":"0a913355-8fcb-197f-8190-1791690a085c","customerTypeId":"7f000101-8adc-1104-818a-dc48239d0061","status":"ACTIVE","subscriptionName":"Para preubas de subscriptionPara ","customerDocumentNumber":"9001239999994","customerName":"Pedro Perez2232","customerCode":"ABC121","customerDocumentType":"TI","updateDatetime":"2024-06-14T11:25:24","accounts":[],"contacts":[{"subscriptionContactId":"0a9133a6-8f4e-17ca-8190-17916b700391","subscriptionId":"0a9133a6-8f4e-17ca-8190-17916b600390","name":"Maria","email":"jj@gmail.com","telephoneNumber":"1121212121","contactType":"AB"},{"subscriptionContactId":"0a9133a6-8f4e-17ca-8190-17916b700392","subscriptionId":"0a9133a6-8f4e-17ca-8190-17916b600390","name":"Jose","email":"jose@gmail.com","telephoneNumber":"121212123","contactType":"BE"}],"business":null}}}

11:25:24.695 [pool-1-thread-1] INFO  com.intuit.karate - [print] 0a913355-8fcb-197f-8190-1791690a085c 
11:25:24.696 [pool-1-thread-1] INFO  com.intuit.karate - [print] 0a9133a6-8f4e-17ca-8190-17916b600390 
11:25:24.699 [pool-1-thread-1] DEBUG com.intuit.karate - request:
3 > POST https://internal-AWS-PRB-ALB-BACK-398488634.us-east-1.elb.amazonaws.com/v1/transversal/administrative/customers/0a913355-8fcb-197f-8190-1791690a085c/subscriptions/0a9133a6-8f4e-17ca-8190-17916b600390/business
3 > message-uuid: acxff62e-6f12-42de-9012-1e7304418abd
3 > Content-Type: application/json; charset=UTF-8
3 > Content-Length: 370
3 > Host: internal-AWS-PRB-ALB-BACK-398488634.us-east-1.elb.amazonaws.com
3 > Connection: Keep-Alive
3 > User-Agent: Apache-HttpClient/4.5.13 (Java/17.0.5)
3 > Accept-Encoding: gzip,deflate
{"customerDocumentNumber":"6852756554138249","customerDocumentType":"CC","customerName":"Luis Lopez","businessName":"Zapatos11345","status":"ACTIVE","businessType":"Local","address":"Avenida 19 98-76","city":"Bogta","department":"Cundinamarca","email":"email@gmail.com","telephone":"30018181811","principalCiiuCode":"2491","secondaryCiiuCode":"1109","commerCode":"2345"}

11:25:25.202 [pool-1-thread-2] DEBUG com.intuit.karate - response time in milliseconds: 657
3 < 201
3 < Date: Fri, 14 Jun 2024 16:25:25 GMT
3 < Content-Type: application/json
3 < Transfer-Encoding: chunked
3 < Connection: keep-alive
3 < Vary: Origin
3 < Vary: Access-Control-Request-Method
3 < Vary: Access-Control-Request-Headers
3 < X-Content-Type-Options: nosniff
3 < X-XSS-Protection: 1; mode=block
3 < Cache-Control: no-cache, no-store, max-age=0, must-revalidate
3 < Pragma: no-cache
3 < Expires: 0
3 < X-Frame-Options: DENY
{"headers":{"httpStatusCode":201,"httpStatusDesc":"CREATED","messageUuid":"acxff62e-6f12-42de-9012-1e7304418abd","requestAppId":null,"requestDatetime":"2024-06-14T11:25:25"},"messageResponse":{"responseCode":"0000","responseMessage":"Transacción exitosa.","responseDetails":"Account added to the Subscription successfully"},"data":{"business":{"subscriptionBusinessId":"0a9133a6-8f4e-17ca-8190-17916d4b0393","customerDocumentNumber":"7518198381043240","customerDocumentType":"CC","customerName":"Luis Lopez","businessName":"Zapatos11345","status":"ACTIVE","businessType":"Local","address":"Avenida 19 98-76","city":"Bogta","department":"Cundinamarca","email":"email@gmail.com","telephone":"30018181811","principalCiiuCode":"2491","secondaryCiiuCode":"1109","commerCode":"2345","createDatetime":"2024-06-14T11:25:25","updateDatetime":"2024-06-14T11:25:25"}}}

11:25:25.204 [pool-1-thread-2] INFO  com.intuit.karate - [print] 0a913355-8fcb-197f-8190-179168410857 
11:25:25.204 [pool-1-thread-2] INFO  com.intuit.karate - [print] 0a9133a6-8f4e-17ca-8190-17916abc038d 
11:25:25.205 [pool-1-thread-2] INFO  com.intuit.karate - [print] 0a9133a6-8f4e-17ca-8190-17916d4b0393 
11:25:25.209 [pool-1-thread-2] DEBUG com.intuit.karate - request:
4 > POST https://internal-AWS-PRB-ALB-BACK-398488634.us-east-1.elb.amazonaws.com/v1/transversal/administrative/customers/0a913355-8fcb-197f-8190-179168410857/subscriptions/0a9133a6-8f4e-17ca-8190-17916abc038d/business/0a9133a6-8f4e-17ca-8190-17916d4b0393/accounts
4 > message-uuid: acxff62e-6f12-42de-9012-1e7304418abd
4 > Content-Type: application/json; charset=UTF-8
4 > Content-Length: 204
4 > Host: internal-AWS-PRB-ALB-BACK-398488634.us-east-1.elb.amazonaws.com
4 > Connection: Keep-Alive
4 > User-Agent: Apache-HttpClient/4.5.13 (Java/17.0.5)
4 > Accept-Encoding: gzip,deflate
{"accountType":"7518198381043240","accountNumber":"7518198381043240","accountName":"Cuenta Ejemplo 11111","accountCode":"9999","financialInstitutionCode":"8723","expirationDatetime":"2023-03-01T20:00:00"}

11:25:25.258 [pool-1-thread-1] DEBUG com.intuit.karate - response time in milliseconds: 559
3 < 201
3 < Date: Fri, 14 Jun 2024 16:25:25 GMT
3 < Content-Type: application/json
3 < Transfer-Encoding: chunked
3 < Connection: keep-alive
3 < Vary: Origin
3 < Vary: Access-Control-Request-Method
3 < Vary: Access-Control-Request-Headers
3 < X-Content-Type-Options: nosniff
3 < X-XSS-Protection: 1; mode=block
3 < Cache-Control: no-cache, no-store, max-age=0, must-revalidate
3 < Pragma: no-cache
3 < Expires: 0
3 < X-Frame-Options: DENY
{"headers":{"httpStatusCode":201,"httpStatusDesc":"CREATED","messageUuid":"acxff62e-6f12-42de-9012-1e7304418abd","requestAppId":null,"requestDatetime":"2024-06-14T11:25:25"},"messageResponse":{"responseCode":"0000","responseMessage":"Transacción exitosa.","responseDetails":"Account added to the Subscription successfully"},"data":{"business":{"subscriptionBusinessId":"0a9133a6-8f4e-17ca-8190-17916dbc0394","customerDocumentNumber":"6852756554138249","customerDocumentType":"CC","customerName":"Luis Lopez","businessName":"Zapatos11345","status":"ACTIVE","businessType":"Local","address":"Avenida 19 98-76","city":"Bogta","department":"Cundinamarca","email":"email@gmail.com","telephone":"30018181811","principalCiiuCode":"2491","secondaryCiiuCode":"1109","commerCode":"2345","createDatetime":"2024-06-14T11:25:25","updateDatetime":"2024-06-14T11:25:25"}}}

11:25:25.259 [pool-1-thread-1] INFO  com.intuit.karate - [print] 0a913355-8fcb-197f-8190-1791690a085c 
11:25:25.260 [pool-1-thread-1] INFO  com.intuit.karate - [print] 0a9133a6-8f4e-17ca-8190-17916b600390 
11:25:25.260 [pool-1-thread-1] INFO  com.intuit.karate - [print] 0a9133a6-8f4e-17ca-8190-17916dbc0394 
11:25:25.264 [pool-1-thread-1] DEBUG com.intuit.karate - request:
4 > POST https://internal-AWS-PRB-ALB-BACK-398488634.us-east-1.elb.amazonaws.com/v1/transversal/administrative/customers/0a913355-8fcb-197f-8190-1791690a085c/subscriptions/0a9133a6-8f4e-17ca-8190-17916b600390/business/0a9133a6-8f4e-17ca-8190-17916dbc0394/accounts
4 > message-uuid: acxff62e-6f12-42de-9012-1e7304418abd
4 > Content-Type: application/json; charset=UTF-8
4 > Content-Length: 204
4 > Host: internal-AWS-PRB-ALB-BACK-398488634.us-east-1.elb.amazonaws.com
4 > Connection: Keep-Alive
4 > User-Agent: Apache-HttpClient/4.5.13 (Java/17.0.5)
4 > Accept-Encoding: gzip,deflate
{"accountType":"6852756554138249","accountNumber":"6852756554138249","accountName":"Cuenta Ejemplo 11111","accountCode":"9999","financialInstitutionCode":"8723","expirationDatetime":"2023-03-01T20:00:00"}

11:25:25.895 [pool-1-thread-2] DEBUG com.intuit.karate - response time in milliseconds: 686
4 < 201
4 < Date: Fri, 14 Jun 2024 16:25:25 GMT
4 < Content-Type: application/json
4 < Transfer-Encoding: chunked
4 < Connection: keep-alive
4 < Vary: Origin
4 < Vary: Access-Control-Request-Method
4 < Vary: Access-Control-Request-Headers
4 < X-Content-Type-Options: nosniff
4 < X-XSS-Protection: 1; mode=block
4 < Cache-Control: no-cache, no-store, max-age=0, must-revalidate
4 < Pragma: no-cache
4 < Expires: 0
4 < X-Frame-Options: DENY
{"headers":{"httpStatusCode":201,"httpStatusDesc":"CREATED","messageUuid":"acxff62e-6f12-42de-9012-1e7304418abd","requestAppId":null,"requestDatetime":"2024-06-14T11:25:25"},"messageResponse":{"responseCode":"0000","responseMessage":"Transacción exitosa.","responseDetails":"Subscription Business Account created, success."},"data":{"account":{"accountId":"8a8381bd-bcec-493b-9f8b-c934f8678c8a","accountType":"7518198381043240","accountNumber":"7518198381043240","accountName":"Cuenta Ejemplo 11111","accountCode":"9999","status":"ACTIVE","financialInstitutionCode":"8723","approvalState":"PENDING","createdDatetime":"2024-06-14T11:25:25","expirationDatetime":"2023-03-01T20:00:00","approvalDatetime":null}}}

11:25:25.895 [pool-1-thread-1] DEBUG com.intuit.karate - response time in milliseconds: 631
4 < 201
4 < Date: Fri, 14 Jun 2024 16:25:25 GMT
4 < Content-Type: application/json
4 < Transfer-Encoding: chunked
4 < Connection: keep-alive
4 < Vary: Origin
4 < Vary: Access-Control-Request-Method
4 < Vary: Access-Control-Request-Headers
4 < X-Content-Type-Options: nosniff
4 < X-XSS-Protection: 1; mode=block
4 < Cache-Control: no-cache, no-store, max-age=0, must-revalidate
4 < Pragma: no-cache
4 < Expires: 0
4 < X-Frame-Options: DENY
{"headers":{"httpStatusCode":201,"httpStatusDesc":"CREATED","messageUuid":"acxff62e-6f12-42de-9012-1e7304418abd","requestAppId":null,"requestDatetime":"2024-06-14T11:25:25"},"messageResponse":{"responseCode":"0000","responseMessage":"Transacción exitosa.","responseDetails":"Subscription Business Account created, success."},"data":{"account":{"accountId":"ea5aee29-6487-43c5-bc6f-f571c26699b1","accountType":"6852756554138249","accountNumber":"6852756554138249","accountName":"Cuenta Ejemplo 11111","accountCode":"9999","status":"ACTIVE","financialInstitutionCode":"8723","approvalState":"PENDING","createdDatetime":"2024-06-14T11:25:25","expirationDatetime":"2023-03-01T20:00:00","approvalDatetime":null}}}

11:25:25.896 [pool-1-thread-2] INFO  com.intuit.karate - [print] 0a913355-8fcb-197f-8190-179168410857 
11:25:25.896 [pool-1-thread-1] INFO  com.intuit.karate - [print] 0a913355-8fcb-197f-8190-1791690a085c 
11:25:25.896 [pool-1-thread-2] INFO  com.intuit.karate - [print] 0a9133a6-8f4e-17ca-8190-17916abc038d 
11:25:25.896 [pool-1-thread-1] INFO  com.intuit.karate - [print] 0a9133a6-8f4e-17ca-8190-17916b600390 
11:25:25.896 [pool-1-thread-2] INFO  com.intuit.karate - [print] 0a9133a6-8f4e-17ca-8190-17916d4b0393 
11:25:25.896 [pool-1-thread-1] INFO  com.intuit.karate - [print] 0a9133a6-8f4e-17ca-8190-17916dbc0394 
11:25:25.896 [pool-1-thread-2] INFO  com.intuit.karate - [print] 8a8381bd-bcec-493b-9f8b-c934f8678c8a 
11:25:25.896 [pool-1-thread-1] INFO  com.intuit.karate - [print] ea5aee29-6487-43c5-bc6f-f571c26699b1 
11:25:25.899 [pool-1-thread-1] DEBUG com.intuit.karate - request:
5 > PUT https://internal-AWS-PRB-ALB-BACK-398488634.us-east-1.elb.amazonaws.com/v1/transversal/administrative/customers/0a913355-8fcb-197f-8190-1791690a085c/subscriptions/0a9133a6-8f4e-17ca-8190-17916b600390/business/0a9133a6-8f4e-17ca-8190-17916dbc0394/accounts/ea5aee29-6487-43c5-bc6f-f571c26699b1
5 > message-uuid: acxff62e-6f12-42de-9012-1e7304418abd
5 > request-app-id: c4e6bd04-5149-11e7-b114-a2f933d5fe66
5 > Content-Type: application/json; charset=UTF-8
5 > Content-Length: 91
5 > Host: internal-AWS-PRB-ALB-BACK-398488634.us-east-1.elb.amazonaws.com
5 > Connection: Keep-Alive
5 > User-Agent: Apache-HttpClient/4.5.13 (Java/17.0.5)
5 > Accept-Encoding: gzip,deflate
{"accountStatus":"ACTIVE","approvalState":"YES","expirationDatetime":"2023-03-01T20:00:00"}

11:25:25.899 [pool-1-thread-2] DEBUG com.intuit.karate - request:
5 > GET https://internal-AWS-PRB-ALB-BACK-398488634.us-east-1.elb.amazonaws.com/v1/transversal/administrative/customers/0a913355-8fcb-197f-8190-179168410857/subscriptions/0a9133a6-8f4e-17ca-8190-17916abc038d/business/0a9133a6-8f4e-17ca-8190-17916d4b0393/accounts/8a8381bd-bcec-493b-9f8b-c934f8678c8a
5 > message-uuid: acxff62e-6f12-42de-9012-1e7304418abd
5 > request-app-id: c4e6bd04-5149-11e7-b114-a2f933d5fe66
5 > Content-Type: application/json
5 > Host: internal-AWS-PRB-ALB-BACK-398488634.us-east-1.elb.amazonaws.com
5 > Connection: Keep-Alive
5 > User-Agent: Apache-HttpClient/4.5.13 (Java/17.0.5)
5 > Accept-Encoding: gzip,deflate


11:25:26.689 [pool-1-thread-2] DEBUG com.intuit.karate - response time in milliseconds: 790
5 < 200
5 < Date: Fri, 14 Jun 2024 16:25:26 GMT
5 < Content-Type: application/json
5 < Transfer-Encoding: chunked
5 < Connection: keep-alive
5 < Vary: Origin
5 < Vary: Access-Control-Request-Method
5 < Vary: Access-Control-Request-Headers
5 < X-Content-Type-Options: nosniff
5 < X-XSS-Protection: 1; mode=block
5 < Cache-Control: no-cache, no-store, max-age=0, must-revalidate
5 < Pragma: no-cache
5 < Expires: 0
5 < X-Frame-Options: DENY
{"headers":{"httpStatusCode":200,"httpStatusDesc":"OK","messageUuid":"acxff62e-6f12-42de-9012-1e7304418abd","requestAppId":"c4e6bd04-5149-11e7-b114-a2f933d5fe66","requestDatetime":"2024-06-14T11:25:26"},"messageResponse":{"responseCode":"0000","responseMessage":"Transacción exitosa.","responseDetails":"Accounts exists."},"data":{"account":{"accountId":"8a8381bd-bcec-493b-9f8b-c934f8678c8a","accountType":"7518198381043240","accountNumber":"7518198381043240","accountName":"Cuenta Ejemplo 11111","accountCode":"9999","status":"ACTIVE","financialInstitutionCode":"8723","approvalState":"PENDING","createdDatetime":"2024-06-14T11:25:25","expirationDatetime":"2023-03-01T20:00:00","approvalDatetime":null}}}

11:25:26.697 [pool-1-thread-2] INFO  c.intuit.karate.core.FeatureRuntime - classpath:users/SubscriptionManagement04/../SubscriptionManagement04/Subscriptions_Business_Accounts.feature - call by tag at line 7: Microservicios
11:25:26.699 [pool-1-thread-2] DEBUG c.intuit.karate.core.ScenarioEngine - over-writing existing variable 'generarData' with new value: Java.type('Utilidades.generarData')
11:25:26.701 [pool-1-thread-2] INFO  c.intuit.karate.core.FeatureRuntime - classpath:users/SubscriptionManagement04/../SubscriptionManagement04/Subscriptions_Business.feature - call by tag at line 7: Microservicios
11:25:26.703 [pool-1-thread-2] DEBUG c.intuit.karate.core.ScenarioEngine - over-writing existing variable 'generarData' with new value: Java.type('Utilidades.generarData')
11:25:26.705 [pool-1-thread-2] INFO  c.intuit.karate.core.FeatureRuntime - classpath:users/SubscriptionManagement04/../SubscriptionManagement04/../SubscriptionManagement04/Suscription.feature - call by tag at line 7: Microservicios
11:25:26.707 [pool-1-thread-2] DEBUG c.intuit.karate.core.ScenarioEngine - over-writing existing variable 'generarData' with new value: Java.type('Utilidades.generarData')
11:25:26.709 [pool-1-thread-2] INFO  c.intuit.karate.core.FeatureRuntime - classpath:users/SubscriptionManagement04/../SubscriptionManagement04/../CustomerManagement01/Customers.feature - call by tag at line 7: Microservicios
11:25:26.711 [pool-1-thread-2] DEBUG c.intuit.karate.core.ScenarioEngine - over-writing existing variable 'generarData' with new value: Java.type('Utilidades.generarData')
11:25:26.713 [pool-1-thread-2] DEBUG com.intuit.karate - request:
1 > POST https://internal-AWS-PRB-ALB-BACK-398488634.us-east-1.elb.amazonaws.com/v1/transversal/administrative/customers
1 > message-uuid: acxff62e-6f12-42de-9012-1e7304418abd
1 > request-app-id: c4e6bd04-5149-11e7-b114-a2f933d5fe66
1 > Content-Type: application/json; charset=UTF-8
1 > Content-Length: 1050
1 > Host: internal-AWS-PRB-ALB-BACK-398488634.us-east-1.elb.amazonaws.com
1 > Connection: Keep-Alive
1 > User-Agent: Apache-HttpClient/4.5.13 (Java/17.0.5)
1 > Accept-Encoding: gzip,deflate
{"customerName":"9017660247317932","businessName":"9017660247317932","customerDocumentNumber":"9017660247317932","customerDocumentType":"NT","customerCode":"9017660247317932","regulatedSFC":"9017660247317932","logo":"","incomes":"80","expenses":"40","assets":"4","passives":"3","equity":"1","customerDomain":[{"domain":"gufum","status":"ACTIVE"}],"customerTypes":[{"customerTypeId":"0a91337e-8c88-1ce7-818c-8d87e2d8003d"}],"customerAddressInformation":{"customerCountry":"CO","customerDepartment":"CUNDINAMARCA","customerProvince":"BOGOTA","customerCity":"BOGOTA","customerAddress":"calle falsa 123"},"customerPhone":{"phoneCode":"57","phoneNumber":"3161002233"},"customerEmail":"fudrayepsu@gufum.com","ciiuCode":{"activity":"Estudios de mercado.","ciiuCode":"7320"},"customerOwners":[{"name":"Juan higuera","documentType":"CC","documentNumber":"123456","relation":"REPRESENTANTE_LEGAL","pep":"SI"}],"termsAndConditionVersion":"","policyVersion":"","financialInstitutionCode":"","entityType":"PUBLIC","eanCode":"","compensationCode":"","limitUse":""}

11:25:26.763 [pool-1-thread-1] DEBUG com.intuit.karate - response time in milliseconds: 864
5 < 200
5 < Date: Fri, 14 Jun 2024 16:25:26 GMT
5 < Content-Type: application/json
5 < Transfer-Encoding: chunked
5 < Connection: keep-alive
5 < Vary: Origin
5 < Vary: Access-Control-Request-Method
5 < Vary: Access-Control-Request-Headers
5 < X-Content-Type-Options: nosniff
5 < X-XSS-Protection: 1; mode=block
5 < Cache-Control: no-cache, no-store, max-age=0, must-revalidate
5 < Pragma: no-cache
5 < Expires: 0
5 < X-Frame-Options: DENY
{"headers":{"httpStatusCode":200,"httpStatusDesc":"OK","messageUuid":"acxff62e-6f12-42de-9012-1e7304418abd","requestAppId":"c4e6bd04-5149-11e7-b114-a2f933d5fe66","requestDatetime":"2024-06-14T11:25:26"},"messageResponse":{"responseCode":"0000","responseMessage":"Transacción exitosa.","responseDetails":"Accounts updated."},"data":{"account":{"accountId":"ea5aee29-6487-43c5-bc6f-f571c26699b1","accountType":"6852756554138249","accountNumber":"6852756554138249","accountName":"Cuenta Ejemplo 11111","accountCode":"9999","status":"ACTIVE","financialInstitutionCode":"8723","approvalState":"YES","createdDatetime":"2024-06-14T11:25:25","expirationDatetime":"2023-03-01T20:00:00","approvalDatetime":"2024-06-14T11:25:26"}}}

11:25:26.769 [pool-1-thread-1] INFO  c.intuit.karate.core.FeatureRuntime - classpath:users/SubscriptionManagement04/../SubscriptionManagement04/Subscriptions_Business.feature - call by tag at line 7: Microservicios
11:25:26.771 [pool-1-thread-1] DEBUG c.intuit.karate.core.ScenarioEngine - over-writing existing variable 'generarData' with new value: Java.type('Utilidades.generarData')
11:25:26.773 [pool-1-thread-1] INFO  c.intuit.karate.core.FeatureRuntime - classpath:users/SubscriptionManagement04/../SubscriptionManagement04/Suscription.feature - call by tag at line 7: Microservicios
11:25:26.775 [pool-1-thread-1] DEBUG c.intuit.karate.core.ScenarioEngine - over-writing existing variable 'generarData' with new value: Java.type('Utilidades.generarData')
11:25:26.778 [pool-1-thread-1] INFO  c.intuit.karate.core.FeatureRuntime - classpath:users/SubscriptionManagement04/../SubscriptionManagement04/../CustomerManagement01/Customers.feature - call by tag at line 7: Microservicios
11:25:26.779 [pool-1-thread-1] DEBUG c.intuit.karate.core.ScenarioEngine - over-writing existing variable 'generarData' with new value: Java.type('Utilidades.generarData')
11:25:26.781 [pool-1-thread-1] DEBUG com.intuit.karate - request:
1 > POST https://internal-AWS-PRB-ALB-BACK-398488634.us-east-1.elb.amazonaws.com/v1/transversal/administrative/customers
1 > message-uuid: acxff62e-6f12-42de-9012-1e7304418abd
1 > request-app-id: c4e6bd04-5149-11e7-b114-a2f933d5fe66
1 > Content-Type: application/json; charset=UTF-8
1 > Content-Length: 1050
1 > Host: internal-AWS-PRB-ALB-BACK-398488634.us-east-1.elb.amazonaws.com
1 > Connection: Keep-Alive
1 > User-Agent: Apache-HttpClient/4.5.13 (Java/17.0.5)
1 > Accept-Encoding: gzip,deflate
{"customerName":"4713667456028665","businessName":"4713667456028665","customerDocumentNumber":"4713667456028665","customerDocumentType":"NT","customerCode":"4713667456028665","regulatedSFC":"4713667456028665","logo":"","incomes":"80","expenses":"40","assets":"4","passives":"3","equity":"1","customerDomain":[{"domain":"gufum","status":"ACTIVE"}],"customerTypes":[{"customerTypeId":"0a91337e-8c88-1ce7-818c-8d87e2d8003d"}],"customerAddressInformation":{"customerCountry":"CO","customerDepartment":"CUNDINAMARCA","customerProvince":"BOGOTA","customerCity":"BOGOTA","customerAddress":"calle falsa 123"},"customerPhone":{"phoneCode":"57","phoneNumber":"3161002233"},"customerEmail":"fudrayepsu@gufum.com","ciiuCode":{"activity":"Estudios de mercado.","ciiuCode":"7320"},"customerOwners":[{"name":"Juan higuera","documentType":"CC","documentNumber":"123456","relation":"REPRESENTANTE_LEGAL","pep":"SI"}],"termsAndConditionVersion":"","policyVersion":"","financialInstitutionCode":"","entityType":"PUBLIC","eanCode":"","compensationCode":"","limitUse":""}

11:25:28.202 [pool-1-thread-2] DEBUG com.intuit.karate - response time in milliseconds: 1489
1 < 201
1 < Date: Fri, 14 Jun 2024 16:25:28 GMT
1 < Content-Type: application/json
1 < Transfer-Encoding: chunked
1 < Connection: keep-alive
1 < Vary: Origin
1 < Vary: Access-Control-Request-Method
1 < Vary: Access-Control-Request-Headers
1 < X-Content-Type-Options: nosniff
1 < X-XSS-Protection: 1; mode=block
1 < Cache-Control: no-cache, no-store, max-age=0, must-revalidate
1 < Pragma: no-cache
1 < Expires: 0
1 < X-Frame-Options: DENY
{"headers":{"httpStatusCode":201,"httpStatusDesc":"CREATED","messageUuid":"acxff62e-6f12-42de-9012-1e7304418abd","requestAppId":"c4e6bd04-5149-11e7-b114-a2f933d5fe66","requestDatetime":"2024-06-14T11:25:28"},"messageResponse":{"responseCode":"0000","responseMessage":"Transacción exitosa.","responseDetails":"Customer Created Successfully"},"data":{"customer":{"customerId":"0a913355-8fcb-197f-8190-179178f80861","customerName":"9017660247317932","businessName":"9017660247317932","customerDomains":[{"customerDomainId":"0a913355-8fcb-197f-8190-179179070863","customerDomain":"gufum","status":"ACTIVE"}],"customerDocumentType":"NT","customerDocumentNumber":"9017660247317932","customerCode":"9017660247317932","regulatedSFC":"9017660247317932","logo":"","incomes":"80","expenses":"40","assets":"4","passives":"3","equity":"1","customerTypes":[{"customerTypeId":"0a91337e-8c88-1ce7-818c-8d87e2d8003d","customerTypeValue":"ADMINISTRATOR_PARTNER12241","customerTypeLabel":"OPERADORAS DE INFORMACIÓN 1"}],"customerStatus":"ACTIVE","customerAddressInformation":{"customerCountry":"CO","customerDepartment":"CUNDINAMARCA","customerProvince":"BOGOTA","customerCity":"BOGOTA","customerAddress":"calle falsa 123"},"customerPhone":{"phoneCode":"57","phoneNumber":"3161002233"},"customerEmail":"fudrayepsu@gufum.com","ciiuCode":{"ciiuCode":"7320","activity":"Estudios de mercado."},"customerOwners":[{"customerOwnerId":"0a913355-8fcb-197f-8190-1791791a0865","name":"Juan higuera","documentType":"CC","documentNumber":"123456","relation":"REPRESENTANTE_LEGAL","pep":"SI"}],"termsAndConditionVersion":"","termsAndConditionDatetime":"","policyVersion":"","policyDatetime":"2024-06-14T11:25:27","financialInstitutionCode":"","createDatetime":"2024-06-14T11:25:27","entityType":"PUBLIC","eanCode":"","compensationCode":"","limitUse":"","updateDatetime":"2024-06-14T11:25:27","groupId":"2287f444-dd5f-47bb-a7a7-909238970dff"}}}

11:25:28.204 [pool-1-thread-2] INFO  com.intuit.karate - [print] 0a913355-8fcb-197f-8190-179178f80861 
11:25:28.204 [pool-1-thread-2] INFO  com.intuit.karate - [print] 0a913355-8fcb-197f-8190-179179070863 
11:25:28.204 [pool-1-thread-2] INFO  com.intuit.karate - [print] 0a913355-8fcb-197f-8190-1791791a0865 
11:25:28.208 [pool-1-thread-2] DEBUG com.intuit.karate - request:
2 > POST https://internal-AWS-PRB-ALB-BACK-398488634.us-east-1.elb.amazonaws.com/v1/transversal/administrative/customers/0a913355-8fcb-197f-8190-179178f80861/subscriptions
2 > message-uuid: acxff62e-6f12-42de-9012-1e7304418abd
2 > Content-Type: application/json; charset=UTF-8
2 > Content-Length: 482
2 > Host: internal-AWS-PRB-ALB-BACK-398488634.us-east-1.elb.amazonaws.com
2 > Connection: Keep-Alive
2 > User-Agent: Apache-HttpClient/4.5.13 (Java/17.0.5)
2 > Accept-Encoding: gzip,deflate
{"productId":"0a91331f-8cf9-19f2-818d-7a21423f00ad","customerTypeId":"7f000101-8adc-1104-818a-dc48239d0061","subscriptionName":"Para preubas de subscriptionPara ","customerDocumentNumber":"9001239999994","customerName":"Pedro Perez2232","customerCode":"ABC121","customerDocumentType":"TI","contacts":[{"name":"Maria","email":"jj@gmail.com","telephoneNumber":"1121212121","contactType":"AB"},{"name":"Jose","email":"jose@gmail.com","telephoneNumber":"121212123","contactType":"BE"}]}

11:25:28.256 [pool-1-thread-1] DEBUG com.intuit.karate - response time in milliseconds: 1475
1 < 201
1 < Date: Fri, 14 Jun 2024 16:25:28 GMT
1 < Content-Type: application/json
1 < Transfer-Encoding: chunked
1 < Connection: keep-alive
1 < Vary: Origin
1 < Vary: Access-Control-Request-Method
1 < Vary: Access-Control-Request-Headers
1 < X-Content-Type-Options: nosniff
1 < X-XSS-Protection: 1; mode=block
1 < Cache-Control: no-cache, no-store, max-age=0, must-revalidate
1 < Pragma: no-cache
1 < Expires: 0
1 < X-Frame-Options: DENY
{"headers":{"httpStatusCode":201,"httpStatusDesc":"CREATED","messageUuid":"acxff62e-6f12-42de-9012-1e7304418abd","requestAppId":"c4e6bd04-5149-11e7-b114-a2f933d5fe66","requestDatetime":"2024-06-14T11:25:28"},"messageResponse":{"responseCode":"0000","responseMessage":"Transacción exitosa.","responseDetails":"Customer Created Successfully"},"data":{"customer":{"customerId":"0a913355-8fcb-197f-8190-179179320866","customerName":"4713667456028665","businessName":"4713667456028665","customerDomains":[{"customerDomainId":"0a913355-8fcb-197f-8190-179179420868","customerDomain":"gufum","status":"ACTIVE"}],"customerDocumentType":"NT","customerDocumentNumber":"4713667456028665","customerCode":"4713667456028665","regulatedSFC":"4713667456028665","logo":"","incomes":"80","expenses":"40","assets":"4","passives":"3","equity":"1","customerTypes":[{"customerTypeId":"0a91337e-8c88-1ce7-818c-8d87e2d8003d","customerTypeValue":"ADMINISTRATOR_PARTNER12241","customerTypeLabel":"OPERADORAS DE INFORMACIÓN 1"}],"customerStatus":"ACTIVE","customerAddressInformation":{"customerCountry":"CO","customerDepartment":"CUNDINAMARCA","customerProvince":"BOGOTA","customerCity":"BOGOTA","customerAddress":"calle falsa 123"},"customerPhone":{"phoneCode":"57","phoneNumber":"3161002233"},"customerEmail":"fudrayepsu@gufum.com","ciiuCode":{"ciiuCode":"7320","activity":"Estudios de mercado."},"customerOwners":[{"customerOwnerId":"0a913355-8fcb-197f-8190-17917956086a","name":"Juan higuera","documentType":"CC","documentNumber":"123456","relation":"REPRESENTANTE_LEGAL","pep":"SI"}],"termsAndConditionVersion":"","termsAndConditionDatetime":"","policyVersion":"","policyDatetime":"2024-06-14T11:25:27","financialInstitutionCode":"","createDatetime":"2024-06-14T11:25:27","entityType":"PUBLIC","eanCode":"","compensationCode":"","limitUse":"","updateDatetime":"2024-06-14T11:25:27","groupId":"f774205f-d954-4135-a30c-59aa353ee2df"}}}

11:25:28.257 [pool-1-thread-1] INFO  com.intuit.karate - [print] 0a913355-8fcb-197f-8190-179179320866 
11:25:28.257 [pool-1-thread-1] INFO  com.intuit.karate - [print] 0a913355-8fcb-197f-8190-179179420868 
11:25:28.258 [pool-1-thread-1] INFO  com.intuit.karate - [print] 0a913355-8fcb-197f-8190-17917956086a 
11:25:28.261 [pool-1-thread-1] DEBUG com.intuit.karate - request:
2 > POST https://internal-AWS-PRB-ALB-BACK-398488634.us-east-1.elb.amazonaws.com/v1/transversal/administrative/customers/0a913355-8fcb-197f-8190-179179320866/subscriptions
2 > message-uuid: acxff62e-6f12-42de-9012-1e7304418abd
2 > Content-Type: application/json; charset=UTF-8
2 > Content-Length: 482
2 > Host: internal-AWS-PRB-ALB-BACK-398488634.us-east-1.elb.amazonaws.com
2 > Connection: Keep-Alive
2 > User-Agent: Apache-HttpClient/4.5.13 (Java/17.0.5)
2 > Accept-Encoding: gzip,deflate
{"productId":"0a91331f-8cf9-19f2-818d-7a21423f00ad","customerTypeId":"7f000101-8adc-1104-818a-dc48239d0061","subscriptionName":"Para preubas de subscriptionPara ","customerDocumentNumber":"9001239999994","customerName":"Pedro Perez2232","customerCode":"ABC121","customerDocumentType":"TI","contacts":[{"name":"Maria","email":"jj@gmail.com","telephoneNumber":"1121212121","contactType":"AB"},{"name":"Jose","email":"jose@gmail.com","telephoneNumber":"121212123","contactType":"BE"}]}

11:25:28.820 [pool-1-thread-2] DEBUG com.intuit.karate - response time in milliseconds: 611
2 < 201
2 < Date: Fri, 14 Jun 2024 16:25:28 GMT
2 < Content-Type: application/json
2 < Transfer-Encoding: chunked
2 < Connection: keep-alive
2 < Vary: Origin
2 < Vary: Access-Control-Request-Method
2 < Vary: Access-Control-Request-Headers
2 < X-Content-Type-Options: nosniff
2 < X-XSS-Protection: 1; mode=block
2 < Cache-Control: no-cache, no-store, max-age=0, must-revalidate
2 < Pragma: no-cache
2 < Expires: 0
2 < X-Frame-Options: DENY
{"headers":{"httpStatusCode":201,"httpStatusDesc":"CREATED","messageUuid":"acxff62e-6f12-42de-9012-1e7304418abd","requestAppId":null,"requestDatetime":"2024-06-14T11:25:28"},"messageResponse":{"responseCode":"0000","responseMessage":"Transacción exitosa.","responseDetails":"Subscription created Successfully"},"data":{"subscription":{"subscriptionId":"0a9133a6-8f4e-17ca-8190-17917b840395","productId":"0a91331f-8cf9-19f2-818d-7a21423f00ad","customerId":"0a913355-8fcb-197f-8190-179178f80861","customerTypeId":"7f000101-8adc-1104-818a-dc48239d0061","status":"ACTIVE","subscriptionName":"Para preubas de subscriptionPara ","customerDocumentNumber":"9001239999994","customerName":"Pedro Perez2232","customerCode":"ABC121","customerDocumentType":"TI","updateDatetime":"2024-06-14T11:25:28","accounts":[],"contacts":[{"subscriptionContactId":"0a9133a6-8f4e-17ca-8190-17917b8c0396","subscriptionId":"0a9133a6-8f4e-17ca-8190-17917b840395","name":"Maria","email":"jj@gmail.com","telephoneNumber":"1121212121","contactType":"AB"},{"subscriptionContactId":"0a9133a6-8f4e-17ca-8190-17917b8c0397","subscriptionId":"0a9133a6-8f4e-17ca-8190-17917b840395","name":"Jose","email":"jose@gmail.com","telephoneNumber":"121212123","contactType":"BE"}],"business":null}}}

11:25:28.820 [pool-1-thread-2] INFO  com.intuit.karate - [print] 0a913355-8fcb-197f-8190-179178f80861 
11:25:28.821 [pool-1-thread-2] INFO  com.intuit.karate - [print] 0a9133a6-8f4e-17ca-8190-17917b840395 
11:25:28.823 [pool-1-thread-2] DEBUG com.intuit.karate - request:
3 > POST https://internal-AWS-PRB-ALB-BACK-398488634.us-east-1.elb.amazonaws.com/v1/transversal/administrative/customers/0a913355-8fcb-197f-8190-179178f80861/subscriptions/0a9133a6-8f4e-17ca-8190-17917b840395/business
3 > message-uuid: acxff62e-6f12-42de-9012-1e7304418abd
3 > Content-Type: application/json; charset=UTF-8
3 > Content-Length: 370
3 > Host: internal-AWS-PRB-ALB-BACK-398488634.us-east-1.elb.amazonaws.com
3 > Connection: Keep-Alive
3 > User-Agent: Apache-HttpClient/4.5.13 (Java/17.0.5)
3 > Accept-Encoding: gzip,deflate
{"customerDocumentNumber":"9017660247317932","customerDocumentType":"CC","customerName":"Luis Lopez","businessName":"Zapatos11345","status":"ACTIVE","businessType":"Local","address":"Avenida 19 98-76","city":"Bogta","department":"Cundinamarca","email":"email@gmail.com","telephone":"30018181811","principalCiiuCode":"2491","secondaryCiiuCode":"1109","commerCode":"2345"}

11:25:28.911 [pool-1-thread-1] DEBUG com.intuit.karate - response time in milliseconds: 650
2 < 201
2 < Date: Fri, 14 Jun 2024 16:25:28 GMT
2 < Content-Type: application/json
2 < Transfer-Encoding: chunked
2 < Connection: keep-alive
2 < Vary: Origin
2 < Vary: Access-Control-Request-Method
2 < Vary: Access-Control-Request-Headers
2 < X-Content-Type-Options: nosniff
2 < X-XSS-Protection: 1; mode=block
2 < Cache-Control: no-cache, no-store, max-age=0, must-revalidate
2 < Pragma: no-cache
2 < Expires: 0
2 < X-Frame-Options: DENY
{"headers":{"httpStatusCode":201,"httpStatusDesc":"CREATED","messageUuid":"acxff62e-6f12-42de-9012-1e7304418abd","requestAppId":null,"requestDatetime":"2024-06-14T11:25:28"},"messageResponse":{"responseCode":"0000","responseMessage":"Transacción exitosa.","responseDetails":"Subscription created Successfully"},"data":{"subscription":{"subscriptionId":"0a9133a6-8f4e-17ca-8190-17917ba40398","productId":"0a91331f-8cf9-19f2-818d-7a21423f00ad","customerId":"0a913355-8fcb-197f-8190-179179320866","customerTypeId":"7f000101-8adc-1104-818a-dc48239d0061","status":"ACTIVE","subscriptionName":"Para preubas de subscriptionPara ","customerDocumentNumber":"9001239999994","customerName":"Pedro Perez2232","customerCode":"ABC121","customerDocumentType":"TI","updateDatetime":"2024-06-14T11:25:28","accounts":[],"contacts":[{"subscriptionContactId":"0a9133a6-8f4e-17ca-8190-17917bc70399","subscriptionId":"0a9133a6-8f4e-17ca-8190-17917ba40398","name":"Maria","email":"jj@gmail.com","telephoneNumber":"1121212121","contactType":"AB"},{"subscriptionContactId":"0a9133a6-8f4e-17ca-8190-17917bc7039a","subscriptionId":"0a9133a6-8f4e-17ca-8190-17917ba40398","name":"Jose","email":"jose@gmail.com","telephoneNumber":"121212123","contactType":"BE"}],"business":null}}}

11:25:28.912 [pool-1-thread-1] INFO  com.intuit.karate - [print] 0a913355-8fcb-197f-8190-179179320866 
11:25:28.913 [pool-1-thread-1] INFO  com.intuit.karate - [print] 0a9133a6-8f4e-17ca-8190-17917ba40398 
11:25:28.919 [pool-1-thread-1] DEBUG com.intuit.karate - request:
3 > POST https://internal-AWS-PRB-ALB-BACK-398488634.us-east-1.elb.amazonaws.com/v1/transversal/administrative/customers/0a913355-8fcb-197f-8190-179179320866/subscriptions/0a9133a6-8f4e-17ca-8190-17917ba40398/business
3 > message-uuid: acxff62e-6f12-42de-9012-1e7304418abd
3 > Content-Type: application/json; charset=UTF-8
3 > Content-Length: 370
3 > Host: internal-AWS-PRB-ALB-BACK-398488634.us-east-1.elb.amazonaws.com
3 > Connection: Keep-Alive
3 > User-Agent: Apache-HttpClient/4.5.13 (Java/17.0.5)
3 > Accept-Encoding: gzip,deflate
{"customerDocumentNumber":"4713667456028665","customerDocumentType":"CC","customerName":"Luis Lopez","businessName":"Zapatos11345","status":"ACTIVE","businessType":"Local","address":"Avenida 19 98-76","city":"Bogta","department":"Cundinamarca","email":"email@gmail.com","telephone":"30018181811","principalCiiuCode":"2491","secondaryCiiuCode":"1109","commerCode":"2345"}

11:25:29.287 [pool-1-thread-2] DEBUG com.intuit.karate - response time in milliseconds: 464
3 < 201
3 < Date: Fri, 14 Jun 2024 16:25:29 GMT
3 < Content-Type: application/json
3 < Transfer-Encoding: chunked
3 < Connection: keep-alive
3 < Vary: Origin
3 < Vary: Access-Control-Request-Method
3 < Vary: Access-Control-Request-Headers
3 < X-Content-Type-Options: nosniff
3 < X-XSS-Protection: 1; mode=block
3 < Cache-Control: no-cache, no-store, max-age=0, must-revalidate
3 < Pragma: no-cache
3 < Expires: 0
3 < X-Frame-Options: DENY
{"headers":{"httpStatusCode":201,"httpStatusDesc":"CREATED","messageUuid":"acxff62e-6f12-42de-9012-1e7304418abd","requestAppId":null,"requestDatetime":"2024-06-14T11:25:29"},"messageResponse":{"responseCode":"0000","responseMessage":"Transacción exitosa.","responseDetails":"Account added to the Subscription successfully"},"data":{"business":{"subscriptionBusinessId":"0a9133a6-8f4e-17ca-8190-17917d58039b","customerDocumentNumber":"9017660247317932","customerDocumentType":"CC","customerName":"Luis Lopez","businessName":"Zapatos11345","status":"ACTIVE","businessType":"Local","address":"Avenida 19 98-76","city":"Bogta","department":"Cundinamarca","email":"email@gmail.com","telephone":"30018181811","principalCiiuCode":"2491","secondaryCiiuCode":"1109","commerCode":"2345","createDatetime":"2024-06-14T11:25:29","updateDatetime":"2024-06-14T11:25:29"}}}

11:25:29.288 [pool-1-thread-2] INFO  com.intuit.karate - [print] 0a913355-8fcb-197f-8190-179178f80861 
11:25:29.288 [pool-1-thread-2] INFO  com.intuit.karate - [print] 0a9133a6-8f4e-17ca-8190-17917b840395 
11:25:29.288 [pool-1-thread-2] INFO  com.intuit.karate - [print] 0a9133a6-8f4e-17ca-8190-17917d58039b 
11:25:29.290 [pool-1-thread-2] DEBUG com.intuit.karate - request:
4 > POST https://internal-AWS-PRB-ALB-BACK-398488634.us-east-1.elb.amazonaws.com/v1/transversal/administrative/customers/0a913355-8fcb-197f-8190-179178f80861/subscriptions/0a9133a6-8f4e-17ca-8190-17917b840395/business/0a9133a6-8f4e-17ca-8190-17917d58039b/accounts
4 > message-uuid: acxff62e-6f12-42de-9012-1e7304418abd
4 > Content-Type: application/json; charset=UTF-8
4 > Content-Length: 204
4 > Host: internal-AWS-PRB-ALB-BACK-398488634.us-east-1.elb.amazonaws.com
4 > Connection: Keep-Alive
4 > User-Agent: Apache-HttpClient/4.5.13 (Java/17.0.5)
4 > Accept-Encoding: gzip,deflate
{"accountType":"9017660247317932","accountNumber":"9017660247317932","accountName":"Cuenta Ejemplo 11111","accountCode":"9999","financialInstitutionCode":"8723","expirationDatetime":"2023-03-01T20:00:00"}

11:25:29.416 [pool-1-thread-1] DEBUG com.intuit.karate - response time in milliseconds: 497
3 < 201
3 < Date: Fri, 14 Jun 2024 16:25:29 GMT
3 < Content-Type: application/json
3 < Transfer-Encoding: chunked
3 < Connection: keep-alive
3 < Vary: Origin
3 < Vary: Access-Control-Request-Method
3 < Vary: Access-Control-Request-Headers
3 < X-Content-Type-Options: nosniff
3 < X-XSS-Protection: 1; mode=block
3 < Cache-Control: no-cache, no-store, max-age=0, must-revalidate
3 < Pragma: no-cache
3 < Expires: 0
3 < X-Frame-Options: DENY
{"headers":{"httpStatusCode":201,"httpStatusDesc":"CREATED","messageUuid":"acxff62e-6f12-42de-9012-1e7304418abd","requestAppId":null,"requestDatetime":"2024-06-14T11:25:29"},"messageResponse":{"responseCode":"0000","responseMessage":"Transacción exitosa.","responseDetails":"Account added to the Subscription successfully"},"data":{"business":{"subscriptionBusinessId":"0a9133a6-8f4e-17ca-8190-17917df6039c","customerDocumentNumber":"4713667456028665","customerDocumentType":"CC","customerName":"Luis Lopez","businessName":"Zapatos11345","status":"ACTIVE","businessType":"Local","address":"Avenida 19 98-76","city":"Bogta","department":"Cundinamarca","email":"email@gmail.com","telephone":"30018181811","principalCiiuCode":"2491","secondaryCiiuCode":"1109","commerCode":"2345","createDatetime":"2024-06-14T11:25:29","updateDatetime":"2024-06-14T11:25:29"}}}

11:25:29.417 [pool-1-thread-1] INFO  com.intuit.karate - [print] 0a913355-8fcb-197f-8190-179179320866 
11:25:29.417 [pool-1-thread-1] INFO  com.intuit.karate - [print] 0a9133a6-8f4e-17ca-8190-17917ba40398 
11:25:29.417 [pool-1-thread-1] INFO  com.intuit.karate - [print] 0a9133a6-8f4e-17ca-8190-17917df6039c 
11:25:29.420 [pool-1-thread-1] DEBUG com.intuit.karate - request:
4 > POST https://internal-AWS-PRB-ALB-BACK-398488634.us-east-1.elb.amazonaws.com/v1/transversal/administrative/customers/0a913355-8fcb-197f-8190-179179320866/subscriptions/0a9133a6-8f4e-17ca-8190-17917ba40398/contacts
4 > message-uuid: acxff62e-6f12-42de-9012-1e7304418abd
4 > Content-Type: application/json; charset=UTF-8
4 > Content-Length: 121
4 > Host: internal-AWS-PRB-ALB-BACK-398488634.us-east-1.elb.amazonaws.com
4 > Connection: Keep-Alive
4 > User-Agent: Apache-HttpClient/4.5.13 (Java/17.0.5)
4 > Accept-Encoding: gzip,deflate
{"name":"4713667456028665","email":"luis.lopez@mail.com","telephoneNumber":"3003000000","contactType":"Tipo de Contacto"}

11:25:29.899 [pool-1-thread-2] DEBUG com.intuit.karate - response time in milliseconds: 609
4 < 201
4 < Date: Fri, 14 Jun 2024 16:25:29 GMT
4 < Content-Type: application/json
4 < Transfer-Encoding: chunked
4 < Connection: keep-alive
4 < Vary: Origin
4 < Vary: Access-Control-Request-Method
4 < Vary: Access-Control-Request-Headers
4 < X-Content-Type-Options: nosniff
4 < X-XSS-Protection: 1; mode=block
4 < Cache-Control: no-cache, no-store, max-age=0, must-revalidate
4 < Pragma: no-cache
4 < Expires: 0
4 < X-Frame-Options: DENY
{"headers":{"httpStatusCode":201,"httpStatusDesc":"CREATED","messageUuid":"acxff62e-6f12-42de-9012-1e7304418abd","requestAppId":null,"requestDatetime":"2024-06-14T11:25:29"},"messageResponse":{"responseCode":"0000","responseMessage":"Transacción exitosa.","responseDetails":"Subscription Business Account created, success."},"data":{"account":{"accountId":"d10384dd-dbaf-47d2-b4a5-0f00e2fa3181","accountType":"9017660247317932","accountNumber":"9017660247317932","accountName":"Cuenta Ejemplo 11111","accountCode":"9999","status":"ACTIVE","financialInstitutionCode":"8723","approvalState":"PENDING","createdDatetime":"2024-06-14T11:25:29","expirationDatetime":"2023-03-01T20:00:00","approvalDatetime":null}}}

11:25:29.899 [pool-1-thread-2] INFO  com.intuit.karate - [print] 0a913355-8fcb-197f-8190-179178f80861 
11:25:29.900 [pool-1-thread-2] INFO  com.intuit.karate - [print] 0a9133a6-8f4e-17ca-8190-17917b840395 
11:25:29.900 [pool-1-thread-2] INFO  com.intuit.karate - [print] 0a9133a6-8f4e-17ca-8190-17917d58039b 
11:25:29.900 [pool-1-thread-2] INFO  com.intuit.karate - [print] d10384dd-dbaf-47d2-b4a5-0f00e2fa3181 
11:25:29.902 [pool-1-thread-2] DEBUG com.intuit.karate - request:
5 > DELETE https://internal-AWS-PRB-ALB-BACK-398488634.us-east-1.elb.amazonaws.com/v1/transversal/administrative/customers/0a913355-8fcb-197f-8190-179178f80861/subscriptions/0a9133a6-8f4e-17ca-8190-17917b840395/business/0a9133a6-8f4e-17ca-8190-17917d58039b/accounts/d10384dd-dbaf-47d2-b4a5-0f00e2fa3181
5 > message-uuid: acxff62e-6f12-42de-9012-1e7304418abd
5 > request-app-id: c4e6bd04-5149-11e7-b114-a2f933d5fe66
5 > Content-Type: application/json
5 > Host: internal-AWS-PRB-ALB-BACK-398488634.us-east-1.elb.amazonaws.com
5 > Connection: Keep-Alive
5 > User-Agent: Apache-HttpClient/4.5.13 (Java/17.0.5)
5 > Accept-Encoding: gzip,deflate


11:25:30.055 [pool-1-thread-1] DEBUG com.intuit.karate - response time in milliseconds: 635
4 < 201
4 < Date: Fri, 14 Jun 2024 16:25:29 GMT
4 < Content-Type: application/json
4 < Transfer-Encoding: chunked
4 < Connection: keep-alive
4 < Vary: Origin
4 < Vary: Access-Control-Request-Method
4 < Vary: Access-Control-Request-Headers
4 < X-Content-Type-Options: nosniff
4 < X-XSS-Protection: 1; mode=block
4 < Cache-Control: no-cache, no-store, max-age=0, must-revalidate
4 < Pragma: no-cache
4 < Expires: 0
4 < X-Frame-Options: DENY
{"headers":{"httpStatusCode":201,"httpStatusDesc":"CREATED","messageUuid":"acxff62e-6f12-42de-9012-1e7304418abd","requestAppId":null,"requestDatetime":"2024-06-14T11:25:29"},"messageResponse":{"responseCode":"0000","responseMessage":"Transacción exitosa.","responseDetails":"Account added to the Subscription successfully"},"data":{"contact":{"subscriptionContactId":"0a9133a6-8f4e-17ca-8190-17918078039d","name":"4713667456028665","email":"luis.lopez@mail.com","telephoneNumber":"3003000000","contactType":"Tipo de Contacto"}}}

11:25:30.056 [pool-1-thread-1] INFO  com.intuit.karate - [print] 0a913355-8fcb-197f-8190-179179320866 
11:25:30.056 [pool-1-thread-1] INFO  com.intuit.karate - [print] 0a9133a6-8f4e-17ca-8190-17917ba40398 
11:25:30.056 [pool-1-thread-1] INFO  com.intuit.karate - [print] 0a9133a6-8f4e-17ca-8190-17917df6039c 
11:25:30.056 [pool-1-thread-1] INFO  com.intuit.karate - [print] 0a9133a6-8f4e-17ca-8190-17918078039d 
11:25:30.060 [pool-1-thread-1] INFO  c.intuit.karate.core.FeatureRuntime - classpath:users/SubscriptionManagement04/../SubscriptionManagement04/Subscriptions_Business.feature - call by tag at line 7: Microservicios
11:25:30.062 [pool-1-thread-1] DEBUG c.intuit.karate.core.ScenarioEngine - over-writing existing variable 'generarData' with new value: Java.type('Utilidades.generarData')
11:25:30.065 [pool-1-thread-1] INFO  c.intuit.karate.core.FeatureRuntime - classpath:users/SubscriptionManagement04/../SubscriptionManagement04/Suscription.feature - call by tag at line 7: Microservicios
11:25:30.065 [pool-1-thread-1] DEBUG c.intuit.karate.core.ScenarioEngine - over-writing existing variable 'generarData' with new value: Java.type('Utilidades.generarData')
11:25:30.071 [pool-1-thread-1] INFO  c.intuit.karate.core.FeatureRuntime - classpath:users/SubscriptionManagement04/../SubscriptionManagement04/../CustomerManagement01/Customers.feature - call by tag at line 7: Microservicios
11:25:30.074 [pool-1-thread-1] DEBUG c.intuit.karate.core.ScenarioEngine - over-writing existing variable 'generarData' with new value: Java.type('Utilidades.generarData')
11:25:30.076 [pool-1-thread-1] DEBUG com.intuit.karate - request:
1 > POST https://internal-AWS-PRB-ALB-BACK-398488634.us-east-1.elb.amazonaws.com/v1/transversal/administrative/customers
1 > message-uuid: acxff62e-6f12-42de-9012-1e7304418abd
1 > request-app-id: c4e6bd04-5149-11e7-b114-a2f933d5fe66
1 > Content-Type: application/json; charset=UTF-8
1 > Content-Length: 1050
1 > Host: internal-AWS-PRB-ALB-BACK-398488634.us-east-1.elb.amazonaws.com
1 > Connection: Keep-Alive
1 > User-Agent: Apache-HttpClient/4.5.13 (Java/17.0.5)
1 > Accept-Encoding: gzip,deflate
{"customerName":"7334756677457508","businessName":"7334756677457508","customerDocumentNumber":"7334756677457508","customerDocumentType":"NT","customerCode":"7334756677457508","regulatedSFC":"7334756677457508","logo":"","incomes":"80","expenses":"40","assets":"4","passives":"3","equity":"1","customerDomain":[{"domain":"gufum","status":"ACTIVE"}],"customerTypes":[{"customerTypeId":"0a91337e-8c88-1ce7-818c-8d87e2d8003d"}],"customerAddressInformation":{"customerCountry":"CO","customerDepartment":"CUNDINAMARCA","customerProvince":"BOGOTA","customerCity":"BOGOTA","customerAddress":"calle falsa 123"},"customerPhone":{"phoneCode":"57","phoneNumber":"3161002233"},"customerEmail":"fudrayepsu@gufum.com","ciiuCode":{"activity":"Estudios de mercado.","ciiuCode":"7320"},"customerOwners":[{"name":"Juan higuera","documentType":"CC","documentNumber":"123456","relation":"REPRESENTANTE_LEGAL","pep":"SI"}],"termsAndConditionVersion":"","policyVersion":"","financialInstitutionCode":"","entityType":"PUBLIC","eanCode":"","compensationCode":"","limitUse":""}

11:25:30.544 [pool-1-thread-2] DEBUG com.intuit.karate - response time in milliseconds: 642
5 < 200
5 < Date: Fri, 14 Jun 2024 16:25:30 GMT
5 < Content-Type: application/json
5 < Transfer-Encoding: chunked
5 < Connection: keep-alive
5 < Vary: Origin
5 < Vary: Access-Control-Request-Method
5 < Vary: Access-Control-Request-Headers
5 < X-Content-Type-Options: nosniff
5 < X-XSS-Protection: 1; mode=block
5 < Cache-Control: no-cache, no-store, max-age=0, must-revalidate
5 < Pragma: no-cache
5 < Expires: 0
5 < X-Frame-Options: DENY
{"headers":{"httpStatusCode":200,"httpStatusDesc":"OK","messageUuid":"acxff62e-6f12-42de-9012-1e7304418abd","requestAppId":"c4e6bd04-5149-11e7-b114-a2f933d5fe66","requestDatetime":"2024-06-14T11:25:30"},"messageResponse":{"responseCode":"0000","responseMessage":"Transacción exitosa.","responseDetails":"Accounts updated."},"data":{"accountId":"d10384dd-dbaf-47d2-b4a5-0f00e2fa3181","accountType":"9017660247317932","accountNumber":"qa//mARqKZknHK05mvstQbjpa8fXPJAUxrnitJtjYZY=","accountName":"Cuenta Ejemplo 11111","accountCode":"9999","status":"INACTIVE","financialInstitutionCode":"8723","approvalState":"PENDING","createdDatetime":"2024-06-14T11:25:29","expirationDatetime":"2023-03-01T20:00:00","approvalDatetime":null}}

11:25:30.552 [pool-1-thread-2] INFO  c.intuit.karate.core.FeatureRuntime - classpath:users/SubscriptionManagement04/../SubscriptionManagement04/Subscriptions_Contacts.feature - call by tag at line 7: Microservicios
11:25:30.553 [pool-1-thread-2] DEBUG c.intuit.karate.core.ScenarioEngine - over-writing existing variable 'generarData' with new value: Java.type('Utilidades.generarData')
11:25:30.561 [pool-1-thread-2] INFO  c.intuit.karate.core.FeatureRuntime - classpath:users/SubscriptionManagement04/../SubscriptionManagement04/Subscriptions_Business.feature - call by tag at line 7: Microservicios
11:25:30.563 [pool-1-thread-2] DEBUG c.intuit.karate.core.ScenarioEngine - over-writing existing variable 'generarData' with new value: Java.type('Utilidades.generarData')
11:25:30.565 [pool-1-thread-2] INFO  c.intuit.karate.core.FeatureRuntime - classpath:users/SubscriptionManagement04/../SubscriptionManagement04/../SubscriptionManagement04/Suscription.feature - call by tag at line 7: Microservicios
11:25:30.568 [pool-1-thread-2] DEBUG c.intuit.karate.core.ScenarioEngine - over-writing existing variable 'generarData' with new value: Java.type('Utilidades.generarData')
11:25:30.571 [pool-1-thread-2] INFO  c.intuit.karate.core.FeatureRuntime - classpath:users/SubscriptionManagement04/../SubscriptionManagement04/../CustomerManagement01/Customers.feature - call by tag at line 7: Microservicios
11:25:30.573 [pool-1-thread-2] DEBUG c.intuit.karate.core.ScenarioEngine - over-writing existing variable 'generarData' with new value: Java.type('Utilidades.generarData')
11:25:30.576 [pool-1-thread-2] DEBUG com.intuit.karate - request:
1 > POST https://internal-AWS-PRB-ALB-BACK-398488634.us-east-1.elb.amazonaws.com/v1/transversal/administrative/customers
1 > message-uuid: acxff62e-6f12-42de-9012-1e7304418abd
1 > request-app-id: c4e6bd04-5149-11e7-b114-a2f933d5fe66
1 > Content-Type: application/json; charset=UTF-8
1 > Content-Length: 1050
1 > Host: internal-AWS-PRB-ALB-BACK-398488634.us-east-1.elb.amazonaws.com
1 > Connection: Keep-Alive
1 > User-Agent: Apache-HttpClient/4.5.13 (Java/17.0.5)
1 > Accept-Encoding: gzip,deflate
{"customerName":"7169485605506123","businessName":"7169485605506123","customerDocumentNumber":"7169485605506123","customerDocumentType":"NT","customerCode":"7169485605506123","regulatedSFC":"7169485605506123","logo":"","incomes":"80","expenses":"40","assets":"4","passives":"3","equity":"1","customerDomain":[{"domain":"gufum","status":"ACTIVE"}],"customerTypes":[{"customerTypeId":"0a91337e-8c88-1ce7-818c-8d87e2d8003d"}],"customerAddressInformation":{"customerCountry":"CO","customerDepartment":"CUNDINAMARCA","customerProvince":"BOGOTA","customerCity":"BOGOTA","customerAddress":"calle falsa 123"},"customerPhone":{"phoneCode":"57","phoneNumber":"3161002233"},"customerEmail":"fudrayepsu@gufum.com","ciiuCode":{"activity":"Estudios de mercado.","ciiuCode":"7320"},"customerOwners":[{"name":"Juan higuera","documentType":"CC","documentNumber":"123456","relation":"REPRESENTANTE_LEGAL","pep":"SI"}],"termsAndConditionVersion":"","policyVersion":"","financialInstitutionCode":"","entityType":"PUBLIC","eanCode":"","compensationCode":"","limitUse":""}

---------------------------------------------------------
feature: classpath:users/SubscriptionManagement04/Subscriptions_Business_Accounts.feature
scenarios:  5 | passed:  5 | failed:  0 | time: 18,3828
---------------------------------------------------------

11:25:30.744 [pool-2-thread-1] INFO  com.intuit.karate.Suite - <<pass>> feature 9 of 12 (3 remaining) classpath:users/SubscriptionManagement04/Subscriptions_Business_Accounts.feature
11:25:31.533 [pool-1-thread-1] DEBUG com.intuit.karate - response time in milliseconds: 1457
1 < 201
1 < Date: Fri, 14 Jun 2024 16:25:31 GMT
1 < Content-Type: application/json
1 < Transfer-Encoding: chunked
1 < Connection: keep-alive
1 < Vary: Origin
1 < Vary: Access-Control-Request-Method
1 < Vary: Access-Control-Request-Headers
1 < X-Content-Type-Options: nosniff
1 < X-XSS-Protection: 1; mode=block
1 < Cache-Control: no-cache, no-store, max-age=0, must-revalidate
1 < Pragma: no-cache
1 < Expires: 0
1 < X-Frame-Options: DENY
{"headers":{"httpStatusCode":201,"httpStatusDesc":"CREATED","messageUuid":"acxff62e-6f12-42de-9012-1e7304418abd","requestAppId":"c4e6bd04-5149-11e7-b114-a2f933d5fe66","requestDatetime":"2024-06-14T11:25:31"},"messageResponse":{"responseCode":"0000","responseMessage":"Transacción exitosa.","responseDetails":"Customer Created Successfully"},"data":{"customer":{"customerId":"0a913355-8fcb-197f-8190-17918603086b","customerName":"7334756677457508","businessName":"7334756677457508","customerDomains":[{"customerDomainId":"0a913355-8fcb-197f-8190-1791860f086d","customerDomain":"gufum","status":"ACTIVE"}],"customerDocumentType":"NT","customerDocumentNumber":"7334756677457508","customerCode":"7334756677457508","regulatedSFC":"7334756677457508","logo":"","incomes":"80","expenses":"40","assets":"4","passives":"3","equity":"1","customerTypes":[{"customerTypeId":"0a91337e-8c88-1ce7-818c-8d87e2d8003d","customerTypeValue":"ADMINISTRATOR_PARTNER12241","customerTypeLabel":"OPERADORAS DE INFORMACIÓN 1"}],"customerStatus":"ACTIVE","customerAddressInformation":{"customerCountry":"CO","customerDepartment":"CUNDINAMARCA","customerProvince":"BOGOTA","customerCity":"BOGOTA","customerAddress":"calle falsa 123"},"customerPhone":{"phoneCode":"57","phoneNumber":"3161002233"},"customerEmail":"fudrayepsu@gufum.com","ciiuCode":{"ciiuCode":"7320","activity":"Estudios de mercado."},"customerOwners":[{"customerOwnerId":"0a913355-8fcb-197f-8190-17918624086f","name":"Juan higuera","documentType":"CC","documentNumber":"123456","relation":"REPRESENTANTE_LEGAL","pep":"SI"}],"termsAndConditionVersion":"","termsAndConditionDatetime":"","policyVersion":"","policyDatetime":"2024-06-14T11:25:30","financialInstitutionCode":"","createDatetime":"2024-06-14T11:25:30","entityType":"PUBLIC","eanCode":"","compensationCode":"","limitUse":"","updateDatetime":"2024-06-14T11:25:30","groupId":"95b1eb51-c975-46a1-a36b-d4f7090ee7a7"}}}

11:25:31.535 [pool-1-thread-1] INFO  com.intuit.karate - [print] 0a913355-8fcb-197f-8190-17918603086b 
11:25:31.536 [pool-1-thread-1] INFO  com.intuit.karate - [print] 0a913355-8fcb-197f-8190-1791860f086d 
11:25:31.536 [pool-1-thread-1] INFO  com.intuit.karate - [print] 0a913355-8fcb-197f-8190-17918624086f 
11:25:31.538 [pool-1-thread-1] DEBUG com.intuit.karate - request:
2 > POST https://internal-AWS-PRB-ALB-BACK-398488634.us-east-1.elb.amazonaws.com/v1/transversal/administrative/customers/0a913355-8fcb-197f-8190-17918603086b/subscriptions
2 > message-uuid: acxff62e-6f12-42de-9012-1e7304418abd
2 > Content-Type: application/json; charset=UTF-8
2 > Content-Length: 482
2 > Host: internal-AWS-PRB-ALB-BACK-398488634.us-east-1.elb.amazonaws.com
2 > Connection: Keep-Alive
2 > User-Agent: Apache-HttpClient/4.5.13 (Java/17.0.5)
2 > Accept-Encoding: gzip,deflate
{"productId":"0a91331f-8cf9-19f2-818d-7a21423f00ad","customerTypeId":"7f000101-8adc-1104-818a-dc48239d0061","subscriptionName":"Para preubas de subscriptionPara ","customerDocumentNumber":"9001239999994","customerName":"Pedro Perez2232","customerCode":"ABC121","customerDocumentType":"TI","contacts":[{"name":"Maria","email":"jj@gmail.com","telephoneNumber":"1121212121","contactType":"AB"},{"name":"Jose","email":"jose@gmail.com","telephoneNumber":"121212123","contactType":"BE"}]}

11:25:31.997 [pool-1-thread-2] DEBUG com.intuit.karate - response time in milliseconds: 1421
1 < 201
1 < Date: Fri, 14 Jun 2024 16:25:31 GMT
1 < Content-Type: application/json
1 < Transfer-Encoding: chunked
1 < Connection: keep-alive
1 < Vary: Origin
1 < Vary: Access-Control-Request-Method
1 < Vary: Access-Control-Request-Headers
1 < X-Content-Type-Options: nosniff
1 < X-XSS-Protection: 1; mode=block
1 < Cache-Control: no-cache, no-store, max-age=0, must-revalidate
1 < Pragma: no-cache
1 < Expires: 0
1 < X-Frame-Options: DENY
{"headers":{"httpStatusCode":201,"httpStatusDesc":"CREATED","messageUuid":"acxff62e-6f12-42de-9012-1e7304418abd","requestAppId":"c4e6bd04-5149-11e7-b114-a2f933d5fe66","requestDatetime":"2024-06-14T11:25:31"},"messageResponse":{"responseCode":"0000","responseMessage":"Transacción exitosa.","responseDetails":"Customer Created Successfully"},"data":{"customer":{"customerId":"0a913355-8fcb-197f-8190-179187d20870","customerName":"7169485605506123","businessName":"7169485605506123","customerDomains":[{"customerDomainId":"0a913355-8fcb-197f-8190-179187e00872","customerDomain":"gufum","status":"ACTIVE"}],"customerDocumentType":"NT","customerDocumentNumber":"7169485605506123","customerCode":"7169485605506123","regulatedSFC":"7169485605506123","logo":"","incomes":"80","expenses":"40","assets":"4","passives":"3","equity":"1","customerTypes":[{"customerTypeId":"0a91337e-8c88-1ce7-818c-8d87e2d8003d","customerTypeValue":"ADMINISTRATOR_PARTNER12241","customerTypeLabel":"OPERADORAS DE INFORMACIÓN 1"}],"customerStatus":"ACTIVE","customerAddressInformation":{"customerCountry":"CO","customerDepartment":"CUNDINAMARCA","customerProvince":"BOGOTA","customerCity":"BOGOTA","customerAddress":"calle falsa 123"},"customerPhone":{"phoneCode":"57","phoneNumber":"3161002233"},"customerEmail":"fudrayepsu@gufum.com","ciiuCode":{"ciiuCode":"7320","activity":"Estudios de mercado."},"customerOwners":[{"customerOwnerId":"0a913355-8fcb-197f-8190-179187f10874","name":"Juan higuera","documentType":"CC","documentNumber":"123456","relation":"REPRESENTANTE_LEGAL","pep":"SI"}],"termsAndConditionVersion":"","termsAndConditionDatetime":"","policyVersion":"","policyDatetime":"2024-06-14T11:25:30","financialInstitutionCode":"","createDatetime":"2024-06-14T11:25:30","entityType":"PUBLIC","eanCode":"","compensationCode":"","limitUse":"","updateDatetime":"2024-06-14T11:25:30","groupId":"480f3bcc-0fbd-4872-919b-86784455144a"}}}

11:25:31.999 [pool-1-thread-2] INFO  com.intuit.karate - [print] 0a913355-8fcb-197f-8190-179187d20870 
11:25:32.000 [pool-1-thread-2] INFO  com.intuit.karate - [print] 0a913355-8fcb-197f-8190-179187e00872 
11:25:32.000 [pool-1-thread-2] INFO  com.intuit.karate - [print] 0a913355-8fcb-197f-8190-179187f10874 
11:25:32.004 [pool-1-thread-2] DEBUG com.intuit.karate - request:
2 > POST https://internal-AWS-PRB-ALB-BACK-398488634.us-east-1.elb.amazonaws.com/v1/transversal/administrative/customers/0a913355-8fcb-197f-8190-179187d20870/subscriptions
2 > message-uuid: acxff62e-6f12-42de-9012-1e7304418abd
2 > Content-Type: application/json; charset=UTF-8
2 > Content-Length: 482
2 > Host: internal-AWS-PRB-ALB-BACK-398488634.us-east-1.elb.amazonaws.com
2 > Connection: Keep-Alive
2 > User-Agent: Apache-HttpClient/4.5.13 (Java/17.0.5)
2 > Accept-Encoding: gzip,deflate
{"productId":"0a91331f-8cf9-19f2-818d-7a21423f00ad","customerTypeId":"7f000101-8adc-1104-818a-dc48239d0061","subscriptionName":"Para preubas de subscriptionPara ","customerDocumentNumber":"9001239999994","customerName":"Pedro Perez2232","customerCode":"ABC121","customerDocumentType":"TI","contacts":[{"name":"Maria","email":"jj@gmail.com","telephoneNumber":"1121212121","contactType":"AB"},{"name":"Jose","email":"jose@gmail.com","telephoneNumber":"121212123","contactType":"BE"}]}

11:25:32.173 [pool-1-thread-1] DEBUG com.intuit.karate - response time in milliseconds: 634
2 < 201
2 < Date: Fri, 14 Jun 2024 16:25:32 GMT
2 < Content-Type: application/json
2 < Transfer-Encoding: chunked
2 < Connection: keep-alive
2 < Vary: Origin
2 < Vary: Access-Control-Request-Method
2 < Vary: Access-Control-Request-Headers
2 < X-Content-Type-Options: nosniff
2 < X-XSS-Protection: 1; mode=block
2 < Cache-Control: no-cache, no-store, max-age=0, must-revalidate
2 < Pragma: no-cache
2 < Expires: 0
2 < X-Frame-Options: DENY
{"headers":{"httpStatusCode":201,"httpStatusDesc":"CREATED","messageUuid":"acxff62e-6f12-42de-9012-1e7304418abd","requestAppId":null,"requestDatetime":"2024-06-14T11:25:32"},"messageResponse":{"responseCode":"0000","responseMessage":"Transacción exitosa.","responseDetails":"Subscription created Successfully"},"data":{"subscription":{"subscriptionId":"0a9133a6-8f4e-17ca-8190-1791885f039e","productId":"0a91331f-8cf9-19f2-818d-7a21423f00ad","customerId":"0a913355-8fcb-197f-8190-17918603086b","customerTypeId":"7f000101-8adc-1104-818a-dc48239d0061","status":"ACTIVE","subscriptionName":"Para preubas de subscriptionPara ","customerDocumentNumber":"9001239999994","customerName":"Pedro Perez2232","customerCode":"ABC121","customerDocumentType":"TI","updateDatetime":"2024-06-14T11:25:31","accounts":[],"contacts":[{"subscriptionContactId":"0a9133a6-8f4e-17ca-8190-17918896039f","subscriptionId":"0a9133a6-8f4e-17ca-8190-1791885f039e","name":"Maria","email":"jj@gmail.com","telephoneNumber":"1121212121","contactType":"AB"},{"subscriptionContactId":"0a9133a6-8f4e-17ca-8190-1791889603a0","subscriptionId":"0a9133a6-8f4e-17ca-8190-1791885f039e","name":"Jose","email":"jose@gmail.com","telephoneNumber":"121212123","contactType":"BE"}],"business":null}}}

11:25:32.174 [pool-1-thread-1] INFO  com.intuit.karate - [print] 0a913355-8fcb-197f-8190-17918603086b 
11:25:32.175 [pool-1-thread-1] INFO  com.intuit.karate - [print] 0a9133a6-8f4e-17ca-8190-1791885f039e 
11:25:32.178 [pool-1-thread-1] DEBUG com.intuit.karate - request:
3 > POST https://internal-AWS-PRB-ALB-BACK-398488634.us-east-1.elb.amazonaws.com/v1/transversal/administrative/customers/0a913355-8fcb-197f-8190-17918603086b/subscriptions/0a9133a6-8f4e-17ca-8190-1791885f039e/business
3 > message-uuid: acxff62e-6f12-42de-9012-1e7304418abd
3 > Content-Type: application/json; charset=UTF-8
3 > Content-Length: 370
3 > Host: internal-AWS-PRB-ALB-BACK-398488634.us-east-1.elb.amazonaws.com
3 > Connection: Keep-Alive
3 > User-Agent: Apache-HttpClient/4.5.13 (Java/17.0.5)
3 > Accept-Encoding: gzip,deflate
{"customerDocumentNumber":"7334756677457508","customerDocumentType":"CC","customerName":"Luis Lopez","businessName":"Zapatos11345","status":"ACTIVE","businessType":"Local","address":"Avenida 19 98-76","city":"Bogta","department":"Cundinamarca","email":"email@gmail.com","telephone":"30018181811","principalCiiuCode":"2491","secondaryCiiuCode":"1109","commerCode":"2345"}

11:25:33.336 [pool-1-thread-2] DEBUG com.intuit.karate - response time in milliseconds: 1330
2 < 201
2 < Date: Fri, 14 Jun 2024 16:25:32 GMT
2 < Content-Type: application/json
2 < Transfer-Encoding: chunked
2 < Connection: keep-alive
2 < Vary: Origin
2 < Vary: Access-Control-Request-Method
2 < Vary: Access-Control-Request-Headers
2 < X-Content-Type-Options: nosniff
2 < X-XSS-Protection: 1; mode=block
2 < Cache-Control: no-cache, no-store, max-age=0, must-revalidate
2 < Pragma: no-cache
2 < Expires: 0
2 < X-Frame-Options: DENY
{"headers":{"httpStatusCode":201,"httpStatusDesc":"CREATED","messageUuid":"acxff62e-6f12-42de-9012-1e7304418abd","requestAppId":null,"requestDatetime":"2024-06-14T11:25:32"},"messageResponse":{"responseCode":"0000","responseMessage":"Transacción exitosa.","responseDetails":"Subscription created Successfully"},"data":{"subscription":{"subscriptionId":"0a9133a6-8f4e-17ca-8190-17918a2003a1","productId":"0a91331f-8cf9-19f2-818d-7a21423f00ad","customerId":"0a913355-8fcb-197f-8190-179187d20870","customerTypeId":"7f000101-8adc-1104-818a-dc48239d0061","status":"ACTIVE","subscriptionName":"Para preubas de subscriptionPara ","customerDocumentNumber":"9001239999994","customerName":"Pedro Perez2232","customerCode":"ABC121","customerDocumentType":"TI","updateDatetime":"2024-06-14T11:25:32","accounts":[],"contacts":[{"subscriptionContactId":"0a9133a6-8f4e-17ca-8190-17918a3b03a2","subscriptionId":"0a9133a6-8f4e-17ca-8190-17918a2003a1","name":"Maria","email":"jj@gmail.com","telephoneNumber":"1121212121","contactType":"AB"},{"subscriptionContactId":"0a9133a6-8f4e-17ca-8190-17918a3c03a3","subscriptionId":"0a9133a6-8f4e-17ca-8190-17918a2003a1","name":"Jose","email":"jose@gmail.com","telephoneNumber":"121212123","contactType":"BE"}],"business":null}}}

11:25:33.337 [pool-1-thread-2] INFO  com.intuit.karate - [print] 0a913355-8fcb-197f-8190-179187d20870 
11:25:33.337 [pool-1-thread-2] INFO  com.intuit.karate - [print] 0a9133a6-8f4e-17ca-8190-17918a2003a1 
11:25:33.340 [pool-1-thread-2] DEBUG com.intuit.karate - request:
3 > POST https://internal-AWS-PRB-ALB-BACK-398488634.us-east-1.elb.amazonaws.com/v1/transversal/administrative/customers/0a913355-8fcb-197f-8190-179187d20870/subscriptions/0a9133a6-8f4e-17ca-8190-17918a2003a1/business
3 > message-uuid: acxff62e-6f12-42de-9012-1e7304418abd
3 > Content-Type: application/json; charset=UTF-8
3 > Content-Length: 370
3 > Host: internal-AWS-PRB-ALB-BACK-398488634.us-east-1.elb.amazonaws.com
3 > Connection: Keep-Alive
3 > User-Agent: Apache-HttpClient/4.5.13 (Java/17.0.5)
3 > Accept-Encoding: gzip,deflate
{"customerDocumentNumber":"7169485605506123","customerDocumentType":"CC","customerName":"Luis Lopez","businessName":"Zapatos11345","status":"ACTIVE","businessType":"Local","address":"Avenida 19 98-76","city":"Bogta","department":"Cundinamarca","email":"email@gmail.com","telephone":"30018181811","principalCiiuCode":"2491","secondaryCiiuCode":"1109","commerCode":"2345"}

11:25:33.756 [pool-1-thread-1] DEBUG com.intuit.karate - response time in milliseconds: 1578
3 < 201
3 < Date: Fri, 14 Jun 2024 16:25:33 GMT
3 < Content-Type: application/json
3 < Transfer-Encoding: chunked
3 < Connection: keep-alive
3 < Vary: Origin
3 < Vary: Access-Control-Request-Method
3 < Vary: Access-Control-Request-Headers
3 < X-Content-Type-Options: nosniff
3 < X-XSS-Protection: 1; mode=block
3 < Cache-Control: no-cache, no-store, max-age=0, must-revalidate
3 < Pragma: no-cache
3 < Expires: 0
3 < X-Frame-Options: DENY
{"headers":{"httpStatusCode":201,"httpStatusDesc":"CREATED","messageUuid":"acxff62e-6f12-42de-9012-1e7304418abd","requestAppId":null,"requestDatetime":"2024-06-14T11:25:33"},"messageResponse":{"responseCode":"0000","responseMessage":"Transacción exitosa.","responseDetails":"Account added to the Subscription successfully"},"data":{"business":{"subscriptionBusinessId":"0a9133a6-8f4e-17ca-8190-17918eac03a4","customerDocumentNumber":"7334756677457508","customerDocumentType":"CC","customerName":"Luis Lopez","businessName":"Zapatos11345","status":"ACTIVE","businessType":"Local","address":"Avenida 19 98-76","city":"Bogta","department":"Cundinamarca","email":"email@gmail.com","telephone":"30018181811","principalCiiuCode":"2491","secondaryCiiuCode":"1109","commerCode":"2345","createDatetime":"2024-06-14T11:25:33","updateDatetime":"2024-06-14T11:25:33"}}}

11:25:33.757 [pool-1-thread-1] INFO  com.intuit.karate - [print] 0a913355-8fcb-197f-8190-17918603086b 
11:25:33.757 [pool-1-thread-1] INFO  com.intuit.karate - [print] 0a9133a6-8f4e-17ca-8190-1791885f039e 
11:25:33.758 [pool-1-thread-1] INFO  com.intuit.karate - [print] 0a9133a6-8f4e-17ca-8190-17918eac03a4 
11:25:33.761 [pool-1-thread-1] DEBUG com.intuit.karate - request:
4 > GET https://internal-AWS-PRB-ALB-BACK-398488634.us-east-1.elb.amazonaws.com/v1/transversal/administrative/customers/0a913355-8fcb-197f-8190-17918603086b/subscriptions/0a9133a6-8f4e-17ca-8190-1791885f039e/contacts?pageNumber=1&pageSize=10
4 > message-uuid: acxff62e-6f12-42de-9012-1e7304418abd
4 > request-app-id: c4e6bd04-5149-11e7-b114-a2f933d5fe66
4 > Content-Type: application/json
4 > Host: internal-AWS-PRB-ALB-BACK-398488634.us-east-1.elb.amazonaws.com
4 > Connection: Keep-Alive
4 > User-Agent: Apache-HttpClient/4.5.13 (Java/17.0.5)
4 > Accept-Encoding: gzip,deflate


11:25:34.009 [pool-1-thread-2] DEBUG com.intuit.karate - response time in milliseconds: 668
3 < 201
3 < Date: Fri, 14 Jun 2024 16:25:33 GMT
3 < Content-Type: application/json
3 < Transfer-Encoding: chunked
3 < Connection: keep-alive
3 < Vary: Origin
3 < Vary: Access-Control-Request-Method
3 < Vary: Access-Control-Request-Headers
3 < X-Content-Type-Options: nosniff
3 < X-XSS-Protection: 1; mode=block
3 < Cache-Control: no-cache, no-store, max-age=0, must-revalidate
3 < Pragma: no-cache
3 < Expires: 0
3 < X-Frame-Options: DENY
{"headers":{"httpStatusCode":201,"httpStatusDesc":"CREATED","messageUuid":"acxff62e-6f12-42de-9012-1e7304418abd","requestAppId":null,"requestDatetime":"2024-06-14T11:25:33"},"messageResponse":{"responseCode":"0000","responseMessage":"Transacción exitosa.","responseDetails":"Account added to the Subscription successfully"},"data":{"business":{"subscriptionBusinessId":"0a9133a6-8f4e-17ca-8190-17918fb603a5","customerDocumentNumber":"7169485605506123","customerDocumentType":"CC","customerName":"Luis Lopez","businessName":"Zapatos11345","status":"ACTIVE","businessType":"Local","address":"Avenida 19 98-76","city":"Bogta","department":"Cundinamarca","email":"email@gmail.com","telephone":"30018181811","principalCiiuCode":"2491","secondaryCiiuCode":"1109","commerCode":"2345","createDatetime":"2024-06-14T11:25:33","updateDatetime":"2024-06-14T11:25:33"}}}

11:25:34.010 [pool-1-thread-2] INFO  com.intuit.karate - [print] 0a913355-8fcb-197f-8190-179187d20870 
11:25:34.010 [pool-1-thread-2] INFO  com.intuit.karate - [print] 0a9133a6-8f4e-17ca-8190-17918a2003a1 
11:25:34.011 [pool-1-thread-2] INFO  com.intuit.karate - [print] 0a9133a6-8f4e-17ca-8190-17918fb603a5 
11:25:34.012 [pool-1-thread-2] DEBUG com.intuit.karate - request:
4 > POST https://internal-AWS-PRB-ALB-BACK-398488634.us-east-1.elb.amazonaws.com/v1/transversal/administrative/customers/0a913355-8fcb-197f-8190-179187d20870/subscriptions/0a9133a6-8f4e-17ca-8190-17918a2003a1/contacts
4 > message-uuid: acxff62e-6f12-42de-9012-1e7304418abd
4 > Content-Type: application/json; charset=UTF-8
4 > Content-Length: 121
4 > Host: internal-AWS-PRB-ALB-BACK-398488634.us-east-1.elb.amazonaws.com
4 > Connection: Keep-Alive
4 > User-Agent: Apache-HttpClient/4.5.13 (Java/17.0.5)
4 > Accept-Encoding: gzip,deflate
{"name":"7169485605506123","email":"luis.lopez@mail.com","telephoneNumber":"3003000000","contactType":"Tipo de Contacto"}

11:25:34.426 [pool-1-thread-1] DEBUG com.intuit.karate - response time in milliseconds: 665
4 < 200
4 < Date: Fri, 14 Jun 2024 16:25:34 GMT
4 < Content-Type: application/json
4 < Transfer-Encoding: chunked
4 < Connection: keep-alive
4 < Vary: Origin
4 < Vary: Access-Control-Request-Method
4 < Vary: Access-Control-Request-Headers
4 < X-Content-Type-Options: nosniff
4 < X-XSS-Protection: 1; mode=block
4 < Cache-Control: no-cache, no-store, max-age=0, must-revalidate
4 < Pragma: no-cache
4 < Expires: 0
4 < X-Frame-Options: DENY
{"headers":{"httpStatusCode":200,"httpStatusDesc":"OK","messageUuid":"acxff62e-6f12-42de-9012-1e7304418abd","requestAppId":"c4e6bd04-5149-11e7-b114-a2f933d5fe66","requestDatetime":"2024-06-14T11:25:34"},"messageResponse":{"responseCode":"0000","responseMessage":"Transacción exitosa.","responseDetails":"The request of Accounts list was successful"},"data":{"contacts":[{"subscriptionContactId":"0a9133a6-8f4e-17ca-8190-17918896039f","name":"Maria","email":"jj@gmail.com","telephoneNumber":"1121212121","contactType":"AB"},{"subscriptionContactId":"0a9133a6-8f4e-17ca-8190-1791889603a0","name":"Jose","email":"jose@gmail.com","telephoneNumber":"121212123","contactType":"BE"}]},"pagination":{"totalElements":2,"pageSize":10,"pageNumber":1,"hasMoreElements":false}}

11:25:34.434 [pool-1-thread-1] INFO  c.intuit.karate.core.FeatureRuntime - classpath:users/SubscriptionManagement04/../SubscriptionManagement04/Subscriptions_Business.feature - call by tag at line 7: Microservicios
11:25:34.438 [pool-1-thread-1] DEBUG c.intuit.karate.core.ScenarioEngine - over-writing existing variable 'generarData' with new value: Java.type('Utilidades.generarData')
11:25:34.440 [pool-1-thread-1] INFO  c.intuit.karate.core.FeatureRuntime - classpath:users/SubscriptionManagement04/../SubscriptionManagement04/Suscription.feature - call by tag at line 7: Microservicios
11:25:34.441 [pool-1-thread-1] DEBUG c.intuit.karate.core.ScenarioEngine - over-writing existing variable 'generarData' with new value: Java.type('Utilidades.generarData')
11:25:34.446 [pool-1-thread-1] INFO  c.intuit.karate.core.FeatureRuntime - classpath:users/SubscriptionManagement04/../SubscriptionManagement04/../CustomerManagement01/Customers.feature - call by tag at line 7: Microservicios
11:25:34.450 [pool-1-thread-1] DEBUG c.intuit.karate.core.ScenarioEngine - over-writing existing variable 'generarData' with new value: Java.type('Utilidades.generarData')
11:25:34.455 [pool-1-thread-1] DEBUG com.intuit.karate - request:
1 > POST https://internal-AWS-PRB-ALB-BACK-398488634.us-east-1.elb.amazonaws.com/v1/transversal/administrative/customers
1 > message-uuid: acxff62e-6f12-42de-9012-1e7304418abd
1 > request-app-id: c4e6bd04-5149-11e7-b114-a2f933d5fe66
1 > Content-Type: application/json; charset=UTF-8
1 > Content-Length: 1050
1 > Host: internal-AWS-PRB-ALB-BACK-398488634.us-east-1.elb.amazonaws.com
1 > Connection: Keep-Alive
1 > User-Agent: Apache-HttpClient/4.5.13 (Java/17.0.5)
1 > Accept-Encoding: gzip,deflate
{"customerName":"2793710467113768","businessName":"2793710467113768","customerDocumentNumber":"2793710467113768","customerDocumentType":"NT","customerCode":"2793710467113768","regulatedSFC":"2793710467113768","logo":"","incomes":"80","expenses":"40","assets":"4","passives":"3","equity":"1","customerDomain":[{"domain":"gufum","status":"ACTIVE"}],"customerTypes":[{"customerTypeId":"0a91337e-8c88-1ce7-818c-8d87e2d8003d"}],"customerAddressInformation":{"customerCountry":"CO","customerDepartment":"CUNDINAMARCA","customerProvince":"BOGOTA","customerCity":"BOGOTA","customerAddress":"calle falsa 123"},"customerPhone":{"phoneCode":"57","phoneNumber":"3161002233"},"customerEmail":"fudrayepsu@gufum.com","ciiuCode":{"activity":"Estudios de mercado.","ciiuCode":"7320"},"customerOwners":[{"name":"Juan higuera","documentType":"CC","documentNumber":"123456","relation":"REPRESENTANTE_LEGAL","pep":"SI"}],"termsAndConditionVersion":"","policyVersion":"","financialInstitutionCode":"","entityType":"PUBLIC","eanCode":"","compensationCode":"","limitUse":""}

11:25:34.665 [pool-1-thread-2] DEBUG com.intuit.karate - response time in milliseconds: 652
4 < 201
4 < Date: Fri, 14 Jun 2024 16:25:34 GMT
4 < Content-Type: application/json
4 < Transfer-Encoding: chunked
4 < Connection: keep-alive
4 < Vary: Origin
4 < Vary: Access-Control-Request-Method
4 < Vary: Access-Control-Request-Headers
4 < X-Content-Type-Options: nosniff
4 < X-XSS-Protection: 1; mode=block
4 < Cache-Control: no-cache, no-store, max-age=0, must-revalidate
4 < Pragma: no-cache
4 < Expires: 0
4 < X-Frame-Options: DENY
{"headers":{"httpStatusCode":201,"httpStatusDesc":"CREATED","messageUuid":"acxff62e-6f12-42de-9012-1e7304418abd","requestAppId":null,"requestDatetime":"2024-06-14T11:25:34"},"messageResponse":{"responseCode":"0000","responseMessage":"Transacción exitosa.","responseDetails":"Account added to the Subscription successfully"},"data":{"contact":{"subscriptionContactId":"0a9133a6-8f4e-17ca-8190-1791927003a6","name":"7169485605506123","email":"luis.lopez@mail.com","telephoneNumber":"3003000000","contactType":"Tipo de Contacto"}}}

11:25:34.666 [pool-1-thread-2] INFO  com.intuit.karate - [print] 0a913355-8fcb-197f-8190-179187d20870 
11:25:34.666 [pool-1-thread-2] INFO  com.intuit.karate - [print] 0a9133a6-8f4e-17ca-8190-17918a2003a1 
11:25:34.666 [pool-1-thread-2] INFO  com.intuit.karate - [print] 0a9133a6-8f4e-17ca-8190-17918fb603a5 
11:25:34.667 [pool-1-thread-2] INFO  com.intuit.karate - [print] 0a9133a6-8f4e-17ca-8190-1791927003a6 
11:25:34.670 [pool-1-thread-2] DEBUG com.intuit.karate - request:
5 > GET https://internal-AWS-PRB-ALB-BACK-398488634.us-east-1.elb.amazonaws.com/v1/transversal/administrative/customers/0a913355-8fcb-197f-8190-179187d20870/subscriptions/0a9133a6-8f4e-17ca-8190-17918a2003a1/contacts/0a9133a6-8f4e-17ca-8190-1791927003a6
5 > message-uuid: acxff62e-6f12-42de-9012-1e7304418abd
5 > request-app-id: c4e6bd04-5149-11e7-b114-a2f933d5fe66
5 > Content-Type: application/json
5 > Host: internal-AWS-PRB-ALB-BACK-398488634.us-east-1.elb.amazonaws.com
5 > Connection: Keep-Alive
5 > User-Agent: Apache-HttpClient/4.5.13 (Java/17.0.5)
5 > Accept-Encoding: gzip,deflate


11:25:35.260 [pool-1-thread-2] DEBUG com.intuit.karate - response time in milliseconds: 590
5 < 200
5 < Date: Fri, 14 Jun 2024 16:25:35 GMT
5 < Content-Type: application/json
5 < Transfer-Encoding: chunked
5 < Connection: keep-alive
5 < Vary: Origin
5 < Vary: Access-Control-Request-Method
5 < Vary: Access-Control-Request-Headers
5 < X-Content-Type-Options: nosniff
5 < X-XSS-Protection: 1; mode=block
5 < Cache-Control: no-cache, no-store, max-age=0, must-revalidate
5 < Pragma: no-cache
5 < Expires: 0
5 < X-Frame-Options: DENY
{"headers":{"httpStatusCode":200,"httpStatusDesc":"OK","messageUuid":"acxff62e-6f12-42de-9012-1e7304418abd","requestAppId":"c4e6bd04-5149-11e7-b114-a2f933d5fe66","requestDatetime":"2024-06-14T11:25:35"},"messageResponse":{"responseCode":"0000","responseMessage":"Transacción exitosa.","responseDetails":"Accounts updated on the Subscription successfully"},"data":{"contact":{"subscriptionContactId":"0a9133a6-8f4e-17ca-8190-1791927003a6","name":"7169485605506123","email":"luis.lopez@mail.com","telephoneNumber":"3003000000","contactType":"Tipo de Contacto"}}}

11:25:35.265 [pool-1-thread-2] INFO  c.intuit.karate.core.FeatureRuntime - classpath:users/SubscriptionManagement04/../CustomerAccountManagement03/CustomersCustomerIdAccounts.feature - call by tag at line 7: Microservicios
11:25:35.267 [pool-1-thread-2] DEBUG c.intuit.karate.core.ScenarioEngine - over-writing existing variable 'generarData' with new value: Java.type('Utilidades.generarData')
11:25:35.269 [pool-1-thread-2] INFO  c.intuit.karate.core.FeatureRuntime - classpath:users/SubscriptionManagement04/../CustomerManagement01/Customers.feature - call by tag at line 7: Microservicios
11:25:35.271 [pool-1-thread-2] DEBUG c.intuit.karate.core.ScenarioEngine - over-writing existing variable 'generarData' with new value: Java.type('Utilidades.generarData')
11:25:35.273 [pool-1-thread-2] DEBUG com.intuit.karate - request:
1 > POST https://internal-AWS-PRB-ALB-BACK-398488634.us-east-1.elb.amazonaws.com/v1/transversal/administrative/customers
1 > message-uuid: acxff62e-6f12-42de-9012-1e7304418abd
1 > request-app-id: c4e6bd04-5149-11e7-b114-a2f933d5fe66
1 > Content-Type: application/json; charset=UTF-8
1 > Content-Length: 1050
1 > Host: internal-AWS-PRB-ALB-BACK-398488634.us-east-1.elb.amazonaws.com
1 > Connection: Keep-Alive
1 > User-Agent: Apache-HttpClient/4.5.13 (Java/17.0.5)
1 > Accept-Encoding: gzip,deflate
{"customerName":"2277710348653026","businessName":"2277710348653026","customerDocumentNumber":"2277710348653026","customerDocumentType":"NT","customerCode":"2277710348653026","regulatedSFC":"2277710348653026","logo":"","incomes":"80","expenses":"40","assets":"4","passives":"3","equity":"1","customerDomain":[{"domain":"gufum","status":"ACTIVE"}],"customerTypes":[{"customerTypeId":"0a91337e-8c88-1ce7-818c-8d87e2d8003d"}],"customerAddressInformation":{"customerCountry":"CO","customerDepartment":"CUNDINAMARCA","customerProvince":"BOGOTA","customerCity":"BOGOTA","customerAddress":"calle falsa 123"},"customerPhone":{"phoneCode":"57","phoneNumber":"3161002233"},"customerEmail":"fudrayepsu@gufum.com","ciiuCode":{"activity":"Estudios de mercado.","ciiuCode":"7320"},"customerOwners":[{"name":"Juan higuera","documentType":"CC","documentNumber":"123456","relation":"REPRESENTANTE_LEGAL","pep":"SI"}],"termsAndConditionVersion":"","policyVersion":"","financialInstitutionCode":"","entityType":"PUBLIC","eanCode":"","compensationCode":"","limitUse":""}

11:25:35.856 [pool-1-thread-1] DEBUG com.intuit.karate - response time in milliseconds: 1401
1 < 201
1 < Date: Fri, 14 Jun 2024 16:25:35 GMT
1 < Content-Type: application/json
1 < Transfer-Encoding: chunked
1 < Connection: keep-alive
1 < Vary: Origin
1 < Vary: Access-Control-Request-Method
1 < Vary: Access-Control-Request-Headers
1 < X-Content-Type-Options: nosniff
1 < X-XSS-Protection: 1; mode=block
1 < Cache-Control: no-cache, no-store, max-age=0, must-revalidate
1 < Pragma: no-cache
1 < Expires: 0
1 < X-Frame-Options: DENY
{"headers":{"httpStatusCode":201,"httpStatusDesc":"CREATED","messageUuid":"acxff62e-6f12-42de-9012-1e7304418abd","requestAppId":"c4e6bd04-5149-11e7-b114-a2f933d5fe66","requestDatetime":"2024-06-14T11:25:35"},"messageResponse":{"responseCode":"0000","responseMessage":"Transacción exitosa.","responseDetails":"Customer Created Successfully"},"data":{"customer":{"customerId":"0a913355-8fcb-197f-8190-179196f90875","customerName":"2793710467113768","businessName":"2793710467113768","customerDomains":[{"customerDomainId":"0a913355-8fcb-197f-8190-179197050877","customerDomain":"gufum","status":"ACTIVE"}],"customerDocumentType":"NT","customerDocumentNumber":"2793710467113768","customerCode":"2793710467113768","regulatedSFC":"2793710467113768","logo":"","incomes":"80","expenses":"40","assets":"4","passives":"3","equity":"1","customerTypes":[{"customerTypeId":"0a91337e-8c88-1ce7-818c-8d87e2d8003d","customerTypeValue":"ADMINISTRATOR_PARTNER12241","customerTypeLabel":"OPERADORAS DE INFORMACIÓN 1"}],"customerStatus":"ACTIVE","customerAddressInformation":{"customerCountry":"CO","customerDepartment":"CUNDINAMARCA","customerProvince":"BOGOTA","customerCity":"BOGOTA","customerAddress":"calle falsa 123"},"customerPhone":{"phoneCode":"57","phoneNumber":"3161002233"},"customerEmail":"fudrayepsu@gufum.com","ciiuCode":{"ciiuCode":"7320","activity":"Estudios de mercado."},"customerOwners":[{"customerOwnerId":"0a913355-8fcb-197f-8190-179197160879","name":"Juan higuera","documentType":"CC","documentNumber":"123456","relation":"REPRESENTANTE_LEGAL","pep":"SI"}],"termsAndConditionVersion":"","termsAndConditionDatetime":"","policyVersion":"","policyDatetime":"2024-06-14T11:25:34","financialInstitutionCode":"","createDatetime":"2024-06-14T11:25:34","entityType":"PUBLIC","eanCode":"","compensationCode":"","limitUse":"","updateDatetime":"2024-06-14T11:25:34","groupId":"26d51815-75a8-433c-900e-61cf9298d641"}}}

11:25:35.857 [pool-1-thread-1] INFO  com.intuit.karate - [print] 0a913355-8fcb-197f-8190-179196f90875 
11:25:35.857 [pool-1-thread-1] INFO  com.intuit.karate - [print] 0a913355-8fcb-197f-8190-179197050877 
11:25:35.857 [pool-1-thread-1] INFO  com.intuit.karate - [print] 0a913355-8fcb-197f-8190-179197160879 
11:25:35.859 [pool-1-thread-1] DEBUG com.intuit.karate - request:
2 > POST https://internal-AWS-PRB-ALB-BACK-398488634.us-east-1.elb.amazonaws.com/v1/transversal/administrative/customers/0a913355-8fcb-197f-8190-179196f90875/subscriptions
2 > message-uuid: acxff62e-6f12-42de-9012-1e7304418abd
2 > Content-Type: application/json; charset=UTF-8
2 > Content-Length: 482
2 > Host: internal-AWS-PRB-ALB-BACK-398488634.us-east-1.elb.amazonaws.com
2 > Connection: Keep-Alive
2 > User-Agent: Apache-HttpClient/4.5.13 (Java/17.0.5)
2 > Accept-Encoding: gzip,deflate
{"productId":"0a91331f-8cf9-19f2-818d-7a21423f00ad","customerTypeId":"7f000101-8adc-1104-818a-dc48239d0061","subscriptionName":"Para preubas de subscriptionPara ","customerDocumentNumber":"9001239999994","customerName":"Pedro Perez2232","customerCode":"ABC121","customerDocumentType":"TI","contacts":[{"name":"Maria","email":"jj@gmail.com","telephoneNumber":"1121212121","contactType":"AB"},{"name":"Jose","email":"jose@gmail.com","telephoneNumber":"121212123","contactType":"BE"}]}

11:25:36.436 [pool-1-thread-1] DEBUG com.intuit.karate - response time in milliseconds: 577
2 < 201
2 < Date: Fri, 14 Jun 2024 16:25:36 GMT
2 < Content-Type: application/json
2 < Transfer-Encoding: chunked
2 < Connection: keep-alive
2 < Vary: Origin
2 < Vary: Access-Control-Request-Method
2 < Vary: Access-Control-Request-Headers
2 < X-Content-Type-Options: nosniff
2 < X-XSS-Protection: 1; mode=block
2 < Cache-Control: no-cache, no-store, max-age=0, must-revalidate
2 < Pragma: no-cache
2 < Expires: 0
2 < X-Frame-Options: DENY
{"headers":{"httpStatusCode":201,"httpStatusDesc":"CREATED","messageUuid":"acxff62e-6f12-42de-9012-1e7304418abd","requestAppId":null,"requestDatetime":"2024-06-14T11:25:36"},"messageResponse":{"responseCode":"0000","responseMessage":"Transacción exitosa.","responseDetails":"Subscription created Successfully"},"data":{"subscription":{"subscriptionId":"0a9133a6-8f4e-17ca-8190-1791994c03a7","productId":"0a91331f-8cf9-19f2-818d-7a21423f00ad","customerId":"0a913355-8fcb-197f-8190-179196f90875","customerTypeId":"7f000101-8adc-1104-818a-dc48239d0061","status":"ACTIVE","subscriptionName":"Para preubas de subscriptionPara ","customerDocumentNumber":"9001239999994","customerName":"Pedro Perez2232","customerCode":"ABC121","customerDocumentType":"TI","updateDatetime":"2024-06-14T11:25:36","accounts":[],"contacts":[{"subscriptionContactId":"0a9133a6-8f4e-17ca-8190-1791995603a8","subscriptionId":"0a9133a6-8f4e-17ca-8190-1791994c03a7","name":"Maria","email":"jj@gmail.com","telephoneNumber":"1121212121","contactType":"AB"},{"subscriptionContactId":"0a9133a6-8f4e-17ca-8190-1791995603a9","subscriptionId":"0a9133a6-8f4e-17ca-8190-1791994c03a7","name":"Jose","email":"jose@gmail.com","telephoneNumber":"121212123","contactType":"BE"}],"business":null}}}

11:25:36.437 [pool-1-thread-1] INFO  com.intuit.karate - [print] 0a913355-8fcb-197f-8190-179196f90875 
11:25:36.437 [pool-1-thread-1] INFO  com.intuit.karate - [print] 0a9133a6-8f4e-17ca-8190-1791994c03a7 
11:25:36.438 [pool-1-thread-1] DEBUG com.intuit.karate - request:
3 > POST https://internal-AWS-PRB-ALB-BACK-398488634.us-east-1.elb.amazonaws.com/v1/transversal/administrative/customers/0a913355-8fcb-197f-8190-179196f90875/subscriptions/0a9133a6-8f4e-17ca-8190-1791994c03a7/business
3 > message-uuid: acxff62e-6f12-42de-9012-1e7304418abd
3 > Content-Type: application/json; charset=UTF-8
3 > Content-Length: 370
3 > Host: internal-AWS-PRB-ALB-BACK-398488634.us-east-1.elb.amazonaws.com
3 > Connection: Keep-Alive
3 > User-Agent: Apache-HttpClient/4.5.13 (Java/17.0.5)
3 > Accept-Encoding: gzip,deflate
{"customerDocumentNumber":"2793710467113768","customerDocumentType":"CC","customerName":"Luis Lopez","businessName":"Zapatos11345","status":"ACTIVE","businessType":"Local","address":"Avenida 19 98-76","city":"Bogta","department":"Cundinamarca","email":"email@gmail.com","telephone":"30018181811","principalCiiuCode":"2491","secondaryCiiuCode":"1109","commerCode":"2345"}

11:25:36.703 [pool-1-thread-2] DEBUG com.intuit.karate - response time in milliseconds: 1430
1 < 201
1 < Date: Fri, 14 Jun 2024 16:25:36 GMT
1 < Content-Type: application/json
1 < Transfer-Encoding: chunked
1 < Connection: keep-alive
1 < Vary: Origin
1 < Vary: Access-Control-Request-Method
1 < Vary: Access-Control-Request-Headers
1 < X-Content-Type-Options: nosniff
1 < X-XSS-Protection: 1; mode=block
1 < Cache-Control: no-cache, no-store, max-age=0, must-revalidate
1 < Pragma: no-cache
1 < Expires: 0
1 < X-Frame-Options: DENY
{"headers":{"httpStatusCode":201,"httpStatusDesc":"CREATED","messageUuid":"acxff62e-6f12-42de-9012-1e7304418abd","requestAppId":"c4e6bd04-5149-11e7-b114-a2f933d5fe66","requestDatetime":"2024-06-14T11:25:36"},"messageResponse":{"responseCode":"0000","responseMessage":"Transacción exitosa.","responseDetails":"Customer Created Successfully"},"data":{"customer":{"customerId":"0a913355-8fcb-197f-8190-17919a47087a","customerName":"2277710348653026","businessName":"2277710348653026","customerDomains":[{"customerDomainId":"0a913355-8fcb-197f-8190-17919a54087c","customerDomain":"gufum","status":"ACTIVE"}],"customerDocumentType":"NT","customerDocumentNumber":"2277710348653026","customerCode":"2277710348653026","regulatedSFC":"2277710348653026","logo":"","incomes":"80","expenses":"40","assets":"4","passives":"3","equity":"1","customerTypes":[{"customerTypeId":"0a91337e-8c88-1ce7-818c-8d87e2d8003d","customerTypeValue":"ADMINISTRATOR_PARTNER12241","customerTypeLabel":"OPERADORAS DE INFORMACIÓN 1"}],"customerStatus":"ACTIVE","customerAddressInformation":{"customerCountry":"CO","customerDepartment":"CUNDINAMARCA","customerProvince":"BOGOTA","customerCity":"BOGOTA","customerAddress":"calle falsa 123"},"customerPhone":{"phoneCode":"57","phoneNumber":"3161002233"},"customerEmail":"fudrayepsu@gufum.com","ciiuCode":{"ciiuCode":"7320","activity":"Estudios de mercado."},"customerOwners":[{"customerOwnerId":"0a913355-8fcb-197f-8190-17919a64087e","name":"Juan higuera","documentType":"CC","documentNumber":"123456","relation":"REPRESENTANTE_LEGAL","pep":"SI"}],"termsAndConditionVersion":"","termsAndConditionDatetime":"","policyVersion":"","policyDatetime":"2024-06-14T11:25:35","financialInstitutionCode":"","createDatetime":"2024-06-14T11:25:35","entityType":"PUBLIC","eanCode":"","compensationCode":"","limitUse":"","updateDatetime":"2024-06-14T11:25:35","groupId":"c584df70-54c3-4262-b6d7-82280a2e2b48"}}}

11:25:36.705 [pool-1-thread-2] INFO  com.intuit.karate - [print] 0a913355-8fcb-197f-8190-17919a47087a 
11:25:36.705 [pool-1-thread-2] INFO  com.intuit.karate - [print] 0a913355-8fcb-197f-8190-17919a54087c 
11:25:36.705 [pool-1-thread-2] INFO  com.intuit.karate - [print] 0a913355-8fcb-197f-8190-17919a64087e 
11:25:36.707 [pool-1-thread-2] DEBUG c.intuit.karate.core.ScenarioEngine - over-writing existing variable 'variableRandom' with new value: generarData.generarNumero(16)
11:25:36.708 [pool-1-thread-2] DEBUG com.intuit.karate - request:
2 > POST https://internal-AWS-PRB-ALB-BACK-398488634.us-east-1.elb.amazonaws.com/v1/transversal/administrative/customers/0a913355-8fcb-197f-8190-17919a47087a/accounts
2 > message-uuid: acxff62e-6f12-42de-9012-1e7304418abd
2 > Content-Type: application/json; charset=UTF-8
2 > Content-Length: 201
2 > Host: internal-AWS-PRB-ALB-BACK-398488634.us-east-1.elb.amazonaws.com
2 > Connection: Keep-Alive
2 > User-Agent: Apache-HttpClient/4.5.13 (Java/17.0.5)
2 > Accept-Encoding: gzip,deflate
{"accountType":"4860568721476300","accountNumber":"4860568721476300","accountName":"4860568721476300","accountCode":"99939","financialInstitutionCode":"8730","expirationDatetime":"2023-03-01T20:00:00"}

11:25:36.926 [pool-1-thread-1] DEBUG com.intuit.karate - response time in milliseconds: 487
3 < 201
3 < Date: Fri, 14 Jun 2024 16:25:36 GMT
3 < Content-Type: application/json
3 < Transfer-Encoding: chunked
3 < Connection: keep-alive
3 < Vary: Origin
3 < Vary: Access-Control-Request-Method
3 < Vary: Access-Control-Request-Headers
3 < X-Content-Type-Options: nosniff
3 < X-XSS-Protection: 1; mode=block
3 < Cache-Control: no-cache, no-store, max-age=0, must-revalidate
3 < Pragma: no-cache
3 < Expires: 0
3 < X-Frame-Options: DENY
{"headers":{"httpStatusCode":201,"httpStatusDesc":"CREATED","messageUuid":"acxff62e-6f12-42de-9012-1e7304418abd","requestAppId":null,"requestDatetime":"2024-06-14T11:25:36"},"messageResponse":{"responseCode":"0000","responseMessage":"Transacción exitosa.","responseDetails":"Account added to the Subscription successfully"},"data":{"business":{"subscriptionBusinessId":"0a9133a6-8f4e-17ca-8190-17919b4703aa","customerDocumentNumber":"2793710467113768","customerDocumentType":"CC","customerName":"Luis Lopez","businessName":"Zapatos11345","status":"ACTIVE","businessType":"Local","address":"Avenida 19 98-76","city":"Bogta","department":"Cundinamarca","email":"email@gmail.com","telephone":"30018181811","principalCiiuCode":"2491","secondaryCiiuCode":"1109","commerCode":"2345","createDatetime":"2024-06-14T11:25:36","updateDatetime":"2024-06-14T11:25:36"}}}

11:25:36.926 [pool-1-thread-1] INFO  com.intuit.karate - [print] 0a913355-8fcb-197f-8190-179196f90875 
11:25:36.927 [pool-1-thread-1] INFO  com.intuit.karate - [print] 0a9133a6-8f4e-17ca-8190-1791994c03a7 
11:25:36.927 [pool-1-thread-1] INFO  com.intuit.karate - [print] 0a9133a6-8f4e-17ca-8190-17919b4703aa 
11:25:36.929 [pool-1-thread-1] DEBUG com.intuit.karate - request:
4 > PUT https://internal-AWS-PRB-ALB-BACK-398488634.us-east-1.elb.amazonaws.com/v1/transversal/administrative/customers/0a913355-8fcb-197f-8190-179196f90875/subscriptions/0a9133a6-8f4e-17ca-8190-1791994c03a7/contacts
4 > message-uuid: acxff62e-6f12-42de-9012-1e7304418abd
4 > request-app-id: c4e6bd04-5149-11e7-b114-a2f933d5fe66
4 > Content-Type: application/json; charset=UTF-8
4 > Content-Length: 177
4 > Host: internal-AWS-PRB-ALB-BACK-398488634.us-east-1.elb.amazonaws.com
4 > Connection: Keep-Alive
4 > User-Agent: Apache-HttpClient/4.5.13 (Java/17.0.5)
4 > Accept-Encoding: gzip,deflate
{"contacts":[{"id":"zz1f0asa-b22a-11ed-afa1-0242ac120f12","name":"Luis Lopez 02","email":"luis.lopez@mail.com","telephoneNumber":"3003000000","contactType":"Tipo de Contacto"}]}

11:25:37.230 [pool-1-thread-2] DEBUG com.intuit.karate - response time in milliseconds: 522
2 < 201
2 < Date: Fri, 14 Jun 2024 16:25:37 GMT
2 < Content-Type: application/json
2 < Transfer-Encoding: chunked
2 < Connection: keep-alive
2 < Vary: Origin
2 < Vary: Access-Control-Request-Method
2 < Vary: Access-Control-Request-Headers
2 < X-Content-Type-Options: nosniff
2 < X-XSS-Protection: 1; mode=block
2 < Cache-Control: no-cache, no-store, max-age=0, must-revalidate
2 < Pragma: no-cache
2 < Expires: 0
2 < X-Frame-Options: DENY
{"headers":{"httpStatusCode":201,"httpStatusDesc":"CREATED","requestDateTime":"2024-06-14T11:25:37","messageUuid":"acxff62e-6f12-42de-9012-1e7304418abd","requestAppId":null},"messageResponse":{"responseCode":"0000","responseMessage":"Transacción exitosa.","responseDetails":"Account created, success."},"data":{"account":{"accountId":"d48c311f-87ba-49b2-98cd-7ba5b7f13453","accountType":"4860568721476300","accountNumber":"4860568721476300","accountName":"4860568721476300","accountCode":"99939","status":"ACTIVE","financialInstitutionCode":"8730","approvalState":"PENDING","createdDatetime":"2024-06-14T11:25:37","expirationDatetime":"2023-03-01T20:00:00","approvalDatetime":null}}}

11:25:37.231 [pool-1-thread-2] INFO  com.intuit.karate - [print] d48c311f-87ba-49b2-98cd-7ba5b7f13453 
11:25:37.232 [pool-1-thread-2] DEBUG c.intuit.karate.core.ScenarioEngine - over-writing existing variable 'variableRandom' with new value: generarData.generarNumero(16)
11:25:37.233 [pool-1-thread-2] DEBUG com.intuit.karate - request:
3 > POST https://internal-AWS-PRB-ALB-BACK-398488634.us-east-1.elb.amazonaws.com/v1/transversal/administrative/customers/0a913355-8fcb-197f-8190-17919a47087a/accounts
3 > message-uuid: acxff62e-6f12-42de-9012-1e7304418abd
3 > Content-Type: application/json; charset=UTF-8
3 > Content-Length: 201
3 > Host: internal-AWS-PRB-ALB-BACK-398488634.us-east-1.elb.amazonaws.com
3 > Connection: Keep-Alive
3 > User-Agent: Apache-HttpClient/4.5.13 (Java/17.0.5)
3 > Accept-Encoding: gzip,deflate
{"accountType":"2983874728616627","accountNumber":"2983874728616627","accountName":"2983874728616627","accountCode":"99939","financialInstitutionCode":"8730","expirationDatetime":"2023-03-01T20:00:00"}

11:25:37.422 [pool-1-thread-1] DEBUG com.intuit.karate - response time in milliseconds: 493
4 < 200
4 < Date: Fri, 14 Jun 2024 16:25:37 GMT
4 < Content-Type: application/json
4 < Transfer-Encoding: chunked
4 < Connection: keep-alive
4 < Vary: Origin
4 < Vary: Access-Control-Request-Method
4 < Vary: Access-Control-Request-Headers
4 < X-Content-Type-Options: nosniff
4 < X-XSS-Protection: 1; mode=block
4 < Cache-Control: no-cache, no-store, max-age=0, must-revalidate
4 < Pragma: no-cache
4 < Expires: 0
4 < X-Frame-Options: DENY
{"headers":{"httpStatusCode":200,"httpStatusDesc":"OK","messageUuid":"acxff62e-6f12-42de-9012-1e7304418abd","requestAppId":"c4e6bd04-5149-11e7-b114-a2f933d5fe66","requestDatetime":"2024-06-14T11:25:37"},"messageResponse":{"responseCode":"0000","responseMessage":"Transacción exitosa.","responseDetails":"Accounts updated on the Subscription successfully"},"data":{"contacts":[{"subscriptionContactId":"0a9133a6-8f4e-17ca-8190-1791995603a8","name":"Maria","email":"jj@gmail.com","telephoneNumber":"1121212121","contactType":"AB"},{"subscriptionContactId":"0a9133a6-8f4e-17ca-8190-1791995603a9","name":"Jose","email":"jose@gmail.com","telephoneNumber":"121212123","contactType":"BE"}]}}

11:25:37.429 [pool-1-thread-1] INFO  c.intuit.karate.core.FeatureRuntime - classpath:users/SubscriptionManagement04/../CustomerAccountManagement03/CustomersCustomerIdAccounts.feature - call by tag at line 7: Microservicios
11:25:37.431 [pool-1-thread-1] DEBUG c.intuit.karate.core.ScenarioEngine - over-writing existing variable 'generarData' with new value: Java.type('Utilidades.generarData')
11:25:37.434 [pool-1-thread-1] INFO  c.intuit.karate.core.FeatureRuntime - classpath:users/SubscriptionManagement04/../CustomerManagement01/Customers.feature - call by tag at line 7: Microservicios
11:25:37.436 [pool-1-thread-1] DEBUG c.intuit.karate.core.ScenarioEngine - over-writing existing variable 'generarData' with new value: Java.type('Utilidades.generarData')
11:25:37.438 [pool-1-thread-1] DEBUG com.intuit.karate - request:
1 > POST https://internal-AWS-PRB-ALB-BACK-398488634.us-east-1.elb.amazonaws.com/v1/transversal/administrative/customers
1 > message-uuid: acxff62e-6f12-42de-9012-1e7304418abd
1 > request-app-id: c4e6bd04-5149-11e7-b114-a2f933d5fe66
1 > Content-Type: application/json; charset=UTF-8
1 > Content-Length: 1050
1 > Host: internal-AWS-PRB-ALB-BACK-398488634.us-east-1.elb.amazonaws.com
1 > Connection: Keep-Alive
1 > User-Agent: Apache-HttpClient/4.5.13 (Java/17.0.5)
1 > Accept-Encoding: gzip,deflate
{"customerName":"6808816356516888","businessName":"6808816356516888","customerDocumentNumber":"6808816356516888","customerDocumentType":"NT","customerCode":"6808816356516888","regulatedSFC":"6808816356516888","logo":"","incomes":"80","expenses":"40","assets":"4","passives":"3","equity":"1","customerDomain":[{"domain":"gufum","status":"ACTIVE"}],"customerTypes":[{"customerTypeId":"0a91337e-8c88-1ce7-818c-8d87e2d8003d"}],"customerAddressInformation":{"customerCountry":"CO","customerDepartment":"CUNDINAMARCA","customerProvince":"BOGOTA","customerCity":"BOGOTA","customerAddress":"calle falsa 123"},"customerPhone":{"phoneCode":"57","phoneNumber":"3161002233"},"customerEmail":"fudrayepsu@gufum.com","ciiuCode":{"activity":"Estudios de mercado.","ciiuCode":"7320"},"customerOwners":[{"name":"Juan higuera","documentType":"CC","documentNumber":"123456","relation":"REPRESENTANTE_LEGAL","pep":"SI"}],"termsAndConditionVersion":"","policyVersion":"","financialInstitutionCode":"","entityType":"PUBLIC","eanCode":"","compensationCode":"","limitUse":""}

---------------------------------------------------------
feature: classpath:users/SubscriptionManagement04/Subscriptions_Contacts.feature
scenarios:  4 | passed:  4 | failed:  0 | time: 15,3621
---------------------------------------------------------

11:25:37.607 [pool-2-thread-1] INFO  com.intuit.karate.Suite - <<pass>> feature 10 of 12 (2 remaining) classpath:users/SubscriptionManagement04/Subscriptions_Contacts.feature
11:25:37.731 [pool-1-thread-2] DEBUG com.intuit.karate - response time in milliseconds: 498
3 < 201
3 < Date: Fri, 14 Jun 2024 16:25:37 GMT
3 < Content-Type: application/json
3 < Transfer-Encoding: chunked
3 < Connection: keep-alive
3 < Vary: Origin
3 < Vary: Access-Control-Request-Method
3 < Vary: Access-Control-Request-Headers
3 < X-Content-Type-Options: nosniff
3 < X-XSS-Protection: 1; mode=block
3 < Cache-Control: no-cache, no-store, max-age=0, must-revalidate
3 < Pragma: no-cache
3 < Expires: 0
3 < X-Frame-Options: DENY
{"headers":{"httpStatusCode":201,"httpStatusDesc":"CREATED","requestDateTime":"2024-06-14T11:25:37","messageUuid":"acxff62e-6f12-42de-9012-1e7304418abd","requestAppId":null},"messageResponse":{"responseCode":"0000","responseMessage":"Transacción exitosa.","responseDetails":"Account created, success."},"data":{"account":{"accountId":"acf53cf8-6afa-44cf-acba-55bb38c4c777","accountType":"2983874728616627","accountNumber":"2983874728616627","accountName":"2983874728616627","accountCode":"99939","status":"ACTIVE","financialInstitutionCode":"8730","approvalState":"PENDING","createdDatetime":"2024-06-14T11:25:37","expirationDatetime":"2023-03-01T20:00:00","approvalDatetime":null}}}

11:25:37.731 [pool-1-thread-2] DEBUG c.intuit.karate.core.ScenarioEngine - over-writing existing variable 'data' with new value: $.data
11:25:37.732 [pool-1-thread-2] DEBUG c.intuit.karate.core.ScenarioEngine - over-writing existing variable 'account' with new value: data.account
11:25:37.732 [pool-1-thread-2] DEBUG c.intuit.karate.core.ScenarioEngine - over-writing existing variable 'accountId' with new value: account.accountId
11:25:37.732 [pool-1-thread-2] INFO  com.intuit.karate - [print] acf53cf8-6afa-44cf-acba-55bb38c4c777 
11:25:37.732 [pool-1-thread-2] DEBUG c.intuit.karate.core.ScenarioEngine - over-writing existing variable 'capturarVariableaccountId' with new value: accountId
11:25:37.733 [pool-1-thread-2] DEBUG c.intuit.karate.core.ScenarioEngine - over-writing existing variable 'generarData' with new value: Java.type('Utilidades.generarData')
11:25:37.734 [pool-1-thread-2] DEBUG com.intuit.karate - request:
4 > POST https://internal-AWS-PRB-ALB-BACK-398488634.us-east-1.elb.amazonaws.com/v1/transversal/administrative/customers/0a913355-8fcb-197f-8190-17919a47087a/subscriptions
4 > message-uuid: acxff62e-6f12-42de-9012-1e7304418abd
4 > Content-Type: application/json; charset=UTF-8
4 > Content-Length: 482
4 > Host: internal-AWS-PRB-ALB-BACK-398488634.us-east-1.elb.amazonaws.com
4 > Connection: Keep-Alive
4 > User-Agent: Apache-HttpClient/4.5.13 (Java/17.0.5)
4 > Accept-Encoding: gzip,deflate
{"productId":"0a91331f-8cf9-19f2-818d-7a21423f00ad","customerTypeId":"7f000101-8adc-1104-818a-dc48239d0061","subscriptionName":"Para preubas de subscriptionPara ","customerDocumentNumber":"9001239999994","customerName":"Pedro Perez2232","customerCode":"ABC121","customerDocumentType":"TI","contacts":[{"name":"Maria","email":"jj@gmail.com","telephoneNumber":"1121212121","contactType":"AB"},{"name":"Jose","email":"jose@gmail.com","telephoneNumber":"121212123","contactType":"BE"}]}

11:25:38.270 [pool-1-thread-2] DEBUG com.intuit.karate - response time in milliseconds: 535
4 < 201
4 < Date: Fri, 14 Jun 2024 16:25:38 GMT
4 < Content-Type: application/json
4 < Transfer-Encoding: chunked
4 < Connection: keep-alive
4 < Vary: Origin
4 < Vary: Access-Control-Request-Method
4 < Vary: Access-Control-Request-Headers
4 < X-Content-Type-Options: nosniff
4 < X-XSS-Protection: 1; mode=block
4 < Cache-Control: no-cache, no-store, max-age=0, must-revalidate
4 < Pragma: no-cache
4 < Expires: 0
4 < X-Frame-Options: DENY
{"headers":{"httpStatusCode":201,"httpStatusDesc":"CREATED","messageUuid":"acxff62e-6f12-42de-9012-1e7304418abd","requestAppId":null,"requestDatetime":"2024-06-14T11:25:38"},"messageResponse":{"responseCode":"0000","responseMessage":"Transacción exitosa.","responseDetails":"Subscription created Successfully"},"data":{"subscription":{"subscriptionId":"0a9133a6-8f4e-17ca-8190-1791a06c03ab","productId":"0a91331f-8cf9-19f2-818d-7a21423f00ad","customerId":"0a913355-8fcb-197f-8190-17919a47087a","customerTypeId":"7f000101-8adc-1104-818a-dc48239d0061","status":"ACTIVE","subscriptionName":"Para preubas de subscriptionPara ","customerDocumentNumber":"9001239999994","customerName":"Pedro Perez2232","customerCode":"ABC121","customerDocumentType":"TI","updateDatetime":"2024-06-14T11:25:38","accounts":[],"contacts":[{"subscriptionContactId":"0a9133a6-8f4e-17ca-8190-1791a07e03ac","subscriptionId":"0a9133a6-8f4e-17ca-8190-1791a06c03ab","name":"Maria","email":"jj@gmail.com","telephoneNumber":"1121212121","contactType":"AB"},{"subscriptionContactId":"0a9133a6-8f4e-17ca-8190-1791a07e03ad","subscriptionId":"0a9133a6-8f4e-17ca-8190-1791a06c03ab","name":"Jose","email":"jose@gmail.com","telephoneNumber":"121212123","contactType":"BE"}],"business":null}}}

11:25:38.271 [pool-1-thread-2] INFO  com.intuit.karate - [print] 0a913355-8fcb-197f-8190-17919a47087a 
11:25:38.271 [pool-1-thread-2] INFO  com.intuit.karate - [print] 0a9133a6-8f4e-17ca-8190-1791a06c03ab 
11:25:38.273 [pool-1-thread-2] DEBUG com.intuit.karate - request:
5 > POST https://internal-AWS-PRB-ALB-BACK-398488634.us-east-1.elb.amazonaws.com/v1/transversal/administrative/customers/0a913355-8fcb-197f-8190-17919a47087a/subscriptions/0a9133a6-8f4e-17ca-8190-1791a06c03ab/accounts/
5 > message-uuid: acxff62e-6f12-42de-9012-1e7304418abd
5 > Content-Type: application/json; charset=UTF-8
5 > Content-Length: 52
5 > Host: internal-AWS-PRB-ALB-BACK-398488634.us-east-1.elb.amazonaws.com
5 > Connection: Keep-Alive
5 > User-Agent: Apache-HttpClient/4.5.13 (Java/17.0.5)
5 > Accept-Encoding: gzip,deflate
{"accountId":"acf53cf8-6afa-44cf-acba-55bb38c4c777"}

11:25:38.807 [pool-1-thread-1] DEBUG com.intuit.karate - response time in milliseconds: 1369
1 < 201
1 < Date: Fri, 14 Jun 2024 16:25:38 GMT
1 < Content-Type: application/json
1 < Transfer-Encoding: chunked
1 < Connection: keep-alive
1 < Vary: Origin
1 < Vary: Access-Control-Request-Method
1 < Vary: Access-Control-Request-Headers
1 < X-Content-Type-Options: nosniff
1 < X-XSS-Protection: 1; mode=block
1 < Cache-Control: no-cache, no-store, max-age=0, must-revalidate
1 < Pragma: no-cache
1 < Expires: 0
1 < X-Frame-Options: DENY
{"headers":{"httpStatusCode":201,"httpStatusDesc":"CREATED","messageUuid":"acxff62e-6f12-42de-9012-1e7304418abd","requestAppId":"c4e6bd04-5149-11e7-b114-a2f933d5fe66","requestDatetime":"2024-06-14T11:25:38"},"messageResponse":{"responseCode":"0000","responseMessage":"Transacción exitosa.","responseDetails":"Customer Created Successfully"},"data":{"customer":{"customerId":"0a913355-8fcb-197f-8190-1791a27b087f","customerName":"6808816356516888","businessName":"6808816356516888","customerDomains":[{"customerDomainId":"0a913355-8fcb-197f-8190-1791a2850881","customerDomain":"gufum","status":"ACTIVE"}],"customerDocumentType":"NT","customerDocumentNumber":"6808816356516888","customerCode":"6808816356516888","regulatedSFC":"6808816356516888","logo":"","incomes":"80","expenses":"40","assets":"4","passives":"3","equity":"1","customerTypes":[{"customerTypeId":"0a91337e-8c88-1ce7-818c-8d87e2d8003d","customerTypeValue":"ADMINISTRATOR_PARTNER12241","customerTypeLabel":"OPERADORAS DE INFORMACIÓN 1"}],"customerStatus":"ACTIVE","customerAddressInformation":{"customerCountry":"CO","customerDepartment":"CUNDINAMARCA","customerProvince":"BOGOTA","customerCity":"BOGOTA","customerAddress":"calle falsa 123"},"customerPhone":{"phoneCode":"57","phoneNumber":"3161002233"},"customerEmail":"fudrayepsu@gufum.com","ciiuCode":{"ciiuCode":"7320","activity":"Estudios de mercado."},"customerOwners":[{"customerOwnerId":"0a913355-8fcb-197f-8190-1791a2960883","name":"Juan higuera","documentType":"CC","documentNumber":"123456","relation":"REPRESENTANTE_LEGAL","pep":"SI"}],"termsAndConditionVersion":"","termsAndConditionDatetime":"","policyVersion":"","policyDatetime":"2024-06-14T11:25:37","financialInstitutionCode":"","createDatetime":"2024-06-14T11:25:37","entityType":"PUBLIC","eanCode":"","compensationCode":"","limitUse":"","updateDatetime":"2024-06-14T11:25:37","groupId":"9dce39cf-8438-455c-bca6-fc7eb4b93932"}}}

11:25:38.809 [pool-1-thread-1] INFO  com.intuit.karate - [print] 0a913355-8fcb-197f-8190-1791a27b087f 
11:25:38.809 [pool-1-thread-1] INFO  com.intuit.karate - [print] 0a913355-8fcb-197f-8190-1791a2850881 
11:25:38.810 [pool-1-thread-1] INFO  com.intuit.karate - [print] 0a913355-8fcb-197f-8190-1791a2960883 
11:25:38.811 [pool-1-thread-1] DEBUG c.intuit.karate.core.ScenarioEngine - over-writing existing variable 'variableRandom' with new value: generarData.generarNumero(16)
11:25:38.813 [pool-1-thread-1] DEBUG com.intuit.karate - request:
2 > POST https://internal-AWS-PRB-ALB-BACK-398488634.us-east-1.elb.amazonaws.com/v1/transversal/administrative/customers/0a913355-8fcb-197f-8190-1791a27b087f/accounts
2 > message-uuid: acxff62e-6f12-42de-9012-1e7304418abd
2 > Content-Type: application/json; charset=UTF-8
2 > Content-Length: 201
2 > Host: internal-AWS-PRB-ALB-BACK-398488634.us-east-1.elb.amazonaws.com
2 > Connection: Keep-Alive
2 > User-Agent: Apache-HttpClient/4.5.13 (Java/17.0.5)
2 > Accept-Encoding: gzip,deflate
{"accountType":"5804235846145341","accountNumber":"5804235846145341","accountName":"5804235846145341","accountCode":"99939","financialInstitutionCode":"8730","expirationDatetime":"2023-03-01T20:00:00"}

11:25:38.827 [pool-1-thread-2] DEBUG com.intuit.karate - response time in milliseconds: 554
5 < 201
5 < Date: Fri, 14 Jun 2024 16:25:38 GMT
5 < Content-Type: application/json
5 < Transfer-Encoding: chunked
5 < Connection: keep-alive
5 < Vary: Origin
5 < Vary: Access-Control-Request-Method
5 < Vary: Access-Control-Request-Headers
5 < X-Content-Type-Options: nosniff
5 < X-XSS-Protection: 1; mode=block
5 < Cache-Control: no-cache, no-store, max-age=0, must-revalidate
5 < Pragma: no-cache
5 < Expires: 0
5 < X-Frame-Options: DENY
{"headers":{"httpStatusCode":201,"httpStatusDesc":"CREATED","messageUuid":"acxff62e-6f12-42de-9012-1e7304418abd","requestAppId":null,"requestDatetime":"2024-06-14T11:25:38"},"messageResponse":{"responseCode":"0000","responseMessage":"Transacción exitosa.","responseDetails":"Account added to the Subscription successfully"},"data":{"account":{"accountId":"acf53cf8-6afa-44cf-acba-55bb38c4c777","accountType":"2983874728616627","accountNumber":"2983874728616627","accountName":"2983874728616627","accountCode":"99939","status":"ACTIVE","financialInstitutionCode":"8730","approvalState":"PENDING","createdDatetime":"2024-06-14T11:25:37","expirationDatetime":"2023-03-01T20:00:00"}}}

11:25:38.828 [pool-1-thread-2] INFO  com.intuit.karate - [print] 0a913355-8fcb-197f-8190-17919a47087a 
11:25:38.828 [pool-1-thread-2] DEBUG c.intuit.karate.core.ScenarioEngine - over-writing existing variable 'capturarVariablesubscriptionId' with new value: $.data.subscription.subscriptionId
11:25:38.828 [pool-1-thread-2] INFO  com.intuit.karate - [print] #notpresent 
11:25:38.828 [pool-1-thread-2] INFO  com.intuit.karate - [print] acf53cf8-6afa-44cf-acba-55bb38c4c777 
11:25:38.832 [pool-1-thread-2] DEBUG com.intuit.karate - request:
1 > GET https://internal-AWS-PRB-ALB-BACK-398488634.us-east-1.elb.amazonaws.com/v1/transversal/administrative/customers/0a913355-8fcb-197f-818f-f4b5fd790311/subscriptions/0a9133a6-8f4e-17ca-818f-f4b6027a011a/accounts?pageNumber=1&pageSize=10
1 > message-uuid: acxff62e-6f12-42de-9012-1e7304418abd
1 > request-app-id: c4e6bd04-5149-11e7-b114-a2f933d5fe66
1 > Content-Type: application/json
1 > Host: internal-AWS-PRB-ALB-BACK-398488634.us-east-1.elb.amazonaws.com
1 > Connection: Keep-Alive
1 > User-Agent: Apache-HttpClient/4.5.13 (Java/17.0.5)
1 > Accept-Encoding: gzip,deflate


11:25:39.295 [pool-1-thread-1] DEBUG com.intuit.karate - response time in milliseconds: 482
2 < 201
2 < Date: Fri, 14 Jun 2024 16:25:39 GMT
2 < Content-Type: application/json
2 < Transfer-Encoding: chunked
2 < Connection: keep-alive
2 < Vary: Origin
2 < Vary: Access-Control-Request-Method
2 < Vary: Access-Control-Request-Headers
2 < X-Content-Type-Options: nosniff
2 < X-XSS-Protection: 1; mode=block
2 < Cache-Control: no-cache, no-store, max-age=0, must-revalidate
2 < Pragma: no-cache
2 < Expires: 0
2 < X-Frame-Options: DENY
{"headers":{"httpStatusCode":201,"httpStatusDesc":"CREATED","requestDateTime":"2024-06-14T11:25:39","messageUuid":"acxff62e-6f12-42de-9012-1e7304418abd","requestAppId":null},"messageResponse":{"responseCode":"0000","responseMessage":"Transacción exitosa.","responseDetails":"Account created, success."},"data":{"account":{"accountId":"dc49f7fc-c0b5-4d82-b124-5589a7b9d255","accountType":"5804235846145341","accountNumber":"5804235846145341","accountName":"5804235846145341","accountCode":"99939","status":"ACTIVE","financialInstitutionCode":"8730","approvalState":"PENDING","createdDatetime":"2024-06-14T11:25:39","expirationDatetime":"2023-03-01T20:00:00","approvalDatetime":null}}}

11:25:39.296 [pool-1-thread-1] INFO  com.intuit.karate - [print] dc49f7fc-c0b5-4d82-b124-5589a7b9d255 
11:25:39.297 [pool-1-thread-1] DEBUG c.intuit.karate.core.ScenarioEngine - over-writing existing variable 'variableRandom' with new value: generarData.generarNumero(16)
11:25:39.299 [pool-1-thread-1] DEBUG com.intuit.karate - request:
3 > POST https://internal-AWS-PRB-ALB-BACK-398488634.us-east-1.elb.amazonaws.com/v1/transversal/administrative/customers/0a913355-8fcb-197f-8190-1791a27b087f/accounts
3 > message-uuid: acxff62e-6f12-42de-9012-1e7304418abd
3 > Content-Type: application/json; charset=UTF-8
3 > Content-Length: 201
3 > Host: internal-AWS-PRB-ALB-BACK-398488634.us-east-1.elb.amazonaws.com
3 > Connection: Keep-Alive
3 > User-Agent: Apache-HttpClient/4.5.13 (Java/17.0.5)
3 > Accept-Encoding: gzip,deflate
{"accountType":"0706882531884326","accountNumber":"0706882531884326","accountName":"0706882531884326","accountCode":"99939","financialInstitutionCode":"8730","expirationDatetime":"2023-03-01T20:00:00"}

11:25:39.520 [pool-1-thread-2] DEBUG com.intuit.karate - response time in milliseconds: 688
1 < 200
1 < Date: Fri, 14 Jun 2024 16:25:39 GMT
1 < Content-Type: application/json
1 < Transfer-Encoding: chunked
1 < Connection: keep-alive
1 < Vary: Origin
1 < Vary: Access-Control-Request-Method
1 < Vary: Access-Control-Request-Headers
1 < X-Content-Type-Options: nosniff
1 < X-XSS-Protection: 1; mode=block
1 < Cache-Control: no-cache, no-store, max-age=0, must-revalidate
1 < Pragma: no-cache
1 < Expires: 0
1 < X-Frame-Options: DENY
{"headers":{"httpStatusCode":200,"httpStatusDesc":"OK","messageUuid":"acxff62e-6f12-42de-9012-1e7304418abd","requestAppId":"c4e6bd04-5149-11e7-b114-a2f933d5fe66","requestDatetime":"2024-06-14T11:25:39"},"messageResponse":{"responseCode":"0000","responseMessage":"Transacción exitosa.","responseDetails":"The request of Accounts list was successful"},"data":{"accounts":[{"accountId":"10badc5a-7e68-48d1-bf52-b866746ab696","accountType":"3120389122205470","accountNumber":"3120389122205470","accountName":"3120389122205470","accountCode":"99939","status":"ACTIVE","financialInstitutionCode":"8730","approvalState":"PENDING","createdDatetime":"2024-06-07T16:58:39","expirationDatetime":"2023-03-01T20:00:00"}]},"pagination":{"totalElements":1,"pageSize":10,"pageNumber":1,"hasMoreElements":false}}

11:25:39.523 [pool-1-thread-2] DEBUG com.intuit.karate - request:
1 > GET https://internal-AWS-PRB-ALB-BACK-398488634.us-east-1.elb.amazonaws.com/v1/transversal/administrative/customers/0a913355-8fcb-197f-818f-f4b5fd790311/subscriptions/0a9133a6-8f4e-17ca-818f-f4b6027a011a/accounts/10badc5a-7e68-48d1-bf52-b866746ab696
1 > message-uuid: acxff62e-6f12-42de-9012-1e7304418abd
1 > request-app-id: c4e6bd04-5149-11e7-b114-a2f933d5fe66
1 > Content-Type: application/json
1 > Host: internal-AWS-PRB-ALB-BACK-398488634.us-east-1.elb.amazonaws.com
1 > Connection: Keep-Alive
1 > User-Agent: Apache-HttpClient/4.5.13 (Java/17.0.5)
1 > Accept-Encoding: gzip,deflate


11:25:39.805 [pool-1-thread-1] DEBUG com.intuit.karate - response time in milliseconds: 506
3 < 201
3 < Date: Fri, 14 Jun 2024 16:25:39 GMT
3 < Content-Type: application/json
3 < Transfer-Encoding: chunked
3 < Connection: keep-alive
3 < Vary: Origin
3 < Vary: Access-Control-Request-Method
3 < Vary: Access-Control-Request-Headers
3 < X-Content-Type-Options: nosniff
3 < X-XSS-Protection: 1; mode=block
3 < Cache-Control: no-cache, no-store, max-age=0, must-revalidate
3 < Pragma: no-cache
3 < Expires: 0
3 < X-Frame-Options: DENY
{"headers":{"httpStatusCode":201,"httpStatusDesc":"CREATED","requestDateTime":"2024-06-14T11:25:39","messageUuid":"acxff62e-6f12-42de-9012-1e7304418abd","requestAppId":null},"messageResponse":{"responseCode":"0000","responseMessage":"Transacción exitosa.","responseDetails":"Account created, success."},"data":{"account":{"accountId":"396b9c76-46cb-404b-b0fc-91fd67c20996","accountType":"0706882531884326","accountNumber":"0706882531884326","accountName":"0706882531884326","accountCode":"99939","status":"ACTIVE","financialInstitutionCode":"8730","approvalState":"PENDING","createdDatetime":"2024-06-14T11:25:39","expirationDatetime":"2023-03-01T20:00:00","approvalDatetime":null}}}

11:25:39.805 [pool-1-thread-1] DEBUG c.intuit.karate.core.ScenarioEngine - over-writing existing variable 'data' with new value: $.data
11:25:39.805 [pool-1-thread-1] DEBUG c.intuit.karate.core.ScenarioEngine - over-writing existing variable 'account' with new value: data.account
11:25:39.805 [pool-1-thread-1] DEBUG c.intuit.karate.core.ScenarioEngine - over-writing existing variable 'accountId' with new value: account.accountId
11:25:39.806 [pool-1-thread-1] INFO  com.intuit.karate - [print] 396b9c76-46cb-404b-b0fc-91fd67c20996 
11:25:39.806 [pool-1-thread-1] DEBUG c.intuit.karate.core.ScenarioEngine - over-writing existing variable 'capturarVariableaccountId' with new value: accountId
11:25:39.806 [pool-1-thread-1] DEBUG c.intuit.karate.core.ScenarioEngine - over-writing existing variable 'generarData' with new value: Java.type('Utilidades.generarData')
11:25:39.807 [pool-1-thread-1] DEBUG com.intuit.karate - request:
4 > POST https://internal-AWS-PRB-ALB-BACK-398488634.us-east-1.elb.amazonaws.com/v1/transversal/administrative/customers/0a913355-8fcb-197f-8190-1791a27b087f/subscriptions
4 > message-uuid: acxff62e-6f12-42de-9012-1e7304418abd
4 > Content-Type: application/json; charset=UTF-8
4 > Content-Length: 482
4 > Host: internal-AWS-PRB-ALB-BACK-398488634.us-east-1.elb.amazonaws.com
4 > Connection: Keep-Alive
4 > User-Agent: Apache-HttpClient/4.5.13 (Java/17.0.5)
4 > Accept-Encoding: gzip,deflate
{"productId":"0a91331f-8cf9-19f2-818d-7a21423f00ad","customerTypeId":"7f000101-8adc-1104-818a-dc48239d0061","subscriptionName":"Para preubas de subscriptionPara ","customerDocumentNumber":"9001239999994","customerName":"Pedro Perez2232","customerCode":"ABC121","customerDocumentType":"TI","contacts":[{"name":"Maria","email":"jj@gmail.com","telephoneNumber":"1121212121","contactType":"AB"},{"name":"Jose","email":"jose@gmail.com","telephoneNumber":"121212123","contactType":"BE"}]}

11:25:40.842 [pool-1-thread-2] DEBUG com.intuit.karate - response time in milliseconds: 1319
1 < 200
1 < Date: Fri, 14 Jun 2024 16:25:40 GMT
1 < Content-Type: application/json
1 < Transfer-Encoding: chunked
1 < Connection: keep-alive
1 < Vary: Origin
1 < Vary: Access-Control-Request-Method
1 < Vary: Access-Control-Request-Headers
1 < X-Content-Type-Options: nosniff
1 < X-XSS-Protection: 1; mode=block
1 < Cache-Control: no-cache, no-store, max-age=0, must-revalidate
1 < Pragma: no-cache
1 < Expires: 0
1 < X-Frame-Options: DENY
{"headers":{"httpStatusCode":200,"httpStatusDesc":"OK","messageUuid":"acxff62e-6f12-42de-9012-1e7304418abd","requestAppId":"c4e6bd04-5149-11e7-b114-a2f933d5fe66","requestDatetime":"2024-06-14T11:25:40"},"messageResponse":{"responseCode":"0000","responseMessage":"Transacción exitosa.","responseDetails":"Accounts updated on the Subscription successfully"},"data":{"account":{"accountId":"10badc5a-7e68-48d1-bf52-b866746ab696","accountType":"3120389122205470","accountNumber":"3120389122205470","accountName":"3120389122205470","accountCode":"99939","status":"ACTIVE","financialInstitutionCode":"8730","approvalState":"PENDING","createdDatetime":"2024-06-07T16:58:39","expirationDatetime":"2023-03-01T20:00:00"}}}

11:25:40.846 [pool-1-thread-2] INFO  c.intuit.karate.core.FeatureRuntime - classpath:users/SubscriptionManagement04/../CustomerManagement01/Customers.feature - call by tag at line 7: Microservicios
11:25:40.848 [pool-1-thread-2] DEBUG c.intuit.karate.core.ScenarioEngine - over-writing existing variable 'generarData' with new value: Java.type('Utilidades.generarData')
11:25:40.850 [pool-1-thread-2] DEBUG com.intuit.karate - request:
1 > POST https://internal-AWS-PRB-ALB-BACK-398488634.us-east-1.elb.amazonaws.com/v1/transversal/administrative/customers
1 > message-uuid: acxff62e-6f12-42de-9012-1e7304418abd
1 > request-app-id: c4e6bd04-5149-11e7-b114-a2f933d5fe66
1 > Content-Type: application/json; charset=UTF-8
1 > Content-Length: 1050
1 > Host: internal-AWS-PRB-ALB-BACK-398488634.us-east-1.elb.amazonaws.com
1 > Connection: Keep-Alive
1 > User-Agent: Apache-HttpClient/4.5.13 (Java/17.0.5)
1 > Accept-Encoding: gzip,deflate
{"customerName":"4416350932321907","businessName":"4416350932321907","customerDocumentNumber":"4416350932321907","customerDocumentType":"NT","customerCode":"4416350932321907","regulatedSFC":"4416350932321907","logo":"","incomes":"80","expenses":"40","assets":"4","passives":"3","equity":"1","customerDomain":[{"domain":"gufum","status":"ACTIVE"}],"customerTypes":[{"customerTypeId":"0a91337e-8c88-1ce7-818c-8d87e2d8003d"}],"customerAddressInformation":{"customerCountry":"CO","customerDepartment":"CUNDINAMARCA","customerProvince":"BOGOTA","customerCity":"BOGOTA","customerAddress":"calle falsa 123"},"customerPhone":{"phoneCode":"57","phoneNumber":"3161002233"},"customerEmail":"fudrayepsu@gufum.com","ciiuCode":{"activity":"Estudios de mercado.","ciiuCode":"7320"},"customerOwners":[{"name":"Juan higuera","documentType":"CC","documentNumber":"123456","relation":"REPRESENTANTE_LEGAL","pep":"SI"}],"termsAndConditionVersion":"","policyVersion":"","financialInstitutionCode":"","entityType":"PUBLIC","eanCode":"","compensationCode":"","limitUse":""}

11:25:41.526 [pool-1-thread-1] DEBUG com.intuit.karate - response time in milliseconds: 1719
4 < 201
4 < Date: Fri, 14 Jun 2024 16:25:41 GMT
4 < Content-Type: application/json
4 < Transfer-Encoding: chunked
4 < Connection: keep-alive
4 < Vary: Origin
4 < Vary: Access-Control-Request-Method
4 < Vary: Access-Control-Request-Headers
4 < X-Content-Type-Options: nosniff
4 < X-XSS-Protection: 1; mode=block
4 < Cache-Control: no-cache, no-store, max-age=0, must-revalidate
4 < Pragma: no-cache
4 < Expires: 0
4 < X-Frame-Options: DENY
{"headers":{"httpStatusCode":201,"httpStatusDesc":"CREATED","messageUuid":"acxff62e-6f12-42de-9012-1e7304418abd","requestAppId":null,"requestDatetime":"2024-06-14T11:25:41"},"messageResponse":{"responseCode":"0000","responseMessage":"Transacción exitosa.","responseDetails":"Subscription created Successfully"},"data":{"subscription":{"subscriptionId":"0a9133a6-8f4e-17ca-8190-1791acb303af","productId":"0a91331f-8cf9-19f2-818d-7a21423f00ad","customerId":"0a913355-8fcb-197f-8190-1791a27b087f","customerTypeId":"7f000101-8adc-1104-818a-dc48239d0061","status":"ACTIVE","subscriptionName":"Para preubas de subscriptionPara ","customerDocumentNumber":"9001239999994","customerName":"Pedro Perez2232","customerCode":"ABC121","customerDocumentType":"TI","updateDatetime":"2024-06-14T11:25:41","accounts":[],"contacts":[{"subscriptionContactId":"0a9133a6-8f4e-17ca-8190-1791acc103b0","subscriptionId":"0a9133a6-8f4e-17ca-8190-1791acb303af","name":"Maria","email":"jj@gmail.com","telephoneNumber":"1121212121","contactType":"AB"},{"subscriptionContactId":"0a9133a6-8f4e-17ca-8190-1791acc103b1","subscriptionId":"0a9133a6-8f4e-17ca-8190-1791acb303af","name":"Jose","email":"jose@gmail.com","telephoneNumber":"121212123","contactType":"BE"}],"business":null}}}

11:25:41.528 [pool-1-thread-1] INFO  com.intuit.karate - [print] 0a913355-8fcb-197f-8190-1791a27b087f 
11:25:41.528 [pool-1-thread-1] INFO  com.intuit.karate - [print] 0a9133a6-8f4e-17ca-8190-1791acb303af 
11:25:41.528 [pool-1-thread-1] DEBUG c.intuit.karate.core.ScenarioEngine - over-writing existing variable 'generarData' with new value: Java.type('Utilidades.generarData')
11:25:41.529 [pool-1-thread-1] DEBUG com.intuit.karate - request:
5 > PUT https://internal-AWS-PRB-ALB-BACK-398488634.us-east-1.elb.amazonaws.com/v1/transversal/administrative/customers/0a913355-8fcb-197f-8190-1791a27b087f/subscriptions/0a9133a6-8f4e-17ca-8190-1791acb303af/accounts/
5 > message-uuid: acxff62e-6f12-42de-9012-1e7304418abd
5 > request-app-id: c4e6bd04-5149-11e7-b114-a2f933d5fe66
5 > Content-Type: application/json; charset=UTF-8
5 > Content-Length: 67
5 > Host: internal-AWS-PRB-ALB-BACK-398488634.us-east-1.elb.amazonaws.com
5 > Connection: Keep-Alive
5 > User-Agent: Apache-HttpClient/4.5.13 (Java/17.0.5)
5 > Accept-Encoding: gzip,deflate
{"accounts":[{"accountId":"396b9c76-46cb-404b-b0fc-91fd67c20996"}]}

11:25:42.237 [pool-1-thread-1] DEBUG com.intuit.karate - response time in milliseconds: 707
5 < 200
5 < Date: Fri, 14 Jun 2024 16:25:42 GMT
5 < Content-Type: application/json
5 < Transfer-Encoding: chunked
5 < Connection: keep-alive
5 < Vary: Origin
5 < Vary: Access-Control-Request-Method
5 < Vary: Access-Control-Request-Headers
5 < X-Content-Type-Options: nosniff
5 < X-XSS-Protection: 1; mode=block
5 < Cache-Control: no-cache, no-store, max-age=0, must-revalidate
5 < Pragma: no-cache
5 < Expires: 0
5 < X-Frame-Options: DENY
{"headers":{"httpStatusCode":200,"httpStatusDesc":"OK","messageUuid":"acxff62e-6f12-42de-9012-1e7304418abd","requestAppId":"c4e6bd04-5149-11e7-b114-a2f933d5fe66","requestDatetime":"2024-06-14T11:25:42"},"messageResponse":{"responseCode":"0000","responseMessage":"Transacción exitosa.","responseDetails":"Accounts updated on the Subscription successfully"},"data":{"accounts":[{"accountId":"396b9c76-46cb-404b-b0fc-91fd67c20996","accountType":"0706882531884326","accountNumber":"0706882531884326","accountName":"0706882531884326","accountCode":"99939","status":"ACTIVE","financialInstitutionCode":"8730","approvalState":"PENDING","createdDatetime":"2024-06-14T11:25:39","expirationDatetime":"2023-03-01T20:00:00"}]}}

11:25:42.248 [pool-1-thread-1] INFO  c.intuit.karate.core.FeatureRuntime - classpath:users/SubscriptionManagement04/../CustomerManagement01/Customers.feature - call by tag at line 7: Microservicios
11:25:42.250 [pool-1-thread-1] DEBUG c.intuit.karate.core.ScenarioEngine - over-writing existing variable 'generarData' with new value: Java.type('Utilidades.generarData')
11:25:42.252 [pool-1-thread-1] DEBUG com.intuit.karate - request:
1 > POST https://internal-AWS-PRB-ALB-BACK-398488634.us-east-1.elb.amazonaws.com/v1/transversal/administrative/customers
1 > message-uuid: acxff62e-6f12-42de-9012-1e7304418abd
1 > request-app-id: c4e6bd04-5149-11e7-b114-a2f933d5fe66
1 > Content-Type: application/json; charset=UTF-8
1 > Content-Length: 1050
1 > Host: internal-AWS-PRB-ALB-BACK-398488634.us-east-1.elb.amazonaws.com
1 > Connection: Keep-Alive
1 > User-Agent: Apache-HttpClient/4.5.13 (Java/17.0.5)
1 > Accept-Encoding: gzip,deflate
{"customerName":"3687464711703715","businessName":"3687464711703715","customerDocumentNumber":"3687464711703715","customerDocumentType":"NT","customerCode":"3687464711703715","regulatedSFC":"3687464711703715","logo":"","incomes":"80","expenses":"40","assets":"4","passives":"3","equity":"1","customerDomain":[{"domain":"gufum","status":"ACTIVE"}],"customerTypes":[{"customerTypeId":"0a91337e-8c88-1ce7-818c-8d87e2d8003d"}],"customerAddressInformation":{"customerCountry":"CO","customerDepartment":"CUNDINAMARCA","customerProvince":"BOGOTA","customerCity":"BOGOTA","customerAddress":"calle falsa 123"},"customerPhone":{"phoneCode":"57","phoneNumber":"3161002233"},"customerEmail":"fudrayepsu@gufum.com","ciiuCode":{"activity":"Estudios de mercado.","ciiuCode":"7320"},"customerOwners":[{"name":"Juan higuera","documentType":"CC","documentNumber":"123456","relation":"REPRESENTANTE_LEGAL","pep":"SI"}],"termsAndConditionVersion":"","policyVersion":"","financialInstitutionCode":"","entityType":"PUBLIC","eanCode":"","compensationCode":"","limitUse":""}

---------------------------------------------------------
feature: classpath:users/SubscriptionManagement04/SubscriptionsAccounts.feature
scenarios:  4 | passed:  4 | failed:  0 | time: 10,3860
---------------------------------------------------------

11:25:42.320 [pool-2-thread-1] INFO  com.intuit.karate.Suite - <<pass>> feature 11 of 12 (1 remaining) classpath:users/SubscriptionManagement04/SubscriptionsAccounts.feature
11:25:43.232 [pool-1-thread-2] DEBUG com.intuit.karate - response time in milliseconds: 2382
1 < 201
1 < Date: Fri, 14 Jun 2024 16:25:43 GMT
1 < Content-Type: application/json
1 < Transfer-Encoding: chunked
1 < Connection: keep-alive
1 < Vary: Origin
1 < Vary: Access-Control-Request-Method
1 < Vary: Access-Control-Request-Headers
1 < X-Content-Type-Options: nosniff
1 < X-XSS-Protection: 1; mode=block
1 < Cache-Control: no-cache, no-store, max-age=0, must-revalidate
1 < Pragma: no-cache
1 < Expires: 0
1 < X-Frame-Options: DENY
{"headers":{"httpStatusCode":201,"httpStatusDesc":"CREATED","messageUuid":"acxff62e-6f12-42de-9012-1e7304418abd","requestAppId":"c4e6bd04-5149-11e7-b114-a2f933d5fe66","requestDatetime":"2024-06-14T11:25:43"},"messageResponse":{"responseCode":"0000","responseMessage":"Transacción exitosa.","responseDetails":"Customer Created Successfully"},"data":{"customer":{"customerId":"0a913355-8fcb-197f-8190-1791b3bc0884","customerName":"4416350932321907","businessName":"4416350932321907","customerDomains":[{"customerDomainId":"0a913355-8fcb-197f-8190-1791b3c80886","customerDomain":"gufum","status":"ACTIVE"}],"customerDocumentType":"NT","customerDocumentNumber":"4416350932321907","customerCode":"4416350932321907","regulatedSFC":"4416350932321907","logo":"","incomes":"80","expenses":"40","assets":"4","passives":"3","equity":"1","customerTypes":[{"customerTypeId":"0a91337e-8c88-1ce7-818c-8d87e2d8003d","customerTypeValue":"ADMINISTRATOR_PARTNER12241","customerTypeLabel":"OPERADORAS DE INFORMACIÓN 1"}],"customerStatus":"ACTIVE","customerAddressInformation":{"customerCountry":"CO","customerDepartment":"CUNDINAMARCA","customerProvince":"BOGOTA","customerCity":"BOGOTA","customerAddress":"calle falsa 123"},"customerPhone":{"phoneCode":"57","phoneNumber":"3161002233"},"customerEmail":"fudrayepsu@gufum.com","ciiuCode":{"ciiuCode":"7320","activity":"Estudios de mercado."},"customerOwners":[{"customerOwnerId":"0a913355-8fcb-197f-8190-1791b3da0888","name":"Juan higuera","documentType":"CC","documentNumber":"123456","relation":"REPRESENTANTE_LEGAL","pep":"SI"}],"termsAndConditionVersion":"","termsAndConditionDatetime":"","policyVersion":"","policyDatetime":"2024-06-14T11:25:42","financialInstitutionCode":"","createDatetime":"2024-06-14T11:25:42","entityType":"PUBLIC","eanCode":"","compensationCode":"","limitUse":"","updateDatetime":"2024-06-14T11:25:42","groupId":"cd176176-8ee3-4da0-a79c-3720caec3c7e"}}}

11:25:43.234 [pool-1-thread-2] INFO  com.intuit.karate - [print] 0a913355-8fcb-197f-8190-1791b3bc0884 
11:25:43.235 [pool-1-thread-2] INFO  com.intuit.karate - [print] 0a913355-8fcb-197f-8190-1791b3c80886 
11:25:43.235 [pool-1-thread-2] INFO  com.intuit.karate - [print] 0a913355-8fcb-197f-8190-1791b3da0888 
11:25:43.239 [pool-1-thread-2] DEBUG com.intuit.karate - request:
2 > POST https://internal-AWS-PRB-ALB-BACK-398488634.us-east-1.elb.amazonaws.com/v1/transversal/administrative/customers/0a913355-8fcb-197f-8190-1791b3bc0884/subscriptions
2 > message-uuid: acxff62e-6f12-42de-9012-1e7304418abd
2 > Content-Type: application/json; charset=UTF-8
2 > Content-Length: 482
2 > Host: internal-AWS-PRB-ALB-BACK-398488634.us-east-1.elb.amazonaws.com
2 > Connection: Keep-Alive
2 > User-Agent: Apache-HttpClient/4.5.13 (Java/17.0.5)
2 > Accept-Encoding: gzip,deflate
{"productId":"0a91331f-8cf9-19f2-818d-7a21423f00ad","customerTypeId":"7f000101-8adc-1104-818a-dc48239d0061","subscriptionName":"Para preubas de subscriptionPara ","customerDocumentNumber":"9001239999994","customerName":"Pedro Perez2232","customerCode":"ABC121","customerDocumentType":"TI","contacts":[{"name":"Maria","email":"jj@gmail.com","telephoneNumber":"1121212121","contactType":"AB"},{"name":"Jose","email":"jose@gmail.com","telephoneNumber":"121212123","contactType":"BE"}]}

11:25:43.669 [pool-1-thread-1] DEBUG com.intuit.karate - response time in milliseconds: 1417
1 < 201
1 < Date: Fri, 14 Jun 2024 16:25:43 GMT
1 < Content-Type: application/json
1 < Transfer-Encoding: chunked
1 < Connection: keep-alive
1 < Vary: Origin
1 < Vary: Access-Control-Request-Method
1 < Vary: Access-Control-Request-Headers
1 < X-Content-Type-Options: nosniff
1 < X-XSS-Protection: 1; mode=block
1 < Cache-Control: no-cache, no-store, max-age=0, must-revalidate
1 < Pragma: no-cache
1 < Expires: 0
1 < X-Frame-Options: DENY
{"headers":{"httpStatusCode":201,"httpStatusDesc":"CREATED","messageUuid":"acxff62e-6f12-42de-9012-1e7304418abd","requestAppId":"c4e6bd04-5149-11e7-b114-a2f933d5fe66","requestDatetime":"2024-06-14T11:25:43"},"messageResponse":{"responseCode":"0000","responseMessage":"Transacción exitosa.","responseDetails":"Customer Created Successfully"},"data":{"customer":{"customerId":"0a913355-8fcb-197f-8190-1791b5880889","customerName":"3687464711703715","businessName":"3687464711703715","customerDomains":[{"customerDomainId":"0a913355-8fcb-197f-8190-1791b593088b","customerDomain":"gufum","status":"ACTIVE"}],"customerDocumentType":"NT","customerDocumentNumber":"3687464711703715","customerCode":"3687464711703715","regulatedSFC":"3687464711703715","logo":"","incomes":"80","expenses":"40","assets":"4","passives":"3","equity":"1","customerTypes":[{"customerTypeId":"0a91337e-8c88-1ce7-818c-8d87e2d8003d","customerTypeValue":"ADMINISTRATOR_PARTNER12241","customerTypeLabel":"OPERADORAS DE INFORMACIÓN 1"}],"customerStatus":"ACTIVE","customerAddressInformation":{"customerCountry":"CO","customerDepartment":"CUNDINAMARCA","customerProvince":"BOGOTA","customerCity":"BOGOTA","customerAddress":"calle falsa 123"},"customerPhone":{"phoneCode":"57","phoneNumber":"3161002233"},"customerEmail":"fudrayepsu@gufum.com","ciiuCode":{"ciiuCode":"7320","activity":"Estudios de mercado."},"customerOwners":[{"customerOwnerId":"0a913355-8fcb-197f-8190-1791b5a4088d","name":"Juan higuera","documentType":"CC","documentNumber":"123456","relation":"REPRESENTANTE_LEGAL","pep":"SI"}],"termsAndConditionVersion":"","termsAndConditionDatetime":"","policyVersion":"","policyDatetime":"2024-06-14T11:25:42","financialInstitutionCode":"","createDatetime":"2024-06-14T11:25:42","entityType":"PUBLIC","eanCode":"","compensationCode":"","limitUse":"","updateDatetime":"2024-06-14T11:25:42","groupId":"6b53c61b-09c0-42d9-af12-e9c6114487da"}}}

11:25:43.672 [pool-1-thread-1] INFO  com.intuit.karate - [print] 0a913355-8fcb-197f-8190-1791b5880889 
11:25:43.672 [pool-1-thread-1] INFO  com.intuit.karate - [print] 0a913355-8fcb-197f-8190-1791b593088b 
11:25:43.672 [pool-1-thread-1] INFO  com.intuit.karate - [print] 0a913355-8fcb-197f-8190-1791b5a4088d 
11:25:43.674 [pool-1-thread-1] DEBUG com.intuit.karate - request:
2 > GET https://internal-AWS-PRB-ALB-BACK-398488634.us-east-1.elb.amazonaws.com/v1/transversal/administrative/customers/0a913355-8fcb-197f-8190-1791b5880889/subscriptions?pageNumber=1&pageSize=10
2 > message-uuid: acxff62e-6f12-42de-9012-1e7304418abd
2 > request-app-id: c4e6bd04-5149-11e7-b114-a2f933d5fe66
2 > Content-Type: application/json
2 > Host: internal-AWS-PRB-ALB-BACK-398488634.us-east-1.elb.amazonaws.com
2 > Connection: Keep-Alive
2 > User-Agent: Apache-HttpClient/4.5.13 (Java/17.0.5)
2 > Accept-Encoding: gzip,deflate


11:25:43.942 [pool-1-thread-2] DEBUG com.intuit.karate - response time in milliseconds: 703
2 < 201
2 < Date: Fri, 14 Jun 2024 16:25:43 GMT
2 < Content-Type: application/json
2 < Transfer-Encoding: chunked
2 < Connection: keep-alive
2 < Vary: Origin
2 < Vary: Access-Control-Request-Method
2 < Vary: Access-Control-Request-Headers
2 < X-Content-Type-Options: nosniff
2 < X-XSS-Protection: 1; mode=block
2 < Cache-Control: no-cache, no-store, max-age=0, must-revalidate
2 < Pragma: no-cache
2 < Expires: 0
2 < X-Frame-Options: DENY
{"headers":{"httpStatusCode":201,"httpStatusDesc":"CREATED","messageUuid":"acxff62e-6f12-42de-9012-1e7304418abd","requestAppId":null,"requestDatetime":"2024-06-14T11:25:43"},"messageResponse":{"responseCode":"0000","responseMessage":"Transacción exitosa.","responseDetails":"Subscription created Successfully"},"data":{"subscription":{"subscriptionId":"0a9133a6-8f4e-17ca-8190-1791b67b03b3","productId":"0a91331f-8cf9-19f2-818d-7a21423f00ad","customerId":"0a913355-8fcb-197f-8190-1791b3bc0884","customerTypeId":"7f000101-8adc-1104-818a-dc48239d0061","status":"ACTIVE","subscriptionName":"Para preubas de subscriptionPara ","customerDocumentNumber":"9001239999994","customerName":"Pedro Perez2232","customerCode":"ABC121","customerDocumentType":"TI","updateDatetime":"2024-06-14T11:25:43","accounts":[],"contacts":[{"subscriptionContactId":"0a9133a6-8f4e-17ca-8190-1791b69303b4","subscriptionId":"0a9133a6-8f4e-17ca-8190-1791b67b03b3","name":"Maria","email":"jj@gmail.com","telephoneNumber":"1121212121","contactType":"AB"},{"subscriptionContactId":"0a9133a6-8f4e-17ca-8190-1791b69303b5","subscriptionId":"0a9133a6-8f4e-17ca-8190-1791b67b03b3","name":"Jose","email":"jose@gmail.com","telephoneNumber":"121212123","contactType":"BE"}],"business":null}}}

11:25:43.943 [pool-1-thread-2] INFO  com.intuit.karate - [print] 0a913355-8fcb-197f-8190-1791b3bc0884 
11:25:43.943 [pool-1-thread-2] INFO  com.intuit.karate - [print] 0a9133a6-8f4e-17ca-8190-1791b67b03b3 
11:25:43.949 [pool-1-thread-2] INFO  c.intuit.karate.core.FeatureRuntime - classpath:users/SubscriptionManagement04/../SubscriptionManagement04/Suscription.feature - call by tag at line 7: Microservicios
11:25:43.951 [pool-1-thread-2] DEBUG c.intuit.karate.core.ScenarioEngine - over-writing existing variable 'generarData' with new value: Java.type('Utilidades.generarData')
11:25:43.955 [pool-1-thread-2] INFO  c.intuit.karate.core.FeatureRuntime - classpath:users/SubscriptionManagement04/../CustomerManagement01/Customers.feature - call by tag at line 7: Microservicios
11:25:43.956 [pool-1-thread-2] DEBUG c.intuit.karate.core.ScenarioEngine - over-writing existing variable 'generarData' with new value: Java.type('Utilidades.generarData')
11:25:43.959 [pool-1-thread-2] DEBUG com.intuit.karate - request:
1 > POST https://internal-AWS-PRB-ALB-BACK-398488634.us-east-1.elb.amazonaws.com/v1/transversal/administrative/customers
1 > message-uuid: acxff62e-6f12-42de-9012-1e7304418abd
1 > request-app-id: c4e6bd04-5149-11e7-b114-a2f933d5fe66
1 > Content-Type: application/json; charset=UTF-8
1 > Content-Length: 1050
1 > Host: internal-AWS-PRB-ALB-BACK-398488634.us-east-1.elb.amazonaws.com
1 > Connection: Keep-Alive
1 > User-Agent: Apache-HttpClient/4.5.13 (Java/17.0.5)
1 > Accept-Encoding: gzip,deflate
{"customerName":"4461978937841354","businessName":"4461978937841354","customerDocumentNumber":"4461978937841354","customerDocumentType":"NT","customerCode":"4461978937841354","regulatedSFC":"4461978937841354","logo":"","incomes":"80","expenses":"40","assets":"4","passives":"3","equity":"1","customerDomain":[{"domain":"gufum","status":"ACTIVE"}],"customerTypes":[{"customerTypeId":"0a91337e-8c88-1ce7-818c-8d87e2d8003d"}],"customerAddressInformation":{"customerCountry":"CO","customerDepartment":"CUNDINAMARCA","customerProvince":"BOGOTA","customerCity":"BOGOTA","customerAddress":"calle falsa 123"},"customerPhone":{"phoneCode":"57","phoneNumber":"3161002233"},"customerEmail":"fudrayepsu@gufum.com","ciiuCode":{"activity":"Estudios de mercado.","ciiuCode":"7320"},"customerOwners":[{"name":"Juan higuera","documentType":"CC","documentNumber":"123456","relation":"REPRESENTANTE_LEGAL","pep":"SI"}],"termsAndConditionVersion":"","policyVersion":"","financialInstitutionCode":"","entityType":"PUBLIC","eanCode":"","compensationCode":"","limitUse":""}

11:25:44.107 [pool-1-thread-1] DEBUG com.intuit.karate - response time in milliseconds: 433
2 < 200
2 < Date: Fri, 14 Jun 2024 16:25:44 GMT
2 < Content-Type: application/json
2 < Transfer-Encoding: chunked
2 < Connection: keep-alive
2 < Vary: Origin
2 < Vary: Access-Control-Request-Method
2 < Vary: Access-Control-Request-Headers
2 < X-Content-Type-Options: nosniff
2 < X-XSS-Protection: 1; mode=block
2 < Cache-Control: no-cache, no-store, max-age=0, must-revalidate
2 < Pragma: no-cache
2 < Expires: 0
2 < X-Frame-Options: DENY
{"headers":{"httpStatusCode":200,"httpStatusDesc":"OK","messageUuid":"acxff62e-6f12-42de-9012-1e7304418abd","requestAppId":"c4e6bd04-5149-11e7-b114-a2f933d5fe66","requestDatetime":"2024-06-14T11:25:44"},"messageResponse":{"responseCode":"0000","responseMessage":"Transacción exitosa.","responseDetails":"Subscription state consult Successfully"},"data":{"subscriptions":[]},"pagination":{"totalElements":0,"pageSize":10,"pageNumber":1,"hasMoreElements":false}}

11:25:44.113 [pool-1-thread-1] INFO  c.intuit.karate.core.FeatureRuntime - classpath:users/SubscriptionManagement04/../SubscriptionManagement04/Suscription.feature - call by tag at line 7: Microservicios
11:25:44.114 [pool-1-thread-1] DEBUG c.intuit.karate.core.ScenarioEngine - over-writing existing variable 'generarData' with new value: Java.type('Utilidades.generarData')
11:25:44.117 [pool-1-thread-1] INFO  c.intuit.karate.core.FeatureRuntime - classpath:users/SubscriptionManagement04/../CustomerManagement01/Customers.feature - call by tag at line 7: Microservicios
11:25:44.118 [pool-1-thread-1] DEBUG c.intuit.karate.core.ScenarioEngine - over-writing existing variable 'generarData' with new value: Java.type('Utilidades.generarData')
11:25:44.120 [pool-1-thread-1] DEBUG com.intuit.karate - request:
1 > POST https://internal-AWS-PRB-ALB-BACK-398488634.us-east-1.elb.amazonaws.com/v1/transversal/administrative/customers
1 > message-uuid: acxff62e-6f12-42de-9012-1e7304418abd
1 > request-app-id: c4e6bd04-5149-11e7-b114-a2f933d5fe66
1 > Content-Type: application/json; charset=UTF-8
1 > Content-Length: 1050
1 > Host: internal-AWS-PRB-ALB-BACK-398488634.us-east-1.elb.amazonaws.com
1 > Connection: Keep-Alive
1 > User-Agent: Apache-HttpClient/4.5.13 (Java/17.0.5)
1 > Accept-Encoding: gzip,deflate
{"customerName":"8706268957725145","businessName":"8706268957725145","customerDocumentNumber":"8706268957725145","customerDocumentType":"NT","customerCode":"8706268957725145","regulatedSFC":"8706268957725145","logo":"","incomes":"80","expenses":"40","assets":"4","passives":"3","equity":"1","customerDomain":[{"domain":"gufum","status":"ACTIVE"}],"customerTypes":[{"customerTypeId":"0a91337e-8c88-1ce7-818c-8d87e2d8003d"}],"customerAddressInformation":{"customerCountry":"CO","customerDepartment":"CUNDINAMARCA","customerProvince":"BOGOTA","customerCity":"BOGOTA","customerAddress":"calle falsa 123"},"customerPhone":{"phoneCode":"57","phoneNumber":"3161002233"},"customerEmail":"fudrayepsu@gufum.com","ciiuCode":{"activity":"Estudios de mercado.","ciiuCode":"7320"},"customerOwners":[{"name":"Juan higuera","documentType":"CC","documentNumber":"123456","relation":"REPRESENTANTE_LEGAL","pep":"SI"}],"termsAndConditionVersion":"","policyVersion":"","financialInstitutionCode":"","entityType":"PUBLIC","eanCode":"","compensationCode":"","limitUse":""}

11:25:45.339 [pool-1-thread-2] DEBUG com.intuit.karate - response time in milliseconds: 1380
1 < 201
1 < Date: Fri, 14 Jun 2024 16:25:45 GMT
1 < Content-Type: application/json
1 < Transfer-Encoding: chunked
1 < Connection: keep-alive
1 < Vary: Origin
1 < Vary: Access-Control-Request-Method
1 < Vary: Access-Control-Request-Headers
1 < X-Content-Type-Options: nosniff
1 < X-XSS-Protection: 1; mode=block
1 < Cache-Control: no-cache, no-store, max-age=0, must-revalidate
1 < Pragma: no-cache
1 < Expires: 0
1 < X-Frame-Options: DENY
{"headers":{"httpStatusCode":201,"httpStatusDesc":"CREATED","messageUuid":"acxff62e-6f12-42de-9012-1e7304418abd","requestAppId":"c4e6bd04-5149-11e7-b114-a2f933d5fe66","requestDatetime":"2024-06-14T11:25:45"},"messageResponse":{"responseCode":"0000","responseMessage":"Transacción exitosa.","responseDetails":"Customer Created Successfully"},"data":{"customer":{"customerId":"0a913355-8fcb-197f-8190-1791bbbe088e","customerName":"4461978937841354","businessName":"4461978937841354","customerDomains":[{"customerDomainId":"0a913355-8fcb-197f-8190-1791bbcf0890","customerDomain":"gufum","status":"ACTIVE"}],"customerDocumentType":"NT","customerDocumentNumber":"4461978937841354","customerCode":"4461978937841354","regulatedSFC":"4461978937841354","logo":"","incomes":"80","expenses":"40","assets":"4","passives":"3","equity":"1","customerTypes":[{"customerTypeId":"0a91337e-8c88-1ce7-818c-8d87e2d8003d","customerTypeValue":"ADMINISTRATOR_PARTNER12241","customerTypeLabel":"OPERADORAS DE INFORMACIÓN 1"}],"customerStatus":"ACTIVE","customerAddressInformation":{"customerCountry":"CO","customerDepartment":"CUNDINAMARCA","customerProvince":"BOGOTA","customerCity":"BOGOTA","customerAddress":"calle falsa 123"},"customerPhone":{"phoneCode":"57","phoneNumber":"3161002233"},"customerEmail":"fudrayepsu@gufum.com","ciiuCode":{"ciiuCode":"7320","activity":"Estudios de mercado."},"customerOwners":[{"customerOwnerId":"0a913355-8fcb-197f-8190-1791bbe40892","name":"Juan higuera","documentType":"CC","documentNumber":"123456","relation":"REPRESENTANTE_LEGAL","pep":"SI"}],"termsAndConditionVersion":"","termsAndConditionDatetime":"","policyVersion":"","policyDatetime":"2024-06-14T11:25:44","financialInstitutionCode":"","createDatetime":"2024-06-14T11:25:44","entityType":"PUBLIC","eanCode":"","compensationCode":"","limitUse":"","updateDatetime":"2024-06-14T11:25:44","groupId":"386405bd-66fc-4d60-8704-9bdf26f375ce"}}}

11:25:45.341 [pool-1-thread-2] INFO  com.intuit.karate - [print] 0a913355-8fcb-197f-8190-1791bbbe088e 
11:25:45.341 [pool-1-thread-2] INFO  com.intuit.karate - [print] 0a913355-8fcb-197f-8190-1791bbcf0890 
11:25:45.341 [pool-1-thread-2] INFO  com.intuit.karate - [print] 0a913355-8fcb-197f-8190-1791bbe40892 
11:25:45.342 [pool-1-thread-2] DEBUG com.intuit.karate - request:
2 > POST https://internal-AWS-PRB-ALB-BACK-398488634.us-east-1.elb.amazonaws.com/v1/transversal/administrative/customers/0a913355-8fcb-197f-8190-1791bbbe088e/subscriptions
2 > message-uuid: acxff62e-6f12-42de-9012-1e7304418abd
2 > Content-Type: application/json; charset=UTF-8
2 > Content-Length: 482
2 > Host: internal-AWS-PRB-ALB-BACK-398488634.us-east-1.elb.amazonaws.com
2 > Connection: Keep-Alive
2 > User-Agent: Apache-HttpClient/4.5.13 (Java/17.0.5)
2 > Accept-Encoding: gzip,deflate
{"productId":"0a91331f-8cf9-19f2-818d-7a21423f00ad","customerTypeId":"7f000101-8adc-1104-818a-dc48239d0061","subscriptionName":"Para preubas de subscriptionPara ","customerDocumentNumber":"9001239999994","customerName":"Pedro Perez2232","customerCode":"ABC121","customerDocumentType":"TI","contacts":[{"name":"Maria","email":"jj@gmail.com","telephoneNumber":"1121212121","contactType":"AB"},{"name":"Jose","email":"jose@gmail.com","telephoneNumber":"121212123","contactType":"BE"}]}

11:25:45.496 [pool-1-thread-1] DEBUG com.intuit.karate - response time in milliseconds: 1376
1 < 201
1 < Date: Fri, 14 Jun 2024 16:25:45 GMT
1 < Content-Type: application/json
1 < Transfer-Encoding: chunked
1 < Connection: keep-alive
1 < Vary: Origin
1 < Vary: Access-Control-Request-Method
1 < Vary: Access-Control-Request-Headers
1 < X-Content-Type-Options: nosniff
1 < X-XSS-Protection: 1; mode=block
1 < Cache-Control: no-cache, no-store, max-age=0, must-revalidate
1 < Pragma: no-cache
1 < Expires: 0
1 < X-Frame-Options: DENY
{"headers":{"httpStatusCode":201,"httpStatusDesc":"CREATED","messageUuid":"acxff62e-6f12-42de-9012-1e7304418abd","requestAppId":"c4e6bd04-5149-11e7-b114-a2f933d5fe66","requestDatetime":"2024-06-14T11:25:45"},"messageResponse":{"responseCode":"0000","responseMessage":"Transacción exitosa.","responseDetails":"Customer Created Successfully"},"data":{"customer":{"customerId":"0a913355-8fcb-197f-8190-1791bc7b0893","customerName":"8706268957725145","businessName":"8706268957725145","customerDomains":[{"customerDomainId":"0a913355-8fcb-197f-8190-1791bc8d0895","customerDomain":"gufum","status":"ACTIVE"}],"customerDocumentType":"NT","customerDocumentNumber":"8706268957725145","customerCode":"8706268957725145","regulatedSFC":"8706268957725145","logo":"","incomes":"80","expenses":"40","assets":"4","passives":"3","equity":"1","customerTypes":[{"customerTypeId":"0a91337e-8c88-1ce7-818c-8d87e2d8003d","customerTypeValue":"ADMINISTRATOR_PARTNER12241","customerTypeLabel":"OPERADORAS DE INFORMACIÓN 1"}],"customerStatus":"ACTIVE","customerAddressInformation":{"customerCountry":"CO","customerDepartment":"CUNDINAMARCA","customerProvince":"BOGOTA","customerCity":"BOGOTA","customerAddress":"calle falsa 123"},"customerPhone":{"phoneCode":"57","phoneNumber":"3161002233"},"customerEmail":"fudrayepsu@gufum.com","ciiuCode":{"ciiuCode":"7320","activity":"Estudios de mercado."},"customerOwners":[{"customerOwnerId":"0a913355-8fcb-197f-8190-1791bc9f0897","name":"Juan higuera","documentType":"CC","documentNumber":"123456","relation":"REPRESENTANTE_LEGAL","pep":"SI"}],"termsAndConditionVersion":"","termsAndConditionDatetime":"","policyVersion":"","policyDatetime":"2024-06-14T11:25:44","financialInstitutionCode":"","createDatetime":"2024-06-14T11:25:44","entityType":"PUBLIC","eanCode":"","compensationCode":"","limitUse":"","updateDatetime":"2024-06-14T11:25:44","groupId":"099ea7d1-6fa6-472f-b115-fcddd297e8cf"}}}

11:25:45.497 [pool-1-thread-1] INFO  com.intuit.karate - [print] 0a913355-8fcb-197f-8190-1791bc7b0893 
11:25:45.497 [pool-1-thread-1] INFO  com.intuit.karate - [print] 0a913355-8fcb-197f-8190-1791bc8d0895 
11:25:45.497 [pool-1-thread-1] INFO  com.intuit.karate - [print] 0a913355-8fcb-197f-8190-1791bc9f0897 
11:25:45.498 [pool-1-thread-1] DEBUG com.intuit.karate - request:
2 > POST https://internal-AWS-PRB-ALB-BACK-398488634.us-east-1.elb.amazonaws.com/v1/transversal/administrative/customers/0a913355-8fcb-197f-8190-1791bc7b0893/subscriptions
2 > message-uuid: acxff62e-6f12-42de-9012-1e7304418abd
2 > Content-Type: application/json; charset=UTF-8
2 > Content-Length: 482
2 > Host: internal-AWS-PRB-ALB-BACK-398488634.us-east-1.elb.amazonaws.com
2 > Connection: Keep-Alive
2 > User-Agent: Apache-HttpClient/4.5.13 (Java/17.0.5)
2 > Accept-Encoding: gzip,deflate
{"productId":"0a91331f-8cf9-19f2-818d-7a21423f00ad","customerTypeId":"7f000101-8adc-1104-818a-dc48239d0061","subscriptionName":"Para preubas de subscriptionPara ","customerDocumentNumber":"9001239999994","customerName":"Pedro Perez2232","customerCode":"ABC121","customerDocumentType":"TI","contacts":[{"name":"Maria","email":"jj@gmail.com","telephoneNumber":"1121212121","contactType":"AB"},{"name":"Jose","email":"jose@gmail.com","telephoneNumber":"121212123","contactType":"BE"}]}

11:25:46.058 [pool-1-thread-2] DEBUG com.intuit.karate - response time in milliseconds: 715
2 < 201
2 < Date: Fri, 14 Jun 2024 16:25:45 GMT
2 < Content-Type: application/json
2 < Transfer-Encoding: chunked
2 < Connection: keep-alive
2 < Vary: Origin
2 < Vary: Access-Control-Request-Method
2 < Vary: Access-Control-Request-Headers
2 < X-Content-Type-Options: nosniff
2 < X-XSS-Protection: 1; mode=block
2 < Cache-Control: no-cache, no-store, max-age=0, must-revalidate
2 < Pragma: no-cache
2 < Expires: 0
2 < X-Frame-Options: DENY
{"headers":{"httpStatusCode":201,"httpStatusDesc":"CREATED","messageUuid":"acxff62e-6f12-42de-9012-1e7304418abd","requestAppId":null,"requestDatetime":"2024-06-14T11:25:45"},"messageResponse":{"responseCode":"0000","responseMessage":"Transacción exitosa.","responseDetails":"Subscription created Successfully"},"data":{"subscription":{"subscriptionId":"0a9133a6-8f4e-17ca-8190-1791be7403b6","productId":"0a91331f-8cf9-19f2-818d-7a21423f00ad","customerId":"0a913355-8fcb-197f-8190-1791bbbe088e","customerTypeId":"7f000101-8adc-1104-818a-dc48239d0061","status":"ACTIVE","subscriptionName":"Para preubas de subscriptionPara ","customerDocumentNumber":"9001239999994","customerName":"Pedro Perez2232","customerCode":"ABC121","customerDocumentType":"TI","updateDatetime":"2024-06-14T11:25:45","accounts":[],"contacts":[{"subscriptionContactId":"0a9133a6-8f4e-17ca-8190-1791be9803b7","subscriptionId":"0a9133a6-8f4e-17ca-8190-1791be7403b6","name":"Maria","email":"jj@gmail.com","telephoneNumber":"1121212121","contactType":"AB"},{"subscriptionContactId":"0a9133a6-8f4e-17ca-8190-1791be9803b8","subscriptionId":"0a9133a6-8f4e-17ca-8190-1791be7403b6","name":"Jose","email":"jose@gmail.com","telephoneNumber":"121212123","contactType":"BE"}],"business":null}}}

11:25:46.058 [pool-1-thread-2] INFO  com.intuit.karate - [print] 0a913355-8fcb-197f-8190-1791bbbe088e 
11:25:46.058 [pool-1-thread-2] INFO  com.intuit.karate - [print] 0a9133a6-8f4e-17ca-8190-1791be7403b6 
11:25:46.060 [pool-1-thread-2] DEBUG com.intuit.karate - request:
3 > PUT https://internal-AWS-PRB-ALB-BACK-398488634.us-east-1.elb.amazonaws.com/v1/transversal/administrative/customers/0a913355-8fcb-197f-8190-1791bbbe088e/subscriptions/0a9133a6-8f4e-17ca-8190-1791be7403b6
3 > message-uuid: acxff62e-6f12-42de-9012-1e7304418abd
3 > request-app-id: c4e6bd04-5149-11e7-b114-a2f933d5fe66
3 > Content-Type: application/json; charset=UTF-8
3 > Content-Length: 433
3 > Host: internal-AWS-PRB-ALB-BACK-398488634.us-east-1.elb.amazonaws.com
3 > Connection: Keep-Alive
3 > User-Agent: Apache-HttpClient/4.5.13 (Java/17.0.5)
3 > Accept-Encoding: gzip,deflate
{"subscriptionName":"90012399990998","status":"ACTIVE","customerDocumentNumber":"customerDocumentNumber","customerName":"customerName","customerCode":"customerCode","customerDocumentType":"customerDocumentType","contacts":[{"subscriptionContactId":"0a9133bb-8ccc-1e3e-818c-da50fd020047","subscriptionId":"0a9133bb-8ccc-1e3e-818c-d13929b40000","name":"Maria","email":"jj@gmail.com","telephoneNumber":"1121212121","contactType":"AB"}]}

11:25:46.143 [pool-1-thread-1] DEBUG com.intuit.karate - response time in milliseconds: 644
2 < 201
2 < Date: Fri, 14 Jun 2024 16:25:46 GMT
2 < Content-Type: application/json
2 < Transfer-Encoding: chunked
2 < Connection: keep-alive
2 < Vary: Origin
2 < Vary: Access-Control-Request-Method
2 < Vary: Access-Control-Request-Headers
2 < X-Content-Type-Options: nosniff
2 < X-XSS-Protection: 1; mode=block
2 < Cache-Control: no-cache, no-store, max-age=0, must-revalidate
2 < Pragma: no-cache
2 < Expires: 0
2 < X-Frame-Options: DENY
{"headers":{"httpStatusCode":201,"httpStatusDesc":"CREATED","messageUuid":"acxff62e-6f12-42de-9012-1e7304418abd","requestAppId":null,"requestDatetime":"2024-06-14T11:25:46"},"messageResponse":{"responseCode":"0000","responseMessage":"Transacción exitosa.","responseDetails":"Subscription created Successfully"},"data":{"subscription":{"subscriptionId":"0a9133a6-8f4e-17ca-8190-1791bf0f03b9","productId":"0a91331f-8cf9-19f2-818d-7a21423f00ad","customerId":"0a913355-8fcb-197f-8190-1791bc7b0893","customerTypeId":"7f000101-8adc-1104-818a-dc48239d0061","status":"ACTIVE","subscriptionName":"Para preubas de subscriptionPara ","customerDocumentNumber":"9001239999994","customerName":"Pedro Perez2232","customerCode":"ABC121","customerDocumentType":"TI","updateDatetime":"2024-06-14T11:25:45","accounts":[],"contacts":[{"subscriptionContactId":"0a9133a6-8f4e-17ca-8190-1791bf3303ba","subscriptionId":"0a9133a6-8f4e-17ca-8190-1791bf0f03b9","name":"Maria","email":"jj@gmail.com","telephoneNumber":"1121212121","contactType":"AB"},{"subscriptionContactId":"0a9133a6-8f4e-17ca-8190-1791bf3303bb","subscriptionId":"0a9133a6-8f4e-17ca-8190-1791bf0f03b9","name":"Jose","email":"jose@gmail.com","telephoneNumber":"121212123","contactType":"BE"}],"business":null}}}

11:25:46.144 [pool-1-thread-1] INFO  com.intuit.karate - [print] 0a913355-8fcb-197f-8190-1791bc7b0893 
11:25:46.144 [pool-1-thread-1] INFO  com.intuit.karate - [print] 0a9133a6-8f4e-17ca-8190-1791bf0f03b9 
11:25:46.145 [pool-1-thread-1] DEBUG com.intuit.karate - request:
3 > GET https://internal-AWS-PRB-ALB-BACK-398488634.us-east-1.elb.amazonaws.com/v1/transversal/administrative/customers/0a913355-8fcb-197f-8190-1791bc7b0893/subscriptions/0a9133a6-8f4e-17ca-8190-1791bf0f03b9
3 > message-uuid: acxff62e-6f12-42de-9012-1e7304418abd
3 > request-app-id: c4e6bd04-5149-11e7-b114-a2f933d5fe66
3 > Content-Type: application/json
3 > Host: internal-AWS-PRB-ALB-BACK-398488634.us-east-1.elb.amazonaws.com
3 > Connection: Keep-Alive
3 > User-Agent: Apache-HttpClient/4.5.13 (Java/17.0.5)
3 > Accept-Encoding: gzip,deflate


11:25:46.618 [pool-1-thread-2] DEBUG com.intuit.karate - response time in milliseconds: 558
3 < 200
3 < Date: Fri, 14 Jun 2024 16:25:46 GMT
3 < Content-Type: application/json
3 < Transfer-Encoding: chunked
3 < Connection: keep-alive
3 < Vary: Origin
3 < Vary: Access-Control-Request-Method
3 < Vary: Access-Control-Request-Headers
3 < X-Content-Type-Options: nosniff
3 < X-XSS-Protection: 1; mode=block
3 < Cache-Control: no-cache, no-store, max-age=0, must-revalidate
3 < Pragma: no-cache
3 < Expires: 0
3 < X-Frame-Options: DENY
{"headers":{"httpStatusCode":200,"httpStatusDesc":"OK","messageUuid":"acxff62e-6f12-42de-9012-1e7304418abd","requestAppId":"c4e6bd04-5149-11e7-b114-a2f933d5fe66","requestDatetime":"2024-06-14T11:25:46"},"messageResponse":{"responseCode":"0000","responseMessage":"Transacción exitosa.","responseDetails":"Subscription was updated successfully"},"data":{"subscription":{"subscriptionId":"0a9133a6-8f4e-17ca-8190-1791be7403b6","productId":"0a91331f-8cf9-19f2-818d-7a21423f00ad","customerId":"0a913355-8fcb-197f-8190-1791bbbe088e","customerTypeId":"7f000101-8adc-1104-818a-dc48239d0061","status":"ACTIVE","subscriptionName":"90012399990998","customerDocumentNumber":"customerDocumentNumber","customerName":"customerName","customerCode":"customerCode","customerDocumentType":"customerDocumentType","updateDatetime":"2024-06-14T11:25:46","accounts":[],"contacts":[{"subscriptionContactId":"0a9133a6-8f4e-17ca-8190-1791be9803b7","subscriptionId":"0a9133a6-8f4e-17ca-8190-1791be7403b6","name":"Maria","email":"jj@gmail.com","telephoneNumber":"1121212121","contactType":"AB"},{"subscriptionContactId":"0a9133a6-8f4e-17ca-8190-1791be9803b8","subscriptionId":"0a9133a6-8f4e-17ca-8190-1791be7403b6","name":"Jose","email":"jose@gmail.com","telephoneNumber":"121212123","contactType":"BE"}],"business":[]}}}

11:25:46.748 [pool-1-thread-1] DEBUG com.intuit.karate - response time in milliseconds: 601
3 < 200
3 < Date: Fri, 14 Jun 2024 16:25:46 GMT
3 < Content-Type: application/json
3 < Transfer-Encoding: chunked
3 < Connection: keep-alive
3 < Vary: Origin
3 < Vary: Access-Control-Request-Method
3 < Vary: Access-Control-Request-Headers
3 < X-Content-Type-Options: nosniff
3 < X-XSS-Protection: 1; mode=block
3 < Cache-Control: no-cache, no-store, max-age=0, must-revalidate
3 < Pragma: no-cache
3 < Expires: 0
3 < X-Frame-Options: DENY
{"headers":{"httpStatusCode":200,"httpStatusDesc":"OK","messageUuid":"acxff62e-6f12-42de-9012-1e7304418abd","requestAppId":"c4e6bd04-5149-11e7-b114-a2f933d5fe66","requestDatetime":"2024-06-14T11:25:46"},"messageResponse":{"responseCode":"0000","responseMessage":"Transacción exitosa.","responseDetails":"Subscription was consulted successfully"},"data":{"subscription":{"subscriptionId":"0a9133a6-8f4e-17ca-8190-1791bf0f03b9","productId":"0a91331f-8cf9-19f2-818d-7a21423f00ad","customerId":"0a913355-8fcb-197f-8190-1791bc7b0893","customerTypeId":"7f000101-8adc-1104-818a-dc48239d0061","status":"ACTIVE","subscriptionName":"Para preubas de subscriptionPara ","customerDocumentNumber":"9001239999994","customerName":"Pedro Perez2232","customerCode":"ABC121","customerDocumentType":"TI","updateDatetime":"2024-06-14T11:25:45","accounts":[],"contacts":[{"subscriptionContactId":"0a9133a6-8f4e-17ca-8190-1791bf3303ba","subscriptionId":"0a9133a6-8f4e-17ca-8190-1791bf0f03b9","name":"Maria","email":"jj@gmail.com","telephoneNumber":"1121212121","contactType":"AB"},{"subscriptionContactId":"0a9133a6-8f4e-17ca-8190-1791bf3303bb","subscriptionId":"0a9133a6-8f4e-17ca-8190-1791bf0f03b9","name":"Jose","email":"jose@gmail.com","telephoneNumber":"121212123","contactType":"BE"}],"business":[]}}}

---------------------------------------------------------
feature: classpath:users/SubscriptionManagement04/Suscription.feature
scenarios:  4 | passed:  4 | failed:  0 | time: 10,2751
---------------------------------------------------------

11:25:46.861 [pool-2-thread-1] INFO  com.intuit.karate.Suite - <<pass>> feature 12 of 12 (0 remaining) classpath:users/SubscriptionManagement04/Suscription.feature
Karate version: 1.2.0.RC4
======================================================
elapsed:  61,06 | threads:    2 | thread time: 117,96 
features:    12 | skipped:    0 | efficiency: 0,97
scenarios:   51 | passed:    51 | failed: 0
======================================================

HTML report: (paste into browser to view) | Karate version: 1.2.0.RC4
file:///C:/Users/cristianramos/eclipse-workspace/Karate/MicroserviciosKarate/build/karate-reports/karate-summary.html
===================================================================

]]></system-out>
  <system-err><![CDATA[jun. 14, 2024 11:25:47 A. M. net.masterthought.cucumber.ReportParser parseJsonFiles
INFORMACIÓN: File 'C:\Users\cristianramos\eclipse-workspace\Karate\MicroserviciosKarate\build\karate-reports\users.CustomerAccountManagement03.CustomersCustomerIdAccounts.json' contains 1 features
jun. 14, 2024 11:25:47 A. M. net.masterthought.cucumber.ReportParser parseJsonFiles
INFORMACIÓN: File 'C:\Users\cristianramos\eclipse-workspace\Karate\MicroserviciosKarate\build\karate-reports\users.CustomerManagement01.Customers.json' contains 1 features
jun. 14, 2024 11:25:47 A. M. net.masterthought.cucumber.ReportParser parseJsonFiles
INFORMACIÓN: File 'C:\Users\cristianramos\eclipse-workspace\Karate\MicroserviciosKarate\build\karate-reports\users.CustomerManagement01.Customers_domains.json' contains 1 features
jun. 14, 2024 11:25:47 A. M. net.masterthought.cucumber.ReportParser parseJsonFiles
INFORMACIÓN: File 'C:\Users\cristianramos\eclipse-workspace\Karate\MicroserviciosKarate\build\karate-reports\users.CustomerManagement01.Customers_owner.json' contains 1 features
jun. 14, 2024 11:25:47 A. M. net.masterthought.cucumber.ReportParser parseJsonFiles
INFORMACIÓN: File 'C:\Users\cristianramos\eclipse-workspace\Karate\MicroserviciosKarate\build\karate-reports\users.CustomerManagement01.Customers_products.json' contains 1 features
jun. 14, 2024 11:25:47 A. M. net.masterthought.cucumber.ReportParser parseJsonFiles
INFORMACIÓN: File 'C:\Users\cristianramos\eclipse-workspace\Karate\MicroserviciosKarate\build\karate-reports\users.Customer_TypeManagement00.CustomerTypeManagement.json' contains 1 features
jun. 14, 2024 11:25:47 A. M. net.masterthought.cucumber.ReportParser parseJsonFiles
INFORMACIÓN: File 'C:\Users\cristianramos\eclipse-workspace\Karate\MicroserviciosKarate\build\karate-reports\users.ProductManager02.CustomersCommonsProducts.json' contains 1 features
jun. 14, 2024 11:25:47 A. M. net.masterthought.cucumber.ReportParser parseJsonFiles
INFORMACIÓN: File 'C:\Users\cristianramos\eclipse-workspace\Karate\MicroserviciosKarate\build\karate-reports\users.SubscriptionManagement04.SubscriptionsAccounts.json' contains 1 features
jun. 14, 2024 11:25:47 A. M. net.masterthought.cucumber.ReportParser parseJsonFiles
INFORMACIÓN: File 'C:\Users\cristianramos\eclipse-workspace\Karate\MicroserviciosKarate\build\karate-reports\users.SubscriptionManagement04.Subscriptions_Business.json' contains 1 features
jun. 14, 2024 11:25:47 A. M. net.masterthought.cucumber.ReportParser parseJsonFiles
INFORMACIÓN: File 'C:\Users\cristianramos\eclipse-workspace\Karate\MicroserviciosKarate\build\karate-reports\users.SubscriptionManagement04.Subscriptions_Business_Accounts.json' contains 1 features
jun. 14, 2024 11:25:47 A. M. net.masterthought.cucumber.ReportParser parseJsonFiles
INFORMACIÓN: File 'C:\Users\cristianramos\eclipse-workspace\Karate\MicroserviciosKarate\build\karate-reports\users.SubscriptionManagement04.Subscriptions_Contacts.json' contains 1 features
jun. 14, 2024 11:25:47 A. M. net.masterthought.cucumber.ReportParser parseJsonFiles
INFORMACIÓN: File 'C:\Users\cristianramos\eclipse-workspace\Karate\MicroserviciosKarate\build\karate-reports\users.SubscriptionManagement04.Suscription.json' contains 1 features
]]></system-err>
</testsuite>
